<?xml version="1.0" encoding="UTF-8"?>
<testsuite xmlns:xsi="http://www.w3.org/2001/XMLSchema-instance" xsi:noNamespaceSchemaLocation="https://maven.apache.org/surefire/maven-failsafe-plugin/xsd/failsafe-test-report-3.0.xsd" version="3.0" name="starter.CucumberTestSuite" time="56.237" tests="3" errors="0" skipped="0" failures="0">
  <properties>
    <property name="sun.desktop" value="windows"/>
    <property name="awt.toolkit" value="sun.awt.windows.WToolkit"/>
    <property name="file.encoding.pkg" value="sun.io"/>
    <property name="java.specification.version" value="1.8"/>
    <property name="webdriver.chrome.driver" value="C:\Users\zulfa\.cache\selenium\chromedriver\win32\114.0.5735.90\chromedriver.exe"/>
    <property name="sun.cpu.isalist" value="amd64"/>
    <property name="sun.jnu.encoding" value="Cp1252"/>
    <property name="java.class.path" value="C:\Users\zulfa\IdeaProjects\Capstone-WEB\target\test-classes;C:\Users\zulfa\IdeaProjects\Capstone-WEB\target\Capstone-WEB-1.0-SNAPSHOT.jar;C:\Users\zulfa\.m2\repository\net\serenity-bdd\serenity-core\3.6.21\serenity-core-3.6.21.jar;C:\Users\zulfa\.m2\repository\net\serenity-bdd\serenity-model\3.6.21\serenity-model-3.6.21.jar;C:\Users\zulfa\.m2\repository\org\apache\commons\commons-text\1.10.0\commons-text-1.10.0.jar;C:\Users\zulfa\.m2\repository\commons-net\commons-net\3.9.0\commons-net-3.9.0.jar;C:\Users\zulfa\.m2\repository\com\google\guava\guava\31.1-jre\guava-31.1-jre.jar;C:\Users\zulfa\.m2\repository\com\google\guava\failureaccess\1.0.1\failureaccess-1.0.1.jar;C:\Users\zulfa\.m2\repository\com\google\guava\listenablefuture\9999.0-empty-to-avoid-conflict-with-guava\listenablefuture-9999.0-empty-to-avoid-conflict-with-guava.jar;C:\Users\zulfa\.m2\repository\com\google\code\findbugs\jsr305\3.0.2\jsr305-3.0.2.jar;C:\Users\zulfa\.m2\repository\org\checkerframework\checker-qual\3.12.0\checker-qual-3.12.0.jar;C:\Users\zulfa\.m2\repository\com\google\errorprone\error_prone_annotations\2.11.0\error_prone_annotations-2.11.0.jar;C:\Users\zulfa\.m2\repository\com\google\j2objc\j2objc-annotations\1.3\j2objc-annotations-1.3.jar;C:\Users\zulfa\.m2\repository\com\google\inject\guice\5.1.0\guice-5.1.0.jar;C:\Users\zulfa\.m2\repository\javax\inject\javax.inject\1\javax.inject-1.jar;C:\Users\zulfa\.m2\repository\aopalliance\aopalliance\1.0\aopalliance-1.0.jar;C:\Users\zulfa\.m2\repository\org\jsoup\jsoup\1.14.3\jsoup-1.14.3.jar;C:\Users\zulfa\.m2\repository\com\thoughtworks\xstream\xstream\1.4.20\xstream-1.4.20.jar;C:\Users\zulfa\.m2\repository\io\github\x-stream\mxparser\1.2.2\mxparser-1.2.2.jar;C:\Users\zulfa\.m2\repository\xmlpull\xmlpull\1.1.3.1\xmlpull-1.1.3.1.jar;C:\Users\zulfa\.m2\repository\com\typesafe\config\1.4.2\config-1.4.2.jar;C:\Users\zulfa\.m2\repository\org\imgscalr\imgscalr-lib\4.2\imgscalr-lib-4.2.jar;C:\Users\zulfa\.m2\repository\org\awaitility\awaitility\4.2.0\awaitility-4.2.0.jar;C:\Users\zulfa\.m2\repository\org\freemarker\freemarker\2.3.31\freemarker-2.3.31.jar;C:\Users\zulfa\.m2\repository\io\github\classgraph\classgraph\4.8.138\classgraph-4.8.138.jar;C:\Users\zulfa\.m2\repository\net\sourceforge\jexcelapi\jxl\2.6.12\jxl-2.6.12.jar;C:\Users\zulfa\.m2\repository\net\bytebuddy\byte-buddy-agent\1.14.2\byte-buddy-agent-1.14.2.jar;C:\Users\zulfa\.m2\repository\org\objenesis\objenesis\3.3\objenesis-3.3.jar;C:\Users\zulfa\.m2\repository\net\serenity-bdd\serenity-reports\3.6.21\serenity-reports-3.6.21.jar;C:\Users\zulfa\.m2\repository\net\serenity-bdd\serenity-stats\3.6.21\serenity-stats-3.6.21.jar;C:\Users\zulfa\.m2\repository\net\serenity-bdd\serenity-reports-configuration\3.6.21\serenity-reports-configuration-3.6.21.jar;C:\Users\zulfa\.m2\repository\com\vladsch\flexmark\flexmark-all\0.62.2\flexmark-all-0.62.2.jar;C:\Users\zulfa\.m2\repository\com\vladsch\flexmark\flexmark\0.62.2\flexmark-0.62.2.jar;C:\Users\zulfa\.m2\repository\com\vladsch\flexmark\flexmark-ext-abbreviation\0.62.2\flexmark-ext-abbreviation-0.62.2.jar;C:\Users\zulfa\.m2\repository\com\vladsch\flexmark\flexmark-util\0.62.2\flexmark-util-0.62.2.jar;C:\Users\zulfa\.m2\repository\com\vladsch\flexmark\flexmark-ext-admonition\0.62.2\flexmark-ext-admonition-0.62.2.jar;C:\Users\zulfa\.m2\repository\com\vladsch\flexmark\flexmark-ext-anchorlink\0.62.2\flexmark-ext-anchorlink-0.62.2.jar;C:\Users\zulfa\.m2\repository\com\vladsch\flexmark\flexmark-ext-aside\0.62.2\flexmark-ext-aside-0.62.2.jar;C:\Users\zulfa\.m2\repository\com\vladsch\flexmark\flexmark-ext-attributes\0.62.2\flexmark-ext-attributes-0.62.2.jar;C:\Users\zulfa\.m2\repository\com\vladsch\flexmark\flexmark-ext-autolink\0.62.2\flexmark-ext-autolink-0.62.2.jar;C:\Users\zulfa\.m2\repository\org\nibor\autolink\autolink\0.6.0\autolink-0.6.0.jar;C:\Users\zulfa\.m2\repository\com\vladsch\flexmark\flexmark-ext-definition\0.62.2\flexmark-ext-definition-0.62.2.jar;C:\Users\zulfa\.m2\repository\com\vladsch\flexmark\flexmark-ext-emoji\0.62.2\flexmark-ext-emoji-0.62.2.jar;C:\Users\zulfa\.m2\repository\com\vladsch\flexmark\flexmark-ext-enumerated-reference\0.62.2\flexmark-ext-enumerated-reference-0.62.2.jar;C:\Users\zulfa\.m2\repository\com\vladsch\flexmark\flexmark-ext-escaped-character\0.62.2\flexmark-ext-escaped-character-0.62.2.jar;C:\Users\zulfa\.m2\repository\com\vladsch\flexmark\flexmark-ext-footnotes\0.62.2\flexmark-ext-footnotes-0.62.2.jar;C:\Users\zulfa\.m2\repository\com\vladsch\flexmark\flexmark-ext-gfm-issues\0.62.2\flexmark-ext-gfm-issues-0.62.2.jar;C:\Users\zulfa\.m2\repository\com\vladsch\flexmark\flexmark-ext-gfm-strikethrough\0.62.2\flexmark-ext-gfm-strikethrough-0.62.2.jar;C:\Users\zulfa\.m2\repository\com\vladsch\flexmark\flexmark-ext-gfm-tasklist\0.62.2\flexmark-ext-gfm-tasklist-0.62.2.jar;C:\Users\zulfa\.m2\repository\com\vladsch\flexmark\flexmark-ext-gfm-users\0.62.2\flexmark-ext-gfm-users-0.62.2.jar;C:\Users\zulfa\.m2\repository\com\vladsch\flexmark\flexmark-ext-gitlab\0.62.2\flexmark-ext-gitlab-0.62.2.jar;C:\Users\zulfa\.m2\repository\com\vladsch\flexmark\flexmark-ext-jekyll-front-matter\0.62.2\flexmark-ext-jekyll-front-matter-0.62.2.jar;C:\Users\zulfa\.m2\repository\com\vladsch\flexmark\flexmark-ext-jekyll-tag\0.62.2\flexmark-ext-jekyll-tag-0.62.2.jar;C:\Users\zulfa\.m2\repository\com\vladsch\flexmark\flexmark-ext-media-tags\0.62.2\flexmark-ext-media-tags-0.62.2.jar;C:\Users\zulfa\.m2\repository\com\vladsch\flexmark\flexmark-ext-macros\0.62.2\flexmark-ext-macros-0.62.2.jar;C:\Users\zulfa\.m2\repository\com\vladsch\flexmark\flexmark-ext-ins\0.62.2\flexmark-ext-ins-0.62.2.jar;C:\Users\zulfa\.m2\repository\com\vladsch\flexmark\flexmark-ext-xwiki-macros\0.62.2\flexmark-ext-xwiki-macros-0.62.2.jar;C:\Users\zulfa\.m2\repository\com\vladsch\flexmark\flexmark-ext-superscript\0.62.2\flexmark-ext-superscript-0.62.2.jar;C:\Users\zulfa\.m2\repository\com\vladsch\flexmark\flexmark-ext-tables\0.62.2\flexmark-ext-tables-0.62.2.jar;C:\Users\zulfa\.m2\repository\com\vladsch\flexmark\flexmark-ext-toc\0.62.2\flexmark-ext-toc-0.62.2.jar;C:\Users\zulfa\.m2\repository\com\vladsch\flexmark\flexmark-ext-typographic\0.62.2\flexmark-ext-typographic-0.62.2.jar;C:\Users\zulfa\.m2\repository\com\vladsch\flexmark\flexmark-ext-wikilink\0.62.2\flexmark-ext-wikilink-0.62.2.jar;C:\Users\zulfa\.m2\repository\com\vladsch\flexmark\flexmark-ext-yaml-front-matter\0.62.2\flexmark-ext-yaml-front-matter-0.62.2.jar;C:\Users\zulfa\.m2\repository\com\vladsch\flexmark\flexmark-ext-youtube-embedded\0.62.2\flexmark-ext-youtube-embedded-0.62.2.jar;C:\Users\zulfa\.m2\repository\com\vladsch\flexmark\flexmark-html2md-converter\0.62.2\flexmark-html2md-converter-0.62.2.jar;C:\Users\zulfa\.m2\repository\com\vladsch\flexmark\flexmark-jira-converter\0.62.2\flexmark-jira-converter-0.62.2.jar;C:\Users\zulfa\.m2\repository\com\vladsch\flexmark\flexmark-pdf-converter\0.62.2\flexmark-pdf-converter-0.62.2.jar;C:\Users\zulfa\.m2\repository\com\openhtmltopdf\openhtmltopdf-core\1.0.0\openhtmltopdf-core-1.0.0.jar;C:\Users\zulfa\.m2\repository\com\openhtmltopdf\openhtmltopdf-pdfbox\1.0.0\openhtmltopdf-pdfbox-1.0.0.jar;C:\Users\zulfa\.m2\repository\org\apache\pdfbox\pdfbox\2.0.16\pdfbox-2.0.16.jar;C:\Users\zulfa\.m2\repository\org\apache\pdfbox\fontbox\2.0.16\fontbox-2.0.16.jar;C:\Users\zulfa\.m2\repository\org\apache\pdfbox\xmpbox\2.0.16\xmpbox-2.0.16.jar;C:\Users\zulfa\.m2\repository\de\rototor\pdfbox\graphics2d\0.24\graphics2d-0.24.jar;C:\Users\zulfa\.m2\repository\com\openhtmltopdf\openhtmltopdf-rtl-support\1.0.0\openhtmltopdf-rtl-support-1.0.0.jar;C:\Users\zulfa\.m2\repository\com\openhtmltopdf\openhtmltopdf-jsoup-dom-converter\1.0.0\openhtmltopdf-jsoup-dom-converter-1.0.0.jar;C:\Users\zulfa\.m2\repository\com\vladsch\flexmark\flexmark-profile-pegdown\0.62.2\flexmark-profile-pegdown-0.62.2.jar;C:\Users\zulfa\.m2\repository\com\vladsch\flexmark\flexmark-util-ast\0.62.2\flexmark-util-ast-0.62.2.jar;C:\Users\zulfa\.m2\repository\com\vladsch\flexmark\flexmark-util-builder\0.62.2\flexmark-util-builder-0.62.2.jar;C:\Users\zulfa\.m2\repository\com\vladsch\flexmark\flexmark-util-collection\0.62.2\flexmark-util-collection-0.62.2.jar;C:\Users\zulfa\.m2\repository\com\vladsch\flexmark\flexmark-util-data\0.62.2\flexmark-util-data-0.62.2.jar;C:\Users\zulfa\.m2\repository\com\vladsch\flexmark\flexmark-util-dependency\0.62.2\flexmark-util-dependency-0.62.2.jar;C:\Users\zulfa\.m2\repository\com\vladsch\flexmark\flexmark-util-format\0.62.2\flexmark-util-format-0.62.2.jar;C:\Users\zulfa\.m2\repository\com\vladsch\flexmark\flexmark-util-html\0.62.2\flexmark-util-html-0.62.2.jar;C:\Users\zulfa\.m2\repository\com\vladsch\flexmark\flexmark-util-misc\0.62.2\flexmark-util-misc-0.62.2.jar;C:\Users\zulfa\.m2\repository\com\vladsch\flexmark\flexmark-util-options\0.62.2\flexmark-util-options-0.62.2.jar;C:\Users\zulfa\.m2\repository\com\vladsch\flexmark\flexmark-util-sequence\0.62.2\flexmark-util-sequence-0.62.2.jar;C:\Users\zulfa\.m2\repository\com\vladsch\flexmark\flexmark-util-visitor\0.62.2\flexmark-util-visitor-0.62.2.jar;C:\Users\zulfa\.m2\repository\com\vladsch\flexmark\flexmark-youtrack-converter\0.62.2\flexmark-youtrack-converter-0.62.2.jar;C:\Users\zulfa\.m2\repository\com\ibm\icu\icu4j\72.1\icu4j-72.1.jar;C:\Users\zulfa\.m2\repository\es\nitaur\markdown\txtmark\0.16\txtmark-0.16.jar;C:\Users\zulfa\.m2\repository\net\serenity-bdd\serenity-report-resources\3.6.21\serenity-report-resources-3.6.21.jar;C:\Users\zulfa\.m2\repository\com\google\code\gson\gson\2.10.1\gson-2.10.1.jar;C:\Users\zulfa\.m2\repository\com\fasterxml\jackson\core\jackson-core\2.15.0-rc1\jackson-core-2.15.0-rc1.jar;C:\Users\zulfa\.m2\repository\com\fasterxml\jackson\core\jackson-databind\2.15.0-rc1\jackson-databind-2.15.0-rc1.jar;C:\Users\zulfa\.m2\repository\com\fasterxml\jackson\core\jackson-annotations\2.15.0-rc1\jackson-annotations-2.15.0-rc1.jar;C:\Users\zulfa\.m2\repository\commons-codec\commons-codec\1.15\commons-codec-1.15.jar;C:\Users\zulfa\.m2\repository\commons-io\commons-io\2.11.0\commons-io-2.11.0.jar;C:\Users\zulfa\.m2\repository\org\apache\httpcomponents\httpclient\4.5.13\httpclient-4.5.13.jar;C:\Users\zulfa\.m2\repository\org\apache\httpcomponents\httpcore\4.4.13\httpcore-4.4.13.jar;C:\Users\zulfa\.m2\repository\commons-logging\commons-logging\1.2\commons-logging-1.2.jar;C:\Users\zulfa\.m2\repository\org\seleniumhq\selenium\selenium-java\4.8.1\selenium-java-4.8.1.jar;C:\Users\zulfa\.m2\repository\org\seleniumhq\selenium\selenium-devtools-v108\4.8.1\selenium-devtools-v108-4.8.1.jar;C:\Users\zulfa\.m2\repository\org\seleniumhq\selenium\selenium-devtools-v109\4.8.1\selenium-devtools-v109-4.8.1.jar;C:\Users\zulfa\.m2\repository\org\seleniumhq\selenium\selenium-devtools-v110\4.8.1\selenium-devtools-v110-4.8.1.jar;C:\Users\zulfa\.m2\repository\org\seleniumhq\selenium\selenium-devtools-v85\4.8.1\selenium-devtools-v85-4.8.1.jar;C:\Users\zulfa\.m2\repository\org\seleniumhq\selenium\selenium-remote-driver\4.8.1\selenium-remote-driver-4.8.1.jar;C:\Users\zulfa\.m2\repository\com\beust\jcommander\1.82\jcommander-1.82.jar;C:\Users\zulfa\.m2\repository\io\netty\netty-buffer\4.1.87.Final\netty-buffer-4.1.87.Final.jar;C:\Users\zulfa\.m2\repository\io\netty\netty-codec-http\4.1.87.Final\netty-codec-http-4.1.87.Final.jar;C:\Users\zulfa\.m2\repository\io\netty\netty-codec\4.1.87.Final\netty-codec-4.1.87.Final.jar;C:\Users\zulfa\.m2\repository\io\netty\netty-handler\4.1.87.Final\netty-handler-4.1.87.Final.jar;C:\Users\zulfa\.m2\repository\io\netty\netty-common\4.1.87.Final\netty-common-4.1.87.Final.jar;C:\Users\zulfa\.m2\repository\io\netty\netty-transport-classes-epoll\4.1.87.Final\netty-transport-classes-epoll-4.1.87.Final.jar;C:\Users\zulfa\.m2\repository\io\netty\netty-transport-classes-kqueue\4.1.87.Final\netty-transport-classes-kqueue-4.1.87.Final.jar;C:\Users\zulfa\.m2\repository\io\netty\netty-transport-native-epoll\4.1.87.Final\netty-transport-native-epoll-4.1.87.Final.jar;C:\Users\zulfa\.m2\repository\io\netty\netty-transport-native-kqueue\4.1.87.Final\netty-transport-native-kqueue-4.1.87.Final.jar;C:\Users\zulfa\.m2\repository\io\netty\netty-transport-native-unix-common\4.1.87.Final\netty-transport-native-unix-common-4.1.87.Final.jar;C:\Users\zulfa\.m2\repository\io\netty\netty-transport\4.1.87.Final\netty-transport-4.1.87.Final.jar;C:\Users\zulfa\.m2\repository\io\netty\netty-resolver\4.1.87.Final\netty-resolver-4.1.87.Final.jar;C:\Users\zulfa\.m2\repository\io\opentelemetry\opentelemetry-api\1.22.0\opentelemetry-api-1.22.0.jar;C:\Users\zulfa\.m2\repository\io\opentelemetry\opentelemetry-context\1.22.0\opentelemetry-context-1.22.0.jar;C:\Users\zulfa\.m2\repository\io\opentelemetry\opentelemetry-exporter-logging\1.22.0\opentelemetry-exporter-logging-1.22.0.jar;C:\Users\zulfa\.m2\repository\io\opentelemetry\opentelemetry-sdk-metrics\1.22.0\opentelemetry-sdk-metrics-1.22.0.jar;C:\Users\zulfa\.m2\repository\io\opentelemetry\opentelemetry-sdk-logs\1.22.0-alpha\opentelemetry-sdk-logs-1.22.0-alpha.jar;C:\Users\zulfa\.m2\repository\io\opentelemetry\opentelemetry-api-logs\1.22.0-alpha\opentelemetry-api-logs-1.22.0-alpha.jar;C:\Users\zulfa\.m2\repository\io\opentelemetry\opentelemetry-sdk-common\1.22.0\opentelemetry-sdk-common-1.22.0.jar;C:\Users\zulfa\.m2\repository\io\opentelemetry\opentelemetry-sdk-extension-autoconfigure-spi\1.22.0\opentelemetry-sdk-extension-autoconfigure-spi-1.22.0.jar;C:\Users\zulfa\.m2\repository\io\opentelemetry\opentelemetry-sdk-extension-autoconfigure\1.22.0-alpha\opentelemetry-sdk-extension-autoconfigure-1.22.0-alpha.jar;C:\Users\zulfa\.m2\repository\io\opentelemetry\opentelemetry-sdk-trace\1.22.0\opentelemetry-sdk-trace-1.22.0.jar;C:\Users\zulfa\.m2\repository\io\opentelemetry\opentelemetry-sdk\1.22.0\opentelemetry-sdk-1.22.0.jar;C:\Users\zulfa\.m2\repository\io\opentelemetry\opentelemetry-semconv\1.22.0-alpha\opentelemetry-semconv-1.22.0-alpha.jar;C:\Users\zulfa\.m2\repository\io\ous\jtoml\2.0.0\jtoml-2.0.0.jar;C:\Users\zulfa\.m2\repository\org\apache\commons\commons-exec\1.3\commons-exec-1.3.jar;C:\Users\zulfa\.m2\repository\org\asynchttpclient\async-http-client\2.12.3\async-http-client-2.12.3.jar;C:\Users\zulfa\.m2\repository\org\asynchttpclient\async-http-client-netty-utils\2.12.3\async-http-client-netty-utils-2.12.3.jar;C:\Users\zulfa\.m2\repository\io\netty\netty-codec-socks\4.1.60.Final\netty-codec-socks-4.1.60.Final.jar;C:\Users\zulfa\.m2\repository\io\netty\netty-handler-proxy\4.1.60.Final\netty-handler-proxy-4.1.60.Final.jar;C:\Users\zulfa\.m2\repository\io\netty\netty-transport-native-epoll\4.1.60.Final\netty-transport-native-epoll-4.1.60.Final-linux-x86_64.jar;C:\Users\zulfa\.m2\repository\io\netty\netty-transport-native-kqueue\4.1.60.Final\netty-transport-native-kqueue-4.1.60.Final-osx-x86_64.jar;C:\Users\zulfa\.m2\repository\org\reactivestreams\reactive-streams\1.0.3\reactive-streams-1.0.3.jar;C:\Users\zulfa\.m2\repository\com\typesafe\netty\netty-reactive-streams\2.0.4\netty-reactive-streams-2.0.4.jar;C:\Users\zulfa\.m2\repository\org\seleniumhq\selenium\selenium-manager\4.8.1\selenium-manager-4.8.1.jar;C:\Users\zulfa\.m2\repository\org\seleniumhq\selenium\selenium-safari-driver\4.8.1\selenium-safari-driver-4.8.1.jar;C:\Users\zulfa\.m2\repository\org\seleniumhq\selenium\selenium-api\4.8.1\selenium-api-4.8.1.jar;C:\Users\zulfa\.m2\repository\org\seleniumhq\selenium\selenium-support\4.8.1\selenium-support-4.8.1.jar;C:\Users\zulfa\.m2\repository\com\google\auto\service\auto-service-annotations\1.0.1\auto-service-annotations-1.0.1.jar;C:\Users\zulfa\.m2\repository\com\google\auto\service\auto-service\1.0.1\auto-service-1.0.1.jar;C:\Users\zulfa\.m2\repository\com\google\auto\auto-common\1.2\auto-common-1.2.jar;C:\Users\zulfa\.m2\repository\org\seleniumhq\selenium\selenium-json\4.8.1\selenium-json-4.8.1.jar;C:\Users\zulfa\.m2\repository\org\seleniumhq\selenium\selenium-chrome-driver\4.8.1\selenium-chrome-driver-4.8.1.jar;C:\Users\zulfa\.m2\repository\org\seleniumhq\selenium\selenium-chromium-driver\4.8.1\selenium-chromium-driver-4.8.1.jar;C:\Users\zulfa\.m2\repository\org\seleniumhq\selenium\selenium-firefox-driver\4.8.1\selenium-firefox-driver-4.8.1.jar;C:\Users\zulfa\.m2\repository\org\seleniumhq\selenium\selenium-http\4.8.1\selenium-http-4.8.1.jar;C:\Users\zulfa\.m2\repository\dev\failsafe\failsafe\3.3.0\failsafe-3.3.0.jar;C:\Users\zulfa\.m2\repository\org\seleniumhq\selenium\selenium-edge-driver\4.8.1\selenium-edge-driver-4.8.1.jar;C:\Users\zulfa\.m2\repository\org\seleniumhq\selenium\selenium-ie-driver\4.8.1\selenium-ie-driver-4.8.1.jar;C:\Users\zulfa\.m2\repository\org\projectlombok\lombok\1.18.20\lombok-1.18.20.jar;C:\Users\zulfa\.m2\repository\io\appium\java-client\8.3.0\java-client-8.3.0.jar;C:\Users\zulfa\.m2\repository\commons-validator\commons-validator\1.7\commons-validator-1.7.jar;C:\Users\zulfa\.m2\repository\commons-digester\commons-digester\2.1\commons-digester-2.1.jar;C:\Users\zulfa\.m2\repository\org\apache\groovy\groovy\4.0.10\groovy-4.0.10.jar;C:\Users\zulfa\.m2\repository\net\sf\opencsv\opencsv\2.0\opencsv-2.0.jar;C:\Users\zulfa\.m2\repository\commons-beanutils\commons-beanutils\1.9.4\commons-beanutils-1.9.4.jar;C:\Users\zulfa\.m2\repository\org\apache\commons\commons-lang3\3.12.0\commons-lang3-3.12.0.jar;C:\Users\zulfa\.m2\repository\commons-collections\commons-collections\3.2.2\commons-collections-3.2.2.jar;C:\Users\zulfa\.m2\repository\org\fluentlenium\fluentlenium-core\0.10.2\fluentlenium-core-0.10.2.jar;C:\Users\zulfa\.m2\repository\io\github\bonigarcia\webdrivermanager\5.3.0\webdrivermanager-5.3.0.jar;C:\Users\zulfa\.m2\repository\com\github\docker-java\docker-java\3.2.13\docker-java-3.2.13.jar;C:\Users\zulfa\.m2\repository\com\github\docker-java\docker-java-core\3.2.13\docker-java-core-3.2.13.jar;C:\Users\zulfa\.m2\repository\com\github\docker-java\docker-java-api\3.2.13\docker-java-api-3.2.13.jar;C:\Users\zulfa\.m2\repository\org\apache\commons\commons-compress\1.21\commons-compress-1.21.jar;C:\Users\zulfa\.m2\repository\org\bouncycastle\bcpkix-jdk15on\1.64\bcpkix-jdk15on-1.64.jar;C:\Users\zulfa\.m2\repository\org\bouncycastle\bcprov-jdk15on\1.64\bcprov-jdk15on-1.64.jar;C:\Users\zulfa\.m2\repository\org\slf4j\jcl-over-slf4j\1.7.30\jcl-over-slf4j-1.7.30.jar;C:\Users\zulfa\.m2\repository\com\github\docker-java\docker-java-transport-httpclient5\3.2.13\docker-java-transport-httpclient5-3.2.13.jar;C:\Users\zulfa\.m2\repository\com\github\docker-java\docker-java-transport\3.2.13\docker-java-transport-3.2.13.jar;C:\Users\zulfa\.m2\repository\net\java\dev\jna\jna\5.8.0\jna-5.8.0.jar;C:\Users\zulfa\.m2\repository\org\brotli\dec\0.1.2\dec-0.1.2.jar;C:\Users\zulfa\.m2\repository\org\apache\httpcomponents\client5\httpclient5\5.1.3\httpclient5-5.1.3.jar;C:\Users\zulfa\.m2\repository\org\apache\httpcomponents\core5\httpcore5\5.1.3\httpcore5-5.1.3.jar;C:\Users\zulfa\.m2\repository\org\apache\httpcomponents\core5\httpcore5-h2\5.1.3\httpcore5-h2-5.1.3.jar;C:\Users\zulfa\.m2\repository\com\jhlabs\filters\2.0.235\filters-2.0.235.jar;C:\Users\zulfa\.m2\repository\com\paulhammant\ngwebdriver\1.1.6\ngwebdriver-1.1.6.jar;C:\Users\zulfa\.m2\repository\joda-time\joda-time\2.12.2\joda-time-2.12.2.jar;C:\Users\zulfa\.m2\repository\org\hamcrest\hamcrest\2.2\hamcrest-2.2.jar;C:\Users\zulfa\.m2\repository\com\google\jimfs\jimfs\1.2\jimfs-1.2.jar;C:\Users\zulfa\.m2\repository\org\mockito\mockito-core\3.3.3\mockito-core-3.3.3.jar;C:\Users\zulfa\.m2\repository\javax\xml\bind\jaxb-api\2.3.1\jaxb-api-2.3.1.jar;C:\Users\zulfa\.m2\repository\javax\activation\javax.activation-api\1.2.0\javax.activation-api-1.2.0.jar;C:\Users\zulfa\.m2\repository\com\sun\xml\bind\jaxb-core\2.3.0.1\jaxb-core-2.3.0.1.jar;C:\Users\zulfa\.m2\repository\com\sun\xml\bind\jaxb-impl\2.3.3\jaxb-impl-2.3.3.jar;C:\Users\zulfa\.m2\repository\jakarta\xml\bind\jakarta.xml.bind-api\2.3.3\jakarta.xml.bind-api-2.3.3.jar;C:\Users\zulfa\.m2\repository\com\sun\activation\jakarta.activation\1.2.2\jakarta.activation-1.2.2.jar;C:\Users\zulfa\.m2\repository\javax\activation\activation\1.1.1\activation-1.1.1.jar;C:\Users\zulfa\.m2\repository\net\serenity-bdd\serenity-cucumber\3.6.21\serenity-cucumber-3.6.21.jar;C:\Users\zulfa\.m2\repository\io\cucumber\cucumber-core\7.11.0\cucumber-core-7.11.0.jar;C:\Users\zulfa\.m2\repository\io\cucumber\cucumber-gherkin\7.11.0\cucumber-gherkin-7.11.0.jar;C:\Users\zulfa\.m2\repository\io\cucumber\cucumber-gherkin-messages\7.11.0\cucumber-gherkin-messages-7.11.0.jar;C:\Users\zulfa\.m2\repository\io\cucumber\gherkin\26.0.3\gherkin-26.0.3.jar;C:\Users\zulfa\.m2\repository\io\cucumber\messages\21.0.1\messages-21.0.1.jar;C:\Users\zulfa\.m2\repository\io\cucumber\tag-expressions\5.0.1\tag-expressions-5.0.1.jar;C:\Users\zulfa\.m2\repository\io\cucumber\cucumber-expressions\16.1.1\cucumber-expressions-16.1.1.jar;C:\Users\zulfa\.m2\repository\io\cucumber\datatable\7.11.0\datatable-7.11.0.jar;C:\Users\zulfa\.m2\repository\io\cucumber\cucumber-plugin\7.11.0\cucumber-plugin-7.11.0.jar;C:\Users\zulfa\.m2\repository\io\cucumber\docstring\7.11.0\docstring-7.11.0.jar;C:\Users\zulfa\.m2\repository\io\cucumber\html-formatter\20.2.1\html-formatter-20.2.1.jar;C:\Users\zulfa\.m2\repository\io\cucumber\junit-xml-formatter\0.1.0\junit-xml-formatter-0.1.0.jar;C:\Users\zulfa\.m2\repository\io\cucumber\ci-environment\9.1.0\ci-environment-9.1.0.jar;C:\Users\zulfa\.m2\repository\io\cucumber\cucumber-java\7.11.0\cucumber-java-7.11.0.jar;C:\Users\zulfa\.m2\repository\io\cucumber\cucumber-junit\7.11.0\cucumber-junit-7.11.0.jar;C:\Users\zulfa\.m2\repository\org\apache\commons\commons-csv\1.5\commons-csv-1.5.jar;C:\Users\zulfa\.m2\repository\net\serenity-bdd\serenity-screenplay\3.6.21\serenity-screenplay-3.6.21.jar;C:\Users\zulfa\.m2\repository\net\serenity-bdd\serenity-screenplay-webdriver\3.6.21\serenity-screenplay-webdriver-3.6.21.jar;C:\Users\zulfa\.m2\repository\net\serenity-bdd\serenity-ensure\3.6.21\serenity-ensure-3.6.21.jar;C:\Users\zulfa\.m2\repository\net\serenity-bdd\serenity-junit\3.6.21\serenity-junit-3.6.21.jar;C:\Users\zulfa\.m2\repository\org\jetbrains\kotlin\kotlin-stdlib\1.8.10\kotlin-stdlib-1.8.10.jar;C:\Users\zulfa\.m2\repository\org\jetbrains\kotlin\kotlin-stdlib-common\1.8.10\kotlin-stdlib-common-1.8.10.jar;C:\Users\zulfa\.m2\repository\org\jetbrains\annotations\13.0\annotations-13.0.jar;C:\Users\zulfa\.m2\repository\org\junit\platform\junit-platform-launcher\1.8.2\junit-platform-launcher-1.8.2.jar;C:\Users\zulfa\.m2\repository\org\junit\platform\junit-platform-engine\1.8.2\junit-platform-engine-1.8.2.jar;C:\Users\zulfa\.m2\repository\org\opentest4j\opentest4j\1.2.0\opentest4j-1.2.0.jar;C:\Users\zulfa\.m2\repository\org\junit\platform\junit-platform-commons\1.8.2\junit-platform-commons-1.8.2.jar;C:\Users\zulfa\.m2\repository\org\apiguardian\apiguardian-api\1.1.2\apiguardian-api-1.1.2.jar;C:\Users\zulfa\.m2\repository\org\junit\jupiter\junit-jupiter-engine\5.8.2\junit-jupiter-engine-5.8.2.jar;C:\Users\zulfa\.m2\repository\org\junit\jupiter\junit-jupiter-api\5.8.2\junit-jupiter-api-5.8.2.jar;C:\Users\zulfa\.m2\repository\org\junit\vintage\junit-vintage-engine\5.8.2\junit-vintage-engine-5.8.2.jar;C:\Users\zulfa\.m2\repository\ch\qos\logback\logback-classic\1.2.10\logback-classic-1.2.10.jar;C:\Users\zulfa\.m2\repository\ch\qos\logback\logback-core\1.2.10\logback-core-1.2.10.jar;C:\Users\zulfa\.m2\repository\org\slf4j\slf4j-api\1.7.32\slf4j-api-1.7.32.jar;C:\Users\zulfa\.m2\repository\org\assertj\assertj-core\3.23.1\assertj-core-3.23.1.jar;C:\Users\zulfa\.m2\repository\net\bytebuddy\byte-buddy\1.12.10\byte-buddy-1.12.10.jar;C:\Users\zulfa\.m2\repository\junit\junit\4.13.2\junit-4.13.2.jar;C:\Users\zulfa\.m2\repository\org\hamcrest\hamcrest-core\1.3\hamcrest-core-1.3.jar;"/>
    <property name="java.vm.vendor" value="Oracle Corporation"/>
    <property name="sun.arch.data.model" value="64"/>
    <property name="user.variant" value=""/>
    <property name="java.vendor.url" value="http://java.oracle.com/"/>
    <property name="user.timezone" value="Asia/Bangkok"/>
    <property name="java.vm.specification.version" value="1.8"/>
    <property name="os.name" value="Windows 10"/>
    <property name="user.country" value="ID"/>
    <property name="sun.java.launcher" value="SUN_STANDARD"/>
    <property name="sun.boot.library.path" value="C:\Program Files\Java\jdk1.8.0_202\jre\bin"/>
    <property name="sun.java.command" value="C:\Users\zulfa\AppData\Local\Temp\surefire8413147018685195297\surefirebooter3804878191796387994.jar C:\Users\zulfa\AppData\Local\Temp\surefire8413147018685195297 2023-06-25T18-14-05_356-jvmRun1 surefire2531346178309775625tmp surefire_07945737159472268051tmp"/>
    <property name="surefire.test.class.path" value="C:\Users\zulfa\IdeaProjects\Capstone-WEB\target\test-classes;C:\Users\zulfa\IdeaProjects\Capstone-WEB\target\Capstone-WEB-1.0-SNAPSHOT.jar;C:\Users\zulfa\.m2\repository\net\serenity-bdd\serenity-core\3.6.21\serenity-core-3.6.21.jar;C:\Users\zulfa\.m2\repository\net\serenity-bdd\serenity-model\3.6.21\serenity-model-3.6.21.jar;C:\Users\zulfa\.m2\repository\org\apache\commons\commons-text\1.10.0\commons-text-1.10.0.jar;C:\Users\zulfa\.m2\repository\commons-net\commons-net\3.9.0\commons-net-3.9.0.jar;C:\Users\zulfa\.m2\repository\com\google\guava\guava\31.1-jre\guava-31.1-jre.jar;C:\Users\zulfa\.m2\repository\com\google\guava\failureaccess\1.0.1\failureaccess-1.0.1.jar;C:\Users\zulfa\.m2\repository\com\google\guava\listenablefuture\9999.0-empty-to-avoid-conflict-with-guava\listenablefuture-9999.0-empty-to-avoid-conflict-with-guava.jar;C:\Users\zulfa\.m2\repository\com\google\code\findbugs\jsr305\3.0.2\jsr305-3.0.2.jar;C:\Users\zulfa\.m2\repository\org\checkerframework\checker-qual\3.12.0\checker-qual-3.12.0.jar;C:\Users\zulfa\.m2\repository\com\google\errorprone\error_prone_annotations\2.11.0\error_prone_annotations-2.11.0.jar;C:\Users\zulfa\.m2\repository\com\google\j2objc\j2objc-annotations\1.3\j2objc-annotations-1.3.jar;C:\Users\zulfa\.m2\repository\com\google\inject\guice\5.1.0\guice-5.1.0.jar;C:\Users\zulfa\.m2\repository\javax\inject\javax.inject\1\javax.inject-1.jar;C:\Users\zulfa\.m2\repository\aopalliance\aopalliance\1.0\aopalliance-1.0.jar;C:\Users\zulfa\.m2\repository\org\jsoup\jsoup\1.14.3\jsoup-1.14.3.jar;C:\Users\zulfa\.m2\repository\com\thoughtworks\xstream\xstream\1.4.20\xstream-1.4.20.jar;C:\Users\zulfa\.m2\repository\io\github\x-stream\mxparser\1.2.2\mxparser-1.2.2.jar;C:\Users\zulfa\.m2\repository\xmlpull\xmlpull\1.1.3.1\xmlpull-1.1.3.1.jar;C:\Users\zulfa\.m2\repository\com\typesafe\config\1.4.2\config-1.4.2.jar;C:\Users\zulfa\.m2\repository\org\imgscalr\imgscalr-lib\4.2\imgscalr-lib-4.2.jar;C:\Users\zulfa\.m2\repository\org\awaitility\awaitility\4.2.0\awaitility-4.2.0.jar;C:\Users\zulfa\.m2\repository\org\freemarker\freemarker\2.3.31\freemarker-2.3.31.jar;C:\Users\zulfa\.m2\repository\io\github\classgraph\classgraph\4.8.138\classgraph-4.8.138.jar;C:\Users\zulfa\.m2\repository\net\sourceforge\jexcelapi\jxl\2.6.12\jxl-2.6.12.jar;C:\Users\zulfa\.m2\repository\net\bytebuddy\byte-buddy-agent\1.14.2\byte-buddy-agent-1.14.2.jar;C:\Users\zulfa\.m2\repository\org\objenesis\objenesis\3.3\objenesis-3.3.jar;C:\Users\zulfa\.m2\repository\net\serenity-bdd\serenity-reports\3.6.21\serenity-reports-3.6.21.jar;C:\Users\zulfa\.m2\repository\net\serenity-bdd\serenity-stats\3.6.21\serenity-stats-3.6.21.jar;C:\Users\zulfa\.m2\repository\net\serenity-bdd\serenity-reports-configuration\3.6.21\serenity-reports-configuration-3.6.21.jar;C:\Users\zulfa\.m2\repository\com\vladsch\flexmark\flexmark-all\0.62.2\flexmark-all-0.62.2.jar;C:\Users\zulfa\.m2\repository\com\vladsch\flexmark\flexmark\0.62.2\flexmark-0.62.2.jar;C:\Users\zulfa\.m2\repository\com\vladsch\flexmark\flexmark-ext-abbreviation\0.62.2\flexmark-ext-abbreviation-0.62.2.jar;C:\Users\zulfa\.m2\repository\com\vladsch\flexmark\flexmark-util\0.62.2\flexmark-util-0.62.2.jar;C:\Users\zulfa\.m2\repository\com\vladsch\flexmark\flexmark-ext-admonition\0.62.2\flexmark-ext-admonition-0.62.2.jar;C:\Users\zulfa\.m2\repository\com\vladsch\flexmark\flexmark-ext-anchorlink\0.62.2\flexmark-ext-anchorlink-0.62.2.jar;C:\Users\zulfa\.m2\repository\com\vladsch\flexmark\flexmark-ext-aside\0.62.2\flexmark-ext-aside-0.62.2.jar;C:\Users\zulfa\.m2\repository\com\vladsch\flexmark\flexmark-ext-attributes\0.62.2\flexmark-ext-attributes-0.62.2.jar;C:\Users\zulfa\.m2\repository\com\vladsch\flexmark\flexmark-ext-autolink\0.62.2\flexmark-ext-autolink-0.62.2.jar;C:\Users\zulfa\.m2\repository\org\nibor\autolink\autolink\0.6.0\autolink-0.6.0.jar;C:\Users\zulfa\.m2\repository\com\vladsch\flexmark\flexmark-ext-definition\0.62.2\flexmark-ext-definition-0.62.2.jar;C:\Users\zulfa\.m2\repository\com\vladsch\flexmark\flexmark-ext-emoji\0.62.2\flexmark-ext-emoji-0.62.2.jar;C:\Users\zulfa\.m2\repository\com\vladsch\flexmark\flexmark-ext-enumerated-reference\0.62.2\flexmark-ext-enumerated-reference-0.62.2.jar;C:\Users\zulfa\.m2\repository\com\vladsch\flexmark\flexmark-ext-escaped-character\0.62.2\flexmark-ext-escaped-character-0.62.2.jar;C:\Users\zulfa\.m2\repository\com\vladsch\flexmark\flexmark-ext-footnotes\0.62.2\flexmark-ext-footnotes-0.62.2.jar;C:\Users\zulfa\.m2\repository\com\vladsch\flexmark\flexmark-ext-gfm-issues\0.62.2\flexmark-ext-gfm-issues-0.62.2.jar;C:\Users\zulfa\.m2\repository\com\vladsch\flexmark\flexmark-ext-gfm-strikethrough\0.62.2\flexmark-ext-gfm-strikethrough-0.62.2.jar;C:\Users\zulfa\.m2\repository\com\vladsch\flexmark\flexmark-ext-gfm-tasklist\0.62.2\flexmark-ext-gfm-tasklist-0.62.2.jar;C:\Users\zulfa\.m2\repository\com\vladsch\flexmark\flexmark-ext-gfm-users\0.62.2\flexmark-ext-gfm-users-0.62.2.jar;C:\Users\zulfa\.m2\repository\com\vladsch\flexmark\flexmark-ext-gitlab\0.62.2\flexmark-ext-gitlab-0.62.2.jar;C:\Users\zulfa\.m2\repository\com\vladsch\flexmark\flexmark-ext-jekyll-front-matter\0.62.2\flexmark-ext-jekyll-front-matter-0.62.2.jar;C:\Users\zulfa\.m2\repository\com\vladsch\flexmark\flexmark-ext-jekyll-tag\0.62.2\flexmark-ext-jekyll-tag-0.62.2.jar;C:\Users\zulfa\.m2\repository\com\vladsch\flexmark\flexmark-ext-media-tags\0.62.2\flexmark-ext-media-tags-0.62.2.jar;C:\Users\zulfa\.m2\repository\com\vladsch\flexmark\flexmark-ext-macros\0.62.2\flexmark-ext-macros-0.62.2.jar;C:\Users\zulfa\.m2\repository\com\vladsch\flexmark\flexmark-ext-ins\0.62.2\flexmark-ext-ins-0.62.2.jar;C:\Users\zulfa\.m2\repository\com\vladsch\flexmark\flexmark-ext-xwiki-macros\0.62.2\flexmark-ext-xwiki-macros-0.62.2.jar;C:\Users\zulfa\.m2\repository\com\vladsch\flexmark\flexmark-ext-superscript\0.62.2\flexmark-ext-superscript-0.62.2.jar;C:\Users\zulfa\.m2\repository\com\vladsch\flexmark\flexmark-ext-tables\0.62.2\flexmark-ext-tables-0.62.2.jar;C:\Users\zulfa\.m2\repository\com\vladsch\flexmark\flexmark-ext-toc\0.62.2\flexmark-ext-toc-0.62.2.jar;C:\Users\zulfa\.m2\repository\com\vladsch\flexmark\flexmark-ext-typographic\0.62.2\flexmark-ext-typographic-0.62.2.jar;C:\Users\zulfa\.m2\repository\com\vladsch\flexmark\flexmark-ext-wikilink\0.62.2\flexmark-ext-wikilink-0.62.2.jar;C:\Users\zulfa\.m2\repository\com\vladsch\flexmark\flexmark-ext-yaml-front-matter\0.62.2\flexmark-ext-yaml-front-matter-0.62.2.jar;C:\Users\zulfa\.m2\repository\com\vladsch\flexmark\flexmark-ext-youtube-embedded\0.62.2\flexmark-ext-youtube-embedded-0.62.2.jar;C:\Users\zulfa\.m2\repository\com\vladsch\flexmark\flexmark-html2md-converter\0.62.2\flexmark-html2md-converter-0.62.2.jar;C:\Users\zulfa\.m2\repository\com\vladsch\flexmark\flexmark-jira-converter\0.62.2\flexmark-jira-converter-0.62.2.jar;C:\Users\zulfa\.m2\repository\com\vladsch\flexmark\flexmark-pdf-converter\0.62.2\flexmark-pdf-converter-0.62.2.jar;C:\Users\zulfa\.m2\repository\com\openhtmltopdf\openhtmltopdf-core\1.0.0\openhtmltopdf-core-1.0.0.jar;C:\Users\zulfa\.m2\repository\com\openhtmltopdf\openhtmltopdf-pdfbox\1.0.0\openhtmltopdf-pdfbox-1.0.0.jar;C:\Users\zulfa\.m2\repository\org\apache\pdfbox\pdfbox\2.0.16\pdfbox-2.0.16.jar;C:\Users\zulfa\.m2\repository\org\apache\pdfbox\fontbox\2.0.16\fontbox-2.0.16.jar;C:\Users\zulfa\.m2\repository\org\apache\pdfbox\xmpbox\2.0.16\xmpbox-2.0.16.jar;C:\Users\zulfa\.m2\repository\de\rototor\pdfbox\graphics2d\0.24\graphics2d-0.24.jar;C:\Users\zulfa\.m2\repository\com\openhtmltopdf\openhtmltopdf-rtl-support\1.0.0\openhtmltopdf-rtl-support-1.0.0.jar;C:\Users\zulfa\.m2\repository\com\openhtmltopdf\openhtmltopdf-jsoup-dom-converter\1.0.0\openhtmltopdf-jsoup-dom-converter-1.0.0.jar;C:\Users\zulfa\.m2\repository\com\vladsch\flexmark\flexmark-profile-pegdown\0.62.2\flexmark-profile-pegdown-0.62.2.jar;C:\Users\zulfa\.m2\repository\com\vladsch\flexmark\flexmark-util-ast\0.62.2\flexmark-util-ast-0.62.2.jar;C:\Users\zulfa\.m2\repository\com\vladsch\flexmark\flexmark-util-builder\0.62.2\flexmark-util-builder-0.62.2.jar;C:\Users\zulfa\.m2\repository\com\vladsch\flexmark\flexmark-util-collection\0.62.2\flexmark-util-collection-0.62.2.jar;C:\Users\zulfa\.m2\repository\com\vladsch\flexmark\flexmark-util-data\0.62.2\flexmark-util-data-0.62.2.jar;C:\Users\zulfa\.m2\repository\com\vladsch\flexmark\flexmark-util-dependency\0.62.2\flexmark-util-dependency-0.62.2.jar;C:\Users\zulfa\.m2\repository\com\vladsch\flexmark\flexmark-util-format\0.62.2\flexmark-util-format-0.62.2.jar;C:\Users\zulfa\.m2\repository\com\vladsch\flexmark\flexmark-util-html\0.62.2\flexmark-util-html-0.62.2.jar;C:\Users\zulfa\.m2\repository\com\vladsch\flexmark\flexmark-util-misc\0.62.2\flexmark-util-misc-0.62.2.jar;C:\Users\zulfa\.m2\repository\com\vladsch\flexmark\flexmark-util-options\0.62.2\flexmark-util-options-0.62.2.jar;C:\Users\zulfa\.m2\repository\com\vladsch\flexmark\flexmark-util-sequence\0.62.2\flexmark-util-sequence-0.62.2.jar;C:\Users\zulfa\.m2\repository\com\vladsch\flexmark\flexmark-util-visitor\0.62.2\flexmark-util-visitor-0.62.2.jar;C:\Users\zulfa\.m2\repository\com\vladsch\flexmark\flexmark-youtrack-converter\0.62.2\flexmark-youtrack-converter-0.62.2.jar;C:\Users\zulfa\.m2\repository\com\ibm\icu\icu4j\72.1\icu4j-72.1.jar;C:\Users\zulfa\.m2\repository\es\nitaur\markdown\txtmark\0.16\txtmark-0.16.jar;C:\Users\zulfa\.m2\repository\net\serenity-bdd\serenity-report-resources\3.6.21\serenity-report-resources-3.6.21.jar;C:\Users\zulfa\.m2\repository\com\google\code\gson\gson\2.10.1\gson-2.10.1.jar;C:\Users\zulfa\.m2\repository\com\fasterxml\jackson\core\jackson-core\2.15.0-rc1\jackson-core-2.15.0-rc1.jar;C:\Users\zulfa\.m2\repository\com\fasterxml\jackson\core\jackson-databind\2.15.0-rc1\jackson-databind-2.15.0-rc1.jar;C:\Users\zulfa\.m2\repository\com\fasterxml\jackson\core\jackson-annotations\2.15.0-rc1\jackson-annotations-2.15.0-rc1.jar;C:\Users\zulfa\.m2\repository\commons-codec\commons-codec\1.15\commons-codec-1.15.jar;C:\Users\zulfa\.m2\repository\commons-io\commons-io\2.11.0\commons-io-2.11.0.jar;C:\Users\zulfa\.m2\repository\org\apache\httpcomponents\httpclient\4.5.13\httpclient-4.5.13.jar;C:\Users\zulfa\.m2\repository\org\apache\httpcomponents\httpcore\4.4.13\httpcore-4.4.13.jar;C:\Users\zulfa\.m2\repository\commons-logging\commons-logging\1.2\commons-logging-1.2.jar;C:\Users\zulfa\.m2\repository\org\seleniumhq\selenium\selenium-java\4.8.1\selenium-java-4.8.1.jar;C:\Users\zulfa\.m2\repository\org\seleniumhq\selenium\selenium-devtools-v108\4.8.1\selenium-devtools-v108-4.8.1.jar;C:\Users\zulfa\.m2\repository\org\seleniumhq\selenium\selenium-devtools-v109\4.8.1\selenium-devtools-v109-4.8.1.jar;C:\Users\zulfa\.m2\repository\org\seleniumhq\selenium\selenium-devtools-v110\4.8.1\selenium-devtools-v110-4.8.1.jar;C:\Users\zulfa\.m2\repository\org\seleniumhq\selenium\selenium-devtools-v85\4.8.1\selenium-devtools-v85-4.8.1.jar;C:\Users\zulfa\.m2\repository\org\seleniumhq\selenium\selenium-remote-driver\4.8.1\selenium-remote-driver-4.8.1.jar;C:\Users\zulfa\.m2\repository\com\beust\jcommander\1.82\jcommander-1.82.jar;C:\Users\zulfa\.m2\repository\io\netty\netty-buffer\4.1.87.Final\netty-buffer-4.1.87.Final.jar;C:\Users\zulfa\.m2\repository\io\netty\netty-codec-http\4.1.87.Final\netty-codec-http-4.1.87.Final.jar;C:\Users\zulfa\.m2\repository\io\netty\netty-codec\4.1.87.Final\netty-codec-4.1.87.Final.jar;C:\Users\zulfa\.m2\repository\io\netty\netty-handler\4.1.87.Final\netty-handler-4.1.87.Final.jar;C:\Users\zulfa\.m2\repository\io\netty\netty-common\4.1.87.Final\netty-common-4.1.87.Final.jar;C:\Users\zulfa\.m2\repository\io\netty\netty-transport-classes-epoll\4.1.87.Final\netty-transport-classes-epoll-4.1.87.Final.jar;C:\Users\zulfa\.m2\repository\io\netty\netty-transport-classes-kqueue\4.1.87.Final\netty-transport-classes-kqueue-4.1.87.Final.jar;C:\Users\zulfa\.m2\repository\io\netty\netty-transport-native-epoll\4.1.87.Final\netty-transport-native-epoll-4.1.87.Final.jar;C:\Users\zulfa\.m2\repository\io\netty\netty-transport-native-kqueue\4.1.87.Final\netty-transport-native-kqueue-4.1.87.Final.jar;C:\Users\zulfa\.m2\repository\io\netty\netty-transport-native-unix-common\4.1.87.Final\netty-transport-native-unix-common-4.1.87.Final.jar;C:\Users\zulfa\.m2\repository\io\netty\netty-transport\4.1.87.Final\netty-transport-4.1.87.Final.jar;C:\Users\zulfa\.m2\repository\io\netty\netty-resolver\4.1.87.Final\netty-resolver-4.1.87.Final.jar;C:\Users\zulfa\.m2\repository\io\opentelemetry\opentelemetry-api\1.22.0\opentelemetry-api-1.22.0.jar;C:\Users\zulfa\.m2\repository\io\opentelemetry\opentelemetry-context\1.22.0\opentelemetry-context-1.22.0.jar;C:\Users\zulfa\.m2\repository\io\opentelemetry\opentelemetry-exporter-logging\1.22.0\opentelemetry-exporter-logging-1.22.0.jar;C:\Users\zulfa\.m2\repository\io\opentelemetry\opentelemetry-sdk-metrics\1.22.0\opentelemetry-sdk-metrics-1.22.0.jar;C:\Users\zulfa\.m2\repository\io\opentelemetry\opentelemetry-sdk-logs\1.22.0-alpha\opentelemetry-sdk-logs-1.22.0-alpha.jar;C:\Users\zulfa\.m2\repository\io\opentelemetry\opentelemetry-api-logs\1.22.0-alpha\opentelemetry-api-logs-1.22.0-alpha.jar;C:\Users\zulfa\.m2\repository\io\opentelemetry\opentelemetry-sdk-common\1.22.0\opentelemetry-sdk-common-1.22.0.jar;C:\Users\zulfa\.m2\repository\io\opentelemetry\opentelemetry-sdk-extension-autoconfigure-spi\1.22.0\opentelemetry-sdk-extension-autoconfigure-spi-1.22.0.jar;C:\Users\zulfa\.m2\repository\io\opentelemetry\opentelemetry-sdk-extension-autoconfigure\1.22.0-alpha\opentelemetry-sdk-extension-autoconfigure-1.22.0-alpha.jar;C:\Users\zulfa\.m2\repository\io\opentelemetry\opentelemetry-sdk-trace\1.22.0\opentelemetry-sdk-trace-1.22.0.jar;C:\Users\zulfa\.m2\repository\io\opentelemetry\opentelemetry-sdk\1.22.0\opentelemetry-sdk-1.22.0.jar;C:\Users\zulfa\.m2\repository\io\opentelemetry\opentelemetry-semconv\1.22.0-alpha\opentelemetry-semconv-1.22.0-alpha.jar;C:\Users\zulfa\.m2\repository\io\ous\jtoml\2.0.0\jtoml-2.0.0.jar;C:\Users\zulfa\.m2\repository\org\apache\commons\commons-exec\1.3\commons-exec-1.3.jar;C:\Users\zulfa\.m2\repository\org\asynchttpclient\async-http-client\2.12.3\async-http-client-2.12.3.jar;C:\Users\zulfa\.m2\repository\org\asynchttpclient\async-http-client-netty-utils\2.12.3\async-http-client-netty-utils-2.12.3.jar;C:\Users\zulfa\.m2\repository\io\netty\netty-codec-socks\4.1.60.Final\netty-codec-socks-4.1.60.Final.jar;C:\Users\zulfa\.m2\repository\io\netty\netty-handler-proxy\4.1.60.Final\netty-handler-proxy-4.1.60.Final.jar;C:\Users\zulfa\.m2\repository\io\netty\netty-transport-native-epoll\4.1.60.Final\netty-transport-native-epoll-4.1.60.Final-linux-x86_64.jar;C:\Users\zulfa\.m2\repository\io\netty\netty-transport-native-kqueue\4.1.60.Final\netty-transport-native-kqueue-4.1.60.Final-osx-x86_64.jar;C:\Users\zulfa\.m2\repository\org\reactivestreams\reactive-streams\1.0.3\reactive-streams-1.0.3.jar;C:\Users\zulfa\.m2\repository\com\typesafe\netty\netty-reactive-streams\2.0.4\netty-reactive-streams-2.0.4.jar;C:\Users\zulfa\.m2\repository\org\seleniumhq\selenium\selenium-manager\4.8.1\selenium-manager-4.8.1.jar;C:\Users\zulfa\.m2\repository\org\seleniumhq\selenium\selenium-safari-driver\4.8.1\selenium-safari-driver-4.8.1.jar;C:\Users\zulfa\.m2\repository\org\seleniumhq\selenium\selenium-api\4.8.1\selenium-api-4.8.1.jar;C:\Users\zulfa\.m2\repository\org\seleniumhq\selenium\selenium-support\4.8.1\selenium-support-4.8.1.jar;C:\Users\zulfa\.m2\repository\com\google\auto\service\auto-service-annotations\1.0.1\auto-service-annotations-1.0.1.jar;C:\Users\zulfa\.m2\repository\com\google\auto\service\auto-service\1.0.1\auto-service-1.0.1.jar;C:\Users\zulfa\.m2\repository\com\google\auto\auto-common\1.2\auto-common-1.2.jar;C:\Users\zulfa\.m2\repository\org\seleniumhq\selenium\selenium-json\4.8.1\selenium-json-4.8.1.jar;C:\Users\zulfa\.m2\repository\org\seleniumhq\selenium\selenium-chrome-driver\4.8.1\selenium-chrome-driver-4.8.1.jar;C:\Users\zulfa\.m2\repository\org\seleniumhq\selenium\selenium-chromium-driver\4.8.1\selenium-chromium-driver-4.8.1.jar;C:\Users\zulfa\.m2\repository\org\seleniumhq\selenium\selenium-firefox-driver\4.8.1\selenium-firefox-driver-4.8.1.jar;C:\Users\zulfa\.m2\repository\org\seleniumhq\selenium\selenium-http\4.8.1\selenium-http-4.8.1.jar;C:\Users\zulfa\.m2\repository\dev\failsafe\failsafe\3.3.0\failsafe-3.3.0.jar;C:\Users\zulfa\.m2\repository\org\seleniumhq\selenium\selenium-edge-driver\4.8.1\selenium-edge-driver-4.8.1.jar;C:\Users\zulfa\.m2\repository\org\seleniumhq\selenium\selenium-ie-driver\4.8.1\selenium-ie-driver-4.8.1.jar;C:\Users\zulfa\.m2\repository\org\projectlombok\lombok\1.18.20\lombok-1.18.20.jar;C:\Users\zulfa\.m2\repository\io\appium\java-client\8.3.0\java-client-8.3.0.jar;C:\Users\zulfa\.m2\repository\commons-validator\commons-validator\1.7\commons-validator-1.7.jar;C:\Users\zulfa\.m2\repository\commons-digester\commons-digester\2.1\commons-digester-2.1.jar;C:\Users\zulfa\.m2\repository\org\apache\groovy\groovy\4.0.10\groovy-4.0.10.jar;C:\Users\zulfa\.m2\repository\net\sf\opencsv\opencsv\2.0\opencsv-2.0.jar;C:\Users\zulfa\.m2\repository\commons-beanutils\commons-beanutils\1.9.4\commons-beanutils-1.9.4.jar;C:\Users\zulfa\.m2\repository\org\apache\commons\commons-lang3\3.12.0\commons-lang3-3.12.0.jar;C:\Users\zulfa\.m2\repository\commons-collections\commons-collections\3.2.2\commons-collections-3.2.2.jar;C:\Users\zulfa\.m2\repository\org\fluentlenium\fluentlenium-core\0.10.2\fluentlenium-core-0.10.2.jar;C:\Users\zulfa\.m2\repository\io\github\bonigarcia\webdrivermanager\5.3.0\webdrivermanager-5.3.0.jar;C:\Users\zulfa\.m2\repository\com\github\docker-java\docker-java\3.2.13\docker-java-3.2.13.jar;C:\Users\zulfa\.m2\repository\com\github\docker-java\docker-java-core\3.2.13\docker-java-core-3.2.13.jar;C:\Users\zulfa\.m2\repository\com\github\docker-java\docker-java-api\3.2.13\docker-java-api-3.2.13.jar;C:\Users\zulfa\.m2\repository\org\apache\commons\commons-compress\1.21\commons-compress-1.21.jar;C:\Users\zulfa\.m2\repository\org\bouncycastle\bcpkix-jdk15on\1.64\bcpkix-jdk15on-1.64.jar;C:\Users\zulfa\.m2\repository\org\bouncycastle\bcprov-jdk15on\1.64\bcprov-jdk15on-1.64.jar;C:\Users\zulfa\.m2\repository\org\slf4j\jcl-over-slf4j\1.7.30\jcl-over-slf4j-1.7.30.jar;C:\Users\zulfa\.m2\repository\com\github\docker-java\docker-java-transport-httpclient5\3.2.13\docker-java-transport-httpclient5-3.2.13.jar;C:\Users\zulfa\.m2\repository\com\github\docker-java\docker-java-transport\3.2.13\docker-java-transport-3.2.13.jar;C:\Users\zulfa\.m2\repository\net\java\dev\jna\jna\5.8.0\jna-5.8.0.jar;C:\Users\zulfa\.m2\repository\org\brotli\dec\0.1.2\dec-0.1.2.jar;C:\Users\zulfa\.m2\repository\org\apache\httpcomponents\client5\httpclient5\5.1.3\httpclient5-5.1.3.jar;C:\Users\zulfa\.m2\repository\org\apache\httpcomponents\core5\httpcore5\5.1.3\httpcore5-5.1.3.jar;C:\Users\zulfa\.m2\repository\org\apache\httpcomponents\core5\httpcore5-h2\5.1.3\httpcore5-h2-5.1.3.jar;C:\Users\zulfa\.m2\repository\com\jhlabs\filters\2.0.235\filters-2.0.235.jar;C:\Users\zulfa\.m2\repository\com\paulhammant\ngwebdriver\1.1.6\ngwebdriver-1.1.6.jar;C:\Users\zulfa\.m2\repository\joda-time\joda-time\2.12.2\joda-time-2.12.2.jar;C:\Users\zulfa\.m2\repository\org\hamcrest\hamcrest\2.2\hamcrest-2.2.jar;C:\Users\zulfa\.m2\repository\com\google\jimfs\jimfs\1.2\jimfs-1.2.jar;C:\Users\zulfa\.m2\repository\org\mockito\mockito-core\3.3.3\mockito-core-3.3.3.jar;C:\Users\zulfa\.m2\repository\javax\xml\bind\jaxb-api\2.3.1\jaxb-api-2.3.1.jar;C:\Users\zulfa\.m2\repository\javax\activation\javax.activation-api\1.2.0\javax.activation-api-1.2.0.jar;C:\Users\zulfa\.m2\repository\com\sun\xml\bind\jaxb-core\2.3.0.1\jaxb-core-2.3.0.1.jar;C:\Users\zulfa\.m2\repository\com\sun\xml\bind\jaxb-impl\2.3.3\jaxb-impl-2.3.3.jar;C:\Users\zulfa\.m2\repository\jakarta\xml\bind\jakarta.xml.bind-api\2.3.3\jakarta.xml.bind-api-2.3.3.jar;C:\Users\zulfa\.m2\repository\com\sun\activation\jakarta.activation\1.2.2\jakarta.activation-1.2.2.jar;C:\Users\zulfa\.m2\repository\javax\activation\activation\1.1.1\activation-1.1.1.jar;C:\Users\zulfa\.m2\repository\net\serenity-bdd\serenity-cucumber\3.6.21\serenity-cucumber-3.6.21.jar;C:\Users\zulfa\.m2\repository\io\cucumber\cucumber-core\7.11.0\cucumber-core-7.11.0.jar;C:\Users\zulfa\.m2\repository\io\cucumber\cucumber-gherkin\7.11.0\cucumber-gherkin-7.11.0.jar;C:\Users\zulfa\.m2\repository\io\cucumber\cucumber-gherkin-messages\7.11.0\cucumber-gherkin-messages-7.11.0.jar;C:\Users\zulfa\.m2\repository\io\cucumber\gherkin\26.0.3\gherkin-26.0.3.jar;C:\Users\zulfa\.m2\repository\io\cucumber\messages\21.0.1\messages-21.0.1.jar;C:\Users\zulfa\.m2\repository\io\cucumber\tag-expressions\5.0.1\tag-expressions-5.0.1.jar;C:\Users\zulfa\.m2\repository\io\cucumber\cucumber-expressions\16.1.1\cucumber-expressions-16.1.1.jar;C:\Users\zulfa\.m2\repository\io\cucumber\datatable\7.11.0\datatable-7.11.0.jar;C:\Users\zulfa\.m2\repository\io\cucumber\cucumber-plugin\7.11.0\cucumber-plugin-7.11.0.jar;C:\Users\zulfa\.m2\repository\io\cucumber\docstring\7.11.0\docstring-7.11.0.jar;C:\Users\zulfa\.m2\repository\io\cucumber\html-formatter\20.2.1\html-formatter-20.2.1.jar;C:\Users\zulfa\.m2\repository\io\cucumber\junit-xml-formatter\0.1.0\junit-xml-formatter-0.1.0.jar;C:\Users\zulfa\.m2\repository\io\cucumber\ci-environment\9.1.0\ci-environment-9.1.0.jar;C:\Users\zulfa\.m2\repository\io\cucumber\cucumber-java\7.11.0\cucumber-java-7.11.0.jar;C:\Users\zulfa\.m2\repository\io\cucumber\cucumber-junit\7.11.0\cucumber-junit-7.11.0.jar;C:\Users\zulfa\.m2\repository\org\apache\commons\commons-csv\1.5\commons-csv-1.5.jar;C:\Users\zulfa\.m2\repository\net\serenity-bdd\serenity-screenplay\3.6.21\serenity-screenplay-3.6.21.jar;C:\Users\zulfa\.m2\repository\net\serenity-bdd\serenity-screenplay-webdriver\3.6.21\serenity-screenplay-webdriver-3.6.21.jar;C:\Users\zulfa\.m2\repository\net\serenity-bdd\serenity-ensure\3.6.21\serenity-ensure-3.6.21.jar;C:\Users\zulfa\.m2\repository\net\serenity-bdd\serenity-junit\3.6.21\serenity-junit-3.6.21.jar;C:\Users\zulfa\.m2\repository\org\jetbrains\kotlin\kotlin-stdlib\1.8.10\kotlin-stdlib-1.8.10.jar;C:\Users\zulfa\.m2\repository\org\jetbrains\kotlin\kotlin-stdlib-common\1.8.10\kotlin-stdlib-common-1.8.10.jar;C:\Users\zulfa\.m2\repository\org\jetbrains\annotations\13.0\annotations-13.0.jar;C:\Users\zulfa\.m2\repository\org\junit\platform\junit-platform-launcher\1.8.2\junit-platform-launcher-1.8.2.jar;C:\Users\zulfa\.m2\repository\org\junit\platform\junit-platform-engine\1.8.2\junit-platform-engine-1.8.2.jar;C:\Users\zulfa\.m2\repository\org\opentest4j\opentest4j\1.2.0\opentest4j-1.2.0.jar;C:\Users\zulfa\.m2\repository\org\junit\platform\junit-platform-commons\1.8.2\junit-platform-commons-1.8.2.jar;C:\Users\zulfa\.m2\repository\org\apiguardian\apiguardian-api\1.1.2\apiguardian-api-1.1.2.jar;C:\Users\zulfa\.m2\repository\org\junit\jupiter\junit-jupiter-engine\5.8.2\junit-jupiter-engine-5.8.2.jar;C:\Users\zulfa\.m2\repository\org\junit\jupiter\junit-jupiter-api\5.8.2\junit-jupiter-api-5.8.2.jar;C:\Users\zulfa\.m2\repository\org\junit\vintage\junit-vintage-engine\5.8.2\junit-vintage-engine-5.8.2.jar;C:\Users\zulfa\.m2\repository\ch\qos\logback\logback-classic\1.2.10\logback-classic-1.2.10.jar;C:\Users\zulfa\.m2\repository\ch\qos\logback\logback-core\1.2.10\logback-core-1.2.10.jar;C:\Users\zulfa\.m2\repository\org\slf4j\slf4j-api\1.7.32\slf4j-api-1.7.32.jar;C:\Users\zulfa\.m2\repository\org\assertj\assertj-core\3.23.1\assertj-core-3.23.1.jar;C:\Users\zulfa\.m2\repository\net\bytebuddy\byte-buddy\1.12.10\byte-buddy-1.12.10.jar;C:\Users\zulfa\.m2\repository\junit\junit\4.13.2\junit-4.13.2.jar;C:\Users\zulfa\.m2\repository\org\hamcrest\hamcrest-core\1.3\hamcrest-core-1.3.jar;"/>
    <property name="sun.cpu.endian" value="little"/>
    <property name="user.home" value="C:\Users\zulfa"/>
    <property name="user.language" value="en"/>
    <property name="java.specification.vendor" value="Oracle Corporation"/>
    <property name="java.home" value="C:\Program Files\Java\jdk1.8.0_202\jre"/>
    <property name="basedir" value="C:\Users\zulfa\IdeaProjects\Capstone-WEB"/>
    <property name="file.separator" value="\"/>
    <property name="line.separator" value="&#10;"/>
    <property name="java.vm.specification.vendor" value="Oracle Corporation"/>
    <property name="java.specification.name" value="Java Platform API Specification"/>
    <property name="java.awt.graphicsenv" value="sun.awt.Win32GraphicsEnvironment"/>
    <property name="surefire.real.class.path" value="C:\Users\zulfa\AppData\Local\Temp\surefire8413147018685195297\surefirebooter3804878191796387994.jar"/>
    <property name="sun.boot.class.path" value="C:\Program Files\Java\jdk1.8.0_202\jre\lib\resources.jar;C:\Program Files\Java\jdk1.8.0_202\jre\lib\rt.jar;C:\Program Files\Java\jdk1.8.0_202\jre\lib\sunrsasign.jar;C:\Program Files\Java\jdk1.8.0_202\jre\lib\jsse.jar;C:\Program Files\Java\jdk1.8.0_202\jre\lib\jce.jar;C:\Program Files\Java\jdk1.8.0_202\jre\lib\charsets.jar;C:\Program Files\Java\jdk1.8.0_202\jre\lib\jfr.jar;C:\Program Files\Java\jdk1.8.0_202\jre\classes"/>
    <property name="user.script" value=""/>
    <property name="sun.management.compiler" value="HotSpot 64-Bit Tiered Compilers"/>
    <property name="java.runtime.version" value="1.8.0_202-b08"/>
    <property name="user.name" value="zulfa"/>
    <property name="path.separator" value=";"/>
    <property name="os.version" value="10.0"/>
    <property name="java.endorsed.dirs" value="C:\Program Files\Java\jdk1.8.0_202\jre\lib\endorsed"/>
    <property name="java.runtime.name" value="Java(TM) SE Runtime Environment"/>
    <property name="file.encoding" value="Cp1252"/>
    <property name="webdriver.base.url" value=""/>
    <property name="java.vm.name" value="Java HotSpot(TM) 64-Bit Server VM"/>
    <property name="localRepository" value="C:\Users\zulfa\.m2\repository"/>
    <property name="java.vendor.url.bug" value="http://bugreport.sun.com/bugreport/"/>
    <property name="java.io.tmpdir" value="C:\Users\zulfa\AppData\Local\Temp\"/>
    <property name="java.version" value="1.8.0_202"/>
    <property name="user.dir" value="C:\Users\zulfa\IdeaProjects\Capstone-WEB"/>
    <property name="os.arch" value="amd64"/>
    <property name="java.vm.specification.name" value="Java Virtual Machine Specification"/>
    <property name="java.awt.printerjob" value="sun.awt.windows.WPrinterJob"/>
    <property name="sun.os.patch.level" value=""/>
    <property name="java.library.path" value="C:\Program Files\Java\jdk1.8.0_202\jre\bin;C:\Windows\Sun\Java\bin;C:\Windows\system32;C:\Windows;C:\Users\zulfa\AppData\Local\Programs\Python\Python311\Scripts\;C:\Users\zulfa\AppData\Local\Programs\Python\Python311\;C:\Program Files (x86)\Common Files\Oracle\Java\javapath;C:\Windows\system32;C:\Windows;C:\Windows\System32\Wbem;C:\Windows\System32\WindowsPowerShell\v1.0\;C:\Windows\System32\OpenSSH\;C:\Program Files\Java\jdk1.8.0_202\bin;C:\Program Files\Git\cmd;C:\xampp2\php;C:\ProgramData\ComposerSetup\bin;C:\Users\zulfa\AppData\Roaming\Python\Python310\Scripts;C:\Program Files\apache-maven-3.9.1\bin;C:\Program Files\nodejs\;C:\ProgramData\chocolatey\bin;C:\Users\zulfa\AppData\Local\Android\Sdk;C:\Users\zulfa\AppData\Local\Android\Sdk\platform-tools;C:\Users\zulfa\AppData\Local\Microsoft\WindowsApps;C:\Users\zulfa\AppData\Roaming\Composer\vendor\bin;C:\Users\zulfa\AppData\Local\JetBrains\Toolbox\scripts;C:\Program Files\Python310;C:\Program Files\Python310\Scripts;C:\Users\zulfa\AppData\Local\Programs\Microsoft VS Code\bin;C:\Program Files\JetBrains\IntelliJ IDEA Community Edition 2022.3.2\bin;;C:\Program Files\apache-maven-3.9.1\bin;C:\Program Files\Java\jdk1.8.0_202\bin;C:\Users\zulfa\AppData\Roaming\npm;."/>
    <property name="java.vm.info" value="mixed mode"/>
    <property name="java.vendor" value="Oracle Corporation"/>
    <property name="java.vm.version" value="25.202-b08"/>
    <property name="java.ext.dirs" value="C:\Program Files\Java\jdk1.8.0_202\jre\lib\ext;C:\Windows\Sun\Java\lib\ext"/>
    <property name="sun.io.unicode.encoding" value="UnicodeLittle"/>
    <property name="java.class.version" value="52.0"/>
  </properties>
  <testcase name="As an admin I can Delete Cashier" classname="Cashier" time="22.901">
    <system-out><![CDATA[18:14:10.282 [main] DEBUG net.thucydides.core.guice.Injectors - Created injector for module net.thucydides.core.guice.ThucydidesModule
18:14:11.247 [main] DEBUG io.cucumber.core.plugin.SerenityReporter - Running feature from file:///C:/Users/zulfa/IdeaProjects/Capstone-WEB/src/test/resources/features/Cashier/Cashier.feature
18:14:11.889 [main] DEBUG net.thucydides.core.guice.Injectors - Created injector for module net.thucydides.core.guice.webdriver.WebDriverModule
18:14:11.982 [main] INFO  - 

-------------------------------------------------------------------------------------
     _______. _______ .______       _______ .__   __.  __  .___________.____    ____ 
    /       ||   ____||   _  \     |   ____||  \ |  | |  | |           |\   \  /   / 
   |   (----`|  |__   |  |_)  |    |  |__   |   \|  | |  | `---|  |----` \   \/   /  
    \   \    |   __|  |      /     |   __|  |  . `  | |  |     |  |       \_    _/   
.----)   |   |  |____ |  |\  \----.|  |____ |  |\   | |  |     |  |         |  |     
|_______/    |_______|| _| `._____||_______||__| \__| |__|     |__|         |__|    
                                                                                     
 News and tutorials at http://www.serenity-bdd.info                                  
 Documentation at https://wakaleo.gitbooks.io/the-serenity-book/content/             
 Join the Serenity Community on Gitter: https://gitter.im/serenity-bdd/serenity-core 
 Serenity BDD Support and Training at http://serenity-bdd.info/#/trainingandsupport  
-------------------------------------------------------------------------------------

18:14:11.991 [main] DEBUG net.thucydides.core.steps.StepEventBus - Test suite started for story net.thucydides.core.model.Story@ad4840dc
18:14:12.007 [main] INFO  - Test Suite Started: Cashier
18:14:12.048 [main] DEBUG io.cucumber.core.plugin.SerenityReporter - Running feature from file:///C:/Users/zulfa/IdeaProjects/Capstone-WEB/src/test/resources/features/Cashier/Cashier.feature
18:14:12.053 [main] DEBUG net.thucydides.core.steps.StepEventBus - Test suite started for story net.thucydides.core.model.Story@ad4840dc
18:14:12.054 [main] INFO  - Test Suite Started: Cashier

@DeleteCashier
Scenario: As an admin I can Delete Cashier   &amp#27;[90m# src/test/resources/features/Cashier/Cashier.feature:6&amp#27;[0m
18:14:12.308 [main] DEBUG io.cucumber.core.plugin.SerenityReporter - Running feature from file:///C:/Users/zulfa/IdeaProjects/Capstone-WEB/src/test/resources/features/Cashier/Cashier.feature
18:14:12.533 [main] INFO  - 
  _____   ___   ___   _____     ___   _____     _     ___   _____   ___   ___  
 |_   _| | __| / __| |_   _|   / __| |_   _|   /_\   | _ \ |_   _| | __| |   \ 
   | |   | _|  \__ \   | |     \__ \   | |    / _ \  |   /   | |   | _|  | |) |
   |_|   |___| |___/   |_|     |___/   |_|   /_/ \_\ |_|_\   |_|   |___| |___/ 

As an admin I can Delete Cashier(cashier;as-an-admin-i-can-delete-cashier)
--------------------------------------------------------------------------------
18:14:12.661 [main] DEBUG net.thucydides.core.requirements.FileSystemRequirementsTagProvider - Loading requirements from directory: C:\Users\zulfa\IdeaProjects\Capstone-WEB\src\test\resources\features\Cashier (C:\Users\zulfa\IdeaProjects\Capstone-WEB\src\test\resources\features\Cashier)
18:14:12.662 [main] DEBUG net.thucydides.core.requirements.FileSystemRequirementsTagProvider - Get requirements type for: C:\Users\zulfa\IdeaProjects\Capstone-WEB\src\test\resources\features\Cashier (C:\Users\zulfa\IdeaProjects\Capstone-WEB\src\test\resources\features\Cashier)
18:14:12.687 [main] DEBUG net.thucydides.core.requirements.model.cucumber.CucumberParser - Loading feature C:\Users\zulfa\IdeaProjects\Capstone-WEB\src\test\resources\features\Cashier\Cashier.feature
18:14:12.722 [main] DEBUG net.thucydides.core.requirements.FileSystemRequirementsTagProvider - Loading requirements from directory: C:\Users\zulfa\IdeaProjects\Capstone-WEB\src\test\resources\features\Membership (C:\Users\zulfa\IdeaProjects\Capstone-WEB\src\test\resources\features\Membership)
18:14:12.722 [main] DEBUG net.thucydides.core.requirements.FileSystemRequirementsTagProvider - Get requirements type for: C:\Users\zulfa\IdeaProjects\Capstone-WEB\src\test\resources\features\Membership (C:\Users\zulfa\IdeaProjects\Capstone-WEB\src\test\resources\features\Membership)
18:14:12.732 [main] DEBUG net.thucydides.core.requirements.model.cucumber.CucumberParser - Loading feature C:\Users\zulfa\IdeaProjects\Capstone-WEB\src\test\resources\features\Membership\Memberships.feature
18:14:12.765 [main] DEBUG net.thucydides.core.requirements.FileSystemRequirementsTagProvider - Loading requirements from directory: C:\Users\zulfa\IdeaProjects\Capstone-WEB\src\test\resources\features\SearchMembership (C:\Users\zulfa\IdeaProjects\Capstone-WEB\src\test\resources\features\SearchMembership)
18:14:12.766 [main] DEBUG net.thucydides.core.requirements.FileSystemRequirementsTagProvider - Get requirements type for: C:\Users\zulfa\IdeaProjects\Capstone-WEB\src\test\resources\features\SearchMembership (C:\Users\zulfa\IdeaProjects\Capstone-WEB\src\test\resources\features\SearchMembership)
18:14:12.776 [main] DEBUG net.thucydides.core.requirements.model.cucumber.CucumberParser - Loading feature C:\Users\zulfa\IdeaProjects\Capstone-WEB\src\test\resources\features\SearchMembership\SearchMembership.feature
18:14:12.795 [main] DEBUG net.thucydides.core.requirements.model.cucumber.CucumberParser - Loading feature C:\Users\zulfa\IdeaProjects\Capstone-WEB\src\test\resources\features\Login.feature
18:14:14.400 [main] DEBUG net.thucydides.core.steps.StepInterceptor - STARTING STEP: LoginSteps.adminOnLoginPage - onLoginPage
18:14:14.457 [main] INFO net.serenitybdd.core.webdriver.driverproviders.DriverProvider - Using WebDriverManager configuration for chrome
18:14:15.882 [main] DEBUG io.github.bonigarcia.wdm.cache.ResolutionCache - Resolution chrome=114 in cache (valid until 18:25:48 25/06/2023 ICT)
18:14:15.883 [main] DEBUG io.github.bonigarcia.wdm.cache.ResolutionCache - Resolution chrome114=114.0.5735.90 in cache (valid until 19:06:16 25/06/2023 ICT)
18:14:15.884 [main] INFO io.github.bonigarcia.wdm.WebDriverManager - Using chromedriver 114.0.5735.90 (resolved driver for Chrome 114)
18:14:15.914 [main] DEBUG io.github.bonigarcia.wdm.WebDriverManager - Driver chromedriver 114.0.5735.90 found in cache
18:14:15.916 [main] INFO io.github.bonigarcia.wdm.WebDriverManager - Exporting webdriver.chrome.driver as C:\Users\zulfa\.cache\selenium\chromedriver\win32\114.0.5735.90\chromedriver.exe
18:14:16.102 [main] INFO net.serenitybdd.core.webdriver.driverproviders.ChromeDriverProvider - Starting Chrome driver instance with capabilities:
18:14:16.108 [main] INFO net.serenitybdd.core.webdriver.driverproviders.ChromeDriverProvider - Capabilities {acceptInsecureCerts: true, browserName: chrome, goog:chromeOptions: {args: [remote-allow-origins=*, test-type, no-sandbox, ignore-certificate-errors, start-maximized, incognito, disable-infobars, disable-gpu, disable-default-apps, disable-popup-blocking, remote-allow-origins=*, test-type, no-sandbox, ignore-certificate-errors, start-maximized, incognito, disable-infobars, disable-gpu, disable-default-apps, disable-popup-blocking, remote-allow-origins=*], extensions: []}}
18:14:16.290 [main] DEBUG io.netty.util.internal.logging.InternalLoggerFactory - Using SLF4J as the default logging framework
18:14:16.295 [main] DEBUG io.netty.util.ResourceLeakDetector - -Dio.netty.leakDetection.level: simple
18:14:16.295 [main] DEBUG io.netty.util.ResourceLeakDetector - -Dio.netty.leakDetection.targetRecords: 4
18:14:16.302 [main] DEBUG io.netty.util.ResourceLeakDetectorFactory - Loaded default ResourceLeakDetector: io.netty.util.ResourceLeakDetector@4462efe1
18:14:16.339 [main] DEBUG io.netty.util.internal.PlatformDependent0 - -Dio.netty.noUnsafe: false
18:14:16.339 [main] DEBUG io.netty.util.internal.PlatformDependent0 - Java version: 8
18:14:16.354 [main] DEBUG io.netty.util.internal.PlatformDependent0 - sun.misc.Unsafe.theUnsafe: available
18:14:16.357 [main] DEBUG io.netty.util.internal.PlatformDependent0 - sun.misc.Unsafe.copyMemory: available
18:14:16.358 [main] DEBUG io.netty.util.internal.PlatformDependent0 - sun.misc.Unsafe.storeFence: available
18:14:16.359 [main] DEBUG io.netty.util.internal.PlatformDependent0 - java.nio.Buffer.address: available
18:14:16.360 [main] DEBUG io.netty.util.internal.PlatformDependent0 - direct buffer constructor: available
18:14:16.361 [main] DEBUG io.netty.util.internal.PlatformDependent0 - java.nio.Bits.unaligned: available, true
18:14:16.362 [main] DEBUG io.netty.util.internal.PlatformDependent0 - jdk.internal.misc.Unsafe.allocateUninitializedArray(int): unavailable prior to Java9
18:14:16.362 [main] DEBUG io.netty.util.internal.PlatformDependent0 - java.nio.DirectByteBuffer.<init>(long, int): available
18:14:16.362 [main] DEBUG io.netty.util.internal.PlatformDependent - sun.misc.Unsafe: available
18:14:16.363 [main] DEBUG io.netty.util.internal.PlatformDependent - -Dio.netty.tmpdir: C:\Users\zulfa\AppData\Local\Temp (java.io.tmpdir)
18:14:16.363 [main] DEBUG io.netty.util.internal.PlatformDependent - -Dio.netty.bitMode: 64 (sun.arch.data.model)
18:14:16.363 [main] DEBUG io.netty.util.internal.PlatformDependent - Platform: Windows
18:14:16.365 [main] DEBUG io.netty.util.internal.PlatformDependent - -Dio.netty.maxDirectMemory: 2837446656 bytes
18:14:16.365 [main] DEBUG io.netty.util.internal.PlatformDependent - -Dio.netty.uninitializedArrayAllocationThreshold: -1
18:14:16.367 [main] DEBUG io.netty.util.internal.CleanerJava6 - java.nio.ByteBuffer.cleaner(): available
18:14:16.368 [main] DEBUG io.netty.util.internal.PlatformDependent - -Dio.netty.noPreferDirect: false
18:14:16.382 [main] DEBUG io.netty.util.internal.PlatformDependent - org.jctools-core.MpscChunkedArrayQueue: available
18:14:16.419 [main] DEBUG io.netty.util.internal.InternalThreadLocalMap - -Dio.netty.threadLocalMap.stringBuilder.initialSize: 1024
18:14:16.419 [main] DEBUG io.netty.util.internal.InternalThreadLocalMap - -Dio.netty.threadLocalMap.stringBuilder.maxSize: 4096
18:14:16.472 [main] DEBUG io.netty.handler.ssl.JdkSslContext - Default protocols (JDK): [TLSv1.2, TLSv1.1, TLSv1] 
18:14:16.472 [main] DEBUG io.netty.handler.ssl.JdkSslContext - Default cipher suites (JDK): [TLS_ECDHE_ECDSA_WITH_AES_256_GCM_SHA384, TLS_ECDHE_ECDSA_WITH_AES_128_GCM_SHA256, TLS_ECDHE_RSA_WITH_AES_128_GCM_SHA256, TLS_ECDHE_RSA_WITH_AES_256_GCM_SHA384, TLS_ECDHE_RSA_WITH_AES_128_CBC_SHA, TLS_ECDHE_RSA_WITH_AES_256_CBC_SHA, TLS_RSA_WITH_AES_128_GCM_SHA256, TLS_RSA_WITH_AES_128_CBC_SHA, TLS_RSA_WITH_AES_256_CBC_SHA]
18:14:16.521 [main] DEBUG io.netty.channel.MultithreadEventLoopGroup - -Dio.netty.eventLoopThreads: 8
18:14:16.612 [main] DEBUG io.netty.channel.nio.NioEventLoop - -Dio.netty.noKeySetOptimization: false
18:14:16.612 [main] DEBUG io.netty.channel.nio.NioEventLoop - -Dio.netty.selectorAutoRebuildThreshold: 512
18:14:16.669 [main] DEBUG io.netty.buffer.PooledByteBufAllocator - -Dio.netty.allocator.numHeapArenas: 8
18:14:16.669 [main] DEBUG io.netty.buffer.PooledByteBufAllocator - -Dio.netty.allocator.numDirectArenas: 8
18:14:16.669 [main] DEBUG io.netty.buffer.PooledByteBufAllocator - -Dio.netty.allocator.pageSize: 8192
18:14:16.669 [main] DEBUG io.netty.buffer.PooledByteBufAllocator - -Dio.netty.allocator.maxOrder: 9
18:14:16.669 [main] DEBUG io.netty.buffer.PooledByteBufAllocator - -Dio.netty.allocator.chunkSize: 4194304
18:14:16.669 [main] DEBUG io.netty.buffer.PooledByteBufAllocator - -Dio.netty.allocator.smallCacheSize: 256
18:14:16.669 [main] DEBUG io.netty.buffer.PooledByteBufAllocator - -Dio.netty.allocator.normalCacheSize: 64
18:14:16.670 [main] DEBUG io.netty.buffer.PooledByteBufAllocator - -Dio.netty.allocator.maxCachedBufferCapacity: 32768
18:14:16.670 [main] DEBUG io.netty.buffer.PooledByteBufAllocator - -Dio.netty.allocator.cacheTrimInterval: 8192
18:14:16.670 [main] DEBUG io.netty.buffer.PooledByteBufAllocator - -Dio.netty.allocator.cacheTrimIntervalMillis: 0
18:14:16.670 [main] DEBUG io.netty.buffer.PooledByteBufAllocator - -Dio.netty.allocator.useCacheForAllThreads: false
18:14:16.670 [main] DEBUG io.netty.buffer.PooledByteBufAllocator - -Dio.netty.allocator.maxCachedByteBuffersPerChunk: 1023
18:14:16.690 [main] DEBUG io.netty.buffer.ByteBufUtil - -Dio.netty.allocator.type: pooled
18:14:16.691 [main] DEBUG io.netty.buffer.ByteBufUtil - -Dio.netty.threadLocalDirectBufferSize: 0
18:14:16.691 [main] DEBUG io.netty.buffer.ByteBufUtil - -Dio.netty.maxThreadLocalCharBufferSize: 16384
18:14:17.696 [Forwarding newSession on session null to remote] DEBUG io.netty.channel.DefaultChannelId - -Dio.netty.processId: 1568 (auto-detected)
18:14:17.699 [Forwarding newSession on session null to remote] DEBUG io.netty.util.NetUtil - -Djava.net.preferIPv4Stack: false
18:14:17.699 [Forwarding newSession on session null to remote] DEBUG io.netty.util.NetUtil - -Djava.net.preferIPv6Addresses: false
18:14:17.936 [Forwarding newSession on session null to remote] DEBUG io.netty.util.NetUtilInitializations - Loopback interface: lo (Software Loopback Interface 1, 127.0.0.1)
18:14:17.938 [Forwarding newSession on session null to remote] DEBUG io.netty.util.NetUtil - Failed to get SOMAXCONN from sysctl and file \proc\sys\net\core\somaxconn. Default: 200
18:14:17.954 [Forwarding newSession on session null to remote] DEBUG io.netty.channel.DefaultChannelId - -Dio.netty.machineId: 24:41:8c:ff:fe:5c:5a:c1 (auto-detected)
18:14:18.049 [AsyncHttpClient-1-2] DEBUG io.netty.buffer.AbstractByteBuf - -Dio.netty.buffer.checkAccessible: true
18:14:18.049 [AsyncHttpClient-1-2] DEBUG io.netty.buffer.AbstractByteBuf - -Dio.netty.buffer.checkBounds: true
18:14:18.049 [AsyncHttpClient-1-2] DEBUG io.netty.util.ResourceLeakDetectorFactory - Loaded default ResourceLeakDetector: io.netty.util.ResourceLeakDetector@158cb5f1
18:14:18.073 [AsyncHttpClient-1-2] DEBUG org.asynchttpclient.netty.channel.NettyConnectListener - Using new Channel '[id: 0x2230a473, L:/127.0.0.1:62755 - R:localhost/127.0.0.1:13941]' for 'POST' to '/session'
18:14:18.104 [AsyncHttpClient-1-2] DEBUG io.netty.util.Recycler - -Dio.netty.recycler.maxCapacityPerThread: 4096
18:14:18.104 [AsyncHttpClient-1-2] DEBUG io.netty.util.Recycler - -Dio.netty.recycler.ratio: 8
18:14:18.104 [AsyncHttpClient-1-2] DEBUG io.netty.util.Recycler - -Dio.netty.recycler.chunkSize: 32
18:14:18.104 [AsyncHttpClient-1-2] DEBUG io.netty.util.Recycler - -Dio.netty.recycler.blocking: false
18:14:19.079 [AsyncHttpClient-1-2] DEBUG io.netty.handler.codec.compression.Brotli - brotli4j not in the classpath; Brotli support will be unavailable.
18:14:19.080 [AsyncHttpClient-1-2] DEBUG org.asynchttpclient.netty.handler.HttpHandler - 

Request DefaultHttpRequest(decodeResult: success, version: HTTP/1.1)
POST /session HTTP/1.1
User-Agent: selenium/4.8.1 (java windows)
Content-Length: 1701
Content-Type: application/json; charset=utf-8
host: localhost:13941
accept: */*

Response DefaultHttpResponse(decodeResult: success, version: HTTP/1.1)
HTTP/1.1 200 OK
Content-Length: 859
Content-Type: application/json; charset=utf-8
cache-control: no-cache

18:14:19.101 [AsyncHttpClient-1-2] DEBUG org.asynchttpclient.netty.channel.ChannelManager - Adding key: http://localhost:13941 for channel [id: 0x2230a473, L:/127.0.0.1:62755 - R:localhost/127.0.0.1:13941]
18:14:19.270 [AsyncHttpClient-1-3] DEBUG org.asynchttpclient.netty.channel.NettyConnectListener - Using new Channel '[id: 0x2143263f, L:/127.0.0.1:62763 - R:localhost/127.0.0.1:62756]' for 'GET' to '/json/version'
18:14:19.275 [AsyncHttpClient-1-3] DEBUG org.asynchttpclient.netty.handler.HttpHandler - 

Request DefaultFullHttpRequest(decodeResult: success, version: HTTP/1.1, content: EmptyByteBufBE)
GET /json/version HTTP/1.1
User-Agent: selenium/4.8.1 (java windows)
host: localhost:62756
accept: */*

Response DefaultHttpResponse(decodeResult: success, version: HTTP/1.1)
HTTP/1.1 200 OK
Content-Security-Policy: frame-ancestors 'none'
Content-Length: 424
Content-Type: application/json; charset=UTF-8

18:14:19.276 [AsyncHttpClient-1-3] DEBUG org.asynchttpclient.netty.channel.ChannelManager - Adding key: http://localhost:62756 for channel [id: 0x2143263f, L:/127.0.0.1:62763 - R:localhost/127.0.0.1:62756]
18:14:19.295 [main] DEBUG io.netty.util.internal.ThreadLocalRandom - -Dio.netty.initialSeedUniquifier: 0x606571121fc6d890
18:14:19.304 [AsyncHttpClient-1-4] DEBUG org.asynchttpclient.netty.channel.NettyConnectListener - Using new Channel '[id: 0xb08fbda2, L:/127.0.0.1:62764 - R:localhost/127.0.0.1:62756]' for 'GET' to '/devtools/browser/f7608b52-58b3-4883-ae5e-651e6321fd40'
18:14:19.307 [AsyncHttpClient-1-4] DEBUG org.asynchttpclient.netty.handler.WebSocketHandler - 

Request DefaultFullHttpRequest(decodeResult: success, version: HTTP/1.1, content: EmptyByteBufBE)
GET /devtools/browser/f7608b52-58b3-4883-ae5e-651e6321fd40 HTTP/1.1
upgrade: websocket
connection: upgrade
sec-websocket-key: TwYfy1tmyEOfP7/iDFyviw==
sec-websocket-version: 13
origin: http://localhost:62756
host: localhost:62756
accept: */*
user-agent: AHC/2.1

Response DefaultHttpResponse(decodeResult: success, version: HTTP/1.1)
HTTP/1.1 101 WebSocket Protocol Handshake
Upgrade: WebSocket
Connection: Upgrade
Sec-WebSocket-Accept: RozkG6u/xw4A3fpZSNsAZ5pph0U=

18:14:19.518 [Forwarding get on session 3b9a4bd1b3bea5496f750e26db84d61f to remote] DEBUG org.asynchttpclient.netty.request.NettyRequestSender - Using pooled Channel '[id: 0x2230a473, L:/127.0.0.1:62755 - R:localhost/127.0.0.1:13941]' for 'POST' to 'http://localhost:13941/session/3b9a4bd1b3bea5496f750e26db84d61f/url'
18:14:19.519 [Forwarding get on session 3b9a4bd1b3bea5496f750e26db84d61f to remote] DEBUG org.asynchttpclient.netty.request.NettyRequestSender - Using open Channel [id: 0x2230a473, L:/127.0.0.1:62755 - R:localhost/127.0.0.1:13941] for POST '/session/3b9a4bd1b3bea5496f750e26db84d61f/url'
18:14:19.693 [AsyncHttpClient-1-1] DEBUG org.asynchttpclient.netty.channel.DefaultChannelPool - Entry count for : http://localhost:62756 : 1
18:14:20.796 [AsyncHttpClient-1-1] DEBUG org.asynchttpclient.netty.channel.DefaultChannelPool - Entry count for : http://localhost:62756 : 1
18:14:21.892 [AsyncHttpClient-1-1] DEBUG org.asynchttpclient.netty.channel.DefaultChannelPool - Entry count for : http://localhost:62756 : 1
18:14:22.997 [AsyncHttpClient-1-1] DEBUG org.asynchttpclient.netty.channel.DefaultChannelPool - Entry count for : http://localhost:62756 : 1
18:14:23.975 [AsyncHttpClient-1-2] DEBUG org.asynchttpclient.netty.handler.HttpHandler - 

Request DefaultHttpRequest(decodeResult: success, version: HTTP/1.1)
POST /session/3b9a4bd1b3bea5496f750e26db84d61f/url HTTP/1.1
User-Agent: selenium/4.8.1 (java windows)
Content-Length: 61
Content-Type: application/json; charset=utf-8
host: localhost:13941
accept: */*

Response DefaultHttpResponse(decodeResult: success, version: HTTP/1.1)
HTTP/1.1 200 OK
Content-Length: 14
Content-Type: application/json; charset=utf-8
cache-control: no-cache

18:14:23.976 [AsyncHttpClient-1-2] DEBUG org.asynchttpclient.netty.channel.ChannelManager - Adding key: http://localhost:13941 for channel [id: 0x2230a473, L:/127.0.0.1:62755 - R:localhost/127.0.0.1:13941]
18:14:23.983 [Forwarding setTimeout on session 3b9a4bd1b3bea5496f750e26db84d61f to remote] DEBUG org.asynchttpclient.netty.request.NettyRequestSender - Using pooled Channel '[id: 0x2230a473, L:/127.0.0.1:62755 - R:localhost/127.0.0.1:13941]' for 'POST' to 'http://localhost:13941/session/3b9a4bd1b3bea5496f750e26db84d61f/timeouts'
18:14:23.983 [Forwarding setTimeout on session 3b9a4bd1b3bea5496f750e26db84d61f to remote] DEBUG org.asynchttpclient.netty.request.NettyRequestSender - Using open Channel [id: 0x2230a473, L:/127.0.0.1:62755 - R:localhost/127.0.0.1:13941] for POST '/session/3b9a4bd1b3bea5496f750e26db84d61f/timeouts'
18:14:23.986 [AsyncHttpClient-1-2] DEBUG org.asynchttpclient.netty.handler.HttpHandler - 

Request DefaultHttpRequest(decodeResult: success, version: HTTP/1.1)
POST /session/3b9a4bd1b3bea5496f750e26db84d61f/timeouts HTTP/1.1
User-Agent: selenium/4.8.1 (java windows)
Content-Length: 22
Content-Type: application/json; charset=utf-8
host: localhost:13941
accept: */*

Response DefaultHttpResponse(decodeResult: success, version: HTTP/1.1)
HTTP/1.1 200 OK
Content-Length: 14
Content-Type: application/json; charset=utf-8
cache-control: no-cache

18:14:23.986 [AsyncHttpClient-1-2] DEBUG org.asynchttpclient.netty.channel.ChannelManager - Adding key: http://localhost:13941 for channel [id: 0x2230a473, L:/127.0.0.1:62755 - R:localhost/127.0.0.1:13941]
18:14:24.019 [Forwarding findElement on session 3b9a4bd1b3bea5496f750e26db84d61f to remote] DEBUG org.asynchttpclient.netty.request.NettyRequestSender - Using pooled Channel '[id: 0x2230a473, L:/127.0.0.1:62755 - R:localhost/127.0.0.1:13941]' for 'POST' to 'http://localhost:13941/session/3b9a4bd1b3bea5496f750e26db84d61f/element'
18:14:24.019 [Forwarding findElement on session 3b9a4bd1b3bea5496f750e26db84d61f to remote] DEBUG org.asynchttpclient.netty.request.NettyRequestSender - Using open Channel [id: 0x2230a473, L:/127.0.0.1:62755 - R:localhost/127.0.0.1:13941] for POST '/session/3b9a4bd1b3bea5496f750e26db84d61f/element'
18:14:24.054 [AsyncHttpClient-1-2] DEBUG org.asynchttpclient.netty.handler.HttpHandler - 

Request DefaultHttpRequest(decodeResult: success, version: HTTP/1.1)
POST /session/3b9a4bd1b3bea5496f750e26db84d61f/element HTTP/1.1
User-Agent: selenium/4.8.1 (java windows)
Content-Length: 71
Content-Type: application/json; charset=utf-8
host: localhost:13941
accept: */*

Response DefaultHttpResponse(decodeResult: success, version: HTTP/1.1)
HTTP/1.1 200 OK
Content-Length: 94
Content-Type: application/json; charset=utf-8
cache-control: no-cache

18:14:24.054 [AsyncHttpClient-1-2] DEBUG org.asynchttpclient.netty.channel.ChannelManager - Adding key: http://localhost:13941 for channel [id: 0x2230a473, L:/127.0.0.1:62755 - R:localhost/127.0.0.1:13941]
18:14:24.103 [Forwarding isElementDisplayed on session 3b9a4bd1b3bea5496f750e26db84d61f to remote] DEBUG org.asynchttpclient.netty.request.NettyRequestSender - Using pooled Channel '[id: 0x2230a473, L:/127.0.0.1:62755 - R:localhost/127.0.0.1:13941]' for 'POST' to 'http://localhost:13941/session/3b9a4bd1b3bea5496f750e26db84d61f/execute/sync'
18:14:24.104 [Forwarding isElementDisplayed on session 3b9a4bd1b3bea5496f750e26db84d61f to remote] DEBUG org.asynchttpclient.netty.request.NettyRequestSender - Using open Channel [id: 0x2230a473, L:/127.0.0.1:62755 - R:localhost/127.0.0.1:13941] for POST '/session/3b9a4bd1b3bea5496f750e26db84d61f/execute/sync'
18:14:24.120 [AsyncHttpClient-1-1] DEBUG org.asynchttpclient.netty.channel.DefaultChannelPool - Entry count for : http://localhost:62756 : 1
18:14:24.258 [AsyncHttpClient-1-2] DEBUG org.asynchttpclient.netty.handler.HttpHandler - 

Request DefaultHttpRequest(decodeResult: success, version: HTTP/1.1)
POST /session/3b9a4bd1b3bea5496f750e26db84d61f/execute/sync HTTP/1.1
User-Agent: selenium/4.8.1 (java windows)
Content-Length: 48813
Content-Type: application/json; charset=utf-8
host: localhost:13941
accept: */*

Response DefaultHttpResponse(decodeResult: success, version: HTTP/1.1)
HTTP/1.1 200 OK
Content-Length: 14
Content-Type: application/json; charset=utf-8
cache-control: no-cache

18:14:24.259 [AsyncHttpClient-1-2] DEBUG org.asynchttpclient.netty.channel.ChannelManager - Adding key: http://localhost:13941 for channel [id: 0x2230a473, L:/127.0.0.1:62755 - R:localhost/127.0.0.1:13941]
18:14:24.274 [Forwarding isElementDisplayed on session 3b9a4bd1b3bea5496f750e26db84d61f to remote] DEBUG org.asynchttpclient.netty.request.NettyRequestSender - Using pooled Channel '[id: 0x2230a473, L:/127.0.0.1:62755 - R:localhost/127.0.0.1:13941]' for 'POST' to 'http://localhost:13941/session/3b9a4bd1b3bea5496f750e26db84d61f/execute/sync'
18:14:24.275 [Forwarding isElementDisplayed on session 3b9a4bd1b3bea5496f750e26db84d61f to remote] DEBUG org.asynchttpclient.netty.request.NettyRequestSender - Using open Channel [id: 0x2230a473, L:/127.0.0.1:62755 - R:localhost/127.0.0.1:13941] for POST '/session/3b9a4bd1b3bea5496f750e26db84d61f/execute/sync'
18:14:24.317 [AsyncHttpClient-1-2] DEBUG org.asynchttpclient.netty.handler.HttpHandler - 

Request DefaultHttpRequest(decodeResult: success, version: HTTP/1.1)
POST /session/3b9a4bd1b3bea5496f750e26db84d61f/execute/sync HTTP/1.1
User-Agent: selenium/4.8.1 (java windows)
Content-Length: 48813
Content-Type: application/json; charset=utf-8
host: localhost:13941
accept: */*

Response DefaultHttpResponse(decodeResult: success, version: HTTP/1.1)
HTTP/1.1 200 OK
Content-Length: 14
Content-Type: application/json; charset=utf-8
cache-control: no-cache

18:14:24.317 [AsyncHttpClient-1-2] DEBUG org.asynchttpclient.netty.channel.ChannelManager - Adding key: http://localhost:13941 for channel [id: 0x2230a473, L:/127.0.0.1:62755 - R:localhost/127.0.0.1:13941]
18:14:24.345 [main] DEBUG net.thucydides.core.steps.StepInterceptor - STEP DONE: onLoginPage
  &amp#27;[32mGiven &amp#27;[0m&amp#27;[32madmin on login page&amp#27;[0m                  &amp#27;[90m# starter.stepdefinitions.LoginSteps.adminOnLoginPage()&amp#27;[0m
18:14:24.377 [main] DEBUG net.thucydides.core.steps.StepInterceptor - STARTING STEP: LoginSteps.adminInputValidUsername - inputUsernameField
18:14:24.394 [Forwarding findElement on session 3b9a4bd1b3bea5496f750e26db84d61f to remote] DEBUG org.asynchttpclient.netty.request.NettyRequestSender - Using pooled Channel '[id: 0x2230a473, L:/127.0.0.1:62755 - R:localhost/127.0.0.1:13941]' for 'POST' to 'http://localhost:13941/session/3b9a4bd1b3bea5496f750e26db84d61f/element'
18:14:24.394 [Forwarding findElement on session 3b9a4bd1b3bea5496f750e26db84d61f to remote] DEBUG org.asynchttpclient.netty.request.NettyRequestSender - Using open Channel [id: 0x2230a473, L:/127.0.0.1:62755 - R:localhost/127.0.0.1:13941] for POST '/session/3b9a4bd1b3bea5496f750e26db84d61f/element'
18:14:24.472 [AsyncHttpClient-1-2] DEBUG org.asynchttpclient.netty.handler.HttpHandler - 

Request DefaultHttpRequest(decodeResult: success, version: HTTP/1.1)
POST /session/3b9a4bd1b3bea5496f750e26db84d61f/element HTTP/1.1
User-Agent: selenium/4.8.1 (java windows)
Content-Length: 70
Content-Type: application/json; charset=utf-8
host: localhost:13941
accept: */*

Response DefaultHttpResponse(decodeResult: success, version: HTTP/1.1)
HTTP/1.1 200 OK
Content-Length: 94
Content-Type: application/json; charset=utf-8
cache-control: no-cache

18:14:24.473 [AsyncHttpClient-1-2] DEBUG org.asynchttpclient.netty.channel.ChannelManager - Adding key: http://localhost:13941 for channel [id: 0x2230a473, L:/127.0.0.1:62755 - R:localhost/127.0.0.1:13941]
18:14:24.477 [Forwarding clearElement on session 3b9a4bd1b3bea5496f750e26db84d61f to remote] DEBUG org.asynchttpclient.netty.request.NettyRequestSender - Using pooled Channel '[id: 0x2230a473, L:/127.0.0.1:62755 - R:localhost/127.0.0.1:13941]' for 'POST' to 'http://localhost:13941/session/3b9a4bd1b3bea5496f750e26db84d61f/element/2A059CC02910BEE92E71A652E20B3FB2_element_5/clear'
18:14:24.477 [Forwarding clearElement on session 3b9a4bd1b3bea5496f750e26db84d61f to remote] DEBUG org.asynchttpclient.netty.request.NettyRequestSender - Using open Channel [id: 0x2230a473, L:/127.0.0.1:62755 - R:localhost/127.0.0.1:13941] for POST '/session/3b9a4bd1b3bea5496f750e26db84d61f/element/2A059CC02910BEE92E71A652E20B3FB2_element_5/clear'
18:14:24.535 [AsyncHttpClient-1-2] DEBUG org.asynchttpclient.netty.handler.HttpHandler - 

Request DefaultHttpRequest(decodeResult: success, version: HTTP/1.1)
POST /session/3b9a4bd1b3bea5496f750e26db84d61f/element/2A059CC02910BEE92E71A652E20B3FB2_element_5/clear HTTP/1.1
User-Agent: selenium/4.8.1 (java windows)
Content-Length: 56
Content-Type: application/json; charset=utf-8
host: localhost:13941
accept: */*

Response DefaultHttpResponse(decodeResult: success, version: HTTP/1.1)
HTTP/1.1 200 OK
Content-Length: 14
Content-Type: application/json; charset=utf-8
cache-control: no-cache

18:14:24.536 [AsyncHttpClient-1-2] DEBUG org.asynchttpclient.netty.channel.ChannelManager - Adding key: http://localhost:13941 for channel [id: 0x2230a473, L:/127.0.0.1:62755 - R:localhost/127.0.0.1:13941]
18:14:24.546 [Forwarding sendKeysToElement on session 3b9a4bd1b3bea5496f750e26db84d61f to remote] DEBUG org.asynchttpclient.netty.request.NettyRequestSender - Using pooled Channel '[id: 0x2230a473, L:/127.0.0.1:62755 - R:localhost/127.0.0.1:13941]' for 'POST' to 'http://localhost:13941/session/3b9a4bd1b3bea5496f750e26db84d61f/element/2A059CC02910BEE92E71A652E20B3FB2_element_5/value'
18:14:24.547 [Forwarding sendKeysToElement on session 3b9a4bd1b3bea5496f750e26db84d61f to remote] DEBUG org.asynchttpclient.netty.request.NettyRequestSender - Using open Channel [id: 0x2230a473, L:/127.0.0.1:62755 - R:localhost/127.0.0.1:13941] for POST '/session/3b9a4bd1b3bea5496f750e26db84d61f/element/2A059CC02910BEE92E71A652E20B3FB2_element_5/value'
18:14:24.648 [AsyncHttpClient-1-2] DEBUG org.asynchttpclient.netty.handler.HttpHandler - 

Request DefaultHttpRequest(decodeResult: success, version: HTTP/1.1)
POST /session/3b9a4bd1b3bea5496f750e26db84d61f/element/2A059CC02910BEE92E71A652E20B3FB2_element_5/value HTTP/1.1
User-Agent: selenium/4.8.1 (java windows)
Content-Length: 137
Content-Type: application/json; charset=utf-8
host: localhost:13941
accept: */*

Response DefaultHttpResponse(decodeResult: success, version: HTTP/1.1)
HTTP/1.1 200 OK
Content-Length: 14
Content-Type: application/json; charset=utf-8
cache-control: no-cache

18:14:24.649 [AsyncHttpClient-1-2] DEBUG org.asynchttpclient.netty.channel.ChannelManager - Adding key: http://localhost:13941 for channel [id: 0x2230a473, L:/127.0.0.1:62755 - R:localhost/127.0.0.1:13941]
18:14:24.662 [main] DEBUG net.thucydides.core.steps.StepInterceptor - STEP DONE: inputUsernameField
  &amp#27;[32mWhen &amp#27;[0m&amp#27;[32madmin input valid username&amp#27;[0m            &amp#27;[90m# starter.stepdefinitions.LoginSteps.adminInputValidUsername()&amp#27;[0m
18:14:24.675 [main] DEBUG net.thucydides.core.steps.StepInterceptor - STARTING STEP: LoginSteps.adminInputValidPassword - inputPasswordField
18:14:24.682 [Forwarding findElement on session 3b9a4bd1b3bea5496f750e26db84d61f to remote] DEBUG org.asynchttpclient.netty.request.NettyRequestSender - Using pooled Channel '[id: 0x2230a473, L:/127.0.0.1:62755 - R:localhost/127.0.0.1:13941]' for 'POST' to 'http://localhost:13941/session/3b9a4bd1b3bea5496f750e26db84d61f/element'
18:14:24.682 [Forwarding findElement on session 3b9a4bd1b3bea5496f750e26db84d61f to remote] DEBUG org.asynchttpclient.netty.request.NettyRequestSender - Using open Channel [id: 0x2230a473, L:/127.0.0.1:62755 - R:localhost/127.0.0.1:13941] for POST '/session/3b9a4bd1b3bea5496f750e26db84d61f/element'
18:14:24.748 [AsyncHttpClient-1-2] DEBUG org.asynchttpclient.netty.handler.HttpHandler - 

Request DefaultHttpRequest(decodeResult: success, version: HTTP/1.1)
POST /session/3b9a4bd1b3bea5496f750e26db84d61f/element HTTP/1.1
User-Agent: selenium/4.8.1 (java windows)
Content-Length: 70
Content-Type: application/json; charset=utf-8
host: localhost:13941
accept: */*

Response DefaultHttpResponse(decodeResult: success, version: HTTP/1.1)
HTTP/1.1 200 OK
Content-Length: 94
Content-Type: application/json; charset=utf-8
cache-control: no-cache

18:14:24.749 [AsyncHttpClient-1-2] DEBUG org.asynchttpclient.netty.channel.ChannelManager - Adding key: http://localhost:13941 for channel [id: 0x2230a473, L:/127.0.0.1:62755 - R:localhost/127.0.0.1:13941]
18:14:24.755 [Forwarding clearElement on session 3b9a4bd1b3bea5496f750e26db84d61f to remote] DEBUG org.asynchttpclient.netty.request.NettyRequestSender - Using pooled Channel '[id: 0x2230a473, L:/127.0.0.1:62755 - R:localhost/127.0.0.1:13941]' for 'POST' to 'http://localhost:13941/session/3b9a4bd1b3bea5496f750e26db84d61f/element/2A059CC02910BEE92E71A652E20B3FB2_element_3/clear'
18:14:24.756 [Forwarding clearElement on session 3b9a4bd1b3bea5496f750e26db84d61f to remote] DEBUG org.asynchttpclient.netty.request.NettyRequestSender - Using open Channel [id: 0x2230a473, L:/127.0.0.1:62755 - R:localhost/127.0.0.1:13941] for POST '/session/3b9a4bd1b3bea5496f750e26db84d61f/element/2A059CC02910BEE92E71A652E20B3FB2_element_3/clear'
18:14:24.887 [AsyncHttpClient-1-2] DEBUG org.asynchttpclient.netty.handler.HttpHandler - 

Request DefaultHttpRequest(decodeResult: success, version: HTTP/1.1)
POST /session/3b9a4bd1b3bea5496f750e26db84d61f/element/2A059CC02910BEE92E71A652E20B3FB2_element_3/clear HTTP/1.1
User-Agent: selenium/4.8.1 (java windows)
Content-Length: 56
Content-Type: application/json; charset=utf-8
host: localhost:13941
accept: */*

Response DefaultHttpResponse(decodeResult: success, version: HTTP/1.1)
HTTP/1.1 200 OK
Content-Length: 14
Content-Type: application/json; charset=utf-8
cache-control: no-cache

18:14:24.888 [AsyncHttpClient-1-2] DEBUG org.asynchttpclient.netty.channel.ChannelManager - Adding key: http://localhost:13941 for channel [id: 0x2230a473, L:/127.0.0.1:62755 - R:localhost/127.0.0.1:13941]
18:14:24.891 [Forwarding sendKeysToElement on session 3b9a4bd1b3bea5496f750e26db84d61f to remote] DEBUG org.asynchttpclient.netty.request.NettyRequestSender - Using pooled Channel '[id: 0x2230a473, L:/127.0.0.1:62755 - R:localhost/127.0.0.1:13941]' for 'POST' to 'http://localhost:13941/session/3b9a4bd1b3bea5496f750e26db84d61f/element/2A059CC02910BEE92E71A652E20B3FB2_element_3/value'
18:14:24.891 [Forwarding sendKeysToElement on session 3b9a4bd1b3bea5496f750e26db84d61f to remote] DEBUG org.asynchttpclient.netty.request.NettyRequestSender - Using open Channel [id: 0x2230a473, L:/127.0.0.1:62755 - R:localhost/127.0.0.1:13941] for POST '/session/3b9a4bd1b3bea5496f750e26db84d61f/element/2A059CC02910BEE92E71A652E20B3FB2_element_3/value'
18:14:24.963 [AsyncHttpClient-1-2] DEBUG org.asynchttpclient.netty.handler.HttpHandler - 

Request DefaultHttpRequest(decodeResult: success, version: HTTP/1.1)
POST /session/3b9a4bd1b3bea5496f750e26db84d61f/element/2A059CC02910BEE92E71A652E20B3FB2_element_3/value HTTP/1.1
User-Agent: selenium/4.8.1 (java windows)
Content-Length: 137
Content-Type: application/json; charset=utf-8
host: localhost:13941
accept: */*

Response DefaultHttpResponse(decodeResult: success, version: HTTP/1.1)
HTTP/1.1 200 OK
Content-Length: 14
Content-Type: application/json; charset=utf-8
cache-control: no-cache

18:14:24.964 [AsyncHttpClient-1-2] DEBUG org.asynchttpclient.netty.channel.ChannelManager - Adding key: http://localhost:13941 for channel [id: 0x2230a473, L:/127.0.0.1:62755 - R:localhost/127.0.0.1:13941]
18:14:24.970 [main] DEBUG net.thucydides.core.steps.StepInterceptor - STEP DONE: inputPasswordField
  &amp#27;[32mAnd &amp#27;[0m&amp#27;[32madmin input valid password&amp#27;[0m             &amp#27;[90m# starter.stepdefinitions.LoginSteps.adminInputValidPassword()&amp#27;[0m
18:14:24.983 [main] DEBUG net.thucydides.core.steps.StepInterceptor - STARTING STEP: LoginSteps.adminClickLoginButton - clickLoginBtn
18:14:24.994 [Forwarding findElement on session 3b9a4bd1b3bea5496f750e26db84d61f to remote] DEBUG org.asynchttpclient.netty.request.NettyRequestSender - Using pooled Channel '[id: 0x2230a473, L:/127.0.0.1:62755 - R:localhost/127.0.0.1:13941]' for 'POST' to 'http://localhost:13941/session/3b9a4bd1b3bea5496f750e26db84d61f/element'
18:14:24.994 [Forwarding findElement on session 3b9a4bd1b3bea5496f750e26db84d61f to remote] DEBUG org.asynchttpclient.netty.request.NettyRequestSender - Using open Channel [id: 0x2230a473, L:/127.0.0.1:62755 - R:localhost/127.0.0.1:13941] for POST '/session/3b9a4bd1b3bea5496f750e26db84d61f/element'
18:14:25.009 [AsyncHttpClient-1-2] DEBUG org.asynchttpclient.netty.handler.HttpHandler - 

Request DefaultHttpRequest(decodeResult: success, version: HTTP/1.1)
POST /session/3b9a4bd1b3bea5496f750e26db84d61f/element HTTP/1.1
User-Agent: selenium/4.8.1 (java windows)
Content-Length: 71
Content-Type: application/json; charset=utf-8
host: localhost:13941
accept: */*

Response DefaultHttpResponse(decodeResult: success, version: HTTP/1.1)
HTTP/1.1 200 OK
Content-Length: 94
Content-Type: application/json; charset=utf-8
cache-control: no-cache

18:14:25.009 [AsyncHttpClient-1-2] DEBUG org.asynchttpclient.netty.channel.ChannelManager - Adding key: http://localhost:13941 for channel [id: 0x2230a473, L:/127.0.0.1:62755 - R:localhost/127.0.0.1:13941]
18:14:25.012 [Forwarding getElementTagName on session 3b9a4bd1b3bea5496f750e26db84d61f to remote] DEBUG org.asynchttpclient.netty.request.NettyRequestSender - Using pooled Channel '[id: 0x2230a473, L:/127.0.0.1:62755 - R:localhost/127.0.0.1:13941]' for 'GET' to 'http://localhost:13941/session/3b9a4bd1b3bea5496f750e26db84d61f/element/2A059CC02910BEE92E71A652E20B3FB2_element_2/name'
18:14:25.012 [Forwarding getElementTagName on session 3b9a4bd1b3bea5496f750e26db84d61f to remote] DEBUG org.asynchttpclient.netty.request.NettyRequestSender - Using open Channel [id: 0x2230a473, L:/127.0.0.1:62755 - R:localhost/127.0.0.1:13941] for GET '/session/3b9a4bd1b3bea5496f750e26db84d61f/element/2A059CC02910BEE92E71A652E20B3FB2_element_2/name'
18:14:25.025 [AsyncHttpClient-1-2] DEBUG org.asynchttpclient.netty.handler.HttpHandler - 

Request DefaultFullHttpRequest(decodeResult: success, version: HTTP/1.1, content: EmptyByteBufBE)
GET /session/3b9a4bd1b3bea5496f750e26db84d61f/element/2A059CC02910BEE92E71A652E20B3FB2_element_2/name HTTP/1.1
User-Agent: selenium/4.8.1 (java windows)
Cache-Control: no-cache
Content-Type: application/json; charset=utf-8
host: localhost:13941
accept: */*

Response DefaultHttpResponse(decodeResult: success, version: HTTP/1.1)
HTTP/1.1 200 OK
Content-Length: 18
Content-Type: application/json; charset=utf-8
cache-control: no-cache

18:14:25.026 [AsyncHttpClient-1-2] DEBUG org.asynchttpclient.netty.channel.ChannelManager - Adding key: http://localhost:13941 for channel [id: 0x2230a473, L:/127.0.0.1:62755 - R:localhost/127.0.0.1:13941]
18:14:25.029 [Forwarding getElementTagName on session 3b9a4bd1b3bea5496f750e26db84d61f to remote] DEBUG org.asynchttpclient.netty.request.NettyRequestSender - Using pooled Channel '[id: 0x2230a473, L:/127.0.0.1:62755 - R:localhost/127.0.0.1:13941]' for 'GET' to 'http://localhost:13941/session/3b9a4bd1b3bea5496f750e26db84d61f/element/2A059CC02910BEE92E71A652E20B3FB2_element_2/name'
18:14:25.029 [Forwarding getElementTagName on session 3b9a4bd1b3bea5496f750e26db84d61f to remote] DEBUG org.asynchttpclient.netty.request.NettyRequestSender - Using open Channel [id: 0x2230a473, L:/127.0.0.1:62755 - R:localhost/127.0.0.1:13941] for GET '/session/3b9a4bd1b3bea5496f750e26db84d61f/element/2A059CC02910BEE92E71A652E20B3FB2_element_2/name'
18:14:25.039 [AsyncHttpClient-1-2] DEBUG org.asynchttpclient.netty.handler.HttpHandler - 

Request DefaultFullHttpRequest(decodeResult: success, version: HTTP/1.1, content: EmptyByteBufBE)
GET /session/3b9a4bd1b3bea5496f750e26db84d61f/element/2A059CC02910BEE92E71A652E20B3FB2_element_2/name HTTP/1.1
User-Agent: selenium/4.8.1 (java windows)
Cache-Control: no-cache
Content-Type: application/json; charset=utf-8
host: localhost:13941
accept: */*

Response DefaultHttpResponse(decodeResult: success, version: HTTP/1.1)
HTTP/1.1 200 OK
Content-Length: 18
Content-Type: application/json; charset=utf-8
cache-control: no-cache

18:14:25.040 [AsyncHttpClient-1-2] DEBUG org.asynchttpclient.netty.channel.ChannelManager - Adding key: http://localhost:13941 for channel [id: 0x2230a473, L:/127.0.0.1:62755 - R:localhost/127.0.0.1:13941]
18:14:25.048 [Forwarding isElementEnabled on session 3b9a4bd1b3bea5496f750e26db84d61f to remote] DEBUG org.asynchttpclient.netty.request.NettyRequestSender - Using pooled Channel '[id: 0x2230a473, L:/127.0.0.1:62755 - R:localhost/127.0.0.1:13941]' for 'GET' to 'http://localhost:13941/session/3b9a4bd1b3bea5496f750e26db84d61f/element/2A059CC02910BEE92E71A652E20B3FB2_element_2/enabled'
18:14:25.049 [Forwarding isElementEnabled on session 3b9a4bd1b3bea5496f750e26db84d61f to remote] DEBUG org.asynchttpclient.netty.request.NettyRequestSender - Using open Channel [id: 0x2230a473, L:/127.0.0.1:62755 - R:localhost/127.0.0.1:13941] for GET '/session/3b9a4bd1b3bea5496f750e26db84d61f/element/2A059CC02910BEE92E71A652E20B3FB2_element_2/enabled'
18:14:25.070 [AsyncHttpClient-1-2] DEBUG org.asynchttpclient.netty.handler.HttpHandler - 

Request DefaultFullHttpRequest(decodeResult: success, version: HTTP/1.1, content: EmptyByteBufBE)
GET /session/3b9a4bd1b3bea5496f750e26db84d61f/element/2A059CC02910BEE92E71A652E20B3FB2_element_2/enabled HTTP/1.1
User-Agent: selenium/4.8.1 (java windows)
Cache-Control: no-cache
Content-Type: application/json; charset=utf-8
host: localhost:13941
accept: */*

Response DefaultHttpResponse(decodeResult: success, version: HTTP/1.1)
HTTP/1.1 200 OK
Content-Length: 14
Content-Type: application/json; charset=utf-8
cache-control: no-cache

18:14:25.071 [AsyncHttpClient-1-2] DEBUG org.asynchttpclient.netty.channel.ChannelManager - Adding key: http://localhost:13941 for channel [id: 0x2230a473, L:/127.0.0.1:62755 - R:localhost/127.0.0.1:13941]
18:14:25.074 [Forwarding isElementEnabled on session 3b9a4bd1b3bea5496f750e26db84d61f to remote] DEBUG org.asynchttpclient.netty.request.NettyRequestSender - Using pooled Channel '[id: 0x2230a473, L:/127.0.0.1:62755 - R:localhost/127.0.0.1:13941]' for 'GET' to 'http://localhost:13941/session/3b9a4bd1b3bea5496f750e26db84d61f/element/2A059CC02910BEE92E71A652E20B3FB2_element_2/enabled'
18:14:25.074 [Forwarding isElementEnabled on session 3b9a4bd1b3bea5496f750e26db84d61f to remote] DEBUG org.asynchttpclient.netty.request.NettyRequestSender - Using open Channel [id: 0x2230a473, L:/127.0.0.1:62755 - R:localhost/127.0.0.1:13941] for GET '/session/3b9a4bd1b3bea5496f750e26db84d61f/element/2A059CC02910BEE92E71A652E20B3FB2_element_2/enabled'
18:14:25.089 [AsyncHttpClient-1-2] DEBUG org.asynchttpclient.netty.handler.HttpHandler - 

Request DefaultFullHttpRequest(decodeResult: success, version: HTTP/1.1, content: EmptyByteBufBE)
GET /session/3b9a4bd1b3bea5496f750e26db84d61f/element/2A059CC02910BEE92E71A652E20B3FB2_element_2/enabled HTTP/1.1
User-Agent: selenium/4.8.1 (java windows)
Cache-Control: no-cache
Content-Type: application/json; charset=utf-8
host: localhost:13941
accept: */*

Response DefaultHttpResponse(decodeResult: success, version: HTTP/1.1)
HTTP/1.1 200 OK
Content-Length: 14
Content-Type: application/json; charset=utf-8
cache-control: no-cache

18:14:25.089 [AsyncHttpClient-1-2] DEBUG org.asynchttpclient.netty.channel.ChannelManager - Adding key: http://localhost:13941 for channel [id: 0x2230a473, L:/127.0.0.1:62755 - R:localhost/127.0.0.1:13941]
18:14:25.116 [Forwarding findElement on session 3b9a4bd1b3bea5496f750e26db84d61f to remote] DEBUG org.asynchttpclient.netty.request.NettyRequestSender - Using pooled Channel '[id: 0x2230a473, L:/127.0.0.1:62755 - R:localhost/127.0.0.1:13941]' for 'POST' to 'http://localhost:13941/session/3b9a4bd1b3bea5496f750e26db84d61f/element'
18:14:25.117 [Forwarding findElement on session 3b9a4bd1b3bea5496f750e26db84d61f to remote] DEBUG org.asynchttpclient.netty.request.NettyRequestSender - Using open Channel [id: 0x2230a473, L:/127.0.0.1:62755 - R:localhost/127.0.0.1:13941] for POST '/session/3b9a4bd1b3bea5496f750e26db84d61f/element'
18:14:25.128 [AsyncHttpClient-1-2] DEBUG org.asynchttpclient.netty.handler.HttpHandler - 

Request DefaultHttpRequest(decodeResult: success, version: HTTP/1.1)
POST /session/3b9a4bd1b3bea5496f750e26db84d61f/element HTTP/1.1
User-Agent: selenium/4.8.1 (java windows)
Content-Length: 71
Content-Type: application/json; charset=utf-8
host: localhost:13941
accept: */*

Response DefaultHttpResponse(decodeResult: success, version: HTTP/1.1)
HTTP/1.1 200 OK
Content-Length: 94
Content-Type: application/json; charset=utf-8
cache-control: no-cache

18:14:25.129 [AsyncHttpClient-1-2] DEBUG org.asynchttpclient.netty.channel.ChannelManager - Adding key: http://localhost:13941 for channel [id: 0x2230a473, L:/127.0.0.1:62755 - R:localhost/127.0.0.1:13941]
18:14:25.132 [Forwarding clickElement on session 3b9a4bd1b3bea5496f750e26db84d61f to remote] DEBUG org.asynchttpclient.netty.request.NettyRequestSender - Using pooled Channel '[id: 0x2230a473, L:/127.0.0.1:62755 - R:localhost/127.0.0.1:13941]' for 'POST' to 'http://localhost:13941/session/3b9a4bd1b3bea5496f750e26db84d61f/element/2A059CC02910BEE92E71A652E20B3FB2_element_2/click'
18:14:25.132 [Forwarding clickElement on session 3b9a4bd1b3bea5496f750e26db84d61f to remote] DEBUG org.asynchttpclient.netty.request.NettyRequestSender - Using open Channel [id: 0x2230a473, L:/127.0.0.1:62755 - R:localhost/127.0.0.1:13941] for POST '/session/3b9a4bd1b3bea5496f750e26db84d61f/element/2A059CC02910BEE92E71A652E20B3FB2_element_2/click'
18:14:25.194 [AsyncHttpClient-1-1] DEBUG org.asynchttpclient.netty.channel.DefaultChannelPool - Entry count for : http://localhost:62756 : 1
18:14:26.220 [AsyncHttpClient-1-2] DEBUG org.asynchttpclient.netty.handler.HttpHandler - 

Request DefaultHttpRequest(decodeResult: success, version: HTTP/1.1)
POST /session/3b9a4bd1b3bea5496f750e26db84d61f/element/2A059CC02910BEE92E71A652E20B3FB2_element_2/click HTTP/1.1
User-Agent: selenium/4.8.1 (java windows)
Content-Length: 56
Content-Type: application/json; charset=utf-8
host: localhost:13941
accept: */*

Response DefaultHttpResponse(decodeResult: success, version: HTTP/1.1)
HTTP/1.1 400 Bad Request
Content-Length: 1059
Content-Type: application/json; charset=utf-8
cache-control: no-cache

18:14:26.221 [AsyncHttpClient-1-2] DEBUG org.asynchttpclient.netty.channel.ChannelManager - Adding key: http://localhost:13941 for channel [id: 0x2230a473, L:/127.0.0.1:62755 - R:localhost/127.0.0.1:13941]
18:14:26.297 [AsyncHttpClient-1-1] DEBUG org.asynchttpclient.netty.channel.DefaultChannelPool - Entry count for : http://localhost:13941 : 1
18:14:26.297 [AsyncHttpClient-1-1] DEBUG org.asynchttpclient.netty.channel.DefaultChannelPool - Entry count for : http://localhost:62756 : 1
18:14:26.485 [Forwarding clickElement on session 3b9a4bd1b3bea5496f750e26db84d61f to remote] DEBUG org.asynchttpclient.netty.request.NettyRequestSender - Using pooled Channel '[id: 0x2230a473, L:/127.0.0.1:62755 - R:localhost/127.0.0.1:13941]' for 'POST' to 'http://localhost:13941/session/3b9a4bd1b3bea5496f750e26db84d61f/element/2A059CC02910BEE92E71A652E20B3FB2_element_2/click'
18:14:26.485 [Forwarding clickElement on session 3b9a4bd1b3bea5496f750e26db84d61f to remote] DEBUG org.asynchttpclient.netty.request.NettyRequestSender - Using open Channel [id: 0x2230a473, L:/127.0.0.1:62755 - R:localhost/127.0.0.1:13941] for POST '/session/3b9a4bd1b3bea5496f750e26db84d61f/element/2A059CC02910BEE92E71A652E20B3FB2_element_2/click'
18:14:26.554 [AsyncHttpClient-1-2] DEBUG org.asynchttpclient.netty.handler.HttpHandler - 

Request DefaultHttpRequest(decodeResult: success, version: HTTP/1.1)
POST /session/3b9a4bd1b3bea5496f750e26db84d61f/element/2A059CC02910BEE92E71A652E20B3FB2_element_2/click HTTP/1.1
User-Agent: selenium/4.8.1 (java windows)
Content-Length: 56
Content-Type: application/json; charset=utf-8
host: localhost:13941
accept: */*

Response DefaultHttpResponse(decodeResult: success, version: HTTP/1.1)
HTTP/1.1 200 OK
Content-Length: 14
Content-Type: application/json; charset=utf-8
cache-control: no-cache

18:14:26.555 [AsyncHttpClient-1-2] DEBUG org.asynchttpclient.netty.channel.ChannelManager - Adding key: http://localhost:13941 for channel [id: 0x2230a473, L:/127.0.0.1:62755 - R:localhost/127.0.0.1:13941]
18:14:26.561 [main] DEBUG net.thucydides.core.steps.StepInterceptor - STEP DONE: clickLoginBtn
  &amp#27;[32mAnd &amp#27;[0m&amp#27;[32madmin click login button&amp#27;[0m               &amp#27;[90m# starter.stepdefinitions.LoginSteps.adminClickLoginButton()&amp#27;[0m
18:14:26.580 [main] DEBUG net.thucydides.core.steps.StepInterceptor - STARTING STEP: LoginSteps.adminOnProductsPage - userOnDashboardPage
18:14:26.594 [Forwarding findElement on session 3b9a4bd1b3bea5496f750e26db84d61f to remote] DEBUG org.asynchttpclient.netty.request.NettyRequestSender - Using pooled Channel '[id: 0x2230a473, L:/127.0.0.1:62755 - R:localhost/127.0.0.1:13941]' for 'POST' to 'http://localhost:13941/session/3b9a4bd1b3bea5496f750e26db84d61f/element'
18:14:26.594 [Forwarding findElement on session 3b9a4bd1b3bea5496f750e26db84d61f to remote] DEBUG org.asynchttpclient.netty.request.NettyRequestSender - Using open Channel [id: 0x2230a473, L:/127.0.0.1:62755 - R:localhost/127.0.0.1:13941] for POST '/session/3b9a4bd1b3bea5496f750e26db84d61f/element'
18:14:26.951 [AsyncHttpClient-1-2] DEBUG org.asynchttpclient.netty.handler.HttpHandler - 

Request DefaultHttpRequest(decodeResult: success, version: HTTP/1.1)
POST /session/3b9a4bd1b3bea5496f750e26db84d61f/element HTTP/1.1
User-Agent: selenium/4.8.1 (java windows)
Content-Length: 74
Content-Type: application/json; charset=utf-8
host: localhost:13941
accept: */*

Response DefaultHttpResponse(decodeResult: success, version: HTTP/1.1)
HTTP/1.1 200 OK
Content-Length: 95
Content-Type: application/json; charset=utf-8
cache-control: no-cache

18:14:26.952 [AsyncHttpClient-1-2] DEBUG org.asynchttpclient.netty.channel.ChannelManager - Adding key: http://localhost:13941 for channel [id: 0x2230a473, L:/127.0.0.1:62755 - R:localhost/127.0.0.1:13941]
18:14:26.962 [Forwarding isElementDisplayed on session 3b9a4bd1b3bea5496f750e26db84d61f to remote] DEBUG org.asynchttpclient.netty.request.NettyRequestSender - Using pooled Channel '[id: 0x2230a473, L:/127.0.0.1:62755 - R:localhost/127.0.0.1:13941]' for 'POST' to 'http://localhost:13941/session/3b9a4bd1b3bea5496f750e26db84d61f/execute/sync'
18:14:26.962 [Forwarding isElementDisplayed on session 3b9a4bd1b3bea5496f750e26db84d61f to remote] DEBUG org.asynchttpclient.netty.request.NettyRequestSender - Using open Channel [id: 0x2230a473, L:/127.0.0.1:62755 - R:localhost/127.0.0.1:13941] for POST '/session/3b9a4bd1b3bea5496f750e26db84d61f/execute/sync'
18:14:26.980 [AsyncHttpClient-1-2] DEBUG org.asynchttpclient.netty.handler.HttpHandler - 

Request DefaultHttpRequest(decodeResult: success, version: HTTP/1.1)
POST /session/3b9a4bd1b3bea5496f750e26db84d61f/execute/sync HTTP/1.1
User-Agent: selenium/4.8.1 (java windows)
Content-Length: 48814
Content-Type: application/json; charset=utf-8
host: localhost:13941
accept: */*

Response DefaultHttpResponse(decodeResult: success, version: HTTP/1.1)
HTTP/1.1 200 OK
Content-Length: 14
Content-Type: application/json; charset=utf-8
cache-control: no-cache

18:14:26.980 [AsyncHttpClient-1-2] DEBUG org.asynchttpclient.netty.channel.ChannelManager - Adding key: http://localhost:13941 for channel [id: 0x2230a473, L:/127.0.0.1:62755 - R:localhost/127.0.0.1:13941]
18:14:26.988 [main] DEBUG net.thucydides.core.steps.StepInterceptor - STEP DONE: userOnDashboardPage
  &amp#27;[32mAnd &amp#27;[0m&amp#27;[32madmin on dashboard page&amp#27;[0m                &amp#27;[90m# starter.stepdefinitions.LoginSteps.adminOnProductsPage()&amp#27;[0m
18:14:27.394 [AsyncHttpClient-1-1] DEBUG org.asynchttpclient.netty.channel.DefaultChannelPool - Entry count for : http://localhost:13941 : 1
18:14:27.394 [AsyncHttpClient-1-1] DEBUG org.asynchttpclient.netty.channel.DefaultChannelPool - Entry count for : http://localhost:62756 : 1
18:14:27.972 [main] DEBUG net.thucydides.core.steps.StepInterceptor - STARTING STEP: CashierSteps.adminClickCashierMenu - adminClickMembershipsMenu
18:14:27.980 [Forwarding findElement on session 3b9a4bd1b3bea5496f750e26db84d61f to remote] DEBUG org.asynchttpclient.netty.request.NettyRequestSender - Using pooled Channel '[id: 0x2230a473, L:/127.0.0.1:62755 - R:localhost/127.0.0.1:13941]' for 'POST' to 'http://localhost:13941/session/3b9a4bd1b3bea5496f750e26db84d61f/element'
18:14:27.980 [Forwarding findElement on session 3b9a4bd1b3bea5496f750e26db84d61f to remote] DEBUG org.asynchttpclient.netty.request.NettyRequestSender - Using open Channel [id: 0x2230a473, L:/127.0.0.1:62755 - R:localhost/127.0.0.1:13941] for POST '/session/3b9a4bd1b3bea5496f750e26db84d61f/element'
18:14:28.002 [AsyncHttpClient-1-2] DEBUG org.asynchttpclient.netty.handler.HttpHandler - 

Request DefaultHttpRequest(decodeResult: success, version: HTTP/1.1)
POST /session/3b9a4bd1b3bea5496f750e26db84d61f/element HTTP/1.1
User-Agent: selenium/4.8.1 (java windows)
Content-Length: 134
Content-Type: application/json; charset=utf-8
host: localhost:13941
accept: */*

Response DefaultHttpResponse(decodeResult: success, version: HTTP/1.1)
HTTP/1.1 200 OK
Content-Length: 95
Content-Type: application/json; charset=utf-8
cache-control: no-cache

18:14:28.002 [AsyncHttpClient-1-2] DEBUG org.asynchttpclient.netty.channel.ChannelManager - Adding key: http://localhost:13941 for channel [id: 0x2230a473, L:/127.0.0.1:62755 - R:localhost/127.0.0.1:13941]
18:14:28.005 [Forwarding getElementTagName on session 3b9a4bd1b3bea5496f750e26db84d61f to remote] DEBUG org.asynchttpclient.netty.request.NettyRequestSender - Using pooled Channel '[id: 0x2230a473, L:/127.0.0.1:62755 - R:localhost/127.0.0.1:13941]' for 'GET' to 'http://localhost:13941/session/3b9a4bd1b3bea5496f750e26db84d61f/element/2A059CC02910BEE92E71A652E20B3FB2_element_16/name'
18:14:28.005 [Forwarding getElementTagName on session 3b9a4bd1b3bea5496f750e26db84d61f to remote] DEBUG org.asynchttpclient.netty.request.NettyRequestSender - Using open Channel [id: 0x2230a473, L:/127.0.0.1:62755 - R:localhost/127.0.0.1:13941] for GET '/session/3b9a4bd1b3bea5496f750e26db84d61f/element/2A059CC02910BEE92E71A652E20B3FB2_element_16/name'
18:14:28.016 [AsyncHttpClient-1-2] DEBUG org.asynchttpclient.netty.handler.HttpHandler - 

Request DefaultFullHttpRequest(decodeResult: success, version: HTTP/1.1, content: EmptyByteBufBE)
GET /session/3b9a4bd1b3bea5496f750e26db84d61f/element/2A059CC02910BEE92E71A652E20B3FB2_element_16/name HTTP/1.1
User-Agent: selenium/4.8.1 (java windows)
Cache-Control: no-cache
Content-Type: application/json; charset=utf-8
host: localhost:13941
accept: */*

Response DefaultHttpResponse(decodeResult: success, version: HTTP/1.1)
HTTP/1.1 200 OK
Content-Length: 15
Content-Type: application/json; charset=utf-8
cache-control: no-cache

18:14:28.017 [AsyncHttpClient-1-2] DEBUG org.asynchttpclient.netty.channel.ChannelManager - Adding key: http://localhost:13941 for channel [id: 0x2230a473, L:/127.0.0.1:62755 - R:localhost/127.0.0.1:13941]
18:14:28.020 [Forwarding getElementTagName on session 3b9a4bd1b3bea5496f750e26db84d61f to remote] DEBUG org.asynchttpclient.netty.request.NettyRequestSender - Using pooled Channel '[id: 0x2230a473, L:/127.0.0.1:62755 - R:localhost/127.0.0.1:13941]' for 'GET' to 'http://localhost:13941/session/3b9a4bd1b3bea5496f750e26db84d61f/element/2A059CC02910BEE92E71A652E20B3FB2_element_16/name'
18:14:28.020 [Forwarding getElementTagName on session 3b9a4bd1b3bea5496f750e26db84d61f to remote] DEBUG org.asynchttpclient.netty.request.NettyRequestSender - Using open Channel [id: 0x2230a473, L:/127.0.0.1:62755 - R:localhost/127.0.0.1:13941] for GET '/session/3b9a4bd1b3bea5496f750e26db84d61f/element/2A059CC02910BEE92E71A652E20B3FB2_element_16/name'
18:14:28.030 [AsyncHttpClient-1-2] DEBUG org.asynchttpclient.netty.handler.HttpHandler - 

Request DefaultFullHttpRequest(decodeResult: success, version: HTTP/1.1, content: EmptyByteBufBE)
GET /session/3b9a4bd1b3bea5496f750e26db84d61f/element/2A059CC02910BEE92E71A652E20B3FB2_element_16/name HTTP/1.1
User-Agent: selenium/4.8.1 (java windows)
Cache-Control: no-cache
Content-Type: application/json; charset=utf-8
host: localhost:13941
accept: */*

Response DefaultHttpResponse(decodeResult: success, version: HTTP/1.1)
HTTP/1.1 200 OK
Content-Length: 15
Content-Type: application/json; charset=utf-8
cache-control: no-cache

18:14:28.030 [AsyncHttpClient-1-2] DEBUG org.asynchttpclient.netty.channel.ChannelManager - Adding key: http://localhost:13941 for channel [id: 0x2230a473, L:/127.0.0.1:62755 - R:localhost/127.0.0.1:13941]
18:14:28.036 [Forwarding findElement on session 3b9a4bd1b3bea5496f750e26db84d61f to remote] DEBUG org.asynchttpclient.netty.request.NettyRequestSender - Using pooled Channel '[id: 0x2230a473, L:/127.0.0.1:62755 - R:localhost/127.0.0.1:13941]' for 'POST' to 'http://localhost:13941/session/3b9a4bd1b3bea5496f750e26db84d61f/element'
18:14:28.036 [Forwarding findElement on session 3b9a4bd1b3bea5496f750e26db84d61f to remote] DEBUG org.asynchttpclient.netty.request.NettyRequestSender - Using open Channel [id: 0x2230a473, L:/127.0.0.1:62755 - R:localhost/127.0.0.1:13941] for POST '/session/3b9a4bd1b3bea5496f750e26db84d61f/element'
18:14:28.049 [AsyncHttpClient-1-2] DEBUG org.asynchttpclient.netty.handler.HttpHandler - 

Request DefaultHttpRequest(decodeResult: success, version: HTTP/1.1)
POST /session/3b9a4bd1b3bea5496f750e26db84d61f/element HTTP/1.1
User-Agent: selenium/4.8.1 (java windows)
Content-Length: 134
Content-Type: application/json; charset=utf-8
host: localhost:13941
accept: */*

Response DefaultHttpResponse(decodeResult: success, version: HTTP/1.1)
HTTP/1.1 200 OK
Content-Length: 95
Content-Type: application/json; charset=utf-8
cache-control: no-cache

18:14:28.050 [AsyncHttpClient-1-2] DEBUG org.asynchttpclient.netty.channel.ChannelManager - Adding key: http://localhost:13941 for channel [id: 0x2230a473, L:/127.0.0.1:62755 - R:localhost/127.0.0.1:13941]
18:14:28.053 [Forwarding clickElement on session 3b9a4bd1b3bea5496f750e26db84d61f to remote] DEBUG org.asynchttpclient.netty.request.NettyRequestSender - Using pooled Channel '[id: 0x2230a473, L:/127.0.0.1:62755 - R:localhost/127.0.0.1:13941]' for 'POST' to 'http://localhost:13941/session/3b9a4bd1b3bea5496f750e26db84d61f/element/2A059CC02910BEE92E71A652E20B3FB2_element_16/click'
18:14:28.053 [Forwarding clickElement on session 3b9a4bd1b3bea5496f750e26db84d61f to remote] DEBUG org.asynchttpclient.netty.request.NettyRequestSender - Using open Channel [id: 0x2230a473, L:/127.0.0.1:62755 - R:localhost/127.0.0.1:13941] for POST '/session/3b9a4bd1b3bea5496f750e26db84d61f/element/2A059CC02910BEE92E71A652E20B3FB2_element_16/click'
18:14:28.143 [AsyncHttpClient-1-2] DEBUG org.asynchttpclient.netty.handler.HttpHandler - 

Request DefaultHttpRequest(decodeResult: success, version: HTTP/1.1)
POST /session/3b9a4bd1b3bea5496f750e26db84d61f/element/2A059CC02910BEE92E71A652E20B3FB2_element_16/click HTTP/1.1
User-Agent: selenium/4.8.1 (java windows)
Content-Length: 57
Content-Type: application/json; charset=utf-8
host: localhost:13941
accept: */*

Response DefaultHttpResponse(decodeResult: success, version: HTTP/1.1)
HTTP/1.1 200 OK
Content-Length: 14
Content-Type: application/json; charset=utf-8
cache-control: no-cache

18:14:28.143 [AsyncHttpClient-1-2] DEBUG org.asynchttpclient.netty.channel.ChannelManager - Adding key: http://localhost:13941 for channel [id: 0x2230a473, L:/127.0.0.1:62755 - R:localhost/127.0.0.1:13941]
18:14:28.151 [main] DEBUG net.thucydides.core.steps.StepInterceptor - STEP DONE: adminClickMembershipsMenu
  &amp#27;[32mAnd &amp#27;[0m&amp#27;[32madmin click cashier menu&amp#27;[0m               &amp#27;[90m# starter.stepdefinitions.CashierSteps.adminClickCashierMenu()&amp#27;[0m
18:14:28.170 [main] DEBUG net.thucydides.core.steps.StepInterceptor - STARTING STEP: CashierSteps.adminSelectTargetDelete - adminSelectTarget
18:14:28.178 [Forwarding findElement on session 3b9a4bd1b3bea5496f750e26db84d61f to remote] DEBUG org.asynchttpclient.netty.request.NettyRequestSender - Using pooled Channel '[id: 0x2230a473, L:/127.0.0.1:62755 - R:localhost/127.0.0.1:13941]' for 'POST' to 'http://localhost:13941/session/3b9a4bd1b3bea5496f750e26db84d61f/element'
18:14:28.178 [Forwarding findElement on session 3b9a4bd1b3bea5496f750e26db84d61f to remote] DEBUG org.asynchttpclient.netty.request.NettyRequestSender - Using open Channel [id: 0x2230a473, L:/127.0.0.1:62755 - R:localhost/127.0.0.1:13941] for POST '/session/3b9a4bd1b3bea5496f750e26db84d61f/element'
18:14:28.497 [AsyncHttpClient-1-1] DEBUG org.asynchttpclient.netty.channel.DefaultChannelPool - Entry count for : http://localhost:62756 : 1
18:14:28.770 [AsyncHttpClient-1-2] DEBUG org.asynchttpclient.netty.handler.HttpHandler - 

Request DefaultHttpRequest(decodeResult: success, version: HTTP/1.1)
POST /session/3b9a4bd1b3bea5496f750e26db84d61f/element HTTP/1.1
User-Agent: selenium/4.8.1 (java windows)
Content-Length: 200
Content-Type: application/json; charset=utf-8
host: localhost:13941
accept: */*

Response DefaultHttpResponse(decodeResult: success, version: HTTP/1.1)
HTTP/1.1 200 OK
Content-Length: 95
Content-Type: application/json; charset=utf-8
cache-control: no-cache

18:14:28.771 [AsyncHttpClient-1-2] DEBUG org.asynchttpclient.netty.channel.ChannelManager - Adding key: http://localhost:13941 for channel [id: 0x2230a473, L:/127.0.0.1:62755 - R:localhost/127.0.0.1:13941]
18:14:28.774 [Forwarding getElementTagName on session 3b9a4bd1b3bea5496f750e26db84d61f to remote] DEBUG org.asynchttpclient.netty.request.NettyRequestSender - Using pooled Channel '[id: 0x2230a473, L:/127.0.0.1:62755 - R:localhost/127.0.0.1:13941]' for 'GET' to 'http://localhost:13941/session/3b9a4bd1b3bea5496f750e26db84d61f/element/2A059CC02910BEE92E71A652E20B3FB2_element_18/name'
18:14:28.774 [Forwarding getElementTagName on session 3b9a4bd1b3bea5496f750e26db84d61f to remote] DEBUG org.asynchttpclient.netty.request.NettyRequestSender - Using open Channel [id: 0x2230a473, L:/127.0.0.1:62755 - R:localhost/127.0.0.1:13941] for GET '/session/3b9a4bd1b3bea5496f750e26db84d61f/element/2A059CC02910BEE92E71A652E20B3FB2_element_18/name'
18:14:28.994 [AsyncHttpClient-1-2] DEBUG org.asynchttpclient.netty.handler.HttpHandler - 

Request DefaultFullHttpRequest(decodeResult: success, version: HTTP/1.1, content: EmptyByteBufBE)
GET /session/3b9a4bd1b3bea5496f750e26db84d61f/element/2A059CC02910BEE92E71A652E20B3FB2_element_18/name HTTP/1.1
User-Agent: selenium/4.8.1 (java windows)
Cache-Control: no-cache
Content-Type: application/json; charset=utf-8
host: localhost:13941
accept: */*

Response DefaultHttpResponse(decodeResult: success, version: HTTP/1.1)
HTTP/1.1 200 OK
Content-Length: 14
Content-Type: application/json; charset=utf-8
cache-control: no-cache

18:14:28.994 [AsyncHttpClient-1-2] DEBUG org.asynchttpclient.netty.channel.ChannelManager - Adding key: http://localhost:13941 for channel [id: 0x2230a473, L:/127.0.0.1:62755 - R:localhost/127.0.0.1:13941]
18:14:29.001 [Forwarding getElementTagName on session 3b9a4bd1b3bea5496f750e26db84d61f to remote] DEBUG org.asynchttpclient.netty.request.NettyRequestSender - Using pooled Channel '[id: 0x2230a473, L:/127.0.0.1:62755 - R:localhost/127.0.0.1:13941]' for 'GET' to 'http://localhost:13941/session/3b9a4bd1b3bea5496f750e26db84d61f/element/2A059CC02910BEE92E71A652E20B3FB2_element_18/name'
18:14:29.001 [Forwarding getElementTagName on session 3b9a4bd1b3bea5496f750e26db84d61f to remote] DEBUG org.asynchttpclient.netty.request.NettyRequestSender - Using open Channel [id: 0x2230a473, L:/127.0.0.1:62755 - R:localhost/127.0.0.1:13941] for GET '/session/3b9a4bd1b3bea5496f750e26db84d61f/element/2A059CC02910BEE92E71A652E20B3FB2_element_18/name'
18:14:29.063 [AsyncHttpClient-1-2] DEBUG org.asynchttpclient.netty.handler.HttpHandler - 

Request DefaultFullHttpRequest(decodeResult: success, version: HTTP/1.1, content: EmptyByteBufBE)
GET /session/3b9a4bd1b3bea5496f750e26db84d61f/element/2A059CC02910BEE92E71A652E20B3FB2_element_18/name HTTP/1.1
User-Agent: selenium/4.8.1 (java windows)
Cache-Control: no-cache
Content-Type: application/json; charset=utf-8
host: localhost:13941
accept: */*

Response DefaultHttpResponse(decodeResult: success, version: HTTP/1.1)
HTTP/1.1 200 OK
Content-Length: 14
Content-Type: application/json; charset=utf-8
cache-control: no-cache

18:14:29.064 [AsyncHttpClient-1-2] DEBUG org.asynchttpclient.netty.channel.ChannelManager - Adding key: http://localhost:13941 for channel [id: 0x2230a473, L:/127.0.0.1:62755 - R:localhost/127.0.0.1:13941]
18:14:29.071 [Forwarding findElement on session 3b9a4bd1b3bea5496f750e26db84d61f to remote] DEBUG org.asynchttpclient.netty.request.NettyRequestSender - Using pooled Channel '[id: 0x2230a473, L:/127.0.0.1:62755 - R:localhost/127.0.0.1:13941]' for 'POST' to 'http://localhost:13941/session/3b9a4bd1b3bea5496f750e26db84d61f/element'
18:14:29.071 [Forwarding findElement on session 3b9a4bd1b3bea5496f750e26db84d61f to remote] DEBUG org.asynchttpclient.netty.request.NettyRequestSender - Using open Channel [id: 0x2230a473, L:/127.0.0.1:62755 - R:localhost/127.0.0.1:13941] for POST '/session/3b9a4bd1b3bea5496f750e26db84d61f/element'
18:14:29.103 [AsyncHttpClient-1-2] DEBUG org.asynchttpclient.netty.handler.HttpHandler - 

Request DefaultHttpRequest(decodeResult: success, version: HTTP/1.1)
POST /session/3b9a4bd1b3bea5496f750e26db84d61f/element HTTP/1.1
User-Agent: selenium/4.8.1 (java windows)
Content-Length: 200
Content-Type: application/json; charset=utf-8
host: localhost:13941
accept: */*

Response DefaultHttpResponse(decodeResult: success, version: HTTP/1.1)
HTTP/1.1 200 OK
Content-Length: 95
Content-Type: application/json; charset=utf-8
cache-control: no-cache

18:14:29.104 [AsyncHttpClient-1-2] DEBUG org.asynchttpclient.netty.channel.ChannelManager - Adding key: http://localhost:13941 for channel [id: 0x2230a473, L:/127.0.0.1:62755 - R:localhost/127.0.0.1:13941]
18:14:29.108 [Forwarding clickElement on session 3b9a4bd1b3bea5496f750e26db84d61f to remote] DEBUG org.asynchttpclient.netty.request.NettyRequestSender - Using pooled Channel '[id: 0x2230a473, L:/127.0.0.1:62755 - R:localhost/127.0.0.1:13941]' for 'POST' to 'http://localhost:13941/session/3b9a4bd1b3bea5496f750e26db84d61f/element/2A059CC02910BEE92E71A652E20B3FB2_element_18/click'
18:14:29.108 [Forwarding clickElement on session 3b9a4bd1b3bea5496f750e26db84d61f to remote] DEBUG org.asynchttpclient.netty.request.NettyRequestSender - Using open Channel [id: 0x2230a473, L:/127.0.0.1:62755 - R:localhost/127.0.0.1:13941] for POST '/session/3b9a4bd1b3bea5496f750e26db84d61f/element/2A059CC02910BEE92E71A652E20B3FB2_element_18/click'
18:14:29.213 [AsyncHttpClient-1-2] DEBUG org.asynchttpclient.netty.handler.HttpHandler - 

Request DefaultHttpRequest(decodeResult: success, version: HTTP/1.1)
POST /session/3b9a4bd1b3bea5496f750e26db84d61f/element/2A059CC02910BEE92E71A652E20B3FB2_element_18/click HTTP/1.1
User-Agent: selenium/4.8.1 (java windows)
Content-Length: 57
Content-Type: application/json; charset=utf-8
host: localhost:13941
accept: */*

Response DefaultHttpResponse(decodeResult: success, version: HTTP/1.1)
HTTP/1.1 200 OK
Content-Length: 14
Content-Type: application/json; charset=utf-8
cache-control: no-cache

18:14:29.213 [AsyncHttpClient-1-2] DEBUG org.asynchttpclient.netty.channel.ChannelManager - Adding key: http://localhost:13941 for channel [id: 0x2230a473, L:/127.0.0.1:62755 - R:localhost/127.0.0.1:13941]
18:14:29.223 [main] DEBUG net.thucydides.core.steps.StepInterceptor - STEP DONE: adminSelectTarget
  &amp#27;[32mAnd &amp#27;[0m&amp#27;[32madmin select target delete cashier&amp#27;[0m     &amp#27;[90m# starter.stepdefinitions.CashierSteps.adminSelectTargetDelete()&amp#27;[0m
18:14:29.246 [main] DEBUG net.thucydides.core.steps.StepInterceptor - STARTING STEP: CashierSteps.adminClickDeleteIcon - adminClickDeleteIcon
18:14:29.259 [Forwarding findElement on session 3b9a4bd1b3bea5496f750e26db84d61f to remote] DEBUG org.asynchttpclient.netty.request.NettyRequestSender - Using pooled Channel '[id: 0x2230a473, L:/127.0.0.1:62755 - R:localhost/127.0.0.1:13941]' for 'POST' to 'http://localhost:13941/session/3b9a4bd1b3bea5496f750e26db84d61f/element'
18:14:29.259 [Forwarding findElement on session 3b9a4bd1b3bea5496f750e26db84d61f to remote] DEBUG org.asynchttpclient.netty.request.NettyRequestSender - Using open Channel [id: 0x2230a473, L:/127.0.0.1:62755 - R:localhost/127.0.0.1:13941] for POST '/session/3b9a4bd1b3bea5496f750e26db84d61f/element'
18:14:29.301 [AsyncHttpClient-1-2] DEBUG org.asynchttpclient.netty.handler.HttpHandler - 

Request DefaultHttpRequest(decodeResult: success, version: HTTP/1.1)
POST /session/3b9a4bd1b3bea5496f750e26db84d61f/element HTTP/1.1
User-Agent: selenium/4.8.1 (java windows)
Content-Length: 228
Content-Type: application/json; charset=utf-8
host: localhost:13941
accept: */*

Response DefaultHttpResponse(decodeResult: success, version: HTTP/1.1)
HTTP/1.1 200 OK
Content-Length: 95
Content-Type: application/json; charset=utf-8
cache-control: no-cache

18:14:29.302 [AsyncHttpClient-1-2] DEBUG org.asynchttpclient.netty.channel.ChannelManager - Adding key: http://localhost:13941 for channel [id: 0x2230a473, L:/127.0.0.1:62755 - R:localhost/127.0.0.1:13941]
18:14:29.306 [Forwarding getElementTagName on session 3b9a4bd1b3bea5496f750e26db84d61f to remote] DEBUG org.asynchttpclient.netty.request.NettyRequestSender - Using pooled Channel '[id: 0x2230a473, L:/127.0.0.1:62755 - R:localhost/127.0.0.1:13941]' for 'GET' to 'http://localhost:13941/session/3b9a4bd1b3bea5496f750e26db84d61f/element/2A059CC02910BEE92E71A652E20B3FB2_element_25/name'
18:14:29.306 [Forwarding getElementTagName on session 3b9a4bd1b3bea5496f750e26db84d61f to remote] DEBUG org.asynchttpclient.netty.request.NettyRequestSender - Using open Channel [id: 0x2230a473, L:/127.0.0.1:62755 - R:localhost/127.0.0.1:13941] for GET '/session/3b9a4bd1b3bea5496f750e26db84d61f/element/2A059CC02910BEE92E71A652E20B3FB2_element_25/name'
18:14:29.325 [AsyncHttpClient-1-2] DEBUG org.asynchttpclient.netty.handler.HttpHandler - 

Request DefaultFullHttpRequest(decodeResult: success, version: HTTP/1.1, content: EmptyByteBufBE)
GET /session/3b9a4bd1b3bea5496f750e26db84d61f/element/2A059CC02910BEE92E71A652E20B3FB2_element_25/name HTTP/1.1
User-Agent: selenium/4.8.1 (java windows)
Cache-Control: no-cache
Content-Type: application/json; charset=utf-8
host: localhost:13941
accept: */*

Response DefaultHttpResponse(decodeResult: success, version: HTTP/1.1)
HTTP/1.1 200 OK
Content-Length: 13
Content-Type: application/json; charset=utf-8
cache-control: no-cache

18:14:29.326 [AsyncHttpClient-1-2] DEBUG org.asynchttpclient.netty.channel.ChannelManager - Adding key: http://localhost:13941 for channel [id: 0x2230a473, L:/127.0.0.1:62755 - R:localhost/127.0.0.1:13941]
18:14:29.331 [Forwarding getElementTagName on session 3b9a4bd1b3bea5496f750e26db84d61f to remote] DEBUG org.asynchttpclient.netty.request.NettyRequestSender - Using pooled Channel '[id: 0x2230a473, L:/127.0.0.1:62755 - R:localhost/127.0.0.1:13941]' for 'GET' to 'http://localhost:13941/session/3b9a4bd1b3bea5496f750e26db84d61f/element/2A059CC02910BEE92E71A652E20B3FB2_element_25/name'
18:14:29.337 [Forwarding getElementTagName on session 3b9a4bd1b3bea5496f750e26db84d61f to remote] DEBUG org.asynchttpclient.netty.request.NettyRequestSender - Using open Channel [id: 0x2230a473, L:/127.0.0.1:62755 - R:localhost/127.0.0.1:13941] for GET '/session/3b9a4bd1b3bea5496f750e26db84d61f/element/2A059CC02910BEE92E71A652E20B3FB2_element_25/name'
18:14:29.372 [AsyncHttpClient-1-2] DEBUG org.asynchttpclient.netty.handler.HttpHandler - 

Request DefaultFullHttpRequest(decodeResult: success, version: HTTP/1.1, content: EmptyByteBufBE)
GET /session/3b9a4bd1b3bea5496f750e26db84d61f/element/2A059CC02910BEE92E71A652E20B3FB2_element_25/name HTTP/1.1
User-Agent: selenium/4.8.1 (java windows)
Cache-Control: no-cache
Content-Type: application/json; charset=utf-8
host: localhost:13941
accept: */*

Response DefaultHttpResponse(decodeResult: success, version: HTTP/1.1)
HTTP/1.1 200 OK
Content-Length: 13
Content-Type: application/json; charset=utf-8
cache-control: no-cache

18:14:29.373 [AsyncHttpClient-1-2] DEBUG org.asynchttpclient.netty.channel.ChannelManager - Adding key: http://localhost:13941 for channel [id: 0x2230a473, L:/127.0.0.1:62755 - R:localhost/127.0.0.1:13941]
18:14:29.379 [Forwarding findElement on session 3b9a4bd1b3bea5496f750e26db84d61f to remote] DEBUG org.asynchttpclient.netty.request.NettyRequestSender - Using pooled Channel '[id: 0x2230a473, L:/127.0.0.1:62755 - R:localhost/127.0.0.1:13941]' for 'POST' to 'http://localhost:13941/session/3b9a4bd1b3bea5496f750e26db84d61f/element'
18:14:29.379 [Forwarding findElement on session 3b9a4bd1b3bea5496f750e26db84d61f to remote] DEBUG org.asynchttpclient.netty.request.NettyRequestSender - Using open Channel [id: 0x2230a473, L:/127.0.0.1:62755 - R:localhost/127.0.0.1:13941] for POST '/session/3b9a4bd1b3bea5496f750e26db84d61f/element'
18:14:29.399 [AsyncHttpClient-1-2] DEBUG org.asynchttpclient.netty.handler.HttpHandler - 

Request DefaultHttpRequest(decodeResult: success, version: HTTP/1.1)
POST /session/3b9a4bd1b3bea5496f750e26db84d61f/element HTTP/1.1
User-Agent: selenium/4.8.1 (java windows)
Content-Length: 228
Content-Type: application/json; charset=utf-8
host: localhost:13941
accept: */*

Response DefaultHttpResponse(decodeResult: success, version: HTTP/1.1)
HTTP/1.1 200 OK
Content-Length: 95
Content-Type: application/json; charset=utf-8
cache-control: no-cache

18:14:29.400 [AsyncHttpClient-1-2] DEBUG org.asynchttpclient.netty.channel.ChannelManager - Adding key: http://localhost:13941 for channel [id: 0x2230a473, L:/127.0.0.1:62755 - R:localhost/127.0.0.1:13941]
18:14:29.406 [Forwarding clickElement on session 3b9a4bd1b3bea5496f750e26db84d61f to remote] DEBUG org.asynchttpclient.netty.request.NettyRequestSender - Using pooled Channel '[id: 0x2230a473, L:/127.0.0.1:62755 - R:localhost/127.0.0.1:13941]' for 'POST' to 'http://localhost:13941/session/3b9a4bd1b3bea5496f750e26db84d61f/element/2A059CC02910BEE92E71A652E20B3FB2_element_25/click'
18:14:29.406 [Forwarding clickElement on session 3b9a4bd1b3bea5496f750e26db84d61f to remote] DEBUG org.asynchttpclient.netty.request.NettyRequestSender - Using open Channel [id: 0x2230a473, L:/127.0.0.1:62755 - R:localhost/127.0.0.1:13941] for POST '/session/3b9a4bd1b3bea5496f750e26db84d61f/element/2A059CC02910BEE92E71A652E20B3FB2_element_25/click'
18:14:29.647 [AsyncHttpClient-1-1] DEBUG org.asynchttpclient.netty.channel.DefaultChannelPool - Entry count for : http://localhost:62756 : 1
18:14:29.979 [AsyncHttpClient-1-2] DEBUG org.asynchttpclient.netty.handler.HttpHandler - 

Request DefaultHttpRequest(decodeResult: success, version: HTTP/1.1)
POST /session/3b9a4bd1b3bea5496f750e26db84d61f/element/2A059CC02910BEE92E71A652E20B3FB2_element_25/click HTTP/1.1
User-Agent: selenium/4.8.1 (java windows)
Content-Length: 57
Content-Type: application/json; charset=utf-8
host: localhost:13941
accept: */*

Response DefaultHttpResponse(decodeResult: success, version: HTTP/1.1)
HTTP/1.1 200 OK
Content-Length: 14
Content-Type: application/json; charset=utf-8
cache-control: no-cache

18:14:29.979 [AsyncHttpClient-1-2] DEBUG org.asynchttpclient.netty.channel.ChannelManager - Adding key: http://localhost:13941 for channel [id: 0x2230a473, L:/127.0.0.1:62755 - R:localhost/127.0.0.1:13941]
18:14:29.987 [main] DEBUG net.thucydides.core.steps.StepInterceptor - STEP DONE: adminClickDeleteIcon
  &amp#27;[32mAnd &amp#27;[0m&amp#27;[32madmin click icon delete cashier&amp#27;[0m        &amp#27;[90m# starter.stepdefinitions.CashierSteps.adminClickDeleteIcon()&amp#27;[0m
18:14:30.006 [main] DEBUG net.thucydides.core.steps.StepInterceptor - STARTING STEP: CashierSteps.adminSeePopUpConfirmDelete - adminClickSaveButton
18:14:30.014 [Forwarding findElement on session 3b9a4bd1b3bea5496f750e26db84d61f to remote] DEBUG org.asynchttpclient.netty.request.NettyRequestSender - Using pooled Channel '[id: 0x2230a473, L:/127.0.0.1:62755 - R:localhost/127.0.0.1:13941]' for 'POST' to 'http://localhost:13941/session/3b9a4bd1b3bea5496f750e26db84d61f/element'
18:14:30.015 [Forwarding findElement on session 3b9a4bd1b3bea5496f750e26db84d61f to remote] DEBUG org.asynchttpclient.netty.request.NettyRequestSender - Using open Channel [id: 0x2230a473, L:/127.0.0.1:62755 - R:localhost/127.0.0.1:13941] for POST '/session/3b9a4bd1b3bea5496f750e26db84d61f/element'
18:14:30.040 [AsyncHttpClient-1-2] DEBUG org.asynchttpclient.netty.handler.HttpHandler - 

Request DefaultHttpRequest(decodeResult: success, version: HTTP/1.1)
POST /session/3b9a4bd1b3bea5496f750e26db84d61f/element HTTP/1.1
User-Agent: selenium/4.8.1 (java windows)
Content-Length: 132
Content-Type: application/json; charset=utf-8
host: localhost:13941
accept: */*

Response DefaultHttpResponse(decodeResult: success, version: HTTP/1.1)
HTTP/1.1 200 OK
Content-Length: 95
Content-Type: application/json; charset=utf-8
cache-control: no-cache

18:14:30.041 [AsyncHttpClient-1-2] DEBUG org.asynchttpclient.netty.channel.ChannelManager - Adding key: http://localhost:13941 for channel [id: 0x2230a473, L:/127.0.0.1:62755 - R:localhost/127.0.0.1:13941]
18:14:30.044 [Forwarding getElementTagName on session 3b9a4bd1b3bea5496f750e26db84d61f to remote] DEBUG org.asynchttpclient.netty.request.NettyRequestSender - Using pooled Channel '[id: 0x2230a473, L:/127.0.0.1:62755 - R:localhost/127.0.0.1:13941]' for 'GET' to 'http://localhost:13941/session/3b9a4bd1b3bea5496f750e26db84d61f/element/2A059CC02910BEE92E71A652E20B3FB2_element_26/name'
18:14:30.044 [Forwarding getElementTagName on session 3b9a4bd1b3bea5496f750e26db84d61f to remote] DEBUG org.asynchttpclient.netty.request.NettyRequestSender - Using open Channel [id: 0x2230a473, L:/127.0.0.1:62755 - R:localhost/127.0.0.1:13941] for GET '/session/3b9a4bd1b3bea5496f750e26db84d61f/element/2A059CC02910BEE92E71A652E20B3FB2_element_26/name'
18:14:30.057 [AsyncHttpClient-1-2] DEBUG org.asynchttpclient.netty.handler.HttpHandler - 

Request DefaultFullHttpRequest(decodeResult: success, version: HTTP/1.1, content: EmptyByteBufBE)
GET /session/3b9a4bd1b3bea5496f750e26db84d61f/element/2A059CC02910BEE92E71A652E20B3FB2_element_26/name HTTP/1.1
User-Agent: selenium/4.8.1 (java windows)
Cache-Control: no-cache
Content-Type: application/json; charset=utf-8
host: localhost:13941
accept: */*

Response DefaultHttpResponse(decodeResult: success, version: HTTP/1.1)
HTTP/1.1 200 OK
Content-Length: 18
Content-Type: application/json; charset=utf-8
cache-control: no-cache

18:14:30.057 [AsyncHttpClient-1-2] DEBUG org.asynchttpclient.netty.channel.ChannelManager - Adding key: http://localhost:13941 for channel [id: 0x2230a473, L:/127.0.0.1:62755 - R:localhost/127.0.0.1:13941]
18:14:30.060 [Forwarding getElementTagName on session 3b9a4bd1b3bea5496f750e26db84d61f to remote] DEBUG org.asynchttpclient.netty.request.NettyRequestSender - Using pooled Channel '[id: 0x2230a473, L:/127.0.0.1:62755 - R:localhost/127.0.0.1:13941]' for 'GET' to 'http://localhost:13941/session/3b9a4bd1b3bea5496f750e26db84d61f/element/2A059CC02910BEE92E71A652E20B3FB2_element_26/name'
18:14:30.060 [Forwarding getElementTagName on session 3b9a4bd1b3bea5496f750e26db84d61f to remote] DEBUG org.asynchttpclient.netty.request.NettyRequestSender - Using open Channel [id: 0x2230a473, L:/127.0.0.1:62755 - R:localhost/127.0.0.1:13941] for GET '/session/3b9a4bd1b3bea5496f750e26db84d61f/element/2A059CC02910BEE92E71A652E20B3FB2_element_26/name'
18:14:30.075 [AsyncHttpClient-1-2] DEBUG org.asynchttpclient.netty.handler.HttpHandler - 

Request DefaultFullHttpRequest(decodeResult: success, version: HTTP/1.1, content: EmptyByteBufBE)
GET /session/3b9a4bd1b3bea5496f750e26db84d61f/element/2A059CC02910BEE92E71A652E20B3FB2_element_26/name HTTP/1.1
User-Agent: selenium/4.8.1 (java windows)
Cache-Control: no-cache
Content-Type: application/json; charset=utf-8
host: localhost:13941
accept: */*

Response DefaultHttpResponse(decodeResult: success, version: HTTP/1.1)
HTTP/1.1 200 OK
Content-Length: 18
Content-Type: application/json; charset=utf-8
cache-control: no-cache

18:14:30.076 [AsyncHttpClient-1-2] DEBUG org.asynchttpclient.netty.channel.ChannelManager - Adding key: http://localhost:13941 for channel [id: 0x2230a473, L:/127.0.0.1:62755 - R:localhost/127.0.0.1:13941]
18:14:30.085 [Forwarding isElementEnabled on session 3b9a4bd1b3bea5496f750e26db84d61f to remote] DEBUG org.asynchttpclient.netty.request.NettyRequestSender - Using pooled Channel '[id: 0x2230a473, L:/127.0.0.1:62755 - R:localhost/127.0.0.1:13941]' for 'GET' to 'http://localhost:13941/session/3b9a4bd1b3bea5496f750e26db84d61f/element/2A059CC02910BEE92E71A652E20B3FB2_element_26/enabled'
18:14:30.085 [Forwarding isElementEnabled on session 3b9a4bd1b3bea5496f750e26db84d61f to remote] DEBUG org.asynchttpclient.netty.request.NettyRequestSender - Using open Channel [id: 0x2230a473, L:/127.0.0.1:62755 - R:localhost/127.0.0.1:13941] for GET '/session/3b9a4bd1b3bea5496f750e26db84d61f/element/2A059CC02910BEE92E71A652E20B3FB2_element_26/enabled'
18:14:30.110 [AsyncHttpClient-1-2] DEBUG org.asynchttpclient.netty.handler.HttpHandler - 

Request DefaultFullHttpRequest(decodeResult: success, version: HTTP/1.1, content: EmptyByteBufBE)
GET /session/3b9a4bd1b3bea5496f750e26db84d61f/element/2A059CC02910BEE92E71A652E20B3FB2_element_26/enabled HTTP/1.1
User-Agent: selenium/4.8.1 (java windows)
Cache-Control: no-cache
Content-Type: application/json; charset=utf-8
host: localhost:13941
accept: */*

Response DefaultHttpResponse(decodeResult: success, version: HTTP/1.1)
HTTP/1.1 200 OK
Content-Length: 14
Content-Type: application/json; charset=utf-8
cache-control: no-cache

18:14:30.110 [AsyncHttpClient-1-2] DEBUG org.asynchttpclient.netty.channel.ChannelManager - Adding key: http://localhost:13941 for channel [id: 0x2230a473, L:/127.0.0.1:62755 - R:localhost/127.0.0.1:13941]
18:14:30.120 [Forwarding isElementEnabled on session 3b9a4bd1b3bea5496f750e26db84d61f to remote] DEBUG org.asynchttpclient.netty.request.NettyRequestSender - Using pooled Channel '[id: 0x2230a473, L:/127.0.0.1:62755 - R:localhost/127.0.0.1:13941]' for 'GET' to 'http://localhost:13941/session/3b9a4bd1b3bea5496f750e26db84d61f/element/2A059CC02910BEE92E71A652E20B3FB2_element_26/enabled'
18:14:30.120 [Forwarding isElementEnabled on session 3b9a4bd1b3bea5496f750e26db84d61f to remote] DEBUG org.asynchttpclient.netty.request.NettyRequestSender - Using open Channel [id: 0x2230a473, L:/127.0.0.1:62755 - R:localhost/127.0.0.1:13941] for GET '/session/3b9a4bd1b3bea5496f750e26db84d61f/element/2A059CC02910BEE92E71A652E20B3FB2_element_26/enabled'
18:14:30.141 [AsyncHttpClient-1-2] DEBUG org.asynchttpclient.netty.handler.HttpHandler - 

Request DefaultFullHttpRequest(decodeResult: success, version: HTTP/1.1, content: EmptyByteBufBE)
GET /session/3b9a4bd1b3bea5496f750e26db84d61f/element/2A059CC02910BEE92E71A652E20B3FB2_element_26/enabled HTTP/1.1
User-Agent: selenium/4.8.1 (java windows)
Cache-Control: no-cache
Content-Type: application/json; charset=utf-8
host: localhost:13941
accept: */*

Response DefaultHttpResponse(decodeResult: success, version: HTTP/1.1)
HTTP/1.1 200 OK
Content-Length: 14
Content-Type: application/json; charset=utf-8
cache-control: no-cache

18:14:30.141 [AsyncHttpClient-1-2] DEBUG org.asynchttpclient.netty.channel.ChannelManager - Adding key: http://localhost:13941 for channel [id: 0x2230a473, L:/127.0.0.1:62755 - R:localhost/127.0.0.1:13941]
18:14:30.145 [Forwarding findElement on session 3b9a4bd1b3bea5496f750e26db84d61f to remote] DEBUG org.asynchttpclient.netty.request.NettyRequestSender - Using pooled Channel '[id: 0x2230a473, L:/127.0.0.1:62755 - R:localhost/127.0.0.1:13941]' for 'POST' to 'http://localhost:13941/session/3b9a4bd1b3bea5496f750e26db84d61f/element'
18:14:30.146 [Forwarding findElement on session 3b9a4bd1b3bea5496f750e26db84d61f to remote] DEBUG org.asynchttpclient.netty.request.NettyRequestSender - Using open Channel [id: 0x2230a473, L:/127.0.0.1:62755 - R:localhost/127.0.0.1:13941] for POST '/session/3b9a4bd1b3bea5496f750e26db84d61f/element'
18:14:30.163 [AsyncHttpClient-1-2] DEBUG org.asynchttpclient.netty.handler.HttpHandler - 

Request DefaultHttpRequest(decodeResult: success, version: HTTP/1.1)
POST /session/3b9a4bd1b3bea5496f750e26db84d61f/element HTTP/1.1
User-Agent: selenium/4.8.1 (java windows)
Content-Length: 132
Content-Type: application/json; charset=utf-8
host: localhost:13941
accept: */*

Response DefaultHttpResponse(decodeResult: success, version: HTTP/1.1)
HTTP/1.1 200 OK
Content-Length: 95
Content-Type: application/json; charset=utf-8
cache-control: no-cache

18:14:30.163 [AsyncHttpClient-1-2] DEBUG org.asynchttpclient.netty.channel.ChannelManager - Adding key: http://localhost:13941 for channel [id: 0x2230a473, L:/127.0.0.1:62755 - R:localhost/127.0.0.1:13941]
18:14:30.167 [Forwarding clickElement on session 3b9a4bd1b3bea5496f750e26db84d61f to remote] DEBUG org.asynchttpclient.netty.request.NettyRequestSender - Using pooled Channel '[id: 0x2230a473, L:/127.0.0.1:62755 - R:localhost/127.0.0.1:13941]' for 'POST' to 'http://localhost:13941/session/3b9a4bd1b3bea5496f750e26db84d61f/element/2A059CC02910BEE92E71A652E20B3FB2_element_26/click'
18:14:30.167 [Forwarding clickElement on session 3b9a4bd1b3bea5496f750e26db84d61f to remote] DEBUG org.asynchttpclient.netty.request.NettyRequestSender - Using open Channel [id: 0x2230a473, L:/127.0.0.1:62755 - R:localhost/127.0.0.1:13941] for POST '/session/3b9a4bd1b3bea5496f750e26db84d61f/element/2A059CC02910BEE92E71A652E20B3FB2_element_26/click'
18:14:30.539 [AsyncHttpClient-1-2] DEBUG org.asynchttpclient.netty.handler.HttpHandler - 

Request DefaultHttpRequest(decodeResult: success, version: HTTP/1.1)
POST /session/3b9a4bd1b3bea5496f750e26db84d61f/element/2A059CC02910BEE92E71A652E20B3FB2_element_26/click HTTP/1.1
User-Agent: selenium/4.8.1 (java windows)
Content-Length: 57
Content-Type: application/json; charset=utf-8
host: localhost:13941
accept: */*

Response DefaultHttpResponse(decodeResult: success, version: HTTP/1.1)
HTTP/1.1 200 OK
Content-Length: 14
Content-Type: application/json; charset=utf-8
cache-control: no-cache

18:14:30.539 [AsyncHttpClient-1-2] DEBUG org.asynchttpclient.netty.channel.ChannelManager - Adding key: http://localhost:13941 for channel [id: 0x2230a473, L:/127.0.0.1:62755 - R:localhost/127.0.0.1:13941]
18:14:30.555 [main] DEBUG net.thucydides.core.steps.StepInterceptor - STEP DONE: adminClickSaveButton
  &amp#27;[32mThen &amp#27;[0m&amp#27;[32madmin click pop up yes delete cashier&amp#27;[0m &amp#27;[90m# starter.stepdefinitions.CashierSteps.adminSeePopUpConfirmDelete()&amp#27;[0m
18:14:30.577 [main] INFO  - 
  _____   ___   ___   _____     ___     _     ___   ___   ___   ___  
 |_   _| | __| / __| |_   _|   | _ \   /_\   / __| / __| | __| |   \ 
   | |   | _|  \__ \   | |     |  _/  / _ \  \__ \ \__ \ | _|  | |) |
   |_|   |___| |___/   |_|     |_|   /_/ \_\ |___/ |___/ |___| |___/ 

As an admin I can Delete Cashier
----------------------------------------------------------------------
18:14:30.703 [AsyncHttpClient-1-1] DEBUG org.asynchttpclient.netty.channel.DefaultChannelPool - Entry count for : http://localhost:13941 : 1
18:14:30.703 [AsyncHttpClient-1-1] DEBUG org.asynchttpclient.netty.channel.DefaultChannelPool - Entry count for : http://localhost:62756 : 1
18:14:30.790 [Driver Command Executor] DEBUG org.asynchttpclient.netty.request.NettyRequestSender - Using pooled Channel '[id: 0x2230a473, L:/127.0.0.1:62755 - R:localhost/127.0.0.1:13941]' for 'DELETE' to 'http://localhost:13941/session/3b9a4bd1b3bea5496f750e26db84d61f'
18:14:30.791 [Driver Command Executor] DEBUG org.asynchttpclient.netty.request.NettyRequestSender - Using open Channel [id: 0x2230a473, L:/127.0.0.1:62755 - R:localhost/127.0.0.1:13941] for DELETE '/session/3b9a4bd1b3bea5496f750e26db84d61f'
18:14:31.802 [AsyncHttpClient-1-1] DEBUG org.asynchttpclient.netty.channel.DefaultChannelPool - Entry count for : http://localhost:62756 : 1
18:14:32.914 [AsyncHttpClient-1-1] DEBUG org.asynchttpclient.netty.channel.DefaultChannelPool - Entry count for : http://localhost:62756 : 1
18:14:34.001 [AsyncHttpClient-1-1] DEBUG org.asynchttpclient.netty.channel.DefaultChannelPool - Entry count for : http://localhost:62756 : 1
18:14:34.204 [AsyncHttpClient-1-4] DEBUG org.asynchttpclient.netty.handler.WebSocketHandler - Unexpected I/O exception on channel [id: 0xb08fbda2, L:/127.0.0.1:62764 - R:localhost/127.0.0.1:62756]
java.io.IOException: An existing connection was forcibly closed by the remote host
	at sun.nio.ch.SocketDispatcher.read0(Native Method)
	at sun.nio.ch.SocketDispatcher.read(SocketDispatcher.java:43)
	at sun.nio.ch.IOUtil.readIntoNativeBuffer(IOUtil.java:223)
	at sun.nio.ch.IOUtil.read(IOUtil.java:192)
	at sun.nio.ch.SocketChannelImpl.read(SocketChannelImpl.java:380)
	at io.netty.buffer.PooledByteBuf.setBytes(PooledByteBuf.java:259)
	at io.netty.buffer.AbstractByteBuf.writeBytes(AbstractByteBuf.java:1132)
	at io.netty.channel.socket.nio.NioSocketChannel.doReadBytes(NioSocketChannel.java:357)
	at io.netty.channel.nio.AbstractNioByteChannel$NioByteUnsafe.read(AbstractNioByteChannel.java:151)
	at io.netty.channel.nio.NioEventLoop.processSelectedKey(NioEventLoop.java:788)
	at io.netty.channel.nio.NioEventLoop.processSelectedKeysOptimized(NioEventLoop.java:724)
	at io.netty.channel.nio.NioEventLoop.processSelectedKeys(NioEventLoop.java:650)
	at io.netty.channel.nio.NioEventLoop.run(NioEventLoop.java:562)
	at io.netty.util.concurrent.SingleThreadEventExecutor$4.run(SingleThreadEventExecutor.java:997)
	at io.netty.util.internal.ThreadExecutorMap$2.run(ThreadExecutorMap.java:74)
	at io.netty.util.concurrent.FastThreadLocalRunnable.run(FastThreadLocalRunnable.java:30)
	at java.lang.Thread.run(Thread.java:748)
18:14:34.204 [AsyncHttpClient-1-3] DEBUG org.asynchttpclient.netty.handler.HttpHandler - Unexpected I/O exception on channel [id: 0x2143263f, L:/127.0.0.1:62763 - R:localhost/127.0.0.1:62756]
java.io.IOException: An existing connection was forcibly closed by the remote host
	at sun.nio.ch.SocketDispatcher.read0(Native Method)
	at sun.nio.ch.SocketDispatcher.read(SocketDispatcher.java:43)
	at sun.nio.ch.IOUtil.readIntoNativeBuffer(IOUtil.java:223)
	at sun.nio.ch.IOUtil.read(IOUtil.java:192)
	at sun.nio.ch.SocketChannelImpl.read(SocketChannelImpl.java:380)
	at io.netty.buffer.PooledByteBuf.setBytes(PooledByteBuf.java:259)
	at io.netty.buffer.AbstractByteBuf.writeBytes(AbstractByteBuf.java:1132)
	at io.netty.channel.socket.nio.NioSocketChannel.doReadBytes(NioSocketChannel.java:357)
	at io.netty.channel.nio.AbstractNioByteChannel$NioByteUnsafe.read(AbstractNioByteChannel.java:151)
	at io.netty.channel.nio.NioEventLoop.processSelectedKey(NioEventLoop.java:788)
	at io.netty.channel.nio.NioEventLoop.processSelectedKeysOptimized(NioEventLoop.java:724)
	at io.netty.channel.nio.NioEventLoop.processSelectedKeys(NioEventLoop.java:650)
	at io.netty.channel.nio.NioEventLoop.run(NioEventLoop.java:562)
	at io.netty.util.concurrent.SingleThreadEventExecutor$4.run(SingleThreadEventExecutor.java:997)
	at io.netty.util.internal.ThreadExecutorMap$2.run(ThreadExecutorMap.java:74)
	at io.netty.util.concurrent.FastThreadLocalRunnable.run(FastThreadLocalRunnable.java:30)
	at java.lang.Thread.run(Thread.java:748)
18:14:34.205 [AsyncHttpClient-1-3] DEBUG org.asynchttpclient.netty.channel.ChannelManager - Closing Channel [id: 0x2143263f, L:/127.0.0.1:62763 - R:localhost/127.0.0.1:62756] 
18:14:34.206 [AsyncHttpClient-1-4] DEBUG org.asynchttpclient.netty.handler.WebSocketHandler - Trying to recover from dead Channel: [id: 0xb08fbda2, L:/127.0.0.1:62764 - R:localhost/127.0.0.1:62756]
18:14:34.207 [AsyncHttpClient-1-4] DEBUG org.asynchttpclient.netty.handler.WebSocketHandler - Channel Closed: [id: 0xb08fbda2, L:/127.0.0.1:62764 ! R:localhost/127.0.0.1:62756] with attribute NettyResponseFuture{currentRetry=0,
	isDone=1,
	isCancelled=0,
	asyncHandler=org.asynchttpclient.ws.WebSocketUpgradeHandler@526a25ec,
	nettyRequest=org.asynchttpclient.netty.request.NettyRequest@2b2db078,
	future=java.util.concurrent.CompletableFuture@6e381ff2[Completed normally],
	uri=ws://localhost:62756/devtools/browser/f7608b52-58b3-4883-ae5e-651e6321fd40,
	keepAlive=true,
	redirectCount=0,
	timeoutsHolder=null,
	inAuth=0,
	touch=1687691674205}
18:14:34.207 [AsyncHttpClient-1-4] DEBUG org.asynchttpclient.netty.channel.ChannelManager - Closing Channel [id: 0xb08fbda2, L:/127.0.0.1:62764 ! R:localhost/127.0.0.1:62756] 
18:14:34.209 [AsyncHttpClient-1-3] DEBUG org.asynchttpclient.netty.handler.HttpHandler - Channel Closed: [id: 0x2143263f, L:/127.0.0.1:62763 ! R:localhost/127.0.0.1:62756] with attribute DISCARD
18:14:34.252 [AsyncHttpClient-1-2] DEBUG org.asynchttpclient.netty.handler.HttpHandler - 

Request DefaultFullHttpRequest(decodeResult: success, version: HTTP/1.1, content: EmptyByteBufBE)
DELETE /session/3b9a4bd1b3bea5496f750e26db84d61f HTTP/1.1
User-Agent: selenium/4.8.1 (java windows)
Content-Type: application/json; charset=utf-8
host: localhost:13941
accept: */*

Response DefaultHttpResponse(decodeResult: success, version: HTTP/1.1)
HTTP/1.1 200 OK
Content-Length: 14
Content-Type: application/json; charset=utf-8
cache-control: no-cache

18:14:34.252 [AsyncHttpClient-1-2] DEBUG org.asynchttpclient.netty.channel.ChannelManager - Adding key: http://localhost:13941 for channel [id: 0x2230a473, L:/127.0.0.1:62755 - R:localhost/127.0.0.1:13941]
18:14:34.413 [AsyncHttpClient-1-2] DEBUG org.asynchttpclient.netty.handler.HttpHandler - Channel Closed: [id: 0x2230a473, L:/127.0.0.1:62755 ! R:localhost/127.0.0.1:13941] with attribute DISCARD
]]></system-out>
    <system-err><![CDATA[Starting ChromeDriver 114.0.5735.90 (386bc09e8f4f2e025eddae123f36f6263096ae49-refs/branch-heads/5735@{#1052}) on port 13941
Only local connections are allowed.
Please see https://chromedriver.chromium.org/security-considerations for suggestions on keeping ChromeDriver safe.
ChromeDriver was started successfully.
Jun 25, 2023 6:14:19 PM org.openqa.selenium.devtools.CdpVersionFinder findNearestMatch
WARNING: Unable to find an exact match for CDP version 114, so returning the closest version found: 110
]]></system-err>
  </testcase>
  <testcase name="As an admin I can search for data in the membership page" classname="Cashier" time="10.317">
    <system-out><![CDATA[
@SearchCashierByName
Scenario: As an admin I can search for data in the membership page  &amp#27;[90m# src/test/resources/features/Cashier/Cashier.feature:18&amp#27;[0m
18:14:34.992 [main] DEBUG io.cucumber.core.plugin.SerenityReporter - Running feature from file:///C:/Users/zulfa/IdeaProjects/Capstone-WEB/src/test/resources/features/Cashier/Cashier.feature
18:14:35.002 [main] INFO  - 
  _____   ___   ___   _____     ___   _____     _     ___   _____   ___   ___  
 |_   _| | __| / __| |_   _|   / __| |_   _|   /_\   | _ \ |_   _| | __| |   \ 
   | |   | _|  \__ \   | |     \__ \   | |    / _ \  |   /   | |   | _|  | |) |
   |_|   |___| |___/   |_|     |___/   |_|   /_/ \_\ |_|_\   |_|   |___| |___/ 

As an admin I can search for data in the membership page(cashier;as-an-admin-i-can-search-for-data-in-the-membership-page)
--------------------------------------------------------------------------------
18:14:35.047 [main] DEBUG net.thucydides.core.steps.StepInterceptor - STARTING STEP: LoginSteps.adminOnLoginPage - onLoginPage
18:14:35.095 [AsyncHttpClient-1-1] DEBUG org.asynchttpclient.netty.channel.DefaultChannelPool - Entry count for : http://localhost:13941 : 1
18:14:35.095 [AsyncHttpClient-1-1] DEBUG org.asynchttpclient.netty.channel.DefaultChannelPool - Entry count for : http://localhost:62756 : 1
18:14:35.095 [AsyncHttpClient-1-1] DEBUG org.asynchttpclient.netty.channel.DefaultChannelPool - Adding Candidate expired Channel [id: 0x2230a473, L:/127.0.0.1:62755 ! R:localhost/127.0.0.1:13941] isIdleTimeoutExpired=false isRemotelyClosed=true isTtlExpired=false
18:14:35.095 [AsyncHttpClient-1-1] DEBUG org.asynchttpclient.netty.channel.DefaultChannelPool - Closing Idle Channel [id: 0x2230a473, L:/127.0.0.1:62755 ! R:localhost/127.0.0.1:13941]
18:14:35.095 [AsyncHttpClient-1-1] DEBUG org.asynchttpclient.netty.channel.DefaultChannelPool - Adding Candidate expired Channel [id: 0x2143263f, L:/127.0.0.1:62763 ! R:localhost/127.0.0.1:62756] isIdleTimeoutExpired=false isRemotelyClosed=true isTtlExpired=false
18:14:35.095 [AsyncHttpClient-1-1] DEBUG org.asynchttpclient.netty.channel.DefaultChannelPool - Closing Idle Channel [id: 0x2143263f, L:/127.0.0.1:62763 ! R:localhost/127.0.0.1:62756]
18:14:35.096 [AsyncHttpClient-1-1] DEBUG org.asynchttpclient.netty.channel.DefaultChannelPool - Closed 2 connections out of 2 in 1 ms
18:14:35.170 [main] INFO net.serenitybdd.core.webdriver.driverproviders.ChromeDriverProvider - Starting Chrome driver instance with capabilities:
18:14:35.171 [main] INFO net.serenitybdd.core.webdriver.driverproviders.ChromeDriverProvider - Capabilities {acceptInsecureCerts: true, browserName: chrome, goog:chromeOptions: {args: [remote-allow-origins=*, test-type, no-sandbox, ignore-certificate-errors, start-maximized, incognito, disable-infobars, disable-gpu, disable-default-apps, disable-popup-blocking, remote-allow-origins=*, test-type, no-sandbox, ignore-certificate-errors, start-maximized, incognito, disable-infobars, disable-gpu, disable-default-apps, disable-popup-blocking, remote-allow-origins=*], extensions: []}}
18:14:35.780 [AsyncHttpClient-1-5] DEBUG org.asynchttpclient.netty.channel.NettyConnectListener - Using new Channel '[id: 0xd780818e, L:/127.0.0.1:62793 - R:localhost/127.0.0.1:16707]' for 'POST' to '/session'
18:14:36.825 [AsyncHttpClient-1-5] DEBUG org.asynchttpclient.netty.handler.HttpHandler - 

Request DefaultHttpRequest(decodeResult: success, version: HTTP/1.1)
POST /session HTTP/1.1
User-Agent: selenium/4.8.1 (java windows)
Content-Length: 1701
Content-Type: application/json; charset=utf-8
host: localhost:16707
accept: */*

Response DefaultHttpResponse(decodeResult: success, version: HTTP/1.1)
HTTP/1.1 200 OK
Content-Length: 860
Content-Type: application/json; charset=utf-8
cache-control: no-cache

18:14:36.825 [AsyncHttpClient-1-5] DEBUG org.asynchttpclient.netty.channel.ChannelManager - Adding key: http://localhost:16707 for channel [id: 0xd780818e, L:/127.0.0.1:62793 - R:localhost/127.0.0.1:16707]
18:14:36.840 [AsyncHttpClient-1-6] DEBUG org.asynchttpclient.netty.channel.NettyConnectListener - Using new Channel '[id: 0xb215ca80, L:/127.0.0.1:62800 - R:localhost/127.0.0.1:62794]' for 'GET' to '/json/version'
18:14:36.842 [AsyncHttpClient-1-6] DEBUG org.asynchttpclient.netty.handler.HttpHandler - 

Request DefaultFullHttpRequest(decodeResult: success, version: HTTP/1.1, content: EmptyByteBufBE)
GET /json/version HTTP/1.1
User-Agent: selenium/4.8.1 (java windows)
host: localhost:62794
accept: */*

Response DefaultHttpResponse(decodeResult: success, version: HTTP/1.1)
HTTP/1.1 200 OK
Content-Security-Policy: frame-ancestors 'none'
Content-Length: 424
Content-Type: application/json; charset=UTF-8

18:14:36.843 [AsyncHttpClient-1-6] DEBUG org.asynchttpclient.netty.channel.ChannelManager - Adding key: http://localhost:62794 for channel [id: 0xb215ca80, L:/127.0.0.1:62800 - R:localhost/127.0.0.1:62794]
18:14:36.850 [AsyncHttpClient-1-7] DEBUG org.asynchttpclient.netty.channel.NettyConnectListener - Using new Channel '[id: 0xf796809b, L:/127.0.0.1:62801 - R:localhost/127.0.0.1:62794]' for 'GET' to '/devtools/browser/01328749-24fb-4176-8e76-1852376c39db'
18:14:36.852 [AsyncHttpClient-1-7] DEBUG org.asynchttpclient.netty.handler.WebSocketHandler - 

Request DefaultFullHttpRequest(decodeResult: success, version: HTTP/1.1, content: EmptyByteBufBE)
GET /devtools/browser/01328749-24fb-4176-8e76-1852376c39db HTTP/1.1
upgrade: websocket
connection: upgrade
sec-websocket-key: dY4MZxb4l+tjBMNrH9cFzA==
sec-websocket-version: 13
origin: http://localhost:62794
host: localhost:62794
accept: */*
user-agent: AHC/2.1

Response DefaultHttpResponse(decodeResult: success, version: HTTP/1.1)
HTTP/1.1 101 WebSocket Protocol Handshake
Upgrade: WebSocket
Connection: Upgrade
Sec-WebSocket-Accept: MOj90o7tdd6+m3Ys8xuNJXcvH5w=

18:14:36.858 [Forwarding get on session 285fdd4c64ba2d7ac980984b1da764b9 to remote] DEBUG org.asynchttpclient.netty.request.NettyRequestSender - Using pooled Channel '[id: 0xd780818e, L:/127.0.0.1:62793 - R:localhost/127.0.0.1:16707]' for 'POST' to 'http://localhost:16707/session/285fdd4c64ba2d7ac980984b1da764b9/url'
18:14:36.858 [Forwarding get on session 285fdd4c64ba2d7ac980984b1da764b9 to remote] DEBUG org.asynchttpclient.netty.request.NettyRequestSender - Using open Channel [id: 0xd780818e, L:/127.0.0.1:62793 - R:localhost/127.0.0.1:16707] for POST '/session/285fdd4c64ba2d7ac980984b1da764b9/url'
18:14:37.294 [AsyncHttpClient-1-1] DEBUG org.asynchttpclient.netty.channel.DefaultChannelPool - Entry count for : http://localhost:62794 : 1
18:14:38.392 [AsyncHttpClient-1-1] DEBUG org.asynchttpclient.netty.channel.DefaultChannelPool - Entry count for : http://localhost:62794 : 1
18:14:39.491 [AsyncHttpClient-1-1] DEBUG org.asynchttpclient.netty.channel.DefaultChannelPool - Entry count for : http://localhost:62794 : 1
18:14:40.486 [AsyncHttpClient-1-5] DEBUG org.asynchttpclient.netty.handler.HttpHandler - 

Request DefaultHttpRequest(decodeResult: success, version: HTTP/1.1)
POST /session/285fdd4c64ba2d7ac980984b1da764b9/url HTTP/1.1
User-Agent: selenium/4.8.1 (java windows)
Content-Length: 61
Content-Type: application/json; charset=utf-8
host: localhost:16707
accept: */*

Response DefaultHttpResponse(decodeResult: success, version: HTTP/1.1)
HTTP/1.1 200 OK
Content-Length: 14
Content-Type: application/json; charset=utf-8
cache-control: no-cache

18:14:40.487 [AsyncHttpClient-1-5] DEBUG org.asynchttpclient.netty.channel.ChannelManager - Adding key: http://localhost:16707 for channel [id: 0xd780818e, L:/127.0.0.1:62793 - R:localhost/127.0.0.1:16707]
18:14:40.490 [Forwarding setTimeout on session 285fdd4c64ba2d7ac980984b1da764b9 to remote] DEBUG org.asynchttpclient.netty.request.NettyRequestSender - Using pooled Channel '[id: 0xd780818e, L:/127.0.0.1:62793 - R:localhost/127.0.0.1:16707]' for 'POST' to 'http://localhost:16707/session/285fdd4c64ba2d7ac980984b1da764b9/timeouts'
18:14:40.491 [Forwarding setTimeout on session 285fdd4c64ba2d7ac980984b1da764b9 to remote] DEBUG org.asynchttpclient.netty.request.NettyRequestSender - Using open Channel [id: 0xd780818e, L:/127.0.0.1:62793 - R:localhost/127.0.0.1:16707] for POST '/session/285fdd4c64ba2d7ac980984b1da764b9/timeouts'
18:14:40.492 [AsyncHttpClient-1-5] DEBUG org.asynchttpclient.netty.handler.HttpHandler - 

Request DefaultHttpRequest(decodeResult: success, version: HTTP/1.1)
POST /session/285fdd4c64ba2d7ac980984b1da764b9/timeouts HTTP/1.1
User-Agent: selenium/4.8.1 (java windows)
Content-Length: 22
Content-Type: application/json; charset=utf-8
host: localhost:16707
accept: */*

Response DefaultHttpResponse(decodeResult: success, version: HTTP/1.1)
HTTP/1.1 200 OK
Content-Length: 14
Content-Type: application/json; charset=utf-8
cache-control: no-cache

18:14:40.493 [AsyncHttpClient-1-5] DEBUG org.asynchttpclient.netty.channel.ChannelManager - Adding key: http://localhost:16707 for channel [id: 0xd780818e, L:/127.0.0.1:62793 - R:localhost/127.0.0.1:16707]
18:14:40.510 [Forwarding findElement on session 285fdd4c64ba2d7ac980984b1da764b9 to remote] DEBUG org.asynchttpclient.netty.request.NettyRequestSender - Using pooled Channel '[id: 0xd780818e, L:/127.0.0.1:62793 - R:localhost/127.0.0.1:16707]' for 'POST' to 'http://localhost:16707/session/285fdd4c64ba2d7ac980984b1da764b9/element'
18:14:40.510 [Forwarding findElement on session 285fdd4c64ba2d7ac980984b1da764b9 to remote] DEBUG org.asynchttpclient.netty.request.NettyRequestSender - Using open Channel [id: 0xd780818e, L:/127.0.0.1:62793 - R:localhost/127.0.0.1:16707] for POST '/session/285fdd4c64ba2d7ac980984b1da764b9/element'
18:14:40.571 [AsyncHttpClient-1-5] DEBUG org.asynchttpclient.netty.handler.HttpHandler - 

Request DefaultHttpRequest(decodeResult: success, version: HTTP/1.1)
POST /session/285fdd4c64ba2d7ac980984b1da764b9/element HTTP/1.1
User-Agent: selenium/4.8.1 (java windows)
Content-Length: 71
Content-Type: application/json; charset=utf-8
host: localhost:16707
accept: */*

Response DefaultHttpResponse(decodeResult: success, version: HTTP/1.1)
HTTP/1.1 200 OK
Content-Length: 94
Content-Type: application/json; charset=utf-8
cache-control: no-cache

18:14:40.572 [AsyncHttpClient-1-5] DEBUG org.asynchttpclient.netty.channel.ChannelManager - Adding key: http://localhost:16707 for channel [id: 0xd780818e, L:/127.0.0.1:62793 - R:localhost/127.0.0.1:16707]
18:14:40.577 [Forwarding isElementDisplayed on session 285fdd4c64ba2d7ac980984b1da764b9 to remote] DEBUG org.asynchttpclient.netty.request.NettyRequestSender - Using pooled Channel '[id: 0xd780818e, L:/127.0.0.1:62793 - R:localhost/127.0.0.1:16707]' for 'POST' to 'http://localhost:16707/session/285fdd4c64ba2d7ac980984b1da764b9/execute/sync'
18:14:40.578 [Forwarding isElementDisplayed on session 285fdd4c64ba2d7ac980984b1da764b9 to remote] DEBUG org.asynchttpclient.netty.request.NettyRequestSender - Using open Channel [id: 0xd780818e, L:/127.0.0.1:62793 - R:localhost/127.0.0.1:16707] for POST '/session/285fdd4c64ba2d7ac980984b1da764b9/execute/sync'
18:14:40.597 [AsyncHttpClient-1-1] DEBUG org.asynchttpclient.netty.channel.DefaultChannelPool - Entry count for : http://localhost:62794 : 1
18:14:40.603 [AsyncHttpClient-1-5] DEBUG org.asynchttpclient.netty.handler.HttpHandler - 

Request DefaultHttpRequest(decodeResult: success, version: HTTP/1.1)
POST /session/285fdd4c64ba2d7ac980984b1da764b9/execute/sync HTTP/1.1
User-Agent: selenium/4.8.1 (java windows)
Content-Length: 48813
Content-Type: application/json; charset=utf-8
host: localhost:16707
accept: */*

Response DefaultHttpResponse(decodeResult: success, version: HTTP/1.1)
HTTP/1.1 200 OK
Content-Length: 14
Content-Type: application/json; charset=utf-8
cache-control: no-cache

18:14:40.604 [AsyncHttpClient-1-5] DEBUG org.asynchttpclient.netty.channel.ChannelManager - Adding key: http://localhost:16707 for channel [id: 0xd780818e, L:/127.0.0.1:62793 - R:localhost/127.0.0.1:16707]
18:14:40.609 [Forwarding isElementDisplayed on session 285fdd4c64ba2d7ac980984b1da764b9 to remote] DEBUG org.asynchttpclient.netty.request.NettyRequestSender - Using pooled Channel '[id: 0xd780818e, L:/127.0.0.1:62793 - R:localhost/127.0.0.1:16707]' for 'POST' to 'http://localhost:16707/session/285fdd4c64ba2d7ac980984b1da764b9/execute/sync'
18:14:40.609 [Forwarding isElementDisplayed on session 285fdd4c64ba2d7ac980984b1da764b9 to remote] DEBUG org.asynchttpclient.netty.request.NettyRequestSender - Using open Channel [id: 0xd780818e, L:/127.0.0.1:62793 - R:localhost/127.0.0.1:16707] for POST '/session/285fdd4c64ba2d7ac980984b1da764b9/execute/sync'
18:14:40.645 [AsyncHttpClient-1-5] DEBUG org.asynchttpclient.netty.handler.HttpHandler - 

Request DefaultHttpRequest(decodeResult: success, version: HTTP/1.1)
POST /session/285fdd4c64ba2d7ac980984b1da764b9/execute/sync HTTP/1.1
User-Agent: selenium/4.8.1 (java windows)
Content-Length: 48813
Content-Type: application/json; charset=utf-8
host: localhost:16707
accept: */*

Response DefaultHttpResponse(decodeResult: success, version: HTTP/1.1)
HTTP/1.1 200 OK
Content-Length: 14
Content-Type: application/json; charset=utf-8
cache-control: no-cache

18:14:40.645 [AsyncHttpClient-1-5] DEBUG org.asynchttpclient.netty.channel.ChannelManager - Adding key: http://localhost:16707 for channel [id: 0xd780818e, L:/127.0.0.1:62793 - R:localhost/127.0.0.1:16707]
18:14:40.649 [main] DEBUG net.thucydides.core.steps.StepInterceptor - STEP DONE: onLoginPage
  &amp#27;[32mGiven &amp#27;[0m&amp#27;[32madmin on login page&amp#27;[0m                                         &amp#27;[90m# starter.stepdefinitions.LoginSteps.adminOnLoginPage()&amp#27;[0m
18:14:40.663 [main] DEBUG net.thucydides.core.steps.StepInterceptor - STARTING STEP: LoginSteps.adminInputValidUsername - inputUsernameField
18:14:40.677 [Forwarding findElement on session 285fdd4c64ba2d7ac980984b1da764b9 to remote] DEBUG org.asynchttpclient.netty.request.NettyRequestSender - Using pooled Channel '[id: 0xd780818e, L:/127.0.0.1:62793 - R:localhost/127.0.0.1:16707]' for 'POST' to 'http://localhost:16707/session/285fdd4c64ba2d7ac980984b1da764b9/element'
18:14:40.677 [Forwarding findElement on session 285fdd4c64ba2d7ac980984b1da764b9 to remote] DEBUG org.asynchttpclient.netty.request.NettyRequestSender - Using open Channel [id: 0xd780818e, L:/127.0.0.1:62793 - R:localhost/127.0.0.1:16707] for POST '/session/285fdd4c64ba2d7ac980984b1da764b9/element'
18:14:40.696 [AsyncHttpClient-1-5] DEBUG org.asynchttpclient.netty.handler.HttpHandler - 

Request DefaultHttpRequest(decodeResult: success, version: HTTP/1.1)
POST /session/285fdd4c64ba2d7ac980984b1da764b9/element HTTP/1.1
User-Agent: selenium/4.8.1 (java windows)
Content-Length: 70
Content-Type: application/json; charset=utf-8
host: localhost:16707
accept: */*

Response DefaultHttpResponse(decodeResult: success, version: HTTP/1.1)
HTTP/1.1 200 OK
Content-Length: 94
Content-Type: application/json; charset=utf-8
cache-control: no-cache

18:14:40.697 [AsyncHttpClient-1-5] DEBUG org.asynchttpclient.netty.channel.ChannelManager - Adding key: http://localhost:16707 for channel [id: 0xd780818e, L:/127.0.0.1:62793 - R:localhost/127.0.0.1:16707]
18:14:40.701 [Forwarding clearElement on session 285fdd4c64ba2d7ac980984b1da764b9 to remote] DEBUG org.asynchttpclient.netty.request.NettyRequestSender - Using pooled Channel '[id: 0xd780818e, L:/127.0.0.1:62793 - R:localhost/127.0.0.1:16707]' for 'POST' to 'http://localhost:16707/session/285fdd4c64ba2d7ac980984b1da764b9/element/3D9FDE19349016D3C9DC6AF66568E8B2_element_3/clear'
18:14:40.701 [Forwarding clearElement on session 285fdd4c64ba2d7ac980984b1da764b9 to remote] DEBUG org.asynchttpclient.netty.request.NettyRequestSender - Using open Channel [id: 0xd780818e, L:/127.0.0.1:62793 - R:localhost/127.0.0.1:16707] for POST '/session/285fdd4c64ba2d7ac980984b1da764b9/element/3D9FDE19349016D3C9DC6AF66568E8B2_element_3/clear'
18:14:40.776 [AsyncHttpClient-1-5] DEBUG org.asynchttpclient.netty.handler.HttpHandler - 

Request DefaultHttpRequest(decodeResult: success, version: HTTP/1.1)
POST /session/285fdd4c64ba2d7ac980984b1da764b9/element/3D9FDE19349016D3C9DC6AF66568E8B2_element_3/clear HTTP/1.1
User-Agent: selenium/4.8.1 (java windows)
Content-Length: 56
Content-Type: application/json; charset=utf-8
host: localhost:16707
accept: */*

Response DefaultHttpResponse(decodeResult: success, version: HTTP/1.1)
HTTP/1.1 200 OK
Content-Length: 14
Content-Type: application/json; charset=utf-8
cache-control: no-cache

18:14:40.776 [AsyncHttpClient-1-5] DEBUG org.asynchttpclient.netty.channel.ChannelManager - Adding key: http://localhost:16707 for channel [id: 0xd780818e, L:/127.0.0.1:62793 - R:localhost/127.0.0.1:16707]
18:14:40.779 [Forwarding sendKeysToElement on session 285fdd4c64ba2d7ac980984b1da764b9 to remote] DEBUG org.asynchttpclient.netty.request.NettyRequestSender - Using pooled Channel '[id: 0xd780818e, L:/127.0.0.1:62793 - R:localhost/127.0.0.1:16707]' for 'POST' to 'http://localhost:16707/session/285fdd4c64ba2d7ac980984b1da764b9/element/3D9FDE19349016D3C9DC6AF66568E8B2_element_3/value'
18:14:40.779 [Forwarding sendKeysToElement on session 285fdd4c64ba2d7ac980984b1da764b9 to remote] DEBUG org.asynchttpclient.netty.request.NettyRequestSender - Using open Channel [id: 0xd780818e, L:/127.0.0.1:62793 - R:localhost/127.0.0.1:16707] for POST '/session/285fdd4c64ba2d7ac980984b1da764b9/element/3D9FDE19349016D3C9DC6AF66568E8B2_element_3/value'
18:14:40.942 [AsyncHttpClient-1-5] DEBUG org.asynchttpclient.netty.handler.HttpHandler - 

Request DefaultHttpRequest(decodeResult: success, version: HTTP/1.1)
POST /session/285fdd4c64ba2d7ac980984b1da764b9/element/3D9FDE19349016D3C9DC6AF66568E8B2_element_3/value HTTP/1.1
User-Agent: selenium/4.8.1 (java windows)
Content-Length: 137
Content-Type: application/json; charset=utf-8
host: localhost:16707
accept: */*

Response DefaultHttpResponse(decodeResult: success, version: HTTP/1.1)
HTTP/1.1 200 OK
Content-Length: 14
Content-Type: application/json; charset=utf-8
cache-control: no-cache

18:14:40.943 [AsyncHttpClient-1-5] DEBUG org.asynchttpclient.netty.channel.ChannelManager - Adding key: http://localhost:16707 for channel [id: 0xd780818e, L:/127.0.0.1:62793 - R:localhost/127.0.0.1:16707]
18:14:40.956 [main] DEBUG net.thucydides.core.steps.StepInterceptor - STEP DONE: inputUsernameField
  &amp#27;[32mWhen &amp#27;[0m&amp#27;[32madmin input valid username&amp#27;[0m                                   &amp#27;[90m# starter.stepdefinitions.LoginSteps.adminInputValidUsername()&amp#27;[0m
18:14:40.972 [main] DEBUG net.thucydides.core.steps.StepInterceptor - STARTING STEP: LoginSteps.adminInputValidPassword - inputPasswordField
18:14:40.978 [Forwarding findElement on session 285fdd4c64ba2d7ac980984b1da764b9 to remote] DEBUG org.asynchttpclient.netty.request.NettyRequestSender - Using pooled Channel '[id: 0xd780818e, L:/127.0.0.1:62793 - R:localhost/127.0.0.1:16707]' for 'POST' to 'http://localhost:16707/session/285fdd4c64ba2d7ac980984b1da764b9/element'
18:14:40.978 [Forwarding findElement on session 285fdd4c64ba2d7ac980984b1da764b9 to remote] DEBUG org.asynchttpclient.netty.request.NettyRequestSender - Using open Channel [id: 0xd780818e, L:/127.0.0.1:62793 - R:localhost/127.0.0.1:16707] for POST '/session/285fdd4c64ba2d7ac980984b1da764b9/element'
18:14:40.995 [AsyncHttpClient-1-5] DEBUG org.asynchttpclient.netty.handler.HttpHandler - 

Request DefaultHttpRequest(decodeResult: success, version: HTTP/1.1)
POST /session/285fdd4c64ba2d7ac980984b1da764b9/element HTTP/1.1
User-Agent: selenium/4.8.1 (java windows)
Content-Length: 70
Content-Type: application/json; charset=utf-8
host: localhost:16707
accept: */*

Response DefaultHttpResponse(decodeResult: success, version: HTTP/1.1)
HTTP/1.1 200 OK
Content-Length: 94
Content-Type: application/json; charset=utf-8
cache-control: no-cache

18:14:40.995 [AsyncHttpClient-1-5] DEBUG org.asynchttpclient.netty.channel.ChannelManager - Adding key: http://localhost:16707 for channel [id: 0xd780818e, L:/127.0.0.1:62793 - R:localhost/127.0.0.1:16707]
18:14:40.997 [Forwarding clearElement on session 285fdd4c64ba2d7ac980984b1da764b9 to remote] DEBUG org.asynchttpclient.netty.request.NettyRequestSender - Using pooled Channel '[id: 0xd780818e, L:/127.0.0.1:62793 - R:localhost/127.0.0.1:16707]' for 'POST' to 'http://localhost:16707/session/285fdd4c64ba2d7ac980984b1da764b9/element/3D9FDE19349016D3C9DC6AF66568E8B2_element_4/clear'
18:14:40.997 [Forwarding clearElement on session 285fdd4c64ba2d7ac980984b1da764b9 to remote] DEBUG org.asynchttpclient.netty.request.NettyRequestSender - Using open Channel [id: 0xd780818e, L:/127.0.0.1:62793 - R:localhost/127.0.0.1:16707] for POST '/session/285fdd4c64ba2d7ac980984b1da764b9/element/3D9FDE19349016D3C9DC6AF66568E8B2_element_4/clear'
18:14:41.042 [AsyncHttpClient-1-5] DEBUG org.asynchttpclient.netty.handler.HttpHandler - 

Request DefaultHttpRequest(decodeResult: success, version: HTTP/1.1)
POST /session/285fdd4c64ba2d7ac980984b1da764b9/element/3D9FDE19349016D3C9DC6AF66568E8B2_element_4/clear HTTP/1.1
User-Agent: selenium/4.8.1 (java windows)
Content-Length: 56
Content-Type: application/json; charset=utf-8
host: localhost:16707
accept: */*

Response DefaultHttpResponse(decodeResult: success, version: HTTP/1.1)
HTTP/1.1 200 OK
Content-Length: 14
Content-Type: application/json; charset=utf-8
cache-control: no-cache

18:14:41.043 [AsyncHttpClient-1-5] DEBUG org.asynchttpclient.netty.channel.ChannelManager - Adding key: http://localhost:16707 for channel [id: 0xd780818e, L:/127.0.0.1:62793 - R:localhost/127.0.0.1:16707]
18:14:41.046 [Forwarding sendKeysToElement on session 285fdd4c64ba2d7ac980984b1da764b9 to remote] DEBUG org.asynchttpclient.netty.request.NettyRequestSender - Using pooled Channel '[id: 0xd780818e, L:/127.0.0.1:62793 - R:localhost/127.0.0.1:16707]' for 'POST' to 'http://localhost:16707/session/285fdd4c64ba2d7ac980984b1da764b9/element/3D9FDE19349016D3C9DC6AF66568E8B2_element_4/value'
18:14:41.046 [Forwarding sendKeysToElement on session 285fdd4c64ba2d7ac980984b1da764b9 to remote] DEBUG org.asynchttpclient.netty.request.NettyRequestSender - Using open Channel [id: 0xd780818e, L:/127.0.0.1:62793 - R:localhost/127.0.0.1:16707] for POST '/session/285fdd4c64ba2d7ac980984b1da764b9/element/3D9FDE19349016D3C9DC6AF66568E8B2_element_4/value'
18:14:41.155 [AsyncHttpClient-1-5] DEBUG org.asynchttpclient.netty.handler.HttpHandler - 

Request DefaultHttpRequest(decodeResult: success, version: HTTP/1.1)
POST /session/285fdd4c64ba2d7ac980984b1da764b9/element/3D9FDE19349016D3C9DC6AF66568E8B2_element_4/value HTTP/1.1
User-Agent: selenium/4.8.1 (java windows)
Content-Length: 137
Content-Type: application/json; charset=utf-8
host: localhost:16707
accept: */*

Response DefaultHttpResponse(decodeResult: success, version: HTTP/1.1)
HTTP/1.1 200 OK
Content-Length: 14
Content-Type: application/json; charset=utf-8
cache-control: no-cache

18:14:41.155 [AsyncHttpClient-1-5] DEBUG org.asynchttpclient.netty.channel.ChannelManager - Adding key: http://localhost:16707 for channel [id: 0xd780818e, L:/127.0.0.1:62793 - R:localhost/127.0.0.1:16707]
18:14:41.160 [main] DEBUG net.thucydides.core.steps.StepInterceptor - STEP DONE: inputPasswordField
  &amp#27;[32mAnd &amp#27;[0m&amp#27;[32madmin input valid password&amp#27;[0m                                    &amp#27;[90m# starter.stepdefinitions.LoginSteps.adminInputValidPassword()&amp#27;[0m
18:14:41.183 [main] DEBUG net.thucydides.core.steps.StepInterceptor - STARTING STEP: LoginSteps.adminClickLoginButton - clickLoginBtn
18:14:41.192 [Forwarding findElement on session 285fdd4c64ba2d7ac980984b1da764b9 to remote] DEBUG org.asynchttpclient.netty.request.NettyRequestSender - Using pooled Channel '[id: 0xd780818e, L:/127.0.0.1:62793 - R:localhost/127.0.0.1:16707]' for 'POST' to 'http://localhost:16707/session/285fdd4c64ba2d7ac980984b1da764b9/element'
18:14:41.192 [Forwarding findElement on session 285fdd4c64ba2d7ac980984b1da764b9 to remote] DEBUG org.asynchttpclient.netty.request.NettyRequestSender - Using open Channel [id: 0xd780818e, L:/127.0.0.1:62793 - R:localhost/127.0.0.1:16707] for POST '/session/285fdd4c64ba2d7ac980984b1da764b9/element'
18:14:41.213 [AsyncHttpClient-1-5] DEBUG org.asynchttpclient.netty.handler.HttpHandler - 

Request DefaultHttpRequest(decodeResult: success, version: HTTP/1.1)
POST /session/285fdd4c64ba2d7ac980984b1da764b9/element HTTP/1.1
User-Agent: selenium/4.8.1 (java windows)
Content-Length: 71
Content-Type: application/json; charset=utf-8
host: localhost:16707
accept: */*

Response DefaultHttpResponse(decodeResult: success, version: HTTP/1.1)
HTTP/1.1 200 OK
Content-Length: 94
Content-Type: application/json; charset=utf-8
cache-control: no-cache

18:14:41.213 [AsyncHttpClient-1-5] DEBUG org.asynchttpclient.netty.channel.ChannelManager - Adding key: http://localhost:16707 for channel [id: 0xd780818e, L:/127.0.0.1:62793 - R:localhost/127.0.0.1:16707]
18:14:41.220 [Forwarding getElementTagName on session 285fdd4c64ba2d7ac980984b1da764b9 to remote] DEBUG org.asynchttpclient.netty.request.NettyRequestSender - Using pooled Channel '[id: 0xd780818e, L:/127.0.0.1:62793 - R:localhost/127.0.0.1:16707]' for 'GET' to 'http://localhost:16707/session/285fdd4c64ba2d7ac980984b1da764b9/element/3D9FDE19349016D3C9DC6AF66568E8B2_element_2/name'
18:14:41.220 [Forwarding getElementTagName on session 285fdd4c64ba2d7ac980984b1da764b9 to remote] DEBUG org.asynchttpclient.netty.request.NettyRequestSender - Using open Channel [id: 0xd780818e, L:/127.0.0.1:62793 - R:localhost/127.0.0.1:16707] for GET '/session/285fdd4c64ba2d7ac980984b1da764b9/element/3D9FDE19349016D3C9DC6AF66568E8B2_element_2/name'
18:14:41.231 [AsyncHttpClient-1-5] DEBUG org.asynchttpclient.netty.handler.HttpHandler - 

Request DefaultFullHttpRequest(decodeResult: success, version: HTTP/1.1, content: EmptyByteBufBE)
GET /session/285fdd4c64ba2d7ac980984b1da764b9/element/3D9FDE19349016D3C9DC6AF66568E8B2_element_2/name HTTP/1.1
User-Agent: selenium/4.8.1 (java windows)
Cache-Control: no-cache
Content-Type: application/json; charset=utf-8
host: localhost:16707
accept: */*

Response DefaultHttpResponse(decodeResult: success, version: HTTP/1.1)
HTTP/1.1 200 OK
Content-Length: 18
Content-Type: application/json; charset=utf-8
cache-control: no-cache

18:14:41.232 [AsyncHttpClient-1-5] DEBUG org.asynchttpclient.netty.channel.ChannelManager - Adding key: http://localhost:16707 for channel [id: 0xd780818e, L:/127.0.0.1:62793 - R:localhost/127.0.0.1:16707]
18:14:41.239 [Forwarding getElementTagName on session 285fdd4c64ba2d7ac980984b1da764b9 to remote] DEBUG org.asynchttpclient.netty.request.NettyRequestSender - Using pooled Channel '[id: 0xd780818e, L:/127.0.0.1:62793 - R:localhost/127.0.0.1:16707]' for 'GET' to 'http://localhost:16707/session/285fdd4c64ba2d7ac980984b1da764b9/element/3D9FDE19349016D3C9DC6AF66568E8B2_element_2/name'
18:14:41.239 [Forwarding getElementTagName on session 285fdd4c64ba2d7ac980984b1da764b9 to remote] DEBUG org.asynchttpclient.netty.request.NettyRequestSender - Using open Channel [id: 0xd780818e, L:/127.0.0.1:62793 - R:localhost/127.0.0.1:16707] for GET '/session/285fdd4c64ba2d7ac980984b1da764b9/element/3D9FDE19349016D3C9DC6AF66568E8B2_element_2/name'
18:14:41.260 [AsyncHttpClient-1-5] DEBUG org.asynchttpclient.netty.handler.HttpHandler - 

Request DefaultFullHttpRequest(decodeResult: success, version: HTTP/1.1, content: EmptyByteBufBE)
GET /session/285fdd4c64ba2d7ac980984b1da764b9/element/3D9FDE19349016D3C9DC6AF66568E8B2_element_2/name HTTP/1.1
User-Agent: selenium/4.8.1 (java windows)
Cache-Control: no-cache
Content-Type: application/json; charset=utf-8
host: localhost:16707
accept: */*

Response DefaultHttpResponse(decodeResult: success, version: HTTP/1.1)
HTTP/1.1 200 OK
Content-Length: 18
Content-Type: application/json; charset=utf-8
cache-control: no-cache

18:14:41.260 [AsyncHttpClient-1-5] DEBUG org.asynchttpclient.netty.channel.ChannelManager - Adding key: http://localhost:16707 for channel [id: 0xd780818e, L:/127.0.0.1:62793 - R:localhost/127.0.0.1:16707]
18:14:41.266 [Forwarding isElementEnabled on session 285fdd4c64ba2d7ac980984b1da764b9 to remote] DEBUG org.asynchttpclient.netty.request.NettyRequestSender - Using pooled Channel '[id: 0xd780818e, L:/127.0.0.1:62793 - R:localhost/127.0.0.1:16707]' for 'GET' to 'http://localhost:16707/session/285fdd4c64ba2d7ac980984b1da764b9/element/3D9FDE19349016D3C9DC6AF66568E8B2_element_2/enabled'
18:14:41.266 [Forwarding isElementEnabled on session 285fdd4c64ba2d7ac980984b1da764b9 to remote] DEBUG org.asynchttpclient.netty.request.NettyRequestSender - Using open Channel [id: 0xd780818e, L:/127.0.0.1:62793 - R:localhost/127.0.0.1:16707] for GET '/session/285fdd4c64ba2d7ac980984b1da764b9/element/3D9FDE19349016D3C9DC6AF66568E8B2_element_2/enabled'
18:14:41.347 [AsyncHttpClient-1-5] DEBUG org.asynchttpclient.netty.handler.HttpHandler - 

Request DefaultFullHttpRequest(decodeResult: success, version: HTTP/1.1, content: EmptyByteBufBE)
GET /session/285fdd4c64ba2d7ac980984b1da764b9/element/3D9FDE19349016D3C9DC6AF66568E8B2_element_2/enabled HTTP/1.1
User-Agent: selenium/4.8.1 (java windows)
Cache-Control: no-cache
Content-Type: application/json; charset=utf-8
host: localhost:16707
accept: */*

Response DefaultHttpResponse(decodeResult: success, version: HTTP/1.1)
HTTP/1.1 200 OK
Content-Length: 14
Content-Type: application/json; charset=utf-8
cache-control: no-cache

18:14:41.348 [AsyncHttpClient-1-5] DEBUG org.asynchttpclient.netty.channel.ChannelManager - Adding key: http://localhost:16707 for channel [id: 0xd780818e, L:/127.0.0.1:62793 - R:localhost/127.0.0.1:16707]
18:14:41.351 [Forwarding isElementEnabled on session 285fdd4c64ba2d7ac980984b1da764b9 to remote] DEBUG org.asynchttpclient.netty.request.NettyRequestSender - Using pooled Channel '[id: 0xd780818e, L:/127.0.0.1:62793 - R:localhost/127.0.0.1:16707]' for 'GET' to 'http://localhost:16707/session/285fdd4c64ba2d7ac980984b1da764b9/element/3D9FDE19349016D3C9DC6AF66568E8B2_element_2/enabled'
18:14:41.352 [Forwarding isElementEnabled on session 285fdd4c64ba2d7ac980984b1da764b9 to remote] DEBUG org.asynchttpclient.netty.request.NettyRequestSender - Using open Channel [id: 0xd780818e, L:/127.0.0.1:62793 - R:localhost/127.0.0.1:16707] for GET '/session/285fdd4c64ba2d7ac980984b1da764b9/element/3D9FDE19349016D3C9DC6AF66568E8B2_element_2/enabled'
18:14:41.402 [AsyncHttpClient-1-5] DEBUG org.asynchttpclient.netty.handler.HttpHandler - 

Request DefaultFullHttpRequest(decodeResult: success, version: HTTP/1.1, content: EmptyByteBufBE)
GET /session/285fdd4c64ba2d7ac980984b1da764b9/element/3D9FDE19349016D3C9DC6AF66568E8B2_element_2/enabled HTTP/1.1
User-Agent: selenium/4.8.1 (java windows)
Cache-Control: no-cache
Content-Type: application/json; charset=utf-8
host: localhost:16707
accept: */*

Response DefaultHttpResponse(decodeResult: success, version: HTTP/1.1)
HTTP/1.1 200 OK
Content-Length: 14
Content-Type: application/json; charset=utf-8
cache-control: no-cache

18:14:41.402 [AsyncHttpClient-1-5] DEBUG org.asynchttpclient.netty.channel.ChannelManager - Adding key: http://localhost:16707 for channel [id: 0xd780818e, L:/127.0.0.1:62793 - R:localhost/127.0.0.1:16707]
18:14:41.407 [Forwarding findElement on session 285fdd4c64ba2d7ac980984b1da764b9 to remote] DEBUG org.asynchttpclient.netty.request.NettyRequestSender - Using pooled Channel '[id: 0xd780818e, L:/127.0.0.1:62793 - R:localhost/127.0.0.1:16707]' for 'POST' to 'http://localhost:16707/session/285fdd4c64ba2d7ac980984b1da764b9/element'
18:14:41.408 [Forwarding findElement on session 285fdd4c64ba2d7ac980984b1da764b9 to remote] DEBUG org.asynchttpclient.netty.request.NettyRequestSender - Using open Channel [id: 0xd780818e, L:/127.0.0.1:62793 - R:localhost/127.0.0.1:16707] for POST '/session/285fdd4c64ba2d7ac980984b1da764b9/element'
18:14:41.454 [AsyncHttpClient-1-5] DEBUG org.asynchttpclient.netty.handler.HttpHandler - 

Request DefaultHttpRequest(decodeResult: success, version: HTTP/1.1)
POST /session/285fdd4c64ba2d7ac980984b1da764b9/element HTTP/1.1
User-Agent: selenium/4.8.1 (java windows)
Content-Length: 71
Content-Type: application/json; charset=utf-8
host: localhost:16707
accept: */*

Response DefaultHttpResponse(decodeResult: success, version: HTTP/1.1)
HTTP/1.1 200 OK
Content-Length: 94
Content-Type: application/json; charset=utf-8
cache-control: no-cache

18:14:41.455 [AsyncHttpClient-1-5] DEBUG org.asynchttpclient.netty.channel.ChannelManager - Adding key: http://localhost:16707 for channel [id: 0xd780818e, L:/127.0.0.1:62793 - R:localhost/127.0.0.1:16707]
18:14:41.458 [Forwarding clickElement on session 285fdd4c64ba2d7ac980984b1da764b9 to remote] DEBUG org.asynchttpclient.netty.request.NettyRequestSender - Using pooled Channel '[id: 0xd780818e, L:/127.0.0.1:62793 - R:localhost/127.0.0.1:16707]' for 'POST' to 'http://localhost:16707/session/285fdd4c64ba2d7ac980984b1da764b9/element/3D9FDE19349016D3C9DC6AF66568E8B2_element_2/click'
18:14:41.458 [Forwarding clickElement on session 285fdd4c64ba2d7ac980984b1da764b9 to remote] DEBUG org.asynchttpclient.netty.request.NettyRequestSender - Using open Channel [id: 0xd780818e, L:/127.0.0.1:62793 - R:localhost/127.0.0.1:16707] for POST '/session/285fdd4c64ba2d7ac980984b1da764b9/element/3D9FDE19349016D3C9DC6AF66568E8B2_element_2/click'
18:14:41.750 [AsyncHttpClient-1-1] DEBUG org.asynchttpclient.netty.channel.DefaultChannelPool - Entry count for : http://localhost:62794 : 1
18:14:42.670 [AsyncHttpClient-1-5] DEBUG org.asynchttpclient.netty.handler.HttpHandler - 

Request DefaultHttpRequest(decodeResult: success, version: HTTP/1.1)
POST /session/285fdd4c64ba2d7ac980984b1da764b9/element/3D9FDE19349016D3C9DC6AF66568E8B2_element_2/click HTTP/1.1
User-Agent: selenium/4.8.1 (java windows)
Content-Length: 56
Content-Type: application/json; charset=utf-8
host: localhost:16707
accept: */*

Response DefaultHttpResponse(decodeResult: success, version: HTTP/1.1)
HTTP/1.1 400 Bad Request
Content-Length: 1059
Content-Type: application/json; charset=utf-8
cache-control: no-cache

18:14:42.671 [AsyncHttpClient-1-5] DEBUG org.asynchttpclient.netty.channel.ChannelManager - Adding key: http://localhost:16707 for channel [id: 0xd780818e, L:/127.0.0.1:62793 - R:localhost/127.0.0.1:16707]
18:14:42.790 [AsyncHttpClient-1-1] DEBUG org.asynchttpclient.netty.channel.DefaultChannelPool - Entry count for : http://localhost:62794 : 1
18:14:42.790 [AsyncHttpClient-1-1] DEBUG org.asynchttpclient.netty.channel.DefaultChannelPool - Entry count for : http://localhost:16707 : 1
18:14:42.934 [Forwarding clickElement on session 285fdd4c64ba2d7ac980984b1da764b9 to remote] DEBUG org.asynchttpclient.netty.request.NettyRequestSender - Using pooled Channel '[id: 0xd780818e, L:/127.0.0.1:62793 - R:localhost/127.0.0.1:16707]' for 'POST' to 'http://localhost:16707/session/285fdd4c64ba2d7ac980984b1da764b9/element/3D9FDE19349016D3C9DC6AF66568E8B2_element_2/click'
18:14:42.934 [Forwarding clickElement on session 285fdd4c64ba2d7ac980984b1da764b9 to remote] DEBUG org.asynchttpclient.netty.request.NettyRequestSender - Using open Channel [id: 0xd780818e, L:/127.0.0.1:62793 - R:localhost/127.0.0.1:16707] for POST '/session/285fdd4c64ba2d7ac980984b1da764b9/element/3D9FDE19349016D3C9DC6AF66568E8B2_element_2/click'
18:14:43.028 [AsyncHttpClient-1-5] DEBUG org.asynchttpclient.netty.handler.HttpHandler - 

Request DefaultHttpRequest(decodeResult: success, version: HTTP/1.1)
POST /session/285fdd4c64ba2d7ac980984b1da764b9/element/3D9FDE19349016D3C9DC6AF66568E8B2_element_2/click HTTP/1.1
User-Agent: selenium/4.8.1 (java windows)
Content-Length: 56
Content-Type: application/json; charset=utf-8
host: localhost:16707
accept: */*

Response DefaultHttpResponse(decodeResult: success, version: HTTP/1.1)
HTTP/1.1 200 OK
Content-Length: 14
Content-Type: application/json; charset=utf-8
cache-control: no-cache

18:14:43.028 [AsyncHttpClient-1-5] DEBUG org.asynchttpclient.netty.channel.ChannelManager - Adding key: http://localhost:16707 for channel [id: 0xd780818e, L:/127.0.0.1:62793 - R:localhost/127.0.0.1:16707]
18:14:43.034 [main] DEBUG net.thucydides.core.steps.StepInterceptor - STEP DONE: clickLoginBtn
  &amp#27;[32mAnd &amp#27;[0m&amp#27;[32madmin click login button&amp#27;[0m                                      &amp#27;[90m# starter.stepdefinitions.LoginSteps.adminClickLoginButton()&amp#27;[0m
18:14:43.045 [main] DEBUG net.thucydides.core.steps.StepInterceptor - STARTING STEP: LoginSteps.adminOnProductsPage - userOnDashboardPage
18:14:43.052 [Forwarding findElement on session 285fdd4c64ba2d7ac980984b1da764b9 to remote] DEBUG org.asynchttpclient.netty.request.NettyRequestSender - Using pooled Channel '[id: 0xd780818e, L:/127.0.0.1:62793 - R:localhost/127.0.0.1:16707]' for 'POST' to 'http://localhost:16707/session/285fdd4c64ba2d7ac980984b1da764b9/element'
18:14:43.052 [Forwarding findElement on session 285fdd4c64ba2d7ac980984b1da764b9 to remote] DEBUG org.asynchttpclient.netty.request.NettyRequestSender - Using open Channel [id: 0xd780818e, L:/127.0.0.1:62793 - R:localhost/127.0.0.1:16707] for POST '/session/285fdd4c64ba2d7ac980984b1da764b9/element'
18:14:43.373 [AsyncHttpClient-1-5] DEBUG org.asynchttpclient.netty.handler.HttpHandler - 

Request DefaultHttpRequest(decodeResult: success, version: HTTP/1.1)
POST /session/285fdd4c64ba2d7ac980984b1da764b9/element HTTP/1.1
User-Agent: selenium/4.8.1 (java windows)
Content-Length: 74
Content-Type: application/json; charset=utf-8
host: localhost:16707
accept: */*

Response DefaultHttpResponse(decodeResult: success, version: HTTP/1.1)
HTTP/1.1 200 OK
Content-Length: 95
Content-Type: application/json; charset=utf-8
cache-control: no-cache

18:14:43.373 [AsyncHttpClient-1-5] DEBUG org.asynchttpclient.netty.channel.ChannelManager - Adding key: http://localhost:16707 for channel [id: 0xd780818e, L:/127.0.0.1:62793 - R:localhost/127.0.0.1:16707]
18:14:43.379 [Forwarding isElementDisplayed on session 285fdd4c64ba2d7ac980984b1da764b9 to remote] DEBUG org.asynchttpclient.netty.request.NettyRequestSender - Using pooled Channel '[id: 0xd780818e, L:/127.0.0.1:62793 - R:localhost/127.0.0.1:16707]' for 'POST' to 'http://localhost:16707/session/285fdd4c64ba2d7ac980984b1da764b9/execute/sync'
18:14:43.379 [Forwarding isElementDisplayed on session 285fdd4c64ba2d7ac980984b1da764b9 to remote] DEBUG org.asynchttpclient.netty.request.NettyRequestSender - Using open Channel [id: 0xd780818e, L:/127.0.0.1:62793 - R:localhost/127.0.0.1:16707] for POST '/session/285fdd4c64ba2d7ac980984b1da764b9/execute/sync'
18:14:43.392 [AsyncHttpClient-1-5] DEBUG org.asynchttpclient.netty.handler.HttpHandler - 

Request DefaultHttpRequest(decodeResult: success, version: HTTP/1.1)
POST /session/285fdd4c64ba2d7ac980984b1da764b9/execute/sync HTTP/1.1
User-Agent: selenium/4.8.1 (java windows)
Content-Length: 48814
Content-Type: application/json; charset=utf-8
host: localhost:16707
accept: */*

Response DefaultHttpResponse(decodeResult: success, version: HTTP/1.1)
HTTP/1.1 200 OK
Content-Length: 14
Content-Type: application/json; charset=utf-8
cache-control: no-cache

18:14:43.392 [AsyncHttpClient-1-5] DEBUG org.asynchttpclient.netty.channel.ChannelManager - Adding key: http://localhost:16707 for channel [id: 0xd780818e, L:/127.0.0.1:62793 - R:localhost/127.0.0.1:16707]
18:14:43.395 [main] DEBUG net.thucydides.core.steps.StepInterceptor - STEP DONE: userOnDashboardPage
  &amp#27;[32mAnd &amp#27;[0m&amp#27;[32madmin on dashboard page&amp#27;[0m                                       &amp#27;[90m# starter.stepdefinitions.LoginSteps.adminOnProductsPage()&amp#27;[0m
18:14:43.452 [main] DEBUG net.thucydides.core.steps.StepInterceptor - STARTING STEP: CashierSteps.adminClickCashierMenu - adminClickMembershipsMenu
18:14:43.456 [Forwarding findElement on session 285fdd4c64ba2d7ac980984b1da764b9 to remote] DEBUG org.asynchttpclient.netty.request.NettyRequestSender - Using pooled Channel '[id: 0xd780818e, L:/127.0.0.1:62793 - R:localhost/127.0.0.1:16707]' for 'POST' to 'http://localhost:16707/session/285fdd4c64ba2d7ac980984b1da764b9/element'
18:14:43.457 [Forwarding findElement on session 285fdd4c64ba2d7ac980984b1da764b9 to remote] DEBUG org.asynchttpclient.netty.request.NettyRequestSender - Using open Channel [id: 0xd780818e, L:/127.0.0.1:62793 - R:localhost/127.0.0.1:16707] for POST '/session/285fdd4c64ba2d7ac980984b1da764b9/element'
18:14:43.475 [AsyncHttpClient-1-5] DEBUG org.asynchttpclient.netty.handler.HttpHandler - 

Request DefaultHttpRequest(decodeResult: success, version: HTTP/1.1)
POST /session/285fdd4c64ba2d7ac980984b1da764b9/element HTTP/1.1
User-Agent: selenium/4.8.1 (java windows)
Content-Length: 134
Content-Type: application/json; charset=utf-8
host: localhost:16707
accept: */*

Response DefaultHttpResponse(decodeResult: success, version: HTTP/1.1)
HTTP/1.1 200 OK
Content-Length: 95
Content-Type: application/json; charset=utf-8
cache-control: no-cache

18:14:43.475 [AsyncHttpClient-1-5] DEBUG org.asynchttpclient.netty.channel.ChannelManager - Adding key: http://localhost:16707 for channel [id: 0xd780818e, L:/127.0.0.1:62793 - R:localhost/127.0.0.1:16707]
18:14:43.480 [Forwarding getElementTagName on session 285fdd4c64ba2d7ac980984b1da764b9 to remote] DEBUG org.asynchttpclient.netty.request.NettyRequestSender - Using pooled Channel '[id: 0xd780818e, L:/127.0.0.1:62793 - R:localhost/127.0.0.1:16707]' for 'GET' to 'http://localhost:16707/session/285fdd4c64ba2d7ac980984b1da764b9/element/3D9FDE19349016D3C9DC6AF66568E8B2_element_11/name'
18:14:43.480 [Forwarding getElementTagName on session 285fdd4c64ba2d7ac980984b1da764b9 to remote] DEBUG org.asynchttpclient.netty.request.NettyRequestSender - Using open Channel [id: 0xd780818e, L:/127.0.0.1:62793 - R:localhost/127.0.0.1:16707] for GET '/session/285fdd4c64ba2d7ac980984b1da764b9/element/3D9FDE19349016D3C9DC6AF66568E8B2_element_11/name'
18:14:43.489 [AsyncHttpClient-1-5] DEBUG org.asynchttpclient.netty.handler.HttpHandler - 

Request DefaultFullHttpRequest(decodeResult: success, version: HTTP/1.1, content: EmptyByteBufBE)
GET /session/285fdd4c64ba2d7ac980984b1da764b9/element/3D9FDE19349016D3C9DC6AF66568E8B2_element_11/name HTTP/1.1
User-Agent: selenium/4.8.1 (java windows)
Cache-Control: no-cache
Content-Type: application/json; charset=utf-8
host: localhost:16707
accept: */*

Response DefaultHttpResponse(decodeResult: success, version: HTTP/1.1)
HTTP/1.1 200 OK
Content-Length: 15
Content-Type: application/json; charset=utf-8
cache-control: no-cache

18:14:43.489 [AsyncHttpClient-1-5] DEBUG org.asynchttpclient.netty.channel.ChannelManager - Adding key: http://localhost:16707 for channel [id: 0xd780818e, L:/127.0.0.1:62793 - R:localhost/127.0.0.1:16707]
18:14:43.491 [Forwarding getElementTagName on session 285fdd4c64ba2d7ac980984b1da764b9 to remote] DEBUG org.asynchttpclient.netty.request.NettyRequestSender - Using pooled Channel '[id: 0xd780818e, L:/127.0.0.1:62793 - R:localhost/127.0.0.1:16707]' for 'GET' to 'http://localhost:16707/session/285fdd4c64ba2d7ac980984b1da764b9/element/3D9FDE19349016D3C9DC6AF66568E8B2_element_11/name'
18:14:43.491 [Forwarding getElementTagName on session 285fdd4c64ba2d7ac980984b1da764b9 to remote] DEBUG org.asynchttpclient.netty.request.NettyRequestSender - Using open Channel [id: 0xd780818e, L:/127.0.0.1:62793 - R:localhost/127.0.0.1:16707] for GET '/session/285fdd4c64ba2d7ac980984b1da764b9/element/3D9FDE19349016D3C9DC6AF66568E8B2_element_11/name'
18:14:43.497 [AsyncHttpClient-1-5] DEBUG org.asynchttpclient.netty.handler.HttpHandler - 

Request DefaultFullHttpRequest(decodeResult: success, version: HTTP/1.1, content: EmptyByteBufBE)
GET /session/285fdd4c64ba2d7ac980984b1da764b9/element/3D9FDE19349016D3C9DC6AF66568E8B2_element_11/name HTTP/1.1
User-Agent: selenium/4.8.1 (java windows)
Cache-Control: no-cache
Content-Type: application/json; charset=utf-8
host: localhost:16707
accept: */*

Response DefaultHttpResponse(decodeResult: success, version: HTTP/1.1)
HTTP/1.1 200 OK
Content-Length: 15
Content-Type: application/json; charset=utf-8
cache-control: no-cache

18:14:43.497 [AsyncHttpClient-1-5] DEBUG org.asynchttpclient.netty.channel.ChannelManager - Adding key: http://localhost:16707 for channel [id: 0xd780818e, L:/127.0.0.1:62793 - R:localhost/127.0.0.1:16707]
18:14:43.503 [Forwarding findElement on session 285fdd4c64ba2d7ac980984b1da764b9 to remote] DEBUG org.asynchttpclient.netty.request.NettyRequestSender - Using pooled Channel '[id: 0xd780818e, L:/127.0.0.1:62793 - R:localhost/127.0.0.1:16707]' for 'POST' to 'http://localhost:16707/session/285fdd4c64ba2d7ac980984b1da764b9/element'
18:14:43.503 [Forwarding findElement on session 285fdd4c64ba2d7ac980984b1da764b9 to remote] DEBUG org.asynchttpclient.netty.request.NettyRequestSender - Using open Channel [id: 0xd780818e, L:/127.0.0.1:62793 - R:localhost/127.0.0.1:16707] for POST '/session/285fdd4c64ba2d7ac980984b1da764b9/element'
18:14:43.513 [AsyncHttpClient-1-5] DEBUG org.asynchttpclient.netty.handler.HttpHandler - 

Request DefaultHttpRequest(decodeResult: success, version: HTTP/1.1)
POST /session/285fdd4c64ba2d7ac980984b1da764b9/element HTTP/1.1
User-Agent: selenium/4.8.1 (java windows)
Content-Length: 134
Content-Type: application/json; charset=utf-8
host: localhost:16707
accept: */*

Response DefaultHttpResponse(decodeResult: success, version: HTTP/1.1)
HTTP/1.1 200 OK
Content-Length: 95
Content-Type: application/json; charset=utf-8
cache-control: no-cache

18:14:43.513 [AsyncHttpClient-1-5] DEBUG org.asynchttpclient.netty.channel.ChannelManager - Adding key: http://localhost:16707 for channel [id: 0xd780818e, L:/127.0.0.1:62793 - R:localhost/127.0.0.1:16707]
18:14:43.516 [Forwarding clickElement on session 285fdd4c64ba2d7ac980984b1da764b9 to remote] DEBUG org.asynchttpclient.netty.request.NettyRequestSender - Using pooled Channel '[id: 0xd780818e, L:/127.0.0.1:62793 - R:localhost/127.0.0.1:16707]' for 'POST' to 'http://localhost:16707/session/285fdd4c64ba2d7ac980984b1da764b9/element/3D9FDE19349016D3C9DC6AF66568E8B2_element_11/click'
18:14:43.516 [Forwarding clickElement on session 285fdd4c64ba2d7ac980984b1da764b9 to remote] DEBUG org.asynchttpclient.netty.request.NettyRequestSender - Using open Channel [id: 0xd780818e, L:/127.0.0.1:62793 - R:localhost/127.0.0.1:16707] for POST '/session/285fdd4c64ba2d7ac980984b1da764b9/element/3D9FDE19349016D3C9DC6AF66568E8B2_element_11/click'
18:14:43.597 [AsyncHttpClient-1-5] DEBUG org.asynchttpclient.netty.handler.HttpHandler - 

Request DefaultHttpRequest(decodeResult: success, version: HTTP/1.1)
POST /session/285fdd4c64ba2d7ac980984b1da764b9/element/3D9FDE19349016D3C9DC6AF66568E8B2_element_11/click HTTP/1.1
User-Agent: selenium/4.8.1 (java windows)
Content-Length: 57
Content-Type: application/json; charset=utf-8
host: localhost:16707
accept: */*

Response DefaultHttpResponse(decodeResult: success, version: HTTP/1.1)
HTTP/1.1 200 OK
Content-Length: 14
Content-Type: application/json; charset=utf-8
cache-control: no-cache

18:14:43.597 [AsyncHttpClient-1-5] DEBUG org.asynchttpclient.netty.channel.ChannelManager - Adding key: http://localhost:16707 for channel [id: 0xd780818e, L:/127.0.0.1:62793 - R:localhost/127.0.0.1:16707]
18:14:43.608 [main] DEBUG net.thucydides.core.steps.StepInterceptor - STEP DONE: adminClickMembershipsMenu
  &amp#27;[32mAnd &amp#27;[0m&amp#27;[32madmin click cashier menu&amp#27;[0m                                      &amp#27;[90m# starter.stepdefinitions.CashierSteps.adminClickCashierMenu()&amp#27;[0m
18:14:43.627 [main] DEBUG net.thucydides.core.steps.StepInterceptor - STARTING STEP: CashierSteps.adminClickFilterIcon - adminClickFilterIcon
18:14:43.635 [Forwarding findElement on session 285fdd4c64ba2d7ac980984b1da764b9 to remote] DEBUG org.asynchttpclient.netty.request.NettyRequestSender - Using pooled Channel '[id: 0xd780818e, L:/127.0.0.1:62793 - R:localhost/127.0.0.1:16707]' for 'POST' to 'http://localhost:16707/session/285fdd4c64ba2d7ac980984b1da764b9/element'
18:14:43.636 [Forwarding findElement on session 285fdd4c64ba2d7ac980984b1da764b9 to remote] DEBUG org.asynchttpclient.netty.request.NettyRequestSender - Using open Channel [id: 0xd780818e, L:/127.0.0.1:62793 - R:localhost/127.0.0.1:16707] for POST '/session/285fdd4c64ba2d7ac980984b1da764b9/element'
18:14:43.813 [AsyncHttpClient-1-5] DEBUG org.asynchttpclient.netty.handler.HttpHandler - 

Request DefaultHttpRequest(decodeResult: success, version: HTTP/1.1)
POST /session/285fdd4c64ba2d7ac980984b1da764b9/element HTTP/1.1
User-Agent: selenium/4.8.1 (java windows)
Content-Length: 147
Content-Type: application/json; charset=utf-8
host: localhost:16707
accept: */*

Response DefaultHttpResponse(decodeResult: success, version: HTTP/1.1)
HTTP/1.1 200 OK
Content-Length: 95
Content-Type: application/json; charset=utf-8
cache-control: no-cache

18:14:43.813 [AsyncHttpClient-1-5] DEBUG org.asynchttpclient.netty.channel.ChannelManager - Adding key: http://localhost:16707 for channel [id: 0xd780818e, L:/127.0.0.1:62793 - R:localhost/127.0.0.1:16707]
18:14:43.820 [Forwarding getElementTagName on session 285fdd4c64ba2d7ac980984b1da764b9 to remote] DEBUG org.asynchttpclient.netty.request.NettyRequestSender - Using pooled Channel '[id: 0xd780818e, L:/127.0.0.1:62793 - R:localhost/127.0.0.1:16707]' for 'GET' to 'http://localhost:16707/session/285fdd4c64ba2d7ac980984b1da764b9/element/3D9FDE19349016D3C9DC6AF66568E8B2_element_12/name'
18:14:43.820 [Forwarding getElementTagName on session 285fdd4c64ba2d7ac980984b1da764b9 to remote] DEBUG org.asynchttpclient.netty.request.NettyRequestSender - Using open Channel [id: 0xd780818e, L:/127.0.0.1:62793 - R:localhost/127.0.0.1:16707] for GET '/session/285fdd4c64ba2d7ac980984b1da764b9/element/3D9FDE19349016D3C9DC6AF66568E8B2_element_12/name'
18:14:43.828 [AsyncHttpClient-1-5] DEBUG org.asynchttpclient.netty.handler.HttpHandler - 

Request DefaultFullHttpRequest(decodeResult: success, version: HTTP/1.1, content: EmptyByteBufBE)
GET /session/285fdd4c64ba2d7ac980984b1da764b9/element/3D9FDE19349016D3C9DC6AF66568E8B2_element_12/name HTTP/1.1
User-Agent: selenium/4.8.1 (java windows)
Cache-Control: no-cache
Content-Type: application/json; charset=utf-8
host: localhost:16707
accept: */*

Response DefaultHttpResponse(decodeResult: success, version: HTTP/1.1)
HTTP/1.1 200 OK
Content-Length: 18
Content-Type: application/json; charset=utf-8
cache-control: no-cache

18:14:43.829 [AsyncHttpClient-1-5] DEBUG org.asynchttpclient.netty.channel.ChannelManager - Adding key: http://localhost:16707 for channel [id: 0xd780818e, L:/127.0.0.1:62793 - R:localhost/127.0.0.1:16707]
18:14:43.833 [Forwarding getElementTagName on session 285fdd4c64ba2d7ac980984b1da764b9 to remote] DEBUG org.asynchttpclient.netty.request.NettyRequestSender - Using pooled Channel '[id: 0xd780818e, L:/127.0.0.1:62793 - R:localhost/127.0.0.1:16707]' for 'GET' to 'http://localhost:16707/session/285fdd4c64ba2d7ac980984b1da764b9/element/3D9FDE19349016D3C9DC6AF66568E8B2_element_12/name'
18:14:43.833 [Forwarding getElementTagName on session 285fdd4c64ba2d7ac980984b1da764b9 to remote] DEBUG org.asynchttpclient.netty.request.NettyRequestSender - Using open Channel [id: 0xd780818e, L:/127.0.0.1:62793 - R:localhost/127.0.0.1:16707] for GET '/session/285fdd4c64ba2d7ac980984b1da764b9/element/3D9FDE19349016D3C9DC6AF66568E8B2_element_12/name'
18:14:43.840 [AsyncHttpClient-1-5] DEBUG org.asynchttpclient.netty.handler.HttpHandler - 

Request DefaultFullHttpRequest(decodeResult: success, version: HTTP/1.1, content: EmptyByteBufBE)
GET /session/285fdd4c64ba2d7ac980984b1da764b9/element/3D9FDE19349016D3C9DC6AF66568E8B2_element_12/name HTTP/1.1
User-Agent: selenium/4.8.1 (java windows)
Cache-Control: no-cache
Content-Type: application/json; charset=utf-8
host: localhost:16707
accept: */*

Response DefaultHttpResponse(decodeResult: success, version: HTTP/1.1)
HTTP/1.1 200 OK
Content-Length: 18
Content-Type: application/json; charset=utf-8
cache-control: no-cache

18:14:43.851 [AsyncHttpClient-1-5] DEBUG org.asynchttpclient.netty.channel.ChannelManager - Adding key: http://localhost:16707 for channel [id: 0xd780818e, L:/127.0.0.1:62793 - R:localhost/127.0.0.1:16707]
18:14:43.857 [Forwarding isElementEnabled on session 285fdd4c64ba2d7ac980984b1da764b9 to remote] DEBUG org.asynchttpclient.netty.request.NettyRequestSender - Using pooled Channel '[id: 0xd780818e, L:/127.0.0.1:62793 - R:localhost/127.0.0.1:16707]' for 'GET' to 'http://localhost:16707/session/285fdd4c64ba2d7ac980984b1da764b9/element/3D9FDE19349016D3C9DC6AF66568E8B2_element_12/enabled'
18:14:43.857 [Forwarding isElementEnabled on session 285fdd4c64ba2d7ac980984b1da764b9 to remote] DEBUG org.asynchttpclient.netty.request.NettyRequestSender - Using open Channel [id: 0xd780818e, L:/127.0.0.1:62793 - R:localhost/127.0.0.1:16707] for GET '/session/285fdd4c64ba2d7ac980984b1da764b9/element/3D9FDE19349016D3C9DC6AF66568E8B2_element_12/enabled'
18:14:43.872 [AsyncHttpClient-1-5] DEBUG org.asynchttpclient.netty.handler.HttpHandler - 

Request DefaultFullHttpRequest(decodeResult: success, version: HTTP/1.1, content: EmptyByteBufBE)
GET /session/285fdd4c64ba2d7ac980984b1da764b9/element/3D9FDE19349016D3C9DC6AF66568E8B2_element_12/enabled HTTP/1.1
User-Agent: selenium/4.8.1 (java windows)
Cache-Control: no-cache
Content-Type: application/json; charset=utf-8
host: localhost:16707
accept: */*

Response DefaultHttpResponse(decodeResult: success, version: HTTP/1.1)
HTTP/1.1 200 OK
Content-Length: 14
Content-Type: application/json; charset=utf-8
cache-control: no-cache

18:14:43.872 [AsyncHttpClient-1-5] DEBUG org.asynchttpclient.netty.channel.ChannelManager - Adding key: http://localhost:16707 for channel [id: 0xd780818e, L:/127.0.0.1:62793 - R:localhost/127.0.0.1:16707]
18:14:43.876 [Forwarding isElementEnabled on session 285fdd4c64ba2d7ac980984b1da764b9 to remote] DEBUG org.asynchttpclient.netty.request.NettyRequestSender - Using pooled Channel '[id: 0xd780818e, L:/127.0.0.1:62793 - R:localhost/127.0.0.1:16707]' for 'GET' to 'http://localhost:16707/session/285fdd4c64ba2d7ac980984b1da764b9/element/3D9FDE19349016D3C9DC6AF66568E8B2_element_12/enabled'
18:14:43.876 [Forwarding isElementEnabled on session 285fdd4c64ba2d7ac980984b1da764b9 to remote] DEBUG org.asynchttpclient.netty.request.NettyRequestSender - Using open Channel [id: 0xd780818e, L:/127.0.0.1:62793 - R:localhost/127.0.0.1:16707] for GET '/session/285fdd4c64ba2d7ac980984b1da764b9/element/3D9FDE19349016D3C9DC6AF66568E8B2_element_12/enabled'
18:14:43.887 [AsyncHttpClient-1-5] DEBUG org.asynchttpclient.netty.handler.HttpHandler - 

Request DefaultFullHttpRequest(decodeResult: success, version: HTTP/1.1, content: EmptyByteBufBE)
GET /session/285fdd4c64ba2d7ac980984b1da764b9/element/3D9FDE19349016D3C9DC6AF66568E8B2_element_12/enabled HTTP/1.1
User-Agent: selenium/4.8.1 (java windows)
Cache-Control: no-cache
Content-Type: application/json; charset=utf-8
host: localhost:16707
accept: */*

Response DefaultHttpResponse(decodeResult: success, version: HTTP/1.1)
HTTP/1.1 200 OK
Content-Length: 14
Content-Type: application/json; charset=utf-8
cache-control: no-cache

18:14:43.888 [AsyncHttpClient-1-5] DEBUG org.asynchttpclient.netty.channel.ChannelManager - Adding key: http://localhost:16707 for channel [id: 0xd780818e, L:/127.0.0.1:62793 - R:localhost/127.0.0.1:16707]
18:14:43.891 [Forwarding findElement on session 285fdd4c64ba2d7ac980984b1da764b9 to remote] DEBUG org.asynchttpclient.netty.request.NettyRequestSender - Using pooled Channel '[id: 0xd780818e, L:/127.0.0.1:62793 - R:localhost/127.0.0.1:16707]' for 'POST' to 'http://localhost:16707/session/285fdd4c64ba2d7ac980984b1da764b9/element'
18:14:43.891 [Forwarding findElement on session 285fdd4c64ba2d7ac980984b1da764b9 to remote] DEBUG org.asynchttpclient.netty.request.NettyRequestSender - Using open Channel [id: 0xd780818e, L:/127.0.0.1:62793 - R:localhost/127.0.0.1:16707] for POST '/session/285fdd4c64ba2d7ac980984b1da764b9/element'
18:14:43.902 [AsyncHttpClient-1-5] DEBUG org.asynchttpclient.netty.handler.HttpHandler - 

Request DefaultHttpRequest(decodeResult: success, version: HTTP/1.1)
POST /session/285fdd4c64ba2d7ac980984b1da764b9/element HTTP/1.1
User-Agent: selenium/4.8.1 (java windows)
Content-Length: 147
Content-Type: application/json; charset=utf-8
host: localhost:16707
accept: */*

Response DefaultHttpResponse(decodeResult: success, version: HTTP/1.1)
HTTP/1.1 200 OK
Content-Length: 95
Content-Type: application/json; charset=utf-8
cache-control: no-cache

18:14:43.902 [AsyncHttpClient-1-5] DEBUG org.asynchttpclient.netty.channel.ChannelManager - Adding key: http://localhost:16707 for channel [id: 0xd780818e, L:/127.0.0.1:62793 - R:localhost/127.0.0.1:16707]
18:14:43.904 [Forwarding clickElement on session 285fdd4c64ba2d7ac980984b1da764b9 to remote] DEBUG org.asynchttpclient.netty.request.NettyRequestSender - Using pooled Channel '[id: 0xd780818e, L:/127.0.0.1:62793 - R:localhost/127.0.0.1:16707]' for 'POST' to 'http://localhost:16707/session/285fdd4c64ba2d7ac980984b1da764b9/element/3D9FDE19349016D3C9DC6AF66568E8B2_element_12/click'
18:14:43.904 [Forwarding clickElement on session 285fdd4c64ba2d7ac980984b1da764b9 to remote] DEBUG org.asynchttpclient.netty.request.NettyRequestSender - Using open Channel [id: 0xd780818e, L:/127.0.0.1:62793 - R:localhost/127.0.0.1:16707] for POST '/session/285fdd4c64ba2d7ac980984b1da764b9/element/3D9FDE19349016D3C9DC6AF66568E8B2_element_12/click'
18:14:43.906 [AsyncHttpClient-1-1] DEBUG org.asynchttpclient.netty.channel.DefaultChannelPool - Entry count for : http://localhost:62794 : 1
18:14:43.978 [AsyncHttpClient-1-5] DEBUG org.asynchttpclient.netty.handler.HttpHandler - 

Request DefaultHttpRequest(decodeResult: success, version: HTTP/1.1)
POST /session/285fdd4c64ba2d7ac980984b1da764b9/element/3D9FDE19349016D3C9DC6AF66568E8B2_element_12/click HTTP/1.1
User-Agent: selenium/4.8.1 (java windows)
Content-Length: 57
Content-Type: application/json; charset=utf-8
host: localhost:16707
accept: */*

Response DefaultHttpResponse(decodeResult: success, version: HTTP/1.1)
HTTP/1.1 200 OK
Content-Length: 14
Content-Type: application/json; charset=utf-8
cache-control: no-cache

18:14:43.979 [AsyncHttpClient-1-5] DEBUG org.asynchttpclient.netty.channel.ChannelManager - Adding key: http://localhost:16707 for channel [id: 0xd780818e, L:/127.0.0.1:62793 - R:localhost/127.0.0.1:16707]
18:14:43.989 [main] DEBUG net.thucydides.core.steps.StepInterceptor - STEP DONE: adminClickFilterIcon
  &amp#27;[32mAnd &amp#27;[0m&amp#27;[32madmin click filter icon on page cashier&amp#27;[0m                       &amp#27;[90m# starter.stepdefinitions.CashierSteps.adminClickFilterIcon()&amp#27;[0m
18:14:44.007 [main] DEBUG net.thucydides.core.steps.StepInterceptor - STARTING STEP: CashierSteps.adminClickSearchIcon - adminClickSearchIcon
18:14:44.011 [Forwarding findElement on session 285fdd4c64ba2d7ac980984b1da764b9 to remote] DEBUG org.asynchttpclient.netty.request.NettyRequestSender - Using pooled Channel '[id: 0xd780818e, L:/127.0.0.1:62793 - R:localhost/127.0.0.1:16707]' for 'POST' to 'http://localhost:16707/session/285fdd4c64ba2d7ac980984b1da764b9/element'
18:14:44.012 [Forwarding findElement on session 285fdd4c64ba2d7ac980984b1da764b9 to remote] DEBUG org.asynchttpclient.netty.request.NettyRequestSender - Using open Channel [id: 0xd780818e, L:/127.0.0.1:62793 - R:localhost/127.0.0.1:16707] for POST '/session/285fdd4c64ba2d7ac980984b1da764b9/element'
18:14:44.033 [AsyncHttpClient-1-5] DEBUG org.asynchttpclient.netty.handler.HttpHandler - 

Request DefaultHttpRequest(decodeResult: success, version: HTTP/1.1)
POST /session/285fdd4c64ba2d7ac980984b1da764b9/element HTTP/1.1
User-Agent: selenium/4.8.1 (java windows)
Content-Length: 176
Content-Type: application/json; charset=utf-8
host: localhost:16707
accept: */*

Response DefaultHttpResponse(decodeResult: success, version: HTTP/1.1)
HTTP/1.1 200 OK
Content-Length: 95
Content-Type: application/json; charset=utf-8
cache-control: no-cache

18:14:44.033 [AsyncHttpClient-1-5] DEBUG org.asynchttpclient.netty.channel.ChannelManager - Adding key: http://localhost:16707 for channel [id: 0xd780818e, L:/127.0.0.1:62793 - R:localhost/127.0.0.1:16707]
18:14:44.037 [Forwarding getElementTagName on session 285fdd4c64ba2d7ac980984b1da764b9 to remote] DEBUG org.asynchttpclient.netty.request.NettyRequestSender - Using pooled Channel '[id: 0xd780818e, L:/127.0.0.1:62793 - R:localhost/127.0.0.1:16707]' for 'GET' to 'http://localhost:16707/session/285fdd4c64ba2d7ac980984b1da764b9/element/3D9FDE19349016D3C9DC6AF66568E8B2_element_15/name'
18:14:44.037 [Forwarding getElementTagName on session 285fdd4c64ba2d7ac980984b1da764b9 to remote] DEBUG org.asynchttpclient.netty.request.NettyRequestSender - Using open Channel [id: 0xd780818e, L:/127.0.0.1:62793 - R:localhost/127.0.0.1:16707] for GET '/session/285fdd4c64ba2d7ac980984b1da764b9/element/3D9FDE19349016D3C9DC6AF66568E8B2_element_15/name'
18:14:44.044 [AsyncHttpClient-1-5] DEBUG org.asynchttpclient.netty.handler.HttpHandler - 

Request DefaultFullHttpRequest(decodeResult: success, version: HTTP/1.1, content: EmptyByteBufBE)
GET /session/285fdd4c64ba2d7ac980984b1da764b9/element/3D9FDE19349016D3C9DC6AF66568E8B2_element_15/name HTTP/1.1
User-Agent: selenium/4.8.1 (java windows)
Cache-Control: no-cache
Content-Type: application/json; charset=utf-8
host: localhost:16707
accept: */*

Response DefaultHttpResponse(decodeResult: success, version: HTTP/1.1)
HTTP/1.1 200 OK
Content-Length: 17
Content-Type: application/json; charset=utf-8
cache-control: no-cache

18:14:44.045 [AsyncHttpClient-1-5] DEBUG org.asynchttpclient.netty.channel.ChannelManager - Adding key: http://localhost:16707 for channel [id: 0xd780818e, L:/127.0.0.1:62793 - R:localhost/127.0.0.1:16707]
18:14:44.047 [Forwarding getElementTagName on session 285fdd4c64ba2d7ac980984b1da764b9 to remote] DEBUG org.asynchttpclient.netty.request.NettyRequestSender - Using pooled Channel '[id: 0xd780818e, L:/127.0.0.1:62793 - R:localhost/127.0.0.1:16707]' for 'GET' to 'http://localhost:16707/session/285fdd4c64ba2d7ac980984b1da764b9/element/3D9FDE19349016D3C9DC6AF66568E8B2_element_15/name'
18:14:44.047 [Forwarding getElementTagName on session 285fdd4c64ba2d7ac980984b1da764b9 to remote] DEBUG org.asynchttpclient.netty.request.NettyRequestSender - Using open Channel [id: 0xd780818e, L:/127.0.0.1:62793 - R:localhost/127.0.0.1:16707] for GET '/session/285fdd4c64ba2d7ac980984b1da764b9/element/3D9FDE19349016D3C9DC6AF66568E8B2_element_15/name'
18:14:44.058 [AsyncHttpClient-1-5] DEBUG org.asynchttpclient.netty.handler.HttpHandler - 

Request DefaultFullHttpRequest(decodeResult: success, version: HTTP/1.1, content: EmptyByteBufBE)
GET /session/285fdd4c64ba2d7ac980984b1da764b9/element/3D9FDE19349016D3C9DC6AF66568E8B2_element_15/name HTTP/1.1
User-Agent: selenium/4.8.1 (java windows)
Cache-Control: no-cache
Content-Type: application/json; charset=utf-8
host: localhost:16707
accept: */*

Response DefaultHttpResponse(decodeResult: success, version: HTTP/1.1)
HTTP/1.1 200 OK
Content-Length: 17
Content-Type: application/json; charset=utf-8
cache-control: no-cache

18:14:44.058 [AsyncHttpClient-1-5] DEBUG org.asynchttpclient.netty.channel.ChannelManager - Adding key: http://localhost:16707 for channel [id: 0xd780818e, L:/127.0.0.1:62793 - R:localhost/127.0.0.1:16707]
18:14:44.061 [Forwarding isElementEnabled on session 285fdd4c64ba2d7ac980984b1da764b9 to remote] DEBUG org.asynchttpclient.netty.request.NettyRequestSender - Using pooled Channel '[id: 0xd780818e, L:/127.0.0.1:62793 - R:localhost/127.0.0.1:16707]' for 'GET' to 'http://localhost:16707/session/285fdd4c64ba2d7ac980984b1da764b9/element/3D9FDE19349016D3C9DC6AF66568E8B2_element_15/enabled'
18:14:44.061 [Forwarding isElementEnabled on session 285fdd4c64ba2d7ac980984b1da764b9 to remote] DEBUG org.asynchttpclient.netty.request.NettyRequestSender - Using open Channel [id: 0xd780818e, L:/127.0.0.1:62793 - R:localhost/127.0.0.1:16707] for GET '/session/285fdd4c64ba2d7ac980984b1da764b9/element/3D9FDE19349016D3C9DC6AF66568E8B2_element_15/enabled'
18:14:44.074 [AsyncHttpClient-1-5] DEBUG org.asynchttpclient.netty.handler.HttpHandler - 

Request DefaultFullHttpRequest(decodeResult: success, version: HTTP/1.1, content: EmptyByteBufBE)
GET /session/285fdd4c64ba2d7ac980984b1da764b9/element/3D9FDE19349016D3C9DC6AF66568E8B2_element_15/enabled HTTP/1.1
User-Agent: selenium/4.8.1 (java windows)
Cache-Control: no-cache
Content-Type: application/json; charset=utf-8
host: localhost:16707
accept: */*

Response DefaultHttpResponse(decodeResult: success, version: HTTP/1.1)
HTTP/1.1 200 OK
Content-Length: 14
Content-Type: application/json; charset=utf-8
cache-control: no-cache

18:14:44.074 [AsyncHttpClient-1-5] DEBUG org.asynchttpclient.netty.channel.ChannelManager - Adding key: http://localhost:16707 for channel [id: 0xd780818e, L:/127.0.0.1:62793 - R:localhost/127.0.0.1:16707]
18:14:44.077 [Forwarding isElementEnabled on session 285fdd4c64ba2d7ac980984b1da764b9 to remote] DEBUG org.asynchttpclient.netty.request.NettyRequestSender - Using pooled Channel '[id: 0xd780818e, L:/127.0.0.1:62793 - R:localhost/127.0.0.1:16707]' for 'GET' to 'http://localhost:16707/session/285fdd4c64ba2d7ac980984b1da764b9/element/3D9FDE19349016D3C9DC6AF66568E8B2_element_15/enabled'
18:14:44.077 [Forwarding isElementEnabled on session 285fdd4c64ba2d7ac980984b1da764b9 to remote] DEBUG org.asynchttpclient.netty.request.NettyRequestSender - Using open Channel [id: 0xd780818e, L:/127.0.0.1:62793 - R:localhost/127.0.0.1:16707] for GET '/session/285fdd4c64ba2d7ac980984b1da764b9/element/3D9FDE19349016D3C9DC6AF66568E8B2_element_15/enabled'
18:14:44.089 [AsyncHttpClient-1-5] DEBUG org.asynchttpclient.netty.handler.HttpHandler - 

Request DefaultFullHttpRequest(decodeResult: success, version: HTTP/1.1, content: EmptyByteBufBE)
GET /session/285fdd4c64ba2d7ac980984b1da764b9/element/3D9FDE19349016D3C9DC6AF66568E8B2_element_15/enabled HTTP/1.1
User-Agent: selenium/4.8.1 (java windows)
Cache-Control: no-cache
Content-Type: application/json; charset=utf-8
host: localhost:16707
accept: */*

Response DefaultHttpResponse(decodeResult: success, version: HTTP/1.1)
HTTP/1.1 200 OK
Content-Length: 14
Content-Type: application/json; charset=utf-8
cache-control: no-cache

18:14:44.089 [AsyncHttpClient-1-5] DEBUG org.asynchttpclient.netty.channel.ChannelManager - Adding key: http://localhost:16707 for channel [id: 0xd780818e, L:/127.0.0.1:62793 - R:localhost/127.0.0.1:16707]
18:14:44.093 [Forwarding findElement on session 285fdd4c64ba2d7ac980984b1da764b9 to remote] DEBUG org.asynchttpclient.netty.request.NettyRequestSender - Using pooled Channel '[id: 0xd780818e, L:/127.0.0.1:62793 - R:localhost/127.0.0.1:16707]' for 'POST' to 'http://localhost:16707/session/285fdd4c64ba2d7ac980984b1da764b9/element'
18:14:44.093 [Forwarding findElement on session 285fdd4c64ba2d7ac980984b1da764b9 to remote] DEBUG org.asynchttpclient.netty.request.NettyRequestSender - Using open Channel [id: 0xd780818e, L:/127.0.0.1:62793 - R:localhost/127.0.0.1:16707] for POST '/session/285fdd4c64ba2d7ac980984b1da764b9/element'
18:14:44.105 [AsyncHttpClient-1-5] DEBUG org.asynchttpclient.netty.handler.HttpHandler - 

Request DefaultHttpRequest(decodeResult: success, version: HTTP/1.1)
POST /session/285fdd4c64ba2d7ac980984b1da764b9/element HTTP/1.1
User-Agent: selenium/4.8.1 (java windows)
Content-Length: 176
Content-Type: application/json; charset=utf-8
host: localhost:16707
accept: */*

Response DefaultHttpResponse(decodeResult: success, version: HTTP/1.1)
HTTP/1.1 200 OK
Content-Length: 95
Content-Type: application/json; charset=utf-8
cache-control: no-cache

18:14:44.105 [AsyncHttpClient-1-5] DEBUG org.asynchttpclient.netty.channel.ChannelManager - Adding key: http://localhost:16707 for channel [id: 0xd780818e, L:/127.0.0.1:62793 - R:localhost/127.0.0.1:16707]
18:14:44.108 [Forwarding clickElement on session 285fdd4c64ba2d7ac980984b1da764b9 to remote] DEBUG org.asynchttpclient.netty.request.NettyRequestSender - Using pooled Channel '[id: 0xd780818e, L:/127.0.0.1:62793 - R:localhost/127.0.0.1:16707]' for 'POST' to 'http://localhost:16707/session/285fdd4c64ba2d7ac980984b1da764b9/element/3D9FDE19349016D3C9DC6AF66568E8B2_element_15/click'
18:14:44.108 [Forwarding clickElement on session 285fdd4c64ba2d7ac980984b1da764b9 to remote] DEBUG org.asynchttpclient.netty.request.NettyRequestSender - Using open Channel [id: 0xd780818e, L:/127.0.0.1:62793 - R:localhost/127.0.0.1:16707] for POST '/session/285fdd4c64ba2d7ac980984b1da764b9/element/3D9FDE19349016D3C9DC6AF66568E8B2_element_15/click'
18:14:44.179 [AsyncHttpClient-1-5] DEBUG org.asynchttpclient.netty.handler.HttpHandler - 

Request DefaultHttpRequest(decodeResult: success, version: HTTP/1.1)
POST /session/285fdd4c64ba2d7ac980984b1da764b9/element/3D9FDE19349016D3C9DC6AF66568E8B2_element_15/click HTTP/1.1
User-Agent: selenium/4.8.1 (java windows)
Content-Length: 57
Content-Type: application/json; charset=utf-8
host: localhost:16707
accept: */*

Response DefaultHttpResponse(decodeResult: success, version: HTTP/1.1)
HTTP/1.1 200 OK
Content-Length: 14
Content-Type: application/json; charset=utf-8
cache-control: no-cache

18:14:44.179 [AsyncHttpClient-1-5] DEBUG org.asynchttpclient.netty.channel.ChannelManager - Adding key: http://localhost:16707 for channel [id: 0xd780818e, L:/127.0.0.1:62793 - R:localhost/127.0.0.1:16707]
18:14:44.187 [main] DEBUG net.thucydides.core.steps.StepInterceptor - STEP DONE: adminClickSearchIcon
  &amp#27;[32mAnd &amp#27;[0m&amp#27;[32madmin click search icon on page cashier&amp#27;[0m                       &amp#27;[90m# starter.stepdefinitions.CashierSteps.adminClickSearchIcon()&amp#27;[0m
18:14:44.206 [main] DEBUG net.thucydides.core.steps.StepInterceptor - STARTING STEP: CashierSteps.adminInputMembershipNameKeywordsListedInTheSearchField - adminInputMembershipNameKeywordsListedInTheSearchField
18:14:44.213 [Forwarding findElement on session 285fdd4c64ba2d7ac980984b1da764b9 to remote] DEBUG org.asynchttpclient.netty.request.NettyRequestSender - Using pooled Channel '[id: 0xd780818e, L:/127.0.0.1:62793 - R:localhost/127.0.0.1:16707]' for 'POST' to 'http://localhost:16707/session/285fdd4c64ba2d7ac980984b1da764b9/element'
18:14:44.215 [Forwarding findElement on session 285fdd4c64ba2d7ac980984b1da764b9 to remote] DEBUG org.asynchttpclient.netty.request.NettyRequestSender - Using open Channel [id: 0xd780818e, L:/127.0.0.1:62793 - R:localhost/127.0.0.1:16707] for POST '/session/285fdd4c64ba2d7ac980984b1da764b9/element'
18:14:44.230 [AsyncHttpClient-1-5] DEBUG org.asynchttpclient.netty.handler.HttpHandler - 

Request DefaultHttpRequest(decodeResult: success, version: HTTP/1.1)
POST /session/285fdd4c64ba2d7ac980984b1da764b9/element HTTP/1.1
User-Agent: selenium/4.8.1 (java windows)
Content-Length: 176
Content-Type: application/json; charset=utf-8
host: localhost:16707
accept: */*

Response DefaultHttpResponse(decodeResult: success, version: HTTP/1.1)
HTTP/1.1 200 OK
Content-Length: 95
Content-Type: application/json; charset=utf-8
cache-control: no-cache

18:14:44.230 [AsyncHttpClient-1-5] DEBUG org.asynchttpclient.netty.channel.ChannelManager - Adding key: http://localhost:16707 for channel [id: 0xd780818e, L:/127.0.0.1:62793 - R:localhost/127.0.0.1:16707]
18:14:44.233 [Forwarding clearElement on session 285fdd4c64ba2d7ac980984b1da764b9 to remote] DEBUG org.asynchttpclient.netty.request.NettyRequestSender - Using pooled Channel '[id: 0xd780818e, L:/127.0.0.1:62793 - R:localhost/127.0.0.1:16707]' for 'POST' to 'http://localhost:16707/session/285fdd4c64ba2d7ac980984b1da764b9/element/3D9FDE19349016D3C9DC6AF66568E8B2_element_15/clear'
18:14:44.233 [Forwarding clearElement on session 285fdd4c64ba2d7ac980984b1da764b9 to remote] DEBUG org.asynchttpclient.netty.request.NettyRequestSender - Using open Channel [id: 0xd780818e, L:/127.0.0.1:62793 - R:localhost/127.0.0.1:16707] for POST '/session/285fdd4c64ba2d7ac980984b1da764b9/element/3D9FDE19349016D3C9DC6AF66568E8B2_element_15/clear'
18:14:44.288 [AsyncHttpClient-1-5] DEBUG org.asynchttpclient.netty.handler.HttpHandler - 

Request DefaultHttpRequest(decodeResult: success, version: HTTP/1.1)
POST /session/285fdd4c64ba2d7ac980984b1da764b9/element/3D9FDE19349016D3C9DC6AF66568E8B2_element_15/clear HTTP/1.1
User-Agent: selenium/4.8.1 (java windows)
Content-Length: 57
Content-Type: application/json; charset=utf-8
host: localhost:16707
accept: */*

Response DefaultHttpResponse(decodeResult: success, version: HTTP/1.1)
HTTP/1.1 200 OK
Content-Length: 14
Content-Type: application/json; charset=utf-8
cache-control: no-cache

18:14:44.289 [AsyncHttpClient-1-5] DEBUG org.asynchttpclient.netty.channel.ChannelManager - Adding key: http://localhost:16707 for channel [id: 0xd780818e, L:/127.0.0.1:62793 - R:localhost/127.0.0.1:16707]
18:14:44.292 [Forwarding sendKeysToElement on session 285fdd4c64ba2d7ac980984b1da764b9 to remote] DEBUG org.asynchttpclient.netty.request.NettyRequestSender - Using pooled Channel '[id: 0xd780818e, L:/127.0.0.1:62793 - R:localhost/127.0.0.1:16707]' for 'POST' to 'http://localhost:16707/session/285fdd4c64ba2d7ac980984b1da764b9/element/3D9FDE19349016D3C9DC6AF66568E8B2_element_15/value'
18:14:44.292 [Forwarding sendKeysToElement on session 285fdd4c64ba2d7ac980984b1da764b9 to remote] DEBUG org.asynchttpclient.netty.request.NettyRequestSender - Using open Channel [id: 0xd780818e, L:/127.0.0.1:62793 - R:localhost/127.0.0.1:16707] for POST '/session/285fdd4c64ba2d7ac980984b1da764b9/element/3D9FDE19349016D3C9DC6AF66568E8B2_element_15/value'
18:14:44.482 [AsyncHttpClient-1-5] DEBUG org.asynchttpclient.netty.handler.HttpHandler - 

Request DefaultHttpRequest(decodeResult: success, version: HTTP/1.1)
POST /session/285fdd4c64ba2d7ac980984b1da764b9/element/3D9FDE19349016D3C9DC6AF66568E8B2_element_15/value HTTP/1.1
User-Agent: selenium/4.8.1 (java windows)
Content-Length: 138
Content-Type: application/json; charset=utf-8
host: localhost:16707
accept: */*

Response DefaultHttpResponse(decodeResult: success, version: HTTP/1.1)
HTTP/1.1 200 OK
Content-Length: 14
Content-Type: application/json; charset=utf-8
cache-control: no-cache

18:14:44.483 [AsyncHttpClient-1-5] DEBUG org.asynchttpclient.netty.channel.ChannelManager - Adding key: http://localhost:16707 for channel [id: 0xd780818e, L:/127.0.0.1:62793 - R:localhost/127.0.0.1:16707]
18:14:44.490 [main] DEBUG net.thucydides.core.steps.StepInterceptor - STEP DONE: adminInputMembershipNameKeywordsListedInTheSearchField
  &amp#27;[32mThen &amp#27;[0m&amp#27;[32madmin input cashier name keywords listed in the search field&amp#27;[0m &amp#27;[90m# starter.stepdefinitions.CashierSteps.adminInputMembershipNameKeywordsListedInTheSearchField()&amp#27;[0m
18:14:44.500 [main] INFO  - 
  _____   ___   ___   _____     ___     _     ___   ___   ___   ___  
 |_   _| | __| / __| |_   _|   | _ \   /_\   / __| / __| | __| |   \ 
   | |   | _|  \__ \   | |     |  _/  / _ \  \__ \ \__ \ | _|  | |) |
   |_|   |___| |___/   |_|     |_|   /_/ \_\ |___/ |___/ |___| |___/ 

As an admin I can search for data in the membership page
----------------------------------------------------------------------
18:14:44.504 [AsyncHttpClient-1-7] DEBUG org.asynchttpclient.netty.handler.WebSocketHandler - Channel Closed: [id: 0xf796809b, L:/127.0.0.1:62801 ! R:localhost/127.0.0.1:62794] with attribute NettyResponseFuture{currentRetry=0,
	isDone=1,
	isCancelled=0,
	asyncHandler=org.asynchttpclient.ws.WebSocketUpgradeHandler@dcfd50a,
	nettyRequest=org.asynchttpclient.netty.request.NettyRequest@48cd5ad7,
	future=java.util.concurrent.CompletableFuture@7233f9da[Completed normally],
	uri=ws://localhost:62794/devtools/browser/01328749-24fb-4176-8e76-1852376c39db,
	keepAlive=true,
	redirectCount=0,
	timeoutsHolder=null,
	inAuth=0,
	touch=1687691676853}
18:14:44.504 [AsyncHttpClient-1-7] DEBUG org.asynchttpclient.netty.channel.ChannelManager - Closing Channel [id: 0xf796809b, L:/127.0.0.1:62801 ! R:localhost/127.0.0.1:62794] 
18:14:44.508 [Driver Command Executor] DEBUG org.asynchttpclient.netty.request.NettyRequestSender - Using pooled Channel '[id: 0xd780818e, L:/127.0.0.1:62793 - R:localhost/127.0.0.1:16707]' for 'DELETE' to 'http://localhost:16707/session/285fdd4c64ba2d7ac980984b1da764b9'
18:14:44.508 [Driver Command Executor] DEBUG org.asynchttpclient.netty.request.NettyRequestSender - Using open Channel [id: 0xd780818e, L:/127.0.0.1:62793 - R:localhost/127.0.0.1:16707] for DELETE '/session/285fdd4c64ba2d7ac980984b1da764b9'
18:14:44.655 [AsyncHttpClient-1-6] DEBUG org.asynchttpclient.netty.handler.HttpHandler - Unexpected I/O exception on channel [id: 0xb215ca80, L:/127.0.0.1:62800 - R:localhost/127.0.0.1:62794]
java.io.IOException: An existing connection was forcibly closed by the remote host
	at sun.nio.ch.SocketDispatcher.read0(Native Method)
	at sun.nio.ch.SocketDispatcher.read(SocketDispatcher.java:43)
	at sun.nio.ch.IOUtil.readIntoNativeBuffer(IOUtil.java:223)
	at sun.nio.ch.IOUtil.read(IOUtil.java:192)
	at sun.nio.ch.SocketChannelImpl.read(SocketChannelImpl.java:380)
	at io.netty.buffer.PooledByteBuf.setBytes(PooledByteBuf.java:259)
	at io.netty.buffer.AbstractByteBuf.writeBytes(AbstractByteBuf.java:1132)
	at io.netty.channel.socket.nio.NioSocketChannel.doReadBytes(NioSocketChannel.java:357)
	at io.netty.channel.nio.AbstractNioByteChannel$NioByteUnsafe.read(AbstractNioByteChannel.java:151)
	at io.netty.channel.nio.NioEventLoop.processSelectedKey(NioEventLoop.java:788)
	at io.netty.channel.nio.NioEventLoop.processSelectedKeysOptimized(NioEventLoop.java:724)
	at io.netty.channel.nio.NioEventLoop.processSelectedKeys(NioEventLoop.java:650)
	at io.netty.channel.nio.NioEventLoop.run(NioEventLoop.java:562)
	at io.netty.util.concurrent.SingleThreadEventExecutor$4.run(SingleThreadEventExecutor.java:997)
	at io.netty.util.internal.ThreadExecutorMap$2.run(ThreadExecutorMap.java:74)
	at io.netty.util.concurrent.FastThreadLocalRunnable.run(FastThreadLocalRunnable.java:30)
	at java.lang.Thread.run(Thread.java:748)
18:14:44.655 [AsyncHttpClient-1-6] DEBUG org.asynchttpclient.netty.channel.ChannelManager - Closing Channel [id: 0xb215ca80, L:/127.0.0.1:62800 - R:localhost/127.0.0.1:62794] 
18:14:44.655 [AsyncHttpClient-1-6] DEBUG org.asynchttpclient.netty.handler.HttpHandler - Channel Closed: [id: 0xb215ca80, L:/127.0.0.1:62800 ! R:localhost/127.0.0.1:62794] with attribute DISCARD
18:14:44.685 [AsyncHttpClient-1-5] DEBUG org.asynchttpclient.netty.handler.HttpHandler - 

Request DefaultFullHttpRequest(decodeResult: success, version: HTTP/1.1, content: EmptyByteBufBE)
DELETE /session/285fdd4c64ba2d7ac980984b1da764b9 HTTP/1.1
User-Agent: selenium/4.8.1 (java windows)
Content-Type: application/json; charset=utf-8
host: localhost:16707
accept: */*

Response DefaultHttpResponse(decodeResult: success, version: HTTP/1.1)
HTTP/1.1 200 OK
Content-Length: 14
Content-Type: application/json; charset=utf-8
cache-control: no-cache

18:14:44.686 [AsyncHttpClient-1-5] DEBUG org.asynchttpclient.netty.channel.ChannelManager - Adding key: http://localhost:16707 for channel [id: 0xd780818e, L:/127.0.0.1:62793 - R:localhost/127.0.0.1:16707]
18:14:44.768 [AsyncHttpClient-1-5] DEBUG org.asynchttpclient.netty.handler.HttpHandler - Channel Closed: [id: 0xd780818e, L:/127.0.0.1:62793 ! R:localhost/127.0.0.1:16707] with attribute DISCARD
18:14:44.992 [AsyncHttpClient-1-1] DEBUG org.asynchttpclient.netty.channel.DefaultChannelPool - Entry count for : http://localhost:62794 : 1
18:14:44.992 [AsyncHttpClient-1-1] DEBUG org.asynchttpclient.netty.channel.DefaultChannelPool - Entry count for : http://localhost:16707 : 1
18:14:44.992 [AsyncHttpClient-1-1] DEBUG org.asynchttpclient.netty.channel.DefaultChannelPool - Adding Candidate expired Channel [id: 0xb215ca80, L:/127.0.0.1:62800 ! R:localhost/127.0.0.1:62794] isIdleTimeoutExpired=false isRemotelyClosed=true isTtlExpired=false
18:14:44.992 [AsyncHttpClient-1-1] DEBUG org.asynchttpclient.netty.channel.DefaultChannelPool - Closing Idle Channel [id: 0xb215ca80, L:/127.0.0.1:62800 ! R:localhost/127.0.0.1:62794]
18:14:44.992 [AsyncHttpClient-1-1] DEBUG org.asynchttpclient.netty.channel.DefaultChannelPool - Adding Candidate expired Channel [id: 0xd780818e, L:/127.0.0.1:62793 ! R:localhost/127.0.0.1:16707] isIdleTimeoutExpired=false isRemotelyClosed=true isTtlExpired=false
18:14:44.992 [AsyncHttpClient-1-1] DEBUG org.asynchttpclient.netty.channel.DefaultChannelPool - Closing Idle Channel [id: 0xd780818e, L:/127.0.0.1:62793 ! R:localhost/127.0.0.1:16707]
18:14:44.992 [AsyncHttpClient-1-1] DEBUG org.asynchttpclient.netty.channel.DefaultChannelPool - Closed 2 connections out of 2 in 0 ms
]]></system-out>
    <system-err><![CDATA[Starting ChromeDriver 114.0.5735.90 (386bc09e8f4f2e025eddae123f36f6263096ae49-refs/branch-heads/5735@{#1052}) on port 16707
Only local connections are allowed.
Please see https://chromedriver.chromium.org/security-considerations for suggestions on keeping ChromeDriver safe.
ChromeDriver was started successfully.
Jun 25, 2023 6:14:36 PM org.openqa.selenium.devtools.CdpVersionFinder findNearestMatch
WARNING: Unable to find an exact match for CDP version 114, so returning the closest version found: 110
]]></system-err>
  </testcase>
  <testcase name="As an admin I can add cashier" classname="Cashier" time="13.647">
    <system-out><![CDATA[
@AddCashier
Scenario: As an admin I can add cashier          &amp#27;[90m# src/test/resources/features/Cashier/Cashier.feature:30&amp#27;[0m
18:14:45.299 [main] DEBUG io.cucumber.core.plugin.SerenityReporter - Running feature from file:///C:/Users/zulfa/IdeaProjects/Capstone-WEB/src/test/resources/features/Cashier/Cashier.feature
18:14:45.302 [main] INFO  - 
  _____   ___   ___   _____     ___   _____     _     ___   _____   ___   ___  
 |_   _| | __| / __| |_   _|   / __| |_   _|   /_\   | _ \ |_   _| | __| |   \ 
   | |   | _|  \__ \   | |     \__ \   | |    / _ \  |   /   | |   | _|  | |) |
   |_|   |___| |___/   |_|     |___/   |_|   /_/ \_\ |_|_\   |_|   |___| |___/ 

As an admin I can add cashier(cashier;as-an-admin-i-can-add-cashier)
--------------------------------------------------------------------------------
18:14:45.323 [main] DEBUG net.thucydides.core.steps.StepInterceptor - STARTING STEP: LoginSteps.adminOnLoginPage - onLoginPage
18:14:45.392 [main] INFO net.serenitybdd.core.webdriver.driverproviders.ChromeDriverProvider - Starting Chrome driver instance with capabilities:
18:14:45.392 [main] INFO net.serenitybdd.core.webdriver.driverproviders.ChromeDriverProvider - Capabilities {acceptInsecureCerts: true, browserName: chrome, goog:chromeOptions: {args: [remote-allow-origins=*, test-type, no-sandbox, ignore-certificate-errors, start-maximized, incognito, disable-infobars, disable-gpu, disable-default-apps, disable-popup-blocking, remote-allow-origins=*, test-type, no-sandbox, ignore-certificate-errors, start-maximized, incognito, disable-infobars, disable-gpu, disable-default-apps, disable-popup-blocking, remote-allow-origins=*], extensions: []}}
18:14:45.992 [AsyncHttpClient-1-8] DEBUG org.asynchttpclient.netty.channel.NettyConnectListener - Using new Channel '[id: 0x193692cb, L:/127.0.0.1:62824 - R:localhost/127.0.0.1:37098]' for 'POST' to '/session'
18:14:46.942 [AsyncHttpClient-1-8] DEBUG org.asynchttpclient.netty.handler.HttpHandler - 

Request DefaultHttpRequest(decodeResult: success, version: HTTP/1.1)
POST /session HTTP/1.1
User-Agent: selenium/4.8.1 (java windows)
Content-Length: 1701
Content-Type: application/json; charset=utf-8
host: localhost:37098
accept: */*

Response DefaultHttpResponse(decodeResult: success, version: HTTP/1.1)
HTTP/1.1 200 OK
Content-Length: 860
Content-Type: application/json; charset=utf-8
cache-control: no-cache

18:14:46.942 [AsyncHttpClient-1-8] DEBUG org.asynchttpclient.netty.channel.ChannelManager - Adding key: http://localhost:37098 for channel [id: 0x193692cb, L:/127.0.0.1:62824 - R:localhost/127.0.0.1:37098]
18:14:46.962 [AsyncHttpClient-1-9] DEBUG org.asynchttpclient.netty.channel.NettyConnectListener - Using new Channel '[id: 0x6e0ed98c, L:/127.0.0.1:62831 - R:localhost/127.0.0.1:62825]' for 'GET' to '/json/version'
18:14:46.964 [AsyncHttpClient-1-9] DEBUG org.asynchttpclient.netty.handler.HttpHandler - 

Request DefaultFullHttpRequest(decodeResult: success, version: HTTP/1.1, content: EmptyByteBufBE)
GET /json/version HTTP/1.1
User-Agent: selenium/4.8.1 (java windows)
host: localhost:62825
accept: */*

Response DefaultHttpResponse(decodeResult: success, version: HTTP/1.1)
HTTP/1.1 200 OK
Content-Security-Policy: frame-ancestors 'none'
Content-Length: 424
Content-Type: application/json; charset=UTF-8

18:14:46.964 [AsyncHttpClient-1-9] DEBUG org.asynchttpclient.netty.channel.ChannelManager - Adding key: http://localhost:62825 for channel [id: 0x6e0ed98c, L:/127.0.0.1:62831 - R:localhost/127.0.0.1:62825]
18:14:46.969 [AsyncHttpClient-1-2] DEBUG org.asynchttpclient.netty.channel.NettyConnectListener - Using new Channel '[id: 0x2e95195e, L:/127.0.0.1:62832 - R:localhost/127.0.0.1:62825]' for 'GET' to '/devtools/browser/412af47c-a97d-48e3-be22-e4e574d02c7e'
18:14:46.970 [AsyncHttpClient-1-2] DEBUG org.asynchttpclient.netty.handler.WebSocketHandler - 

Request DefaultFullHttpRequest(decodeResult: success, version: HTTP/1.1, content: EmptyByteBufBE)
GET /devtools/browser/412af47c-a97d-48e3-be22-e4e574d02c7e HTTP/1.1
upgrade: websocket
connection: upgrade
sec-websocket-key: bI82i6Iqhz0HrxoVa4ZrTQ==
sec-websocket-version: 13
origin: http://localhost:62825
host: localhost:62825
accept: */*
user-agent: AHC/2.1

Response DefaultHttpResponse(decodeResult: success, version: HTTP/1.1)
HTTP/1.1 101 WebSocket Protocol Handshake
Upgrade: WebSocket
Connection: Upgrade
Sec-WebSocket-Accept: xleovggyUQ8v0ECtZcQAtTv8MEY=

18:14:46.976 [Forwarding get on session 20994eea02e091350b689642c7d95de1 to remote] DEBUG org.asynchttpclient.netty.request.NettyRequestSender - Using pooled Channel '[id: 0x193692cb, L:/127.0.0.1:62824 - R:localhost/127.0.0.1:37098]' for 'POST' to 'http://localhost:37098/session/20994eea02e091350b689642c7d95de1/url'
18:14:46.976 [Forwarding get on session 20994eea02e091350b689642c7d95de1 to remote] DEBUG org.asynchttpclient.netty.request.NettyRequestSender - Using open Channel [id: 0x193692cb, L:/127.0.0.1:62824 - R:localhost/127.0.0.1:37098] for POST '/session/20994eea02e091350b689642c7d95de1/url'
18:14:47.191 [AsyncHttpClient-1-1] DEBUG org.asynchttpclient.netty.channel.DefaultChannelPool - Entry count for : http://localhost:62825 : 1
18:14:48.293 [AsyncHttpClient-1-1] DEBUG org.asynchttpclient.netty.channel.DefaultChannelPool - Entry count for : http://localhost:62825 : 1
18:14:49.398 [AsyncHttpClient-1-1] DEBUG org.asynchttpclient.netty.channel.DefaultChannelPool - Entry count for : http://localhost:62825 : 1
18:14:50.491 [AsyncHttpClient-1-1] DEBUG org.asynchttpclient.netty.channel.DefaultChannelPool - Entry count for : http://localhost:62825 : 1
18:14:51.352 [AsyncHttpClient-1-8] DEBUG org.asynchttpclient.netty.handler.HttpHandler - 

Request DefaultHttpRequest(decodeResult: success, version: HTTP/1.1)
POST /session/20994eea02e091350b689642c7d95de1/url HTTP/1.1
User-Agent: selenium/4.8.1 (java windows)
Content-Length: 61
Content-Type: application/json; charset=utf-8
host: localhost:37098
accept: */*

Response DefaultHttpResponse(decodeResult: success, version: HTTP/1.1)
HTTP/1.1 200 OK
Content-Length: 14
Content-Type: application/json; charset=utf-8
cache-control: no-cache

18:14:51.353 [AsyncHttpClient-1-8] DEBUG org.asynchttpclient.netty.channel.ChannelManager - Adding key: http://localhost:37098 for channel [id: 0x193692cb, L:/127.0.0.1:62824 - R:localhost/127.0.0.1:37098]
18:14:51.355 [Forwarding setTimeout on session 20994eea02e091350b689642c7d95de1 to remote] DEBUG org.asynchttpclient.netty.request.NettyRequestSender - Using pooled Channel '[id: 0x193692cb, L:/127.0.0.1:62824 - R:localhost/127.0.0.1:37098]' for 'POST' to 'http://localhost:37098/session/20994eea02e091350b689642c7d95de1/timeouts'
18:14:51.355 [Forwarding setTimeout on session 20994eea02e091350b689642c7d95de1 to remote] DEBUG org.asynchttpclient.netty.request.NettyRequestSender - Using open Channel [id: 0x193692cb, L:/127.0.0.1:62824 - R:localhost/127.0.0.1:37098] for POST '/session/20994eea02e091350b689642c7d95de1/timeouts'
18:14:51.356 [AsyncHttpClient-1-8] DEBUG org.asynchttpclient.netty.handler.HttpHandler - 

Request DefaultHttpRequest(decodeResult: success, version: HTTP/1.1)
POST /session/20994eea02e091350b689642c7d95de1/timeouts HTTP/1.1
User-Agent: selenium/4.8.1 (java windows)
Content-Length: 22
Content-Type: application/json; charset=utf-8
host: localhost:37098
accept: */*

Response DefaultHttpResponse(decodeResult: success, version: HTTP/1.1)
HTTP/1.1 200 OK
Content-Length: 14
Content-Type: application/json; charset=utf-8
cache-control: no-cache

18:14:51.357 [AsyncHttpClient-1-8] DEBUG org.asynchttpclient.netty.channel.ChannelManager - Adding key: http://localhost:37098 for channel [id: 0x193692cb, L:/127.0.0.1:62824 - R:localhost/127.0.0.1:37098]
18:14:51.365 [Forwarding findElement on session 20994eea02e091350b689642c7d95de1 to remote] DEBUG org.asynchttpclient.netty.request.NettyRequestSender - Using pooled Channel '[id: 0x193692cb, L:/127.0.0.1:62824 - R:localhost/127.0.0.1:37098]' for 'POST' to 'http://localhost:37098/session/20994eea02e091350b689642c7d95de1/element'
18:14:51.365 [Forwarding findElement on session 20994eea02e091350b689642c7d95de1 to remote] DEBUG org.asynchttpclient.netty.request.NettyRequestSender - Using open Channel [id: 0x193692cb, L:/127.0.0.1:62824 - R:localhost/127.0.0.1:37098] for POST '/session/20994eea02e091350b689642c7d95de1/element'
18:14:51.413 [AsyncHttpClient-1-8] DEBUG org.asynchttpclient.netty.handler.HttpHandler - 

Request DefaultHttpRequest(decodeResult: success, version: HTTP/1.1)
POST /session/20994eea02e091350b689642c7d95de1/element HTTP/1.1
User-Agent: selenium/4.8.1 (java windows)
Content-Length: 71
Content-Type: application/json; charset=utf-8
host: localhost:37098
accept: */*

Response DefaultHttpResponse(decodeResult: success, version: HTTP/1.1)
HTTP/1.1 200 OK
Content-Length: 94
Content-Type: application/json; charset=utf-8
cache-control: no-cache

18:14:51.414 [AsyncHttpClient-1-8] DEBUG org.asynchttpclient.netty.channel.ChannelManager - Adding key: http://localhost:37098 for channel [id: 0x193692cb, L:/127.0.0.1:62824 - R:localhost/127.0.0.1:37098]
18:14:51.419 [Forwarding isElementDisplayed on session 20994eea02e091350b689642c7d95de1 to remote] DEBUG org.asynchttpclient.netty.request.NettyRequestSender - Using pooled Channel '[id: 0x193692cb, L:/127.0.0.1:62824 - R:localhost/127.0.0.1:37098]' for 'POST' to 'http://localhost:37098/session/20994eea02e091350b689642c7d95de1/execute/sync'
18:14:51.419 [Forwarding isElementDisplayed on session 20994eea02e091350b689642c7d95de1 to remote] DEBUG org.asynchttpclient.netty.request.NettyRequestSender - Using open Channel [id: 0x193692cb, L:/127.0.0.1:62824 - R:localhost/127.0.0.1:37098] for POST '/session/20994eea02e091350b689642c7d95de1/execute/sync'
18:14:51.438 [AsyncHttpClient-1-8] DEBUG org.asynchttpclient.netty.handler.HttpHandler - 

Request DefaultHttpRequest(decodeResult: success, version: HTTP/1.1)
POST /session/20994eea02e091350b689642c7d95de1/execute/sync HTTP/1.1
User-Agent: selenium/4.8.1 (java windows)
Content-Length: 48813
Content-Type: application/json; charset=utf-8
host: localhost:37098
accept: */*

Response DefaultHttpResponse(decodeResult: success, version: HTTP/1.1)
HTTP/1.1 200 OK
Content-Length: 14
Content-Type: application/json; charset=utf-8
cache-control: no-cache

18:14:51.439 [AsyncHttpClient-1-8] DEBUG org.asynchttpclient.netty.channel.ChannelManager - Adding key: http://localhost:37098 for channel [id: 0x193692cb, L:/127.0.0.1:62824 - R:localhost/127.0.0.1:37098]
18:14:51.442 [Forwarding isElementDisplayed on session 20994eea02e091350b689642c7d95de1 to remote] DEBUG org.asynchttpclient.netty.request.NettyRequestSender - Using pooled Channel '[id: 0x193692cb, L:/127.0.0.1:62824 - R:localhost/127.0.0.1:37098]' for 'POST' to 'http://localhost:37098/session/20994eea02e091350b689642c7d95de1/execute/sync'
18:14:51.442 [Forwarding isElementDisplayed on session 20994eea02e091350b689642c7d95de1 to remote] DEBUG org.asynchttpclient.netty.request.NettyRequestSender - Using open Channel [id: 0x193692cb, L:/127.0.0.1:62824 - R:localhost/127.0.0.1:37098] for POST '/session/20994eea02e091350b689642c7d95de1/execute/sync'
18:14:51.463 [AsyncHttpClient-1-8] DEBUG org.asynchttpclient.netty.handler.HttpHandler - 

Request DefaultHttpRequest(decodeResult: success, version: HTTP/1.1)
POST /session/20994eea02e091350b689642c7d95de1/execute/sync HTTP/1.1
User-Agent: selenium/4.8.1 (java windows)
Content-Length: 48813
Content-Type: application/json; charset=utf-8
host: localhost:37098
accept: */*

Response DefaultHttpResponse(decodeResult: success, version: HTTP/1.1)
HTTP/1.1 200 OK
Content-Length: 14
Content-Type: application/json; charset=utf-8
cache-control: no-cache

18:14:51.464 [AsyncHttpClient-1-8] DEBUG org.asynchttpclient.netty.channel.ChannelManager - Adding key: http://localhost:37098 for channel [id: 0x193692cb, L:/127.0.0.1:62824 - R:localhost/127.0.0.1:37098]
18:14:51.467 [main] DEBUG net.thucydides.core.steps.StepInterceptor - STEP DONE: onLoginPage
  &amp#27;[32mGiven &amp#27;[0m&amp#27;[32madmin on login page&amp#27;[0m                      &amp#27;[90m# starter.stepdefinitions.LoginSteps.adminOnLoginPage()&amp#27;[0m
18:14:51.480 [main] DEBUG net.thucydides.core.steps.StepInterceptor - STARTING STEP: LoginSteps.adminInputValidUsername - inputUsernameField
18:14:51.488 [Forwarding findElement on session 20994eea02e091350b689642c7d95de1 to remote] DEBUG org.asynchttpclient.netty.request.NettyRequestSender - Using pooled Channel '[id: 0x193692cb, L:/127.0.0.1:62824 - R:localhost/127.0.0.1:37098]' for 'POST' to 'http://localhost:37098/session/20994eea02e091350b689642c7d95de1/element'
18:14:51.488 [Forwarding findElement on session 20994eea02e091350b689642c7d95de1 to remote] DEBUG org.asynchttpclient.netty.request.NettyRequestSender - Using open Channel [id: 0x193692cb, L:/127.0.0.1:62824 - R:localhost/127.0.0.1:37098] for POST '/session/20994eea02e091350b689642c7d95de1/element'
18:14:51.510 [AsyncHttpClient-1-8] DEBUG org.asynchttpclient.netty.handler.HttpHandler - 

Request DefaultHttpRequest(decodeResult: success, version: HTTP/1.1)
POST /session/20994eea02e091350b689642c7d95de1/element HTTP/1.1
User-Agent: selenium/4.8.1 (java windows)
Content-Length: 70
Content-Type: application/json; charset=utf-8
host: localhost:37098
accept: */*

Response DefaultHttpResponse(decodeResult: success, version: HTTP/1.1)
HTTP/1.1 200 OK
Content-Length: 94
Content-Type: application/json; charset=utf-8
cache-control: no-cache

18:14:51.510 [AsyncHttpClient-1-8] DEBUG org.asynchttpclient.netty.channel.ChannelManager - Adding key: http://localhost:37098 for channel [id: 0x193692cb, L:/127.0.0.1:62824 - R:localhost/127.0.0.1:37098]
18:14:51.512 [Forwarding clearElement on session 20994eea02e091350b689642c7d95de1 to remote] DEBUG org.asynchttpclient.netty.request.NettyRequestSender - Using pooled Channel '[id: 0x193692cb, L:/127.0.0.1:62824 - R:localhost/127.0.0.1:37098]' for 'POST' to 'http://localhost:37098/session/20994eea02e091350b689642c7d95de1/element/044180105777B63C1B51E8B9C274FF4F_element_3/clear'
18:14:51.512 [Forwarding clearElement on session 20994eea02e091350b689642c7d95de1 to remote] DEBUG org.asynchttpclient.netty.request.NettyRequestSender - Using open Channel [id: 0x193692cb, L:/127.0.0.1:62824 - R:localhost/127.0.0.1:37098] for POST '/session/20994eea02e091350b689642c7d95de1/element/044180105777B63C1B51E8B9C274FF4F_element_3/clear'
18:14:51.571 [AsyncHttpClient-1-8] DEBUG org.asynchttpclient.netty.handler.HttpHandler - 

Request DefaultHttpRequest(decodeResult: success, version: HTTP/1.1)
POST /session/20994eea02e091350b689642c7d95de1/element/044180105777B63C1B51E8B9C274FF4F_element_3/clear HTTP/1.1
User-Agent: selenium/4.8.1 (java windows)
Content-Length: 56
Content-Type: application/json; charset=utf-8
host: localhost:37098
accept: */*

Response DefaultHttpResponse(decodeResult: success, version: HTTP/1.1)
HTTP/1.1 200 OK
Content-Length: 14
Content-Type: application/json; charset=utf-8
cache-control: no-cache

18:14:51.571 [AsyncHttpClient-1-8] DEBUG org.asynchttpclient.netty.channel.ChannelManager - Adding key: http://localhost:37098 for channel [id: 0x193692cb, L:/127.0.0.1:62824 - R:localhost/127.0.0.1:37098]
18:14:51.575 [Forwarding sendKeysToElement on session 20994eea02e091350b689642c7d95de1 to remote] DEBUG org.asynchttpclient.netty.request.NettyRequestSender - Using pooled Channel '[id: 0x193692cb, L:/127.0.0.1:62824 - R:localhost/127.0.0.1:37098]' for 'POST' to 'http://localhost:37098/session/20994eea02e091350b689642c7d95de1/element/044180105777B63C1B51E8B9C274FF4F_element_3/value'
18:14:51.575 [Forwarding sendKeysToElement on session 20994eea02e091350b689642c7d95de1 to remote] DEBUG org.asynchttpclient.netty.request.NettyRequestSender - Using open Channel [id: 0x193692cb, L:/127.0.0.1:62824 - R:localhost/127.0.0.1:37098] for POST '/session/20994eea02e091350b689642c7d95de1/element/044180105777B63C1B51E8B9C274FF4F_element_3/value'
18:14:51.596 [AsyncHttpClient-1-1] DEBUG org.asynchttpclient.netty.channel.DefaultChannelPool - Entry count for : http://localhost:62825 : 1
18:14:51.687 [AsyncHttpClient-1-8] DEBUG org.asynchttpclient.netty.handler.HttpHandler - 

Request DefaultHttpRequest(decodeResult: success, version: HTTP/1.1)
POST /session/20994eea02e091350b689642c7d95de1/element/044180105777B63C1B51E8B9C274FF4F_element_3/value HTTP/1.1
User-Agent: selenium/4.8.1 (java windows)
Content-Length: 137
Content-Type: application/json; charset=utf-8
host: localhost:37098
accept: */*

Response DefaultHttpResponse(decodeResult: success, version: HTTP/1.1)
HTTP/1.1 200 OK
Content-Length: 14
Content-Type: application/json; charset=utf-8
cache-control: no-cache

18:14:51.688 [AsyncHttpClient-1-8] DEBUG org.asynchttpclient.netty.channel.ChannelManager - Adding key: http://localhost:37098 for channel [id: 0x193692cb, L:/127.0.0.1:62824 - R:localhost/127.0.0.1:37098]
18:14:51.692 [main] DEBUG net.thucydides.core.steps.StepInterceptor - STEP DONE: inputUsernameField
  &amp#27;[32mWhen &amp#27;[0m&amp#27;[32madmin input valid username&amp#27;[0m                &amp#27;[90m# starter.stepdefinitions.LoginSteps.adminInputValidUsername()&amp#27;[0m
18:14:51.704 [main] DEBUG net.thucydides.core.steps.StepInterceptor - STARTING STEP: LoginSteps.adminInputValidPassword - inputPasswordField
18:14:51.707 [Forwarding findElement on session 20994eea02e091350b689642c7d95de1 to remote] DEBUG org.asynchttpclient.netty.request.NettyRequestSender - Using pooled Channel '[id: 0x193692cb, L:/127.0.0.1:62824 - R:localhost/127.0.0.1:37098]' for 'POST' to 'http://localhost:37098/session/20994eea02e091350b689642c7d95de1/element'
18:14:51.707 [Forwarding findElement on session 20994eea02e091350b689642c7d95de1 to remote] DEBUG org.asynchttpclient.netty.request.NettyRequestSender - Using open Channel [id: 0x193692cb, L:/127.0.0.1:62824 - R:localhost/127.0.0.1:37098] for POST '/session/20994eea02e091350b689642c7d95de1/element'
18:14:51.723 [AsyncHttpClient-1-8] DEBUG org.asynchttpclient.netty.handler.HttpHandler - 

Request DefaultHttpRequest(decodeResult: success, version: HTTP/1.1)
POST /session/20994eea02e091350b689642c7d95de1/element HTTP/1.1
User-Agent: selenium/4.8.1 (java windows)
Content-Length: 70
Content-Type: application/json; charset=utf-8
host: localhost:37098
accept: */*

Response DefaultHttpResponse(decodeResult: success, version: HTTP/1.1)
HTTP/1.1 200 OK
Content-Length: 94
Content-Type: application/json; charset=utf-8
cache-control: no-cache

18:14:51.723 [AsyncHttpClient-1-8] DEBUG org.asynchttpclient.netty.channel.ChannelManager - Adding key: http://localhost:37098 for channel [id: 0x193692cb, L:/127.0.0.1:62824 - R:localhost/127.0.0.1:37098]
18:14:51.725 [Forwarding clearElement on session 20994eea02e091350b689642c7d95de1 to remote] DEBUG org.asynchttpclient.netty.request.NettyRequestSender - Using pooled Channel '[id: 0x193692cb, L:/127.0.0.1:62824 - R:localhost/127.0.0.1:37098]' for 'POST' to 'http://localhost:37098/session/20994eea02e091350b689642c7d95de1/element/044180105777B63C1B51E8B9C274FF4F_element_6/clear'
18:14:51.725 [Forwarding clearElement on session 20994eea02e091350b689642c7d95de1 to remote] DEBUG org.asynchttpclient.netty.request.NettyRequestSender - Using open Channel [id: 0x193692cb, L:/127.0.0.1:62824 - R:localhost/127.0.0.1:37098] for POST '/session/20994eea02e091350b689642c7d95de1/element/044180105777B63C1B51E8B9C274FF4F_element_6/clear'
18:14:51.796 [AsyncHttpClient-1-8] DEBUG org.asynchttpclient.netty.handler.HttpHandler - 

Request DefaultHttpRequest(decodeResult: success, version: HTTP/1.1)
POST /session/20994eea02e091350b689642c7d95de1/element/044180105777B63C1B51E8B9C274FF4F_element_6/clear HTTP/1.1
User-Agent: selenium/4.8.1 (java windows)
Content-Length: 56
Content-Type: application/json; charset=utf-8
host: localhost:37098
accept: */*

Response DefaultHttpResponse(decodeResult: success, version: HTTP/1.1)
HTTP/1.1 200 OK
Content-Length: 14
Content-Type: application/json; charset=utf-8
cache-control: no-cache

18:14:51.796 [AsyncHttpClient-1-8] DEBUG org.asynchttpclient.netty.channel.ChannelManager - Adding key: http://localhost:37098 for channel [id: 0x193692cb, L:/127.0.0.1:62824 - R:localhost/127.0.0.1:37098]
18:14:51.799 [Forwarding sendKeysToElement on session 20994eea02e091350b689642c7d95de1 to remote] DEBUG org.asynchttpclient.netty.request.NettyRequestSender - Using pooled Channel '[id: 0x193692cb, L:/127.0.0.1:62824 - R:localhost/127.0.0.1:37098]' for 'POST' to 'http://localhost:37098/session/20994eea02e091350b689642c7d95de1/element/044180105777B63C1B51E8B9C274FF4F_element_6/value'
18:14:51.800 [Forwarding sendKeysToElement on session 20994eea02e091350b689642c7d95de1 to remote] DEBUG org.asynchttpclient.netty.request.NettyRequestSender - Using open Channel [id: 0x193692cb, L:/127.0.0.1:62824 - R:localhost/127.0.0.1:37098] for POST '/session/20994eea02e091350b689642c7d95de1/element/044180105777B63C1B51E8B9C274FF4F_element_6/value'
18:14:51.914 [AsyncHttpClient-1-8] DEBUG org.asynchttpclient.netty.handler.HttpHandler - 

Request DefaultHttpRequest(decodeResult: success, version: HTTP/1.1)
POST /session/20994eea02e091350b689642c7d95de1/element/044180105777B63C1B51E8B9C274FF4F_element_6/value HTTP/1.1
User-Agent: selenium/4.8.1 (java windows)
Content-Length: 137
Content-Type: application/json; charset=utf-8
host: localhost:37098
accept: */*

Response DefaultHttpResponse(decodeResult: success, version: HTTP/1.1)
HTTP/1.1 200 OK
Content-Length: 14
Content-Type: application/json; charset=utf-8
cache-control: no-cache

18:14:51.915 [AsyncHttpClient-1-8] DEBUG org.asynchttpclient.netty.channel.ChannelManager - Adding key: http://localhost:37098 for channel [id: 0x193692cb, L:/127.0.0.1:62824 - R:localhost/127.0.0.1:37098]
18:14:51.921 [main] DEBUG net.thucydides.core.steps.StepInterceptor - STEP DONE: inputPasswordField
  &amp#27;[32mAnd &amp#27;[0m&amp#27;[32madmin input valid password&amp#27;[0m                 &amp#27;[90m# starter.stepdefinitions.LoginSteps.adminInputValidPassword()&amp#27;[0m
18:14:51.943 [main] DEBUG net.thucydides.core.steps.StepInterceptor - STARTING STEP: LoginSteps.adminClickLoginButton - clickLoginBtn
18:14:51.952 [Forwarding findElement on session 20994eea02e091350b689642c7d95de1 to remote] DEBUG org.asynchttpclient.netty.request.NettyRequestSender - Using pooled Channel '[id: 0x193692cb, L:/127.0.0.1:62824 - R:localhost/127.0.0.1:37098]' for 'POST' to 'http://localhost:37098/session/20994eea02e091350b689642c7d95de1/element'
18:14:51.952 [Forwarding findElement on session 20994eea02e091350b689642c7d95de1 to remote] DEBUG org.asynchttpclient.netty.request.NettyRequestSender - Using open Channel [id: 0x193692cb, L:/127.0.0.1:62824 - R:localhost/127.0.0.1:37098] for POST '/session/20994eea02e091350b689642c7d95de1/element'
18:14:51.972 [AsyncHttpClient-1-8] DEBUG org.asynchttpclient.netty.handler.HttpHandler - 

Request DefaultHttpRequest(decodeResult: success, version: HTTP/1.1)
POST /session/20994eea02e091350b689642c7d95de1/element HTTP/1.1
User-Agent: selenium/4.8.1 (java windows)
Content-Length: 71
Content-Type: application/json; charset=utf-8
host: localhost:37098
accept: */*

Response DefaultHttpResponse(decodeResult: success, version: HTTP/1.1)
HTTP/1.1 200 OK
Content-Length: 94
Content-Type: application/json; charset=utf-8
cache-control: no-cache

18:14:51.972 [AsyncHttpClient-1-8] DEBUG org.asynchttpclient.netty.channel.ChannelManager - Adding key: http://localhost:37098 for channel [id: 0x193692cb, L:/127.0.0.1:62824 - R:localhost/127.0.0.1:37098]
18:14:51.974 [Forwarding getElementTagName on session 20994eea02e091350b689642c7d95de1 to remote] DEBUG org.asynchttpclient.netty.request.NettyRequestSender - Using pooled Channel '[id: 0x193692cb, L:/127.0.0.1:62824 - R:localhost/127.0.0.1:37098]' for 'GET' to 'http://localhost:37098/session/20994eea02e091350b689642c7d95de1/element/044180105777B63C1B51E8B9C274FF4F_element_2/name'
18:14:51.974 [Forwarding getElementTagName on session 20994eea02e091350b689642c7d95de1 to remote] DEBUG org.asynchttpclient.netty.request.NettyRequestSender - Using open Channel [id: 0x193692cb, L:/127.0.0.1:62824 - R:localhost/127.0.0.1:37098] for GET '/session/20994eea02e091350b689642c7d95de1/element/044180105777B63C1B51E8B9C274FF4F_element_2/name'
18:14:51.988 [AsyncHttpClient-1-8] DEBUG org.asynchttpclient.netty.handler.HttpHandler - 

Request DefaultFullHttpRequest(decodeResult: success, version: HTTP/1.1, content: EmptyByteBufBE)
GET /session/20994eea02e091350b689642c7d95de1/element/044180105777B63C1B51E8B9C274FF4F_element_2/name HTTP/1.1
User-Agent: selenium/4.8.1 (java windows)
Cache-Control: no-cache
Content-Type: application/json; charset=utf-8
host: localhost:37098
accept: */*

Response DefaultHttpResponse(decodeResult: success, version: HTTP/1.1)
HTTP/1.1 200 OK
Content-Length: 18
Content-Type: application/json; charset=utf-8
cache-control: no-cache

18:14:51.988 [AsyncHttpClient-1-8] DEBUG org.asynchttpclient.netty.channel.ChannelManager - Adding key: http://localhost:37098 for channel [id: 0x193692cb, L:/127.0.0.1:62824 - R:localhost/127.0.0.1:37098]
18:14:51.990 [Forwarding getElementTagName on session 20994eea02e091350b689642c7d95de1 to remote] DEBUG org.asynchttpclient.netty.request.NettyRequestSender - Using pooled Channel '[id: 0x193692cb, L:/127.0.0.1:62824 - R:localhost/127.0.0.1:37098]' for 'GET' to 'http://localhost:37098/session/20994eea02e091350b689642c7d95de1/element/044180105777B63C1B51E8B9C274FF4F_element_2/name'
18:14:51.990 [Forwarding getElementTagName on session 20994eea02e091350b689642c7d95de1 to remote] DEBUG org.asynchttpclient.netty.request.NettyRequestSender - Using open Channel [id: 0x193692cb, L:/127.0.0.1:62824 - R:localhost/127.0.0.1:37098] for GET '/session/20994eea02e091350b689642c7d95de1/element/044180105777B63C1B51E8B9C274FF4F_element_2/name'
18:14:52.003 [AsyncHttpClient-1-8] DEBUG org.asynchttpclient.netty.handler.HttpHandler - 

Request DefaultFullHttpRequest(decodeResult: success, version: HTTP/1.1, content: EmptyByteBufBE)
GET /session/20994eea02e091350b689642c7d95de1/element/044180105777B63C1B51E8B9C274FF4F_element_2/name HTTP/1.1
User-Agent: selenium/4.8.1 (java windows)
Cache-Control: no-cache
Content-Type: application/json; charset=utf-8
host: localhost:37098
accept: */*

Response DefaultHttpResponse(decodeResult: success, version: HTTP/1.1)
HTTP/1.1 200 OK
Content-Length: 18
Content-Type: application/json; charset=utf-8
cache-control: no-cache

18:14:52.003 [AsyncHttpClient-1-8] DEBUG org.asynchttpclient.netty.channel.ChannelManager - Adding key: http://localhost:37098 for channel [id: 0x193692cb, L:/127.0.0.1:62824 - R:localhost/127.0.0.1:37098]
18:14:52.006 [Forwarding isElementEnabled on session 20994eea02e091350b689642c7d95de1 to remote] DEBUG org.asynchttpclient.netty.request.NettyRequestSender - Using pooled Channel '[id: 0x193692cb, L:/127.0.0.1:62824 - R:localhost/127.0.0.1:37098]' for 'GET' to 'http://localhost:37098/session/20994eea02e091350b689642c7d95de1/element/044180105777B63C1B51E8B9C274FF4F_element_2/enabled'
18:14:52.006 [Forwarding isElementEnabled on session 20994eea02e091350b689642c7d95de1 to remote] DEBUG org.asynchttpclient.netty.request.NettyRequestSender - Using open Channel [id: 0x193692cb, L:/127.0.0.1:62824 - R:localhost/127.0.0.1:37098] for GET '/session/20994eea02e091350b689642c7d95de1/element/044180105777B63C1B51E8B9C274FF4F_element_2/enabled'
18:14:52.020 [AsyncHttpClient-1-8] DEBUG org.asynchttpclient.netty.handler.HttpHandler - 

Request DefaultFullHttpRequest(decodeResult: success, version: HTTP/1.1, content: EmptyByteBufBE)
GET /session/20994eea02e091350b689642c7d95de1/element/044180105777B63C1B51E8B9C274FF4F_element_2/enabled HTTP/1.1
User-Agent: selenium/4.8.1 (java windows)
Cache-Control: no-cache
Content-Type: application/json; charset=utf-8
host: localhost:37098
accept: */*

Response DefaultHttpResponse(decodeResult: success, version: HTTP/1.1)
HTTP/1.1 200 OK
Content-Length: 14
Content-Type: application/json; charset=utf-8
cache-control: no-cache

18:14:52.020 [AsyncHttpClient-1-8] DEBUG org.asynchttpclient.netty.channel.ChannelManager - Adding key: http://localhost:37098 for channel [id: 0x193692cb, L:/127.0.0.1:62824 - R:localhost/127.0.0.1:37098]
18:14:52.022 [Forwarding isElementEnabled on session 20994eea02e091350b689642c7d95de1 to remote] DEBUG org.asynchttpclient.netty.request.NettyRequestSender - Using pooled Channel '[id: 0x193692cb, L:/127.0.0.1:62824 - R:localhost/127.0.0.1:37098]' for 'GET' to 'http://localhost:37098/session/20994eea02e091350b689642c7d95de1/element/044180105777B63C1B51E8B9C274FF4F_element_2/enabled'
18:14:52.022 [Forwarding isElementEnabled on session 20994eea02e091350b689642c7d95de1 to remote] DEBUG org.asynchttpclient.netty.request.NettyRequestSender - Using open Channel [id: 0x193692cb, L:/127.0.0.1:62824 - R:localhost/127.0.0.1:37098] for GET '/session/20994eea02e091350b689642c7d95de1/element/044180105777B63C1B51E8B9C274FF4F_element_2/enabled'
18:14:52.030 [AsyncHttpClient-1-8] DEBUG org.asynchttpclient.netty.handler.HttpHandler - 

Request DefaultFullHttpRequest(decodeResult: success, version: HTTP/1.1, content: EmptyByteBufBE)
GET /session/20994eea02e091350b689642c7d95de1/element/044180105777B63C1B51E8B9C274FF4F_element_2/enabled HTTP/1.1
User-Agent: selenium/4.8.1 (java windows)
Cache-Control: no-cache
Content-Type: application/json; charset=utf-8
host: localhost:37098
accept: */*

Response DefaultHttpResponse(decodeResult: success, version: HTTP/1.1)
HTTP/1.1 200 OK
Content-Length: 14
Content-Type: application/json; charset=utf-8
cache-control: no-cache

18:14:52.031 [AsyncHttpClient-1-8] DEBUG org.asynchttpclient.netty.channel.ChannelManager - Adding key: http://localhost:37098 for channel [id: 0x193692cb, L:/127.0.0.1:62824 - R:localhost/127.0.0.1:37098]
18:14:52.037 [Forwarding findElement on session 20994eea02e091350b689642c7d95de1 to remote] DEBUG org.asynchttpclient.netty.request.NettyRequestSender - Using pooled Channel '[id: 0x193692cb, L:/127.0.0.1:62824 - R:localhost/127.0.0.1:37098]' for 'POST' to 'http://localhost:37098/session/20994eea02e091350b689642c7d95de1/element'
18:14:52.037 [Forwarding findElement on session 20994eea02e091350b689642c7d95de1 to remote] DEBUG org.asynchttpclient.netty.request.NettyRequestSender - Using open Channel [id: 0x193692cb, L:/127.0.0.1:62824 - R:localhost/127.0.0.1:37098] for POST '/session/20994eea02e091350b689642c7d95de1/element'
18:14:52.054 [AsyncHttpClient-1-8] DEBUG org.asynchttpclient.netty.handler.HttpHandler - 

Request DefaultHttpRequest(decodeResult: success, version: HTTP/1.1)
POST /session/20994eea02e091350b689642c7d95de1/element HTTP/1.1
User-Agent: selenium/4.8.1 (java windows)
Content-Length: 71
Content-Type: application/json; charset=utf-8
host: localhost:37098
accept: */*

Response DefaultHttpResponse(decodeResult: success, version: HTTP/1.1)
HTTP/1.1 200 OK
Content-Length: 94
Content-Type: application/json; charset=utf-8
cache-control: no-cache

18:14:52.054 [AsyncHttpClient-1-8] DEBUG org.asynchttpclient.netty.channel.ChannelManager - Adding key: http://localhost:37098 for channel [id: 0x193692cb, L:/127.0.0.1:62824 - R:localhost/127.0.0.1:37098]
18:14:52.056 [Forwarding clickElement on session 20994eea02e091350b689642c7d95de1 to remote] DEBUG org.asynchttpclient.netty.request.NettyRequestSender - Using pooled Channel '[id: 0x193692cb, L:/127.0.0.1:62824 - R:localhost/127.0.0.1:37098]' for 'POST' to 'http://localhost:37098/session/20994eea02e091350b689642c7d95de1/element/044180105777B63C1B51E8B9C274FF4F_element_2/click'
18:14:52.056 [Forwarding clickElement on session 20994eea02e091350b689642c7d95de1 to remote] DEBUG org.asynchttpclient.netty.request.NettyRequestSender - Using open Channel [id: 0x193692cb, L:/127.0.0.1:62824 - R:localhost/127.0.0.1:37098] for POST '/session/20994eea02e091350b689642c7d95de1/element/044180105777B63C1B51E8B9C274FF4F_element_2/click'
18:14:52.691 [AsyncHttpClient-1-1] DEBUG org.asynchttpclient.netty.channel.DefaultChannelPool - Entry count for : http://localhost:62825 : 1
18:14:53.283 [AsyncHttpClient-1-8] DEBUG org.asynchttpclient.netty.handler.HttpHandler - 

Request DefaultHttpRequest(decodeResult: success, version: HTTP/1.1)
POST /session/20994eea02e091350b689642c7d95de1/element/044180105777B63C1B51E8B9C274FF4F_element_2/click HTTP/1.1
User-Agent: selenium/4.8.1 (java windows)
Content-Length: 56
Content-Type: application/json; charset=utf-8
host: localhost:37098
accept: */*

Response DefaultHttpResponse(decodeResult: success, version: HTTP/1.1)
HTTP/1.1 400 Bad Request
Content-Length: 1059
Content-Type: application/json; charset=utf-8
cache-control: no-cache

18:14:53.284 [AsyncHttpClient-1-8] DEBUG org.asynchttpclient.netty.channel.ChannelManager - Adding key: http://localhost:37098 for channel [id: 0x193692cb, L:/127.0.0.1:62824 - R:localhost/127.0.0.1:37098]
18:14:53.548 [Forwarding clickElement on session 20994eea02e091350b689642c7d95de1 to remote] DEBUG org.asynchttpclient.netty.request.NettyRequestSender - Using pooled Channel '[id: 0x193692cb, L:/127.0.0.1:62824 - R:localhost/127.0.0.1:37098]' for 'POST' to 'http://localhost:37098/session/20994eea02e091350b689642c7d95de1/element/044180105777B63C1B51E8B9C274FF4F_element_2/click'
18:14:53.549 [Forwarding clickElement on session 20994eea02e091350b689642c7d95de1 to remote] DEBUG org.asynchttpclient.netty.request.NettyRequestSender - Using open Channel [id: 0x193692cb, L:/127.0.0.1:62824 - R:localhost/127.0.0.1:37098] for POST '/session/20994eea02e091350b689642c7d95de1/element/044180105777B63C1B51E8B9C274FF4F_element_2/click'
18:14:53.611 [AsyncHttpClient-1-8] DEBUG org.asynchttpclient.netty.handler.HttpHandler - 

Request DefaultHttpRequest(decodeResult: success, version: HTTP/1.1)
POST /session/20994eea02e091350b689642c7d95de1/element/044180105777B63C1B51E8B9C274FF4F_element_2/click HTTP/1.1
User-Agent: selenium/4.8.1 (java windows)
Content-Length: 56
Content-Type: application/json; charset=utf-8
host: localhost:37098
accept: */*

Response DefaultHttpResponse(decodeResult: success, version: HTTP/1.1)
HTTP/1.1 200 OK
Content-Length: 14
Content-Type: application/json; charset=utf-8
cache-control: no-cache

18:14:53.611 [AsyncHttpClient-1-8] DEBUG org.asynchttpclient.netty.channel.ChannelManager - Adding key: http://localhost:37098 for channel [id: 0x193692cb, L:/127.0.0.1:62824 - R:localhost/127.0.0.1:37098]
18:14:53.615 [main] DEBUG net.thucydides.core.steps.StepInterceptor - STEP DONE: clickLoginBtn
  &amp#27;[32mAnd &amp#27;[0m&amp#27;[32madmin click login button&amp#27;[0m                   &amp#27;[90m# starter.stepdefinitions.LoginSteps.adminClickLoginButton()&amp#27;[0m
18:14:53.626 [main] DEBUG net.thucydides.core.steps.StepInterceptor - STARTING STEP: LoginSteps.adminOnProductsPage - userOnDashboardPage
18:14:53.629 [Forwarding findElement on session 20994eea02e091350b689642c7d95de1 to remote] DEBUG org.asynchttpclient.netty.request.NettyRequestSender - Using pooled Channel '[id: 0x193692cb, L:/127.0.0.1:62824 - R:localhost/127.0.0.1:37098]' for 'POST' to 'http://localhost:37098/session/20994eea02e091350b689642c7d95de1/element'
18:14:53.629 [Forwarding findElement on session 20994eea02e091350b689642c7d95de1 to remote] DEBUG org.asynchttpclient.netty.request.NettyRequestSender - Using open Channel [id: 0x193692cb, L:/127.0.0.1:62824 - R:localhost/127.0.0.1:37098] for POST '/session/20994eea02e091350b689642c7d95de1/element'
18:14:53.796 [AsyncHttpClient-1-1] DEBUG org.asynchttpclient.netty.channel.DefaultChannelPool - Entry count for : http://localhost:62825 : 1
18:14:53.971 [AsyncHttpClient-1-8] DEBUG org.asynchttpclient.netty.handler.HttpHandler - 

Request DefaultHttpRequest(decodeResult: success, version: HTTP/1.1)
POST /session/20994eea02e091350b689642c7d95de1/element HTTP/1.1
User-Agent: selenium/4.8.1 (java windows)
Content-Length: 74
Content-Type: application/json; charset=utf-8
host: localhost:37098
accept: */*

Response DefaultHttpResponse(decodeResult: success, version: HTTP/1.1)
HTTP/1.1 200 OK
Content-Length: 95
Content-Type: application/json; charset=utf-8
cache-control: no-cache

18:14:53.971 [AsyncHttpClient-1-8] DEBUG org.asynchttpclient.netty.channel.ChannelManager - Adding key: http://localhost:37098 for channel [id: 0x193692cb, L:/127.0.0.1:62824 - R:localhost/127.0.0.1:37098]
18:14:53.976 [Forwarding isElementDisplayed on session 20994eea02e091350b689642c7d95de1 to remote] DEBUG org.asynchttpclient.netty.request.NettyRequestSender - Using pooled Channel '[id: 0x193692cb, L:/127.0.0.1:62824 - R:localhost/127.0.0.1:37098]' for 'POST' to 'http://localhost:37098/session/20994eea02e091350b689642c7d95de1/execute/sync'
18:14:53.976 [Forwarding isElementDisplayed on session 20994eea02e091350b689642c7d95de1 to remote] DEBUG org.asynchttpclient.netty.request.NettyRequestSender - Using open Channel [id: 0x193692cb, L:/127.0.0.1:62824 - R:localhost/127.0.0.1:37098] for POST '/session/20994eea02e091350b689642c7d95de1/execute/sync'
18:14:53.991 [AsyncHttpClient-1-8] DEBUG org.asynchttpclient.netty.handler.HttpHandler - 

Request DefaultHttpRequest(decodeResult: success, version: HTTP/1.1)
POST /session/20994eea02e091350b689642c7d95de1/execute/sync HTTP/1.1
User-Agent: selenium/4.8.1 (java windows)
Content-Length: 48814
Content-Type: application/json; charset=utf-8
host: localhost:37098
accept: */*

Response DefaultHttpResponse(decodeResult: success, version: HTTP/1.1)
HTTP/1.1 200 OK
Content-Length: 14
Content-Type: application/json; charset=utf-8
cache-control: no-cache

18:14:53.991 [AsyncHttpClient-1-8] DEBUG org.asynchttpclient.netty.channel.ChannelManager - Adding key: http://localhost:37098 for channel [id: 0x193692cb, L:/127.0.0.1:62824 - R:localhost/127.0.0.1:37098]
18:14:53.995 [main] DEBUG net.thucydides.core.steps.StepInterceptor - STEP DONE: userOnDashboardPage
  &amp#27;[32mAnd &amp#27;[0m&amp#27;[32madmin on dashboard page&amp#27;[0m                    &amp#27;[90m# starter.stepdefinitions.LoginSteps.adminOnProductsPage()&amp#27;[0m
18:14:54.035 [main] DEBUG net.thucydides.core.steps.StepInterceptor - STARTING STEP: CashierSteps.adminClickCashierMenu - adminClickMembershipsMenu
18:14:54.038 [Forwarding findElement on session 20994eea02e091350b689642c7d95de1 to remote] DEBUG org.asynchttpclient.netty.request.NettyRequestSender - Using pooled Channel '[id: 0x193692cb, L:/127.0.0.1:62824 - R:localhost/127.0.0.1:37098]' for 'POST' to 'http://localhost:37098/session/20994eea02e091350b689642c7d95de1/element'
18:14:54.038 [Forwarding findElement on session 20994eea02e091350b689642c7d95de1 to remote] DEBUG org.asynchttpclient.netty.request.NettyRequestSender - Using open Channel [id: 0x193692cb, L:/127.0.0.1:62824 - R:localhost/127.0.0.1:37098] for POST '/session/20994eea02e091350b689642c7d95de1/element'
18:14:54.053 [AsyncHttpClient-1-8] DEBUG org.asynchttpclient.netty.handler.HttpHandler - 

Request DefaultHttpRequest(decodeResult: success, version: HTTP/1.1)
POST /session/20994eea02e091350b689642c7d95de1/element HTTP/1.1
User-Agent: selenium/4.8.1 (java windows)
Content-Length: 134
Content-Type: application/json; charset=utf-8
host: localhost:37098
accept: */*

Response DefaultHttpResponse(decodeResult: success, version: HTTP/1.1)
HTTP/1.1 200 OK
Content-Length: 95
Content-Type: application/json; charset=utf-8
cache-control: no-cache

18:14:54.053 [AsyncHttpClient-1-8] DEBUG org.asynchttpclient.netty.channel.ChannelManager - Adding key: http://localhost:37098 for channel [id: 0x193692cb, L:/127.0.0.1:62824 - R:localhost/127.0.0.1:37098]
18:14:54.055 [Forwarding getElementTagName on session 20994eea02e091350b689642c7d95de1 to remote] DEBUG org.asynchttpclient.netty.request.NettyRequestSender - Using pooled Channel '[id: 0x193692cb, L:/127.0.0.1:62824 - R:localhost/127.0.0.1:37098]' for 'GET' to 'http://localhost:37098/session/20994eea02e091350b689642c7d95de1/element/044180105777B63C1B51E8B9C274FF4F_element_11/name'
18:14:54.055 [Forwarding getElementTagName on session 20994eea02e091350b689642c7d95de1 to remote] DEBUG org.asynchttpclient.netty.request.NettyRequestSender - Using open Channel [id: 0x193692cb, L:/127.0.0.1:62824 - R:localhost/127.0.0.1:37098] for GET '/session/20994eea02e091350b689642c7d95de1/element/044180105777B63C1B51E8B9C274FF4F_element_11/name'
18:14:54.060 [AsyncHttpClient-1-8] DEBUG org.asynchttpclient.netty.handler.HttpHandler - 

Request DefaultFullHttpRequest(decodeResult: success, version: HTTP/1.1, content: EmptyByteBufBE)
GET /session/20994eea02e091350b689642c7d95de1/element/044180105777B63C1B51E8B9C274FF4F_element_11/name HTTP/1.1
User-Agent: selenium/4.8.1 (java windows)
Cache-Control: no-cache
Content-Type: application/json; charset=utf-8
host: localhost:37098
accept: */*

Response DefaultHttpResponse(decodeResult: success, version: HTTP/1.1)
HTTP/1.1 200 OK
Content-Length: 15
Content-Type: application/json; charset=utf-8
cache-control: no-cache

18:14:54.061 [AsyncHttpClient-1-8] DEBUG org.asynchttpclient.netty.channel.ChannelManager - Adding key: http://localhost:37098 for channel [id: 0x193692cb, L:/127.0.0.1:62824 - R:localhost/127.0.0.1:37098]
18:14:54.062 [Forwarding getElementTagName on session 20994eea02e091350b689642c7d95de1 to remote] DEBUG org.asynchttpclient.netty.request.NettyRequestSender - Using pooled Channel '[id: 0x193692cb, L:/127.0.0.1:62824 - R:localhost/127.0.0.1:37098]' for 'GET' to 'http://localhost:37098/session/20994eea02e091350b689642c7d95de1/element/044180105777B63C1B51E8B9C274FF4F_element_11/name'
18:14:54.062 [Forwarding getElementTagName on session 20994eea02e091350b689642c7d95de1 to remote] DEBUG org.asynchttpclient.netty.request.NettyRequestSender - Using open Channel [id: 0x193692cb, L:/127.0.0.1:62824 - R:localhost/127.0.0.1:37098] for GET '/session/20994eea02e091350b689642c7d95de1/element/044180105777B63C1B51E8B9C274FF4F_element_11/name'
18:14:54.070 [AsyncHttpClient-1-8] DEBUG org.asynchttpclient.netty.handler.HttpHandler - 

Request DefaultFullHttpRequest(decodeResult: success, version: HTTP/1.1, content: EmptyByteBufBE)
GET /session/20994eea02e091350b689642c7d95de1/element/044180105777B63C1B51E8B9C274FF4F_element_11/name HTTP/1.1
User-Agent: selenium/4.8.1 (java windows)
Cache-Control: no-cache
Content-Type: application/json; charset=utf-8
host: localhost:37098
accept: */*

Response DefaultHttpResponse(decodeResult: success, version: HTTP/1.1)
HTTP/1.1 200 OK
Content-Length: 15
Content-Type: application/json; charset=utf-8
cache-control: no-cache

18:14:54.070 [AsyncHttpClient-1-8] DEBUG org.asynchttpclient.netty.channel.ChannelManager - Adding key: http://localhost:37098 for channel [id: 0x193692cb, L:/127.0.0.1:62824 - R:localhost/127.0.0.1:37098]
18:14:54.073 [Forwarding findElement on session 20994eea02e091350b689642c7d95de1 to remote] DEBUG org.asynchttpclient.netty.request.NettyRequestSender - Using pooled Channel '[id: 0x193692cb, L:/127.0.0.1:62824 - R:localhost/127.0.0.1:37098]' for 'POST' to 'http://localhost:37098/session/20994eea02e091350b689642c7d95de1/element'
18:14:54.073 [Forwarding findElement on session 20994eea02e091350b689642c7d95de1 to remote] DEBUG org.asynchttpclient.netty.request.NettyRequestSender - Using open Channel [id: 0x193692cb, L:/127.0.0.1:62824 - R:localhost/127.0.0.1:37098] for POST '/session/20994eea02e091350b689642c7d95de1/element'
18:14:54.084 [AsyncHttpClient-1-8] DEBUG org.asynchttpclient.netty.handler.HttpHandler - 

Request DefaultHttpRequest(decodeResult: success, version: HTTP/1.1)
POST /session/20994eea02e091350b689642c7d95de1/element HTTP/1.1
User-Agent: selenium/4.8.1 (java windows)
Content-Length: 134
Content-Type: application/json; charset=utf-8
host: localhost:37098
accept: */*

Response DefaultHttpResponse(decodeResult: success, version: HTTP/1.1)
HTTP/1.1 200 OK
Content-Length: 95
Content-Type: application/json; charset=utf-8
cache-control: no-cache

18:14:54.084 [AsyncHttpClient-1-8] DEBUG org.asynchttpclient.netty.channel.ChannelManager - Adding key: http://localhost:37098 for channel [id: 0x193692cb, L:/127.0.0.1:62824 - R:localhost/127.0.0.1:37098]
18:14:54.086 [Forwarding clickElement on session 20994eea02e091350b689642c7d95de1 to remote] DEBUG org.asynchttpclient.netty.request.NettyRequestSender - Using pooled Channel '[id: 0x193692cb, L:/127.0.0.1:62824 - R:localhost/127.0.0.1:37098]' for 'POST' to 'http://localhost:37098/session/20994eea02e091350b689642c7d95de1/element/044180105777B63C1B51E8B9C274FF4F_element_11/click'
18:14:54.086 [Forwarding clickElement on session 20994eea02e091350b689642c7d95de1 to remote] DEBUG org.asynchttpclient.netty.request.NettyRequestSender - Using open Channel [id: 0x193692cb, L:/127.0.0.1:62824 - R:localhost/127.0.0.1:37098] for POST '/session/20994eea02e091350b689642c7d95de1/element/044180105777B63C1B51E8B9C274FF4F_element_11/click'
18:14:54.177 [AsyncHttpClient-1-8] DEBUG org.asynchttpclient.netty.handler.HttpHandler - 

Request DefaultHttpRequest(decodeResult: success, version: HTTP/1.1)
POST /session/20994eea02e091350b689642c7d95de1/element/044180105777B63C1B51E8B9C274FF4F_element_11/click HTTP/1.1
User-Agent: selenium/4.8.1 (java windows)
Content-Length: 57
Content-Type: application/json; charset=utf-8
host: localhost:37098
accept: */*

Response DefaultHttpResponse(decodeResult: success, version: HTTP/1.1)
HTTP/1.1 200 OK
Content-Length: 14
Content-Type: application/json; charset=utf-8
cache-control: no-cache

18:14:54.177 [AsyncHttpClient-1-8] DEBUG org.asynchttpclient.netty.channel.ChannelManager - Adding key: http://localhost:37098 for channel [id: 0x193692cb, L:/127.0.0.1:62824 - R:localhost/127.0.0.1:37098]
18:14:54.185 [main] DEBUG net.thucydides.core.steps.StepInterceptor - STEP DONE: adminClickMembershipsMenu
  &amp#27;[32mAnd &amp#27;[0m&amp#27;[32madmin click cashier menu&amp#27;[0m                   &amp#27;[90m# starter.stepdefinitions.CashierSteps.adminClickCashierMenu()&amp#27;[0m
18:14:54.200 [main] DEBUG net.thucydides.core.steps.StepInterceptor - STARTING STEP: CashierSteps.adminClickAddEmployee - adminClickAddEmployee
18:14:54.207 [Forwarding findElement on session 20994eea02e091350b689642c7d95de1 to remote] DEBUG org.asynchttpclient.netty.request.NettyRequestSender - Using pooled Channel '[id: 0x193692cb, L:/127.0.0.1:62824 - R:localhost/127.0.0.1:37098]' for 'POST' to 'http://localhost:37098/session/20994eea02e091350b689642c7d95de1/element'
18:14:54.207 [Forwarding findElement on session 20994eea02e091350b689642c7d95de1 to remote] DEBUG org.asynchttpclient.netty.request.NettyRequestSender - Using open Channel [id: 0x193692cb, L:/127.0.0.1:62824 - R:localhost/127.0.0.1:37098] for POST '/session/20994eea02e091350b689642c7d95de1/element'
18:14:54.388 [AsyncHttpClient-1-8] DEBUG org.asynchttpclient.netty.handler.HttpHandler - 

Request DefaultHttpRequest(decodeResult: success, version: HTTP/1.1)
POST /session/20994eea02e091350b689642c7d95de1/element HTTP/1.1
User-Agent: selenium/4.8.1 (java windows)
Content-Length: 157
Content-Type: application/json; charset=utf-8
host: localhost:37098
accept: */*

Response DefaultHttpResponse(decodeResult: success, version: HTTP/1.1)
HTTP/1.1 200 OK
Content-Length: 95
Content-Type: application/json; charset=utf-8
cache-control: no-cache

18:14:54.389 [AsyncHttpClient-1-8] DEBUG org.asynchttpclient.netty.channel.ChannelManager - Adding key: http://localhost:37098 for channel [id: 0x193692cb, L:/127.0.0.1:62824 - R:localhost/127.0.0.1:37098]
18:14:54.391 [Forwarding getElementTagName on session 20994eea02e091350b689642c7d95de1 to remote] DEBUG org.asynchttpclient.netty.request.NettyRequestSender - Using pooled Channel '[id: 0x193692cb, L:/127.0.0.1:62824 - R:localhost/127.0.0.1:37098]' for 'GET' to 'http://localhost:37098/session/20994eea02e091350b689642c7d95de1/element/044180105777B63C1B51E8B9C274FF4F_element_12/name'
18:14:54.391 [Forwarding getElementTagName on session 20994eea02e091350b689642c7d95de1 to remote] DEBUG org.asynchttpclient.netty.request.NettyRequestSender - Using open Channel [id: 0x193692cb, L:/127.0.0.1:62824 - R:localhost/127.0.0.1:37098] for GET '/session/20994eea02e091350b689642c7d95de1/element/044180105777B63C1B51E8B9C274FF4F_element_12/name'
18:14:54.399 [AsyncHttpClient-1-8] DEBUG org.asynchttpclient.netty.handler.HttpHandler - 

Request DefaultFullHttpRequest(decodeResult: success, version: HTTP/1.1, content: EmptyByteBufBE)
GET /session/20994eea02e091350b689642c7d95de1/element/044180105777B63C1B51E8B9C274FF4F_element_12/name HTTP/1.1
User-Agent: selenium/4.8.1 (java windows)
Cache-Control: no-cache
Content-Type: application/json; charset=utf-8
host: localhost:37098
accept: */*

Response DefaultHttpResponse(decodeResult: success, version: HTTP/1.1)
HTTP/1.1 200 OK
Content-Length: 18
Content-Type: application/json; charset=utf-8
cache-control: no-cache

18:14:54.400 [AsyncHttpClient-1-8] DEBUG org.asynchttpclient.netty.channel.ChannelManager - Adding key: http://localhost:37098 for channel [id: 0x193692cb, L:/127.0.0.1:62824 - R:localhost/127.0.0.1:37098]
18:14:54.403 [Forwarding getElementTagName on session 20994eea02e091350b689642c7d95de1 to remote] DEBUG org.asynchttpclient.netty.request.NettyRequestSender - Using pooled Channel '[id: 0x193692cb, L:/127.0.0.1:62824 - R:localhost/127.0.0.1:37098]' for 'GET' to 'http://localhost:37098/session/20994eea02e091350b689642c7d95de1/element/044180105777B63C1B51E8B9C274FF4F_element_12/name'
18:14:54.403 [Forwarding getElementTagName on session 20994eea02e091350b689642c7d95de1 to remote] DEBUG org.asynchttpclient.netty.request.NettyRequestSender - Using open Channel [id: 0x193692cb, L:/127.0.0.1:62824 - R:localhost/127.0.0.1:37098] for GET '/session/20994eea02e091350b689642c7d95de1/element/044180105777B63C1B51E8B9C274FF4F_element_12/name'
18:14:54.411 [AsyncHttpClient-1-8] DEBUG org.asynchttpclient.netty.handler.HttpHandler - 

Request DefaultFullHttpRequest(decodeResult: success, version: HTTP/1.1, content: EmptyByteBufBE)
GET /session/20994eea02e091350b689642c7d95de1/element/044180105777B63C1B51E8B9C274FF4F_element_12/name HTTP/1.1
User-Agent: selenium/4.8.1 (java windows)
Cache-Control: no-cache
Content-Type: application/json; charset=utf-8
host: localhost:37098
accept: */*

Response DefaultHttpResponse(decodeResult: success, version: HTTP/1.1)
HTTP/1.1 200 OK
Content-Length: 18
Content-Type: application/json; charset=utf-8
cache-control: no-cache

18:14:54.411 [AsyncHttpClient-1-8] DEBUG org.asynchttpclient.netty.channel.ChannelManager - Adding key: http://localhost:37098 for channel [id: 0x193692cb, L:/127.0.0.1:62824 - R:localhost/127.0.0.1:37098]
18:14:54.415 [Forwarding isElementEnabled on session 20994eea02e091350b689642c7d95de1 to remote] DEBUG org.asynchttpclient.netty.request.NettyRequestSender - Using pooled Channel '[id: 0x193692cb, L:/127.0.0.1:62824 - R:localhost/127.0.0.1:37098]' for 'GET' to 'http://localhost:37098/session/20994eea02e091350b689642c7d95de1/element/044180105777B63C1B51E8B9C274FF4F_element_12/enabled'
18:14:54.415 [Forwarding isElementEnabled on session 20994eea02e091350b689642c7d95de1 to remote] DEBUG org.asynchttpclient.netty.request.NettyRequestSender - Using open Channel [id: 0x193692cb, L:/127.0.0.1:62824 - R:localhost/127.0.0.1:37098] for GET '/session/20994eea02e091350b689642c7d95de1/element/044180105777B63C1B51E8B9C274FF4F_element_12/enabled'
18:14:54.427 [AsyncHttpClient-1-8] DEBUG org.asynchttpclient.netty.handler.HttpHandler - 

Request DefaultFullHttpRequest(decodeResult: success, version: HTTP/1.1, content: EmptyByteBufBE)
GET /session/20994eea02e091350b689642c7d95de1/element/044180105777B63C1B51E8B9C274FF4F_element_12/enabled HTTP/1.1
User-Agent: selenium/4.8.1 (java windows)
Cache-Control: no-cache
Content-Type: application/json; charset=utf-8
host: localhost:37098
accept: */*

Response DefaultHttpResponse(decodeResult: success, version: HTTP/1.1)
HTTP/1.1 200 OK
Content-Length: 14
Content-Type: application/json; charset=utf-8
cache-control: no-cache

18:14:54.428 [AsyncHttpClient-1-8] DEBUG org.asynchttpclient.netty.channel.ChannelManager - Adding key: http://localhost:37098 for channel [id: 0x193692cb, L:/127.0.0.1:62824 - R:localhost/127.0.0.1:37098]
18:14:54.431 [Forwarding isElementEnabled on session 20994eea02e091350b689642c7d95de1 to remote] DEBUG org.asynchttpclient.netty.request.NettyRequestSender - Using pooled Channel '[id: 0x193692cb, L:/127.0.0.1:62824 - R:localhost/127.0.0.1:37098]' for 'GET' to 'http://localhost:37098/session/20994eea02e091350b689642c7d95de1/element/044180105777B63C1B51E8B9C274FF4F_element_12/enabled'
18:14:54.431 [Forwarding isElementEnabled on session 20994eea02e091350b689642c7d95de1 to remote] DEBUG org.asynchttpclient.netty.request.NettyRequestSender - Using open Channel [id: 0x193692cb, L:/127.0.0.1:62824 - R:localhost/127.0.0.1:37098] for GET '/session/20994eea02e091350b689642c7d95de1/element/044180105777B63C1B51E8B9C274FF4F_element_12/enabled'
18:14:54.443 [AsyncHttpClient-1-8] DEBUG org.asynchttpclient.netty.handler.HttpHandler - 

Request DefaultFullHttpRequest(decodeResult: success, version: HTTP/1.1, content: EmptyByteBufBE)
GET /session/20994eea02e091350b689642c7d95de1/element/044180105777B63C1B51E8B9C274FF4F_element_12/enabled HTTP/1.1
User-Agent: selenium/4.8.1 (java windows)
Cache-Control: no-cache
Content-Type: application/json; charset=utf-8
host: localhost:37098
accept: */*

Response DefaultHttpResponse(decodeResult: success, version: HTTP/1.1)
HTTP/1.1 200 OK
Content-Length: 14
Content-Type: application/json; charset=utf-8
cache-control: no-cache

18:14:54.444 [AsyncHttpClient-1-8] DEBUG org.asynchttpclient.netty.channel.ChannelManager - Adding key: http://localhost:37098 for channel [id: 0x193692cb, L:/127.0.0.1:62824 - R:localhost/127.0.0.1:37098]
18:14:54.447 [Forwarding findElement on session 20994eea02e091350b689642c7d95de1 to remote] DEBUG org.asynchttpclient.netty.request.NettyRequestSender - Using pooled Channel '[id: 0x193692cb, L:/127.0.0.1:62824 - R:localhost/127.0.0.1:37098]' for 'POST' to 'http://localhost:37098/session/20994eea02e091350b689642c7d95de1/element'
18:14:54.447 [Forwarding findElement on session 20994eea02e091350b689642c7d95de1 to remote] DEBUG org.asynchttpclient.netty.request.NettyRequestSender - Using open Channel [id: 0x193692cb, L:/127.0.0.1:62824 - R:localhost/127.0.0.1:37098] for POST '/session/20994eea02e091350b689642c7d95de1/element'
18:14:54.459 [AsyncHttpClient-1-8] DEBUG org.asynchttpclient.netty.handler.HttpHandler - 

Request DefaultHttpRequest(decodeResult: success, version: HTTP/1.1)
POST /session/20994eea02e091350b689642c7d95de1/element HTTP/1.1
User-Agent: selenium/4.8.1 (java windows)
Content-Length: 157
Content-Type: application/json; charset=utf-8
host: localhost:37098
accept: */*

Response DefaultHttpResponse(decodeResult: success, version: HTTP/1.1)
HTTP/1.1 200 OK
Content-Length: 95
Content-Type: application/json; charset=utf-8
cache-control: no-cache

18:14:54.459 [AsyncHttpClient-1-8] DEBUG org.asynchttpclient.netty.channel.ChannelManager - Adding key: http://localhost:37098 for channel [id: 0x193692cb, L:/127.0.0.1:62824 - R:localhost/127.0.0.1:37098]
18:14:54.461 [Forwarding clickElement on session 20994eea02e091350b689642c7d95de1 to remote] DEBUG org.asynchttpclient.netty.request.NettyRequestSender - Using pooled Channel '[id: 0x193692cb, L:/127.0.0.1:62824 - R:localhost/127.0.0.1:37098]' for 'POST' to 'http://localhost:37098/session/20994eea02e091350b689642c7d95de1/element/044180105777B63C1B51E8B9C274FF4F_element_12/click'
18:14:54.461 [Forwarding clickElement on session 20994eea02e091350b689642c7d95de1 to remote] DEBUG org.asynchttpclient.netty.request.NettyRequestSender - Using open Channel [id: 0x193692cb, L:/127.0.0.1:62824 - R:localhost/127.0.0.1:37098] for POST '/session/20994eea02e091350b689642c7d95de1/element/044180105777B63C1B51E8B9C274FF4F_element_12/click'
18:14:54.562 [AsyncHttpClient-1-8] DEBUG org.asynchttpclient.netty.handler.HttpHandler - 

Request DefaultHttpRequest(decodeResult: success, version: HTTP/1.1)
POST /session/20994eea02e091350b689642c7d95de1/element/044180105777B63C1B51E8B9C274FF4F_element_12/click HTTP/1.1
User-Agent: selenium/4.8.1 (java windows)
Content-Length: 57
Content-Type: application/json; charset=utf-8
host: localhost:37098
accept: */*

Response DefaultHttpResponse(decodeResult: success, version: HTTP/1.1)
HTTP/1.1 200 OK
Content-Length: 14
Content-Type: application/json; charset=utf-8
cache-control: no-cache

18:14:54.563 [AsyncHttpClient-1-8] DEBUG org.asynchttpclient.netty.channel.ChannelManager - Adding key: http://localhost:37098 for channel [id: 0x193692cb, L:/127.0.0.1:62824 - R:localhost/127.0.0.1:37098]
18:14:54.570 [main] DEBUG net.thucydides.core.steps.StepInterceptor - STEP DONE: adminClickAddEmployee
  &amp#27;[32mAnd &amp#27;[0m&amp#27;[32madmin click add employee&amp#27;[0m                   &amp#27;[90m# starter.stepdefinitions.CashierSteps.adminClickAddEmployee()&amp#27;[0m
18:14:54.579 [main] DEBUG net.thucydides.core.steps.StepInterceptor - STARTING STEP: CashierSteps.adminInputName - adminInputName
18:14:54.584 [Forwarding findElement on session 20994eea02e091350b689642c7d95de1 to remote] DEBUG org.asynchttpclient.netty.request.NettyRequestSender - Using pooled Channel '[id: 0x193692cb, L:/127.0.0.1:62824 - R:localhost/127.0.0.1:37098]' for 'POST' to 'http://localhost:37098/session/20994eea02e091350b689642c7d95de1/element'
18:14:54.584 [Forwarding findElement on session 20994eea02e091350b689642c7d95de1 to remote] DEBUG org.asynchttpclient.netty.request.NettyRequestSender - Using open Channel [id: 0x193692cb, L:/127.0.0.1:62824 - R:localhost/127.0.0.1:37098] for POST '/session/20994eea02e091350b689642c7d95de1/element'
18:14:54.601 [AsyncHttpClient-1-8] DEBUG org.asynchttpclient.netty.handler.HttpHandler - 

Request DefaultHttpRequest(decodeResult: success, version: HTTP/1.1)
POST /session/20994eea02e091350b689642c7d95de1/element HTTP/1.1
User-Agent: selenium/4.8.1 (java windows)
Content-Length: 180
Content-Type: application/json; charset=utf-8
host: localhost:37098
accept: */*

Response DefaultHttpResponse(decodeResult: success, version: HTTP/1.1)
HTTP/1.1 200 OK
Content-Length: 95
Content-Type: application/json; charset=utf-8
cache-control: no-cache

18:14:54.602 [AsyncHttpClient-1-8] DEBUG org.asynchttpclient.netty.channel.ChannelManager - Adding key: http://localhost:37098 for channel [id: 0x193692cb, L:/127.0.0.1:62824 - R:localhost/127.0.0.1:37098]
18:14:54.604 [Forwarding clearElement on session 20994eea02e091350b689642c7d95de1 to remote] DEBUG org.asynchttpclient.netty.request.NettyRequestSender - Using pooled Channel '[id: 0x193692cb, L:/127.0.0.1:62824 - R:localhost/127.0.0.1:37098]' for 'POST' to 'http://localhost:37098/session/20994eea02e091350b689642c7d95de1/element/044180105777B63C1B51E8B9C274FF4F_element_14/clear'
18:14:54.604 [Forwarding clearElement on session 20994eea02e091350b689642c7d95de1 to remote] DEBUG org.asynchttpclient.netty.request.NettyRequestSender - Using open Channel [id: 0x193692cb, L:/127.0.0.1:62824 - R:localhost/127.0.0.1:37098] for POST '/session/20994eea02e091350b689642c7d95de1/element/044180105777B63C1B51E8B9C274FF4F_element_14/clear'
18:14:54.657 [AsyncHttpClient-1-8] DEBUG org.asynchttpclient.netty.handler.HttpHandler - 

Request DefaultHttpRequest(decodeResult: success, version: HTTP/1.1)
POST /session/20994eea02e091350b689642c7d95de1/element/044180105777B63C1B51E8B9C274FF4F_element_14/clear HTTP/1.1
User-Agent: selenium/4.8.1 (java windows)
Content-Length: 57
Content-Type: application/json; charset=utf-8
host: localhost:37098
accept: */*

Response DefaultHttpResponse(decodeResult: success, version: HTTP/1.1)
HTTP/1.1 200 OK
Content-Length: 14
Content-Type: application/json; charset=utf-8
cache-control: no-cache

18:14:54.657 [AsyncHttpClient-1-8] DEBUG org.asynchttpclient.netty.channel.ChannelManager - Adding key: http://localhost:37098 for channel [id: 0x193692cb, L:/127.0.0.1:62824 - R:localhost/127.0.0.1:37098]
18:14:54.660 [Forwarding sendKeysToElement on session 20994eea02e091350b689642c7d95de1 to remote] DEBUG org.asynchttpclient.netty.request.NettyRequestSender - Using pooled Channel '[id: 0x193692cb, L:/127.0.0.1:62824 - R:localhost/127.0.0.1:37098]' for 'POST' to 'http://localhost:37098/session/20994eea02e091350b689642c7d95de1/element/044180105777B63C1B51E8B9C274FF4F_element_14/value'
18:14:54.660 [Forwarding sendKeysToElement on session 20994eea02e091350b689642c7d95de1 to remote] DEBUG org.asynchttpclient.netty.request.NettyRequestSender - Using open Channel [id: 0x193692cb, L:/127.0.0.1:62824 - R:localhost/127.0.0.1:37098] for POST '/session/20994eea02e091350b689642c7d95de1/element/044180105777B63C1B51E8B9C274FF4F_element_14/value'
18:14:54.902 [AsyncHttpClient-1-8] DEBUG org.asynchttpclient.netty.handler.HttpHandler - 

Request DefaultHttpRequest(decodeResult: success, version: HTTP/1.1)
POST /session/20994eea02e091350b689642c7d95de1/element/044180105777B63C1B51E8B9C274FF4F_element_14/value HTTP/1.1
User-Agent: selenium/4.8.1 (java windows)
Content-Length: 228
Content-Type: application/json; charset=utf-8
host: localhost:37098
accept: */*

Response DefaultHttpResponse(decodeResult: success, version: HTTP/1.1)
HTTP/1.1 200 OK
Content-Length: 14
Content-Type: application/json; charset=utf-8
cache-control: no-cache

18:14:54.902 [AsyncHttpClient-1-8] DEBUG org.asynchttpclient.netty.channel.ChannelManager - Adding key: http://localhost:37098 for channel [id: 0x193692cb, L:/127.0.0.1:62824 - R:localhost/127.0.0.1:37098]
18:14:54.907 [AsyncHttpClient-1-1] DEBUG org.asynchttpclient.netty.channel.DefaultChannelPool - Entry count for : http://localhost:37098 : 1
18:14:54.908 [AsyncHttpClient-1-1] DEBUG org.asynchttpclient.netty.channel.DefaultChannelPool - Entry count for : http://localhost:62825 : 1
18:14:54.908 [main] DEBUG net.thucydides.core.steps.StepInterceptor - STEP DONE: adminInputName
  &amp#27;[32mAnd &amp#27;[0m&amp#27;[32madmin input name cashier&amp#27;[0m                   &amp#27;[90m# starter.stepdefinitions.CashierSteps.adminInputName()&amp#27;[0m
18:14:54.923 [main] DEBUG net.thucydides.core.steps.StepInterceptor - STARTING STEP: CashierSteps.adminInputPwd - adminInputPass
18:14:54.928 [Forwarding findElement on session 20994eea02e091350b689642c7d95de1 to remote] DEBUG org.asynchttpclient.netty.request.NettyRequestSender - Using pooled Channel '[id: 0x193692cb, L:/127.0.0.1:62824 - R:localhost/127.0.0.1:37098]' for 'POST' to 'http://localhost:37098/session/20994eea02e091350b689642c7d95de1/element'
18:14:54.928 [Forwarding findElement on session 20994eea02e091350b689642c7d95de1 to remote] DEBUG org.asynchttpclient.netty.request.NettyRequestSender - Using open Channel [id: 0x193692cb, L:/127.0.0.1:62824 - R:localhost/127.0.0.1:37098] for POST '/session/20994eea02e091350b689642c7d95de1/element'
18:14:54.954 [AsyncHttpClient-1-8] DEBUG org.asynchttpclient.netty.handler.HttpHandler - 

Request DefaultHttpRequest(decodeResult: success, version: HTTP/1.1)
POST /session/20994eea02e091350b689642c7d95de1/element HTTP/1.1
User-Agent: selenium/4.8.1 (java windows)
Content-Length: 180
Content-Type: application/json; charset=utf-8
host: localhost:37098
accept: */*

Response DefaultHttpResponse(decodeResult: success, version: HTTP/1.1)
HTTP/1.1 200 OK
Content-Length: 95
Content-Type: application/json; charset=utf-8
cache-control: no-cache

18:14:54.955 [AsyncHttpClient-1-8] DEBUG org.asynchttpclient.netty.channel.ChannelManager - Adding key: http://localhost:37098 for channel [id: 0x193692cb, L:/127.0.0.1:62824 - R:localhost/127.0.0.1:37098]
18:14:54.956 [Forwarding clearElement on session 20994eea02e091350b689642c7d95de1 to remote] DEBUG org.asynchttpclient.netty.request.NettyRequestSender - Using pooled Channel '[id: 0x193692cb, L:/127.0.0.1:62824 - R:localhost/127.0.0.1:37098]' for 'POST' to 'http://localhost:37098/session/20994eea02e091350b689642c7d95de1/element/044180105777B63C1B51E8B9C274FF4F_element_17/clear'
18:14:54.957 [Forwarding clearElement on session 20994eea02e091350b689642c7d95de1 to remote] DEBUG org.asynchttpclient.netty.request.NettyRequestSender - Using open Channel [id: 0x193692cb, L:/127.0.0.1:62824 - R:localhost/127.0.0.1:37098] for POST '/session/20994eea02e091350b689642c7d95de1/element/044180105777B63C1B51E8B9C274FF4F_element_17/clear'
18:14:55.002 [AsyncHttpClient-1-8] DEBUG org.asynchttpclient.netty.handler.HttpHandler - 

Request DefaultHttpRequest(decodeResult: success, version: HTTP/1.1)
POST /session/20994eea02e091350b689642c7d95de1/element/044180105777B63C1B51E8B9C274FF4F_element_17/clear HTTP/1.1
User-Agent: selenium/4.8.1 (java windows)
Content-Length: 57
Content-Type: application/json; charset=utf-8
host: localhost:37098
accept: */*

Response DefaultHttpResponse(decodeResult: success, version: HTTP/1.1)
HTTP/1.1 200 OK
Content-Length: 14
Content-Type: application/json; charset=utf-8
cache-control: no-cache

18:14:55.002 [AsyncHttpClient-1-8] DEBUG org.asynchttpclient.netty.channel.ChannelManager - Adding key: http://localhost:37098 for channel [id: 0x193692cb, L:/127.0.0.1:62824 - R:localhost/127.0.0.1:37098]
18:14:55.005 [Forwarding sendKeysToElement on session 20994eea02e091350b689642c7d95de1 to remote] DEBUG org.asynchttpclient.netty.request.NettyRequestSender - Using pooled Channel '[id: 0x193692cb, L:/127.0.0.1:62824 - R:localhost/127.0.0.1:37098]' for 'POST' to 'http://localhost:37098/session/20994eea02e091350b689642c7d95de1/element/044180105777B63C1B51E8B9C274FF4F_element_17/value'
18:14:55.005 [Forwarding sendKeysToElement on session 20994eea02e091350b689642c7d95de1 to remote] DEBUG org.asynchttpclient.netty.request.NettyRequestSender - Using open Channel [id: 0x193692cb, L:/127.0.0.1:62824 - R:localhost/127.0.0.1:37098] for POST '/session/20994eea02e091350b689642c7d95de1/element/044180105777B63C1B51E8B9C274FF4F_element_17/value'
18:14:55.174 [AsyncHttpClient-1-8] DEBUG org.asynchttpclient.netty.handler.HttpHandler - 

Request DefaultHttpRequest(decodeResult: success, version: HTTP/1.1)
POST /session/20994eea02e091350b689642c7d95de1/element/044180105777B63C1B51E8B9C274FF4F_element_17/value HTTP/1.1
User-Agent: selenium/4.8.1 (java windows)
Content-Length: 148
Content-Type: application/json; charset=utf-8
host: localhost:37098
accept: */*

Response DefaultHttpResponse(decodeResult: success, version: HTTP/1.1)
HTTP/1.1 200 OK
Content-Length: 14
Content-Type: application/json; charset=utf-8
cache-control: no-cache

18:14:55.174 [AsyncHttpClient-1-8] DEBUG org.asynchttpclient.netty.channel.ChannelManager - Adding key: http://localhost:37098 for channel [id: 0x193692cb, L:/127.0.0.1:62824 - R:localhost/127.0.0.1:37098]
18:14:55.181 [main] DEBUG net.thucydides.core.steps.StepInterceptor - STEP DONE: adminInputPass
  &amp#27;[32mAnd &amp#27;[0m&amp#27;[32madmin input valid password for add cashier&amp#27;[0m &amp#27;[90m# starter.stepdefinitions.CashierSteps.adminInputPwd()&amp#27;[0m
18:14:55.194 [main] DEBUG net.thucydides.core.steps.StepInterceptor - STARTING STEP: CashierSteps.adminInputConfirmPass - adminInputConfirmPass
18:14:55.199 [Forwarding findElement on session 20994eea02e091350b689642c7d95de1 to remote] DEBUG org.asynchttpclient.netty.request.NettyRequestSender - Using pooled Channel '[id: 0x193692cb, L:/127.0.0.1:62824 - R:localhost/127.0.0.1:37098]' for 'POST' to 'http://localhost:37098/session/20994eea02e091350b689642c7d95de1/element'
18:14:55.200 [Forwarding findElement on session 20994eea02e091350b689642c7d95de1 to remote] DEBUG org.asynchttpclient.netty.request.NettyRequestSender - Using open Channel [id: 0x193692cb, L:/127.0.0.1:62824 - R:localhost/127.0.0.1:37098] for POST '/session/20994eea02e091350b689642c7d95de1/element'
18:14:55.222 [AsyncHttpClient-1-8] DEBUG org.asynchttpclient.netty.handler.HttpHandler - 

Request DefaultHttpRequest(decodeResult: success, version: HTTP/1.1)
POST /session/20994eea02e091350b689642c7d95de1/element HTTP/1.1
User-Agent: selenium/4.8.1 (java windows)
Content-Length: 180
Content-Type: application/json; charset=utf-8
host: localhost:37098
accept: */*

Response DefaultHttpResponse(decodeResult: success, version: HTTP/1.1)
HTTP/1.1 200 OK
Content-Length: 95
Content-Type: application/json; charset=utf-8
cache-control: no-cache

18:14:55.222 [AsyncHttpClient-1-8] DEBUG org.asynchttpclient.netty.channel.ChannelManager - Adding key: http://localhost:37098 for channel [id: 0x193692cb, L:/127.0.0.1:62824 - R:localhost/127.0.0.1:37098]
18:14:55.224 [Forwarding clearElement on session 20994eea02e091350b689642c7d95de1 to remote] DEBUG org.asynchttpclient.netty.request.NettyRequestSender - Using pooled Channel '[id: 0x193692cb, L:/127.0.0.1:62824 - R:localhost/127.0.0.1:37098]' for 'POST' to 'http://localhost:37098/session/20994eea02e091350b689642c7d95de1/element/044180105777B63C1B51E8B9C274FF4F_element_19/clear'
18:14:55.224 [Forwarding clearElement on session 20994eea02e091350b689642c7d95de1 to remote] DEBUG org.asynchttpclient.netty.request.NettyRequestSender - Using open Channel [id: 0x193692cb, L:/127.0.0.1:62824 - R:localhost/127.0.0.1:37098] for POST '/session/20994eea02e091350b689642c7d95de1/element/044180105777B63C1B51E8B9C274FF4F_element_19/clear'
18:14:55.263 [AsyncHttpClient-1-8] DEBUG org.asynchttpclient.netty.handler.HttpHandler - 

Request DefaultHttpRequest(decodeResult: success, version: HTTP/1.1)
POST /session/20994eea02e091350b689642c7d95de1/element/044180105777B63C1B51E8B9C274FF4F_element_19/clear HTTP/1.1
User-Agent: selenium/4.8.1 (java windows)
Content-Length: 57
Content-Type: application/json; charset=utf-8
host: localhost:37098
accept: */*

Response DefaultHttpResponse(decodeResult: success, version: HTTP/1.1)
HTTP/1.1 200 OK
Content-Length: 14
Content-Type: application/json; charset=utf-8
cache-control: no-cache

18:14:55.264 [AsyncHttpClient-1-8] DEBUG org.asynchttpclient.netty.channel.ChannelManager - Adding key: http://localhost:37098 for channel [id: 0x193692cb, L:/127.0.0.1:62824 - R:localhost/127.0.0.1:37098]
18:14:55.266 [Forwarding sendKeysToElement on session 20994eea02e091350b689642c7d95de1 to remote] DEBUG org.asynchttpclient.netty.request.NettyRequestSender - Using pooled Channel '[id: 0x193692cb, L:/127.0.0.1:62824 - R:localhost/127.0.0.1:37098]' for 'POST' to 'http://localhost:37098/session/20994eea02e091350b689642c7d95de1/element/044180105777B63C1B51E8B9C274FF4F_element_19/value'
18:14:55.266 [Forwarding sendKeysToElement on session 20994eea02e091350b689642c7d95de1 to remote] DEBUG org.asynchttpclient.netty.request.NettyRequestSender - Using open Channel [id: 0x193692cb, L:/127.0.0.1:62824 - R:localhost/127.0.0.1:37098] for POST '/session/20994eea02e091350b689642c7d95de1/element/044180105777B63C1B51E8B9C274FF4F_element_19/value'
18:14:55.381 [AsyncHttpClient-1-8] DEBUG org.asynchttpclient.netty.handler.HttpHandler - 

Request DefaultHttpRequest(decodeResult: success, version: HTTP/1.1)
POST /session/20994eea02e091350b689642c7d95de1/element/044180105777B63C1B51E8B9C274FF4F_element_19/value HTTP/1.1
User-Agent: selenium/4.8.1 (java windows)
Content-Length: 148
Content-Type: application/json; charset=utf-8
host: localhost:37098
accept: */*

Response DefaultHttpResponse(decodeResult: success, version: HTTP/1.1)
HTTP/1.1 200 OK
Content-Length: 14
Content-Type: application/json; charset=utf-8
cache-control: no-cache

18:14:55.382 [AsyncHttpClient-1-8] DEBUG org.asynchttpclient.netty.channel.ChannelManager - Adding key: http://localhost:37098 for channel [id: 0x193692cb, L:/127.0.0.1:62824 - R:localhost/127.0.0.1:37098]
18:14:55.387 [main] DEBUG net.thucydides.core.steps.StepInterceptor - STEP DONE: adminInputConfirmPass
  &amp#27;[32mAnd &amp#27;[0m&amp#27;[32madmin input confirm password&amp#27;[0m               &amp#27;[90m# starter.stepdefinitions.CashierSteps.adminInputConfirmPass()&amp#27;[0m
18:14:55.396 [main] DEBUG net.thucydides.core.steps.StepInterceptor - STARTING STEP: CashierSteps.adminSelectRole - adminSelectRole
18:14:55.401 [Forwarding findElement on session 20994eea02e091350b689642c7d95de1 to remote] DEBUG org.asynchttpclient.netty.request.NettyRequestSender - Using pooled Channel '[id: 0x193692cb, L:/127.0.0.1:62824 - R:localhost/127.0.0.1:37098]' for 'POST' to 'http://localhost:37098/session/20994eea02e091350b689642c7d95de1/element'
18:14:55.401 [Forwarding findElement on session 20994eea02e091350b689642c7d95de1 to remote] DEBUG org.asynchttpclient.netty.request.NettyRequestSender - Using open Channel [id: 0x193692cb, L:/127.0.0.1:62824 - R:localhost/127.0.0.1:37098] for POST '/session/20994eea02e091350b689642c7d95de1/element'
18:14:55.419 [AsyncHttpClient-1-8] DEBUG org.asynchttpclient.netty.handler.HttpHandler - 

Request DefaultHttpRequest(decodeResult: success, version: HTTP/1.1)
POST /session/20994eea02e091350b689642c7d95de1/element HTTP/1.1
User-Agent: selenium/4.8.1 (java windows)
Content-Length: 163
Content-Type: application/json; charset=utf-8
host: localhost:37098
accept: */*

Response DefaultHttpResponse(decodeResult: success, version: HTTP/1.1)
HTTP/1.1 200 OK
Content-Length: 95
Content-Type: application/json; charset=utf-8
cache-control: no-cache

18:14:55.419 [AsyncHttpClient-1-8] DEBUG org.asynchttpclient.netty.channel.ChannelManager - Adding key: http://localhost:37098 for channel [id: 0x193692cb, L:/127.0.0.1:62824 - R:localhost/127.0.0.1:37098]
18:14:55.421 [Forwarding getElementTagName on session 20994eea02e091350b689642c7d95de1 to remote] DEBUG org.asynchttpclient.netty.request.NettyRequestSender - Using pooled Channel '[id: 0x193692cb, L:/127.0.0.1:62824 - R:localhost/127.0.0.1:37098]' for 'GET' to 'http://localhost:37098/session/20994eea02e091350b689642c7d95de1/element/044180105777B63C1B51E8B9C274FF4F_element_20/name'
18:14:55.421 [Forwarding getElementTagName on session 20994eea02e091350b689642c7d95de1 to remote] DEBUG org.asynchttpclient.netty.request.NettyRequestSender - Using open Channel [id: 0x193692cb, L:/127.0.0.1:62824 - R:localhost/127.0.0.1:37098] for GET '/session/20994eea02e091350b689642c7d95de1/element/044180105777B63C1B51E8B9C274FF4F_element_20/name'
18:14:55.430 [AsyncHttpClient-1-8] DEBUG org.asynchttpclient.netty.handler.HttpHandler - 

Request DefaultFullHttpRequest(decodeResult: success, version: HTTP/1.1, content: EmptyByteBufBE)
GET /session/20994eea02e091350b689642c7d95de1/element/044180105777B63C1B51E8B9C274FF4F_element_20/name HTTP/1.1
User-Agent: selenium/4.8.1 (java windows)
Cache-Control: no-cache
Content-Type: application/json; charset=utf-8
host: localhost:37098
accept: */*

Response DefaultHttpResponse(decodeResult: success, version: HTTP/1.1)
HTTP/1.1 200 OK
Content-Length: 18
Content-Type: application/json; charset=utf-8
cache-control: no-cache

18:14:55.430 [AsyncHttpClient-1-8] DEBUG org.asynchttpclient.netty.channel.ChannelManager - Adding key: http://localhost:37098 for channel [id: 0x193692cb, L:/127.0.0.1:62824 - R:localhost/127.0.0.1:37098]
18:14:55.433 [Forwarding getElementTagName on session 20994eea02e091350b689642c7d95de1 to remote] DEBUG org.asynchttpclient.netty.request.NettyRequestSender - Using pooled Channel '[id: 0x193692cb, L:/127.0.0.1:62824 - R:localhost/127.0.0.1:37098]' for 'GET' to 'http://localhost:37098/session/20994eea02e091350b689642c7d95de1/element/044180105777B63C1B51E8B9C274FF4F_element_20/name'
18:14:55.433 [Forwarding getElementTagName on session 20994eea02e091350b689642c7d95de1 to remote] DEBUG org.asynchttpclient.netty.request.NettyRequestSender - Using open Channel [id: 0x193692cb, L:/127.0.0.1:62824 - R:localhost/127.0.0.1:37098] for GET '/session/20994eea02e091350b689642c7d95de1/element/044180105777B63C1B51E8B9C274FF4F_element_20/name'
18:14:55.443 [AsyncHttpClient-1-8] DEBUG org.asynchttpclient.netty.handler.HttpHandler - 

Request DefaultFullHttpRequest(decodeResult: success, version: HTTP/1.1, content: EmptyByteBufBE)
GET /session/20994eea02e091350b689642c7d95de1/element/044180105777B63C1B51E8B9C274FF4F_element_20/name HTTP/1.1
User-Agent: selenium/4.8.1 (java windows)
Cache-Control: no-cache
Content-Type: application/json; charset=utf-8
host: localhost:37098
accept: */*

Response DefaultHttpResponse(decodeResult: success, version: HTTP/1.1)
HTTP/1.1 200 OK
Content-Length: 18
Content-Type: application/json; charset=utf-8
cache-control: no-cache

18:14:55.443 [AsyncHttpClient-1-8] DEBUG org.asynchttpclient.netty.channel.ChannelManager - Adding key: http://localhost:37098 for channel [id: 0x193692cb, L:/127.0.0.1:62824 - R:localhost/127.0.0.1:37098]
18:14:55.446 [Forwarding isElementEnabled on session 20994eea02e091350b689642c7d95de1 to remote] DEBUG org.asynchttpclient.netty.request.NettyRequestSender - Using pooled Channel '[id: 0x193692cb, L:/127.0.0.1:62824 - R:localhost/127.0.0.1:37098]' for 'GET' to 'http://localhost:37098/session/20994eea02e091350b689642c7d95de1/element/044180105777B63C1B51E8B9C274FF4F_element_20/enabled'
18:14:55.446 [Forwarding isElementEnabled on session 20994eea02e091350b689642c7d95de1 to remote] DEBUG org.asynchttpclient.netty.request.NettyRequestSender - Using open Channel [id: 0x193692cb, L:/127.0.0.1:62824 - R:localhost/127.0.0.1:37098] for GET '/session/20994eea02e091350b689642c7d95de1/element/044180105777B63C1B51E8B9C274FF4F_element_20/enabled'
18:14:55.462 [AsyncHttpClient-1-8] DEBUG org.asynchttpclient.netty.handler.HttpHandler - 

Request DefaultFullHttpRequest(decodeResult: success, version: HTTP/1.1, content: EmptyByteBufBE)
GET /session/20994eea02e091350b689642c7d95de1/element/044180105777B63C1B51E8B9C274FF4F_element_20/enabled HTTP/1.1
User-Agent: selenium/4.8.1 (java windows)
Cache-Control: no-cache
Content-Type: application/json; charset=utf-8
host: localhost:37098
accept: */*

Response DefaultHttpResponse(decodeResult: success, version: HTTP/1.1)
HTTP/1.1 200 OK
Content-Length: 14
Content-Type: application/json; charset=utf-8
cache-control: no-cache

18:14:55.462 [AsyncHttpClient-1-8] DEBUG org.asynchttpclient.netty.channel.ChannelManager - Adding key: http://localhost:37098 for channel [id: 0x193692cb, L:/127.0.0.1:62824 - R:localhost/127.0.0.1:37098]
18:14:55.466 [Forwarding isElementEnabled on session 20994eea02e091350b689642c7d95de1 to remote] DEBUG org.asynchttpclient.netty.request.NettyRequestSender - Using pooled Channel '[id: 0x193692cb, L:/127.0.0.1:62824 - R:localhost/127.0.0.1:37098]' for 'GET' to 'http://localhost:37098/session/20994eea02e091350b689642c7d95de1/element/044180105777B63C1B51E8B9C274FF4F_element_20/enabled'
18:14:55.466 [Forwarding isElementEnabled on session 20994eea02e091350b689642c7d95de1 to remote] DEBUG org.asynchttpclient.netty.request.NettyRequestSender - Using open Channel [id: 0x193692cb, L:/127.0.0.1:62824 - R:localhost/127.0.0.1:37098] for GET '/session/20994eea02e091350b689642c7d95de1/element/044180105777B63C1B51E8B9C274FF4F_element_20/enabled'
18:14:55.478 [AsyncHttpClient-1-8] DEBUG org.asynchttpclient.netty.handler.HttpHandler - 

Request DefaultFullHttpRequest(decodeResult: success, version: HTTP/1.1, content: EmptyByteBufBE)
GET /session/20994eea02e091350b689642c7d95de1/element/044180105777B63C1B51E8B9C274FF4F_element_20/enabled HTTP/1.1
User-Agent: selenium/4.8.1 (java windows)
Cache-Control: no-cache
Content-Type: application/json; charset=utf-8
host: localhost:37098
accept: */*

Response DefaultHttpResponse(decodeResult: success, version: HTTP/1.1)
HTTP/1.1 200 OK
Content-Length: 14
Content-Type: application/json; charset=utf-8
cache-control: no-cache

18:14:55.478 [AsyncHttpClient-1-8] DEBUG org.asynchttpclient.netty.channel.ChannelManager - Adding key: http://localhost:37098 for channel [id: 0x193692cb, L:/127.0.0.1:62824 - R:localhost/127.0.0.1:37098]
18:14:55.485 [Forwarding findElement on session 20994eea02e091350b689642c7d95de1 to remote] DEBUG org.asynchttpclient.netty.request.NettyRequestSender - Using pooled Channel '[id: 0x193692cb, L:/127.0.0.1:62824 - R:localhost/127.0.0.1:37098]' for 'POST' to 'http://localhost:37098/session/20994eea02e091350b689642c7d95de1/element'
18:14:55.486 [Forwarding findElement on session 20994eea02e091350b689642c7d95de1 to remote] DEBUG org.asynchttpclient.netty.request.NettyRequestSender - Using open Channel [id: 0x193692cb, L:/127.0.0.1:62824 - R:localhost/127.0.0.1:37098] for POST '/session/20994eea02e091350b689642c7d95de1/element'
18:14:55.500 [AsyncHttpClient-1-8] DEBUG org.asynchttpclient.netty.handler.HttpHandler - 

Request DefaultHttpRequest(decodeResult: success, version: HTTP/1.1)
POST /session/20994eea02e091350b689642c7d95de1/element HTTP/1.1
User-Agent: selenium/4.8.1 (java windows)
Content-Length: 163
Content-Type: application/json; charset=utf-8
host: localhost:37098
accept: */*

Response DefaultHttpResponse(decodeResult: success, version: HTTP/1.1)
HTTP/1.1 200 OK
Content-Length: 95
Content-Type: application/json; charset=utf-8
cache-control: no-cache

18:14:55.500 [AsyncHttpClient-1-8] DEBUG org.asynchttpclient.netty.channel.ChannelManager - Adding key: http://localhost:37098 for channel [id: 0x193692cb, L:/127.0.0.1:62824 - R:localhost/127.0.0.1:37098]
18:14:55.502 [Forwarding clickElement on session 20994eea02e091350b689642c7d95de1 to remote] DEBUG org.asynchttpclient.netty.request.NettyRequestSender - Using pooled Channel '[id: 0x193692cb, L:/127.0.0.1:62824 - R:localhost/127.0.0.1:37098]' for 'POST' to 'http://localhost:37098/session/20994eea02e091350b689642c7d95de1/element/044180105777B63C1B51E8B9C274FF4F_element_20/click'
18:14:55.502 [Forwarding clickElement on session 20994eea02e091350b689642c7d95de1 to remote] DEBUG org.asynchttpclient.netty.request.NettyRequestSender - Using open Channel [id: 0x193692cb, L:/127.0.0.1:62824 - R:localhost/127.0.0.1:37098] for POST '/session/20994eea02e091350b689642c7d95de1/element/044180105777B63C1B51E8B9C274FF4F_element_20/click'
18:14:55.594 [AsyncHttpClient-1-8] DEBUG org.asynchttpclient.netty.handler.HttpHandler - 

Request DefaultHttpRequest(decodeResult: success, version: HTTP/1.1)
POST /session/20994eea02e091350b689642c7d95de1/element/044180105777B63C1B51E8B9C274FF4F_element_20/click HTTP/1.1
User-Agent: selenium/4.8.1 (java windows)
Content-Length: 57
Content-Type: application/json; charset=utf-8
host: localhost:37098
accept: */*

Response DefaultHttpResponse(decodeResult: success, version: HTTP/1.1)
HTTP/1.1 200 OK
Content-Length: 14
Content-Type: application/json; charset=utf-8
cache-control: no-cache

18:14:55.594 [AsyncHttpClient-1-8] DEBUG org.asynchttpclient.netty.channel.ChannelManager - Adding key: http://localhost:37098 for channel [id: 0x193692cb, L:/127.0.0.1:62824 - R:localhost/127.0.0.1:37098]
18:14:55.607 [Forwarding findElement on session 20994eea02e091350b689642c7d95de1 to remote] DEBUG org.asynchttpclient.netty.request.NettyRequestSender - Using pooled Channel '[id: 0x193692cb, L:/127.0.0.1:62824 - R:localhost/127.0.0.1:37098]' for 'POST' to 'http://localhost:37098/session/20994eea02e091350b689642c7d95de1/element'
18:14:55.607 [Forwarding findElement on session 20994eea02e091350b689642c7d95de1 to remote] DEBUG org.asynchttpclient.netty.request.NettyRequestSender - Using open Channel [id: 0x193692cb, L:/127.0.0.1:62824 - R:localhost/127.0.0.1:37098] for POST '/session/20994eea02e091350b689642c7d95de1/element'
18:14:55.629 [AsyncHttpClient-1-8] DEBUG org.asynchttpclient.netty.handler.HttpHandler - 

Request DefaultHttpRequest(decodeResult: success, version: HTTP/1.1)
POST /session/20994eea02e091350b689642c7d95de1/element HTTP/1.1
User-Agent: selenium/4.8.1 (java windows)
Content-Length: 178
Content-Type: application/json; charset=utf-8
host: localhost:37098
accept: */*

Response DefaultHttpResponse(decodeResult: success, version: HTTP/1.1)
HTTP/1.1 200 OK
Content-Length: 95
Content-Type: application/json; charset=utf-8
cache-control: no-cache

18:14:55.630 [AsyncHttpClient-1-8] DEBUG org.asynchttpclient.netty.channel.ChannelManager - Adding key: http://localhost:37098 for channel [id: 0x193692cb, L:/127.0.0.1:62824 - R:localhost/127.0.0.1:37098]
18:14:55.631 [Forwarding getElementTagName on session 20994eea02e091350b689642c7d95de1 to remote] DEBUG org.asynchttpclient.netty.request.NettyRequestSender - Using pooled Channel '[id: 0x193692cb, L:/127.0.0.1:62824 - R:localhost/127.0.0.1:37098]' for 'GET' to 'http://localhost:37098/session/20994eea02e091350b689642c7d95de1/element/044180105777B63C1B51E8B9C274FF4F_element_23/name'
18:14:55.631 [Forwarding getElementTagName on session 20994eea02e091350b689642c7d95de1 to remote] DEBUG org.asynchttpclient.netty.request.NettyRequestSender - Using open Channel [id: 0x193692cb, L:/127.0.0.1:62824 - R:localhost/127.0.0.1:37098] for GET '/session/20994eea02e091350b689642c7d95de1/element/044180105777B63C1B51E8B9C274FF4F_element_23/name'
18:14:55.641 [AsyncHttpClient-1-8] DEBUG org.asynchttpclient.netty.handler.HttpHandler - 

Request DefaultFullHttpRequest(decodeResult: success, version: HTTP/1.1, content: EmptyByteBufBE)
GET /session/20994eea02e091350b689642c7d95de1/element/044180105777B63C1B51E8B9C274FF4F_element_23/name HTTP/1.1
User-Agent: selenium/4.8.1 (java windows)
Cache-Control: no-cache
Content-Type: application/json; charset=utf-8
host: localhost:37098
accept: */*

Response DefaultHttpResponse(decodeResult: success, version: HTTP/1.1)
HTTP/1.1 200 OK
Content-Length: 18
Content-Type: application/json; charset=utf-8
cache-control: no-cache

18:14:55.641 [AsyncHttpClient-1-8] DEBUG org.asynchttpclient.netty.channel.ChannelManager - Adding key: http://localhost:37098 for channel [id: 0x193692cb, L:/127.0.0.1:62824 - R:localhost/127.0.0.1:37098]
18:14:55.643 [Forwarding getElementTagName on session 20994eea02e091350b689642c7d95de1 to remote] DEBUG org.asynchttpclient.netty.request.NettyRequestSender - Using pooled Channel '[id: 0x193692cb, L:/127.0.0.1:62824 - R:localhost/127.0.0.1:37098]' for 'GET' to 'http://localhost:37098/session/20994eea02e091350b689642c7d95de1/element/044180105777B63C1B51E8B9C274FF4F_element_23/name'
18:14:55.643 [Forwarding getElementTagName on session 20994eea02e091350b689642c7d95de1 to remote] DEBUG org.asynchttpclient.netty.request.NettyRequestSender - Using open Channel [id: 0x193692cb, L:/127.0.0.1:62824 - R:localhost/127.0.0.1:37098] for GET '/session/20994eea02e091350b689642c7d95de1/element/044180105777B63C1B51E8B9C274FF4F_element_23/name'
18:14:55.652 [AsyncHttpClient-1-8] DEBUG org.asynchttpclient.netty.handler.HttpHandler - 

Request DefaultFullHttpRequest(decodeResult: success, version: HTTP/1.1, content: EmptyByteBufBE)
GET /session/20994eea02e091350b689642c7d95de1/element/044180105777B63C1B51E8B9C274FF4F_element_23/name HTTP/1.1
User-Agent: selenium/4.8.1 (java windows)
Cache-Control: no-cache
Content-Type: application/json; charset=utf-8
host: localhost:37098
accept: */*

Response DefaultHttpResponse(decodeResult: success, version: HTTP/1.1)
HTTP/1.1 200 OK
Content-Length: 18
Content-Type: application/json; charset=utf-8
cache-control: no-cache

18:14:55.653 [AsyncHttpClient-1-8] DEBUG org.asynchttpclient.netty.channel.ChannelManager - Adding key: http://localhost:37098 for channel [id: 0x193692cb, L:/127.0.0.1:62824 - R:localhost/127.0.0.1:37098]
18:14:55.655 [Forwarding isElementEnabled on session 20994eea02e091350b689642c7d95de1 to remote] DEBUG org.asynchttpclient.netty.request.NettyRequestSender - Using pooled Channel '[id: 0x193692cb, L:/127.0.0.1:62824 - R:localhost/127.0.0.1:37098]' for 'GET' to 'http://localhost:37098/session/20994eea02e091350b689642c7d95de1/element/044180105777B63C1B51E8B9C274FF4F_element_23/enabled'
18:14:55.655 [Forwarding isElementEnabled on session 20994eea02e091350b689642c7d95de1 to remote] DEBUG org.asynchttpclient.netty.request.NettyRequestSender - Using open Channel [id: 0x193692cb, L:/127.0.0.1:62824 - R:localhost/127.0.0.1:37098] for GET '/session/20994eea02e091350b689642c7d95de1/element/044180105777B63C1B51E8B9C274FF4F_element_23/enabled'
18:14:55.666 [AsyncHttpClient-1-8] DEBUG org.asynchttpclient.netty.handler.HttpHandler - 

Request DefaultFullHttpRequest(decodeResult: success, version: HTTP/1.1, content: EmptyByteBufBE)
GET /session/20994eea02e091350b689642c7d95de1/element/044180105777B63C1B51E8B9C274FF4F_element_23/enabled HTTP/1.1
User-Agent: selenium/4.8.1 (java windows)
Cache-Control: no-cache
Content-Type: application/json; charset=utf-8
host: localhost:37098
accept: */*

Response DefaultHttpResponse(decodeResult: success, version: HTTP/1.1)
HTTP/1.1 200 OK
Content-Length: 14
Content-Type: application/json; charset=utf-8
cache-control: no-cache

18:14:55.666 [AsyncHttpClient-1-8] DEBUG org.asynchttpclient.netty.channel.ChannelManager - Adding key: http://localhost:37098 for channel [id: 0x193692cb, L:/127.0.0.1:62824 - R:localhost/127.0.0.1:37098]
18:14:55.669 [Forwarding isElementEnabled on session 20994eea02e091350b689642c7d95de1 to remote] DEBUG org.asynchttpclient.netty.request.NettyRequestSender - Using pooled Channel '[id: 0x193692cb, L:/127.0.0.1:62824 - R:localhost/127.0.0.1:37098]' for 'GET' to 'http://localhost:37098/session/20994eea02e091350b689642c7d95de1/element/044180105777B63C1B51E8B9C274FF4F_element_23/enabled'
18:14:55.669 [Forwarding isElementEnabled on session 20994eea02e091350b689642c7d95de1 to remote] DEBUG org.asynchttpclient.netty.request.NettyRequestSender - Using open Channel [id: 0x193692cb, L:/127.0.0.1:62824 - R:localhost/127.0.0.1:37098] for GET '/session/20994eea02e091350b689642c7d95de1/element/044180105777B63C1B51E8B9C274FF4F_element_23/enabled'
18:14:55.679 [AsyncHttpClient-1-8] DEBUG org.asynchttpclient.netty.handler.HttpHandler - 

Request DefaultFullHttpRequest(decodeResult: success, version: HTTP/1.1, content: EmptyByteBufBE)
GET /session/20994eea02e091350b689642c7d95de1/element/044180105777B63C1B51E8B9C274FF4F_element_23/enabled HTTP/1.1
User-Agent: selenium/4.8.1 (java windows)
Cache-Control: no-cache
Content-Type: application/json; charset=utf-8
host: localhost:37098
accept: */*

Response DefaultHttpResponse(decodeResult: success, version: HTTP/1.1)
HTTP/1.1 200 OK
Content-Length: 14
Content-Type: application/json; charset=utf-8
cache-control: no-cache

18:14:55.679 [AsyncHttpClient-1-8] DEBUG org.asynchttpclient.netty.channel.ChannelManager - Adding key: http://localhost:37098 for channel [id: 0x193692cb, L:/127.0.0.1:62824 - R:localhost/127.0.0.1:37098]
18:14:55.683 [Forwarding findElement on session 20994eea02e091350b689642c7d95de1 to remote] DEBUG org.asynchttpclient.netty.request.NettyRequestSender - Using pooled Channel '[id: 0x193692cb, L:/127.0.0.1:62824 - R:localhost/127.0.0.1:37098]' for 'POST' to 'http://localhost:37098/session/20994eea02e091350b689642c7d95de1/element'
18:14:55.683 [Forwarding findElement on session 20994eea02e091350b689642c7d95de1 to remote] DEBUG org.asynchttpclient.netty.request.NettyRequestSender - Using open Channel [id: 0x193692cb, L:/127.0.0.1:62824 - R:localhost/127.0.0.1:37098] for POST '/session/20994eea02e091350b689642c7d95de1/element'
18:14:55.695 [AsyncHttpClient-1-8] DEBUG org.asynchttpclient.netty.handler.HttpHandler - 

Request DefaultHttpRequest(decodeResult: success, version: HTTP/1.1)
POST /session/20994eea02e091350b689642c7d95de1/element HTTP/1.1
User-Agent: selenium/4.8.1 (java windows)
Content-Length: 178
Content-Type: application/json; charset=utf-8
host: localhost:37098
accept: */*

Response DefaultHttpResponse(decodeResult: success, version: HTTP/1.1)
HTTP/1.1 200 OK
Content-Length: 95
Content-Type: application/json; charset=utf-8
cache-control: no-cache

18:14:55.695 [AsyncHttpClient-1-8] DEBUG org.asynchttpclient.netty.channel.ChannelManager - Adding key: http://localhost:37098 for channel [id: 0x193692cb, L:/127.0.0.1:62824 - R:localhost/127.0.0.1:37098]
18:14:55.698 [Forwarding clickElement on session 20994eea02e091350b689642c7d95de1 to remote] DEBUG org.asynchttpclient.netty.request.NettyRequestSender - Using pooled Channel '[id: 0x193692cb, L:/127.0.0.1:62824 - R:localhost/127.0.0.1:37098]' for 'POST' to 'http://localhost:37098/session/20994eea02e091350b689642c7d95de1/element/044180105777B63C1B51E8B9C274FF4F_element_23/click'
18:14:55.698 [Forwarding clickElement on session 20994eea02e091350b689642c7d95de1 to remote] DEBUG org.asynchttpclient.netty.request.NettyRequestSender - Using open Channel [id: 0x193692cb, L:/127.0.0.1:62824 - R:localhost/127.0.0.1:37098] for POST '/session/20994eea02e091350b689642c7d95de1/element/044180105777B63C1B51E8B9C274FF4F_element_23/click'
18:14:55.759 [AsyncHttpClient-1-8] DEBUG org.asynchttpclient.netty.handler.HttpHandler - 

Request DefaultHttpRequest(decodeResult: success, version: HTTP/1.1)
POST /session/20994eea02e091350b689642c7d95de1/element/044180105777B63C1B51E8B9C274FF4F_element_23/click HTTP/1.1
User-Agent: selenium/4.8.1 (java windows)
Content-Length: 57
Content-Type: application/json; charset=utf-8
host: localhost:37098
accept: */*

Response DefaultHttpResponse(decodeResult: success, version: HTTP/1.1)
HTTP/1.1 200 OK
Content-Length: 14
Content-Type: application/json; charset=utf-8
cache-control: no-cache

18:14:55.759 [AsyncHttpClient-1-8] DEBUG org.asynchttpclient.netty.channel.ChannelManager - Adding key: http://localhost:37098 for channel [id: 0x193692cb, L:/127.0.0.1:62824 - R:localhost/127.0.0.1:37098]
18:14:55.762 [main] DEBUG net.thucydides.core.steps.StepInterceptor - STEP DONE: adminSelectRole
  &amp#27;[32mAnd &amp#27;[0m&amp#27;[32madmin select role&amp#27;[0m                          &amp#27;[90m# starter.stepdefinitions.CashierSteps.adminSelectRole()&amp#27;[0m
18:14:55.774 [main] DEBUG net.thucydides.core.steps.StepInterceptor - STARTING STEP: CashierSteps.adminClickSave - adminClickSave
18:14:55.777 [Forwarding findElement on session 20994eea02e091350b689642c7d95de1 to remote] DEBUG org.asynchttpclient.netty.request.NettyRequestSender - Using pooled Channel '[id: 0x193692cb, L:/127.0.0.1:62824 - R:localhost/127.0.0.1:37098]' for 'POST' to 'http://localhost:37098/session/20994eea02e091350b689642c7d95de1/element'
18:14:55.777 [Forwarding findElement on session 20994eea02e091350b689642c7d95de1 to remote] DEBUG org.asynchttpclient.netty.request.NettyRequestSender - Using open Channel [id: 0x193692cb, L:/127.0.0.1:62824 - R:localhost/127.0.0.1:37098] for POST '/session/20994eea02e091350b689642c7d95de1/element'
18:14:55.794 [AsyncHttpClient-1-8] DEBUG org.asynchttpclient.netty.handler.HttpHandler - 

Request DefaultHttpRequest(decodeResult: success, version: HTTP/1.1)
POST /session/20994eea02e091350b689642c7d95de1/element HTTP/1.1
User-Agent: selenium/4.8.1 (java windows)
Content-Length: 160
Content-Type: application/json; charset=utf-8
host: localhost:37098
accept: */*

Response DefaultHttpResponse(decodeResult: success, version: HTTP/1.1)
HTTP/1.1 200 OK
Content-Length: 95
Content-Type: application/json; charset=utf-8
cache-control: no-cache

18:14:55.794 [AsyncHttpClient-1-8] DEBUG org.asynchttpclient.netty.channel.ChannelManager - Adding key: http://localhost:37098 for channel [id: 0x193692cb, L:/127.0.0.1:62824 - R:localhost/127.0.0.1:37098]
18:14:55.796 [Forwarding getElementTagName on session 20994eea02e091350b689642c7d95de1 to remote] DEBUG org.asynchttpclient.netty.request.NettyRequestSender - Using pooled Channel '[id: 0x193692cb, L:/127.0.0.1:62824 - R:localhost/127.0.0.1:37098]' for 'GET' to 'http://localhost:37098/session/20994eea02e091350b689642c7d95de1/element/044180105777B63C1B51E8B9C274FF4F_element_24/name'
18:14:55.796 [Forwarding getElementTagName on session 20994eea02e091350b689642c7d95de1 to remote] DEBUG org.asynchttpclient.netty.request.NettyRequestSender - Using open Channel [id: 0x193692cb, L:/127.0.0.1:62824 - R:localhost/127.0.0.1:37098] for GET '/session/20994eea02e091350b689642c7d95de1/element/044180105777B63C1B51E8B9C274FF4F_element_24/name'
18:14:55.802 [AsyncHttpClient-1-8] DEBUG org.asynchttpclient.netty.handler.HttpHandler - 

Request DefaultFullHttpRequest(decodeResult: success, version: HTTP/1.1, content: EmptyByteBufBE)
GET /session/20994eea02e091350b689642c7d95de1/element/044180105777B63C1B51E8B9C274FF4F_element_24/name HTTP/1.1
User-Agent: selenium/4.8.1 (java windows)
Cache-Control: no-cache
Content-Type: application/json; charset=utf-8
host: localhost:37098
accept: */*

Response DefaultHttpResponse(decodeResult: success, version: HTTP/1.1)
HTTP/1.1 200 OK
Content-Length: 18
Content-Type: application/json; charset=utf-8
cache-control: no-cache

18:14:55.802 [AsyncHttpClient-1-8] DEBUG org.asynchttpclient.netty.channel.ChannelManager - Adding key: http://localhost:37098 for channel [id: 0x193692cb, L:/127.0.0.1:62824 - R:localhost/127.0.0.1:37098]
18:14:55.804 [Forwarding getElementTagName on session 20994eea02e091350b689642c7d95de1 to remote] DEBUG org.asynchttpclient.netty.request.NettyRequestSender - Using pooled Channel '[id: 0x193692cb, L:/127.0.0.1:62824 - R:localhost/127.0.0.1:37098]' for 'GET' to 'http://localhost:37098/session/20994eea02e091350b689642c7d95de1/element/044180105777B63C1B51E8B9C274FF4F_element_24/name'
18:14:55.804 [Forwarding getElementTagName on session 20994eea02e091350b689642c7d95de1 to remote] DEBUG org.asynchttpclient.netty.request.NettyRequestSender - Using open Channel [id: 0x193692cb, L:/127.0.0.1:62824 - R:localhost/127.0.0.1:37098] for GET '/session/20994eea02e091350b689642c7d95de1/element/044180105777B63C1B51E8B9C274FF4F_element_24/name'
18:14:55.810 [AsyncHttpClient-1-8] DEBUG org.asynchttpclient.netty.handler.HttpHandler - 

Request DefaultFullHttpRequest(decodeResult: success, version: HTTP/1.1, content: EmptyByteBufBE)
GET /session/20994eea02e091350b689642c7d95de1/element/044180105777B63C1B51E8B9C274FF4F_element_24/name HTTP/1.1
User-Agent: selenium/4.8.1 (java windows)
Cache-Control: no-cache
Content-Type: application/json; charset=utf-8
host: localhost:37098
accept: */*

Response DefaultHttpResponse(decodeResult: success, version: HTTP/1.1)
HTTP/1.1 200 OK
Content-Length: 18
Content-Type: application/json; charset=utf-8
cache-control: no-cache

18:14:55.810 [AsyncHttpClient-1-8] DEBUG org.asynchttpclient.netty.channel.ChannelManager - Adding key: http://localhost:37098 for channel [id: 0x193692cb, L:/127.0.0.1:62824 - R:localhost/127.0.0.1:37098]
18:14:55.813 [Forwarding isElementEnabled on session 20994eea02e091350b689642c7d95de1 to remote] DEBUG org.asynchttpclient.netty.request.NettyRequestSender - Using pooled Channel '[id: 0x193692cb, L:/127.0.0.1:62824 - R:localhost/127.0.0.1:37098]' for 'GET' to 'http://localhost:37098/session/20994eea02e091350b689642c7d95de1/element/044180105777B63C1B51E8B9C274FF4F_element_24/enabled'
18:14:55.813 [Forwarding isElementEnabled on session 20994eea02e091350b689642c7d95de1 to remote] DEBUG org.asynchttpclient.netty.request.NettyRequestSender - Using open Channel [id: 0x193692cb, L:/127.0.0.1:62824 - R:localhost/127.0.0.1:37098] for GET '/session/20994eea02e091350b689642c7d95de1/element/044180105777B63C1B51E8B9C274FF4F_element_24/enabled'
18:14:55.824 [AsyncHttpClient-1-8] DEBUG org.asynchttpclient.netty.handler.HttpHandler - 

Request DefaultFullHttpRequest(decodeResult: success, version: HTTP/1.1, content: EmptyByteBufBE)
GET /session/20994eea02e091350b689642c7d95de1/element/044180105777B63C1B51E8B9C274FF4F_element_24/enabled HTTP/1.1
User-Agent: selenium/4.8.1 (java windows)
Cache-Control: no-cache
Content-Type: application/json; charset=utf-8
host: localhost:37098
accept: */*

Response DefaultHttpResponse(decodeResult: success, version: HTTP/1.1)
HTTP/1.1 200 OK
Content-Length: 14
Content-Type: application/json; charset=utf-8
cache-control: no-cache

18:14:55.824 [AsyncHttpClient-1-8] DEBUG org.asynchttpclient.netty.channel.ChannelManager - Adding key: http://localhost:37098 for channel [id: 0x193692cb, L:/127.0.0.1:62824 - R:localhost/127.0.0.1:37098]
18:14:55.825 [Forwarding isElementEnabled on session 20994eea02e091350b689642c7d95de1 to remote] DEBUG org.asynchttpclient.netty.request.NettyRequestSender - Using pooled Channel '[id: 0x193692cb, L:/127.0.0.1:62824 - R:localhost/127.0.0.1:37098]' for 'GET' to 'http://localhost:37098/session/20994eea02e091350b689642c7d95de1/element/044180105777B63C1B51E8B9C274FF4F_element_24/enabled'
18:14:55.825 [Forwarding isElementEnabled on session 20994eea02e091350b689642c7d95de1 to remote] DEBUG org.asynchttpclient.netty.request.NettyRequestSender - Using open Channel [id: 0x193692cb, L:/127.0.0.1:62824 - R:localhost/127.0.0.1:37098] for GET '/session/20994eea02e091350b689642c7d95de1/element/044180105777B63C1B51E8B9C274FF4F_element_24/enabled'
18:14:55.834 [AsyncHttpClient-1-8] DEBUG org.asynchttpclient.netty.handler.HttpHandler - 

Request DefaultFullHttpRequest(decodeResult: success, version: HTTP/1.1, content: EmptyByteBufBE)
GET /session/20994eea02e091350b689642c7d95de1/element/044180105777B63C1B51E8B9C274FF4F_element_24/enabled HTTP/1.1
User-Agent: selenium/4.8.1 (java windows)
Cache-Control: no-cache
Content-Type: application/json; charset=utf-8
host: localhost:37098
accept: */*

Response DefaultHttpResponse(decodeResult: success, version: HTTP/1.1)
HTTP/1.1 200 OK
Content-Length: 14
Content-Type: application/json; charset=utf-8
cache-control: no-cache

18:14:55.834 [AsyncHttpClient-1-8] DEBUG org.asynchttpclient.netty.channel.ChannelManager - Adding key: http://localhost:37098 for channel [id: 0x193692cb, L:/127.0.0.1:62824 - R:localhost/127.0.0.1:37098]
18:14:55.837 [Forwarding findElement on session 20994eea02e091350b689642c7d95de1 to remote] DEBUG org.asynchttpclient.netty.request.NettyRequestSender - Using pooled Channel '[id: 0x193692cb, L:/127.0.0.1:62824 - R:localhost/127.0.0.1:37098]' for 'POST' to 'http://localhost:37098/session/20994eea02e091350b689642c7d95de1/element'
18:14:55.837 [Forwarding findElement on session 20994eea02e091350b689642c7d95de1 to remote] DEBUG org.asynchttpclient.netty.request.NettyRequestSender - Using open Channel [id: 0x193692cb, L:/127.0.0.1:62824 - R:localhost/127.0.0.1:37098] for POST '/session/20994eea02e091350b689642c7d95de1/element'
18:14:55.847 [AsyncHttpClient-1-8] DEBUG org.asynchttpclient.netty.handler.HttpHandler - 

Request DefaultHttpRequest(decodeResult: success, version: HTTP/1.1)
POST /session/20994eea02e091350b689642c7d95de1/element HTTP/1.1
User-Agent: selenium/4.8.1 (java windows)
Content-Length: 160
Content-Type: application/json; charset=utf-8
host: localhost:37098
accept: */*

Response DefaultHttpResponse(decodeResult: success, version: HTTP/1.1)
HTTP/1.1 200 OK
Content-Length: 95
Content-Type: application/json; charset=utf-8
cache-control: no-cache

18:14:55.847 [AsyncHttpClient-1-8] DEBUG org.asynchttpclient.netty.channel.ChannelManager - Adding key: http://localhost:37098 for channel [id: 0x193692cb, L:/127.0.0.1:62824 - R:localhost/127.0.0.1:37098]
18:14:55.849 [Forwarding clickElement on session 20994eea02e091350b689642c7d95de1 to remote] DEBUG org.asynchttpclient.netty.request.NettyRequestSender - Using pooled Channel '[id: 0x193692cb, L:/127.0.0.1:62824 - R:localhost/127.0.0.1:37098]' for 'POST' to 'http://localhost:37098/session/20994eea02e091350b689642c7d95de1/element/044180105777B63C1B51E8B9C274FF4F_element_24/click'
18:14:55.849 [Forwarding clickElement on session 20994eea02e091350b689642c7d95de1 to remote] DEBUG org.asynchttpclient.netty.request.NettyRequestSender - Using open Channel [id: 0x193692cb, L:/127.0.0.1:62824 - R:localhost/127.0.0.1:37098] for POST '/session/20994eea02e091350b689642c7d95de1/element/044180105777B63C1B51E8B9C274FF4F_element_24/click'
18:14:55.995 [AsyncHttpClient-1-1] DEBUG org.asynchttpclient.netty.channel.DefaultChannelPool - Entry count for : http://localhost:62825 : 1
18:14:56.918 [AsyncHttpClient-1-8] DEBUG org.asynchttpclient.netty.handler.HttpHandler - 

Request DefaultHttpRequest(decodeResult: success, version: HTTP/1.1)
POST /session/20994eea02e091350b689642c7d95de1/element/044180105777B63C1B51E8B9C274FF4F_element_24/click HTTP/1.1
User-Agent: selenium/4.8.1 (java windows)
Content-Length: 57
Content-Type: application/json; charset=utf-8
host: localhost:37098
accept: */*

Response DefaultHttpResponse(decodeResult: success, version: HTTP/1.1)
HTTP/1.1 400 Bad Request
Content-Length: 1058
Content-Type: application/json; charset=utf-8
cache-control: no-cache

18:14:56.919 [AsyncHttpClient-1-8] DEBUG org.asynchttpclient.netty.channel.ChannelManager - Adding key: http://localhost:37098 for channel [id: 0x193692cb, L:/127.0.0.1:62824 - R:localhost/127.0.0.1:37098]
18:14:57.092 [AsyncHttpClient-1-1] DEBUG org.asynchttpclient.netty.channel.DefaultChannelPool - Entry count for : http://localhost:37098 : 1
18:14:57.092 [AsyncHttpClient-1-1] DEBUG org.asynchttpclient.netty.channel.DefaultChannelPool - Entry count for : http://localhost:62825 : 1
18:14:57.182 [Forwarding clickElement on session 20994eea02e091350b689642c7d95de1 to remote] DEBUG org.asynchttpclient.netty.request.NettyRequestSender - Using pooled Channel '[id: 0x193692cb, L:/127.0.0.1:62824 - R:localhost/127.0.0.1:37098]' for 'POST' to 'http://localhost:37098/session/20994eea02e091350b689642c7d95de1/element/044180105777B63C1B51E8B9C274FF4F_element_24/click'
18:14:57.182 [Forwarding clickElement on session 20994eea02e091350b689642c7d95de1 to remote] DEBUG org.asynchttpclient.netty.request.NettyRequestSender - Using open Channel [id: 0x193692cb, L:/127.0.0.1:62824 - R:localhost/127.0.0.1:37098] for POST '/session/20994eea02e091350b689642c7d95de1/element/044180105777B63C1B51E8B9C274FF4F_element_24/click'
18:14:57.263 [AsyncHttpClient-1-8] DEBUG org.asynchttpclient.netty.handler.HttpHandler - 

Request DefaultHttpRequest(decodeResult: success, version: HTTP/1.1)
POST /session/20994eea02e091350b689642c7d95de1/element/044180105777B63C1B51E8B9C274FF4F_element_24/click HTTP/1.1
User-Agent: selenium/4.8.1 (java windows)
Content-Length: 57
Content-Type: application/json; charset=utf-8
host: localhost:37098
accept: */*

Response DefaultHttpResponse(decodeResult: success, version: HTTP/1.1)
HTTP/1.1 200 OK
Content-Length: 14
Content-Type: application/json; charset=utf-8
cache-control: no-cache

18:14:57.263 [AsyncHttpClient-1-8] DEBUG org.asynchttpclient.netty.channel.ChannelManager - Adding key: http://localhost:37098 for channel [id: 0x193692cb, L:/127.0.0.1:62824 - R:localhost/127.0.0.1:37098]
18:14:57.268 [main] DEBUG net.thucydides.core.steps.StepInterceptor - STEP DONE: adminClickSave
  &amp#27;[32mAnd &amp#27;[0m&amp#27;[32madmin click save for add cashier&amp#27;[0m           &amp#27;[90m# starter.stepdefinitions.CashierSteps.adminClickSave()&amp#27;[0m
18:14:57.280 [main] DEBUG net.thucydides.core.steps.StepInterceptor - STARTING STEP: CashierSteps.adminConfrimYes - adminConfrimYes
18:14:57.286 [Forwarding findElement on session 20994eea02e091350b689642c7d95de1 to remote] DEBUG org.asynchttpclient.netty.request.NettyRequestSender - Using pooled Channel '[id: 0x193692cb, L:/127.0.0.1:62824 - R:localhost/127.0.0.1:37098]' for 'POST' to 'http://localhost:37098/session/20994eea02e091350b689642c7d95de1/element'
18:14:57.287 [Forwarding findElement on session 20994eea02e091350b689642c7d95de1 to remote] DEBUG org.asynchttpclient.netty.request.NettyRequestSender - Using open Channel [id: 0x193692cb, L:/127.0.0.1:62824 - R:localhost/127.0.0.1:37098] for POST '/session/20994eea02e091350b689642c7d95de1/element'
18:14:57.306 [AsyncHttpClient-1-8] DEBUG org.asynchttpclient.netty.handler.HttpHandler - 

Request DefaultHttpRequest(decodeResult: success, version: HTTP/1.1)
POST /session/20994eea02e091350b689642c7d95de1/element HTTP/1.1
User-Agent: selenium/4.8.1 (java windows)
Content-Length: 132
Content-Type: application/json; charset=utf-8
host: localhost:37098
accept: */*

Response DefaultHttpResponse(decodeResult: success, version: HTTP/1.1)
HTTP/1.1 200 OK
Content-Length: 95
Content-Type: application/json; charset=utf-8
cache-control: no-cache

18:14:57.306 [AsyncHttpClient-1-8] DEBUG org.asynchttpclient.netty.channel.ChannelManager - Adding key: http://localhost:37098 for channel [id: 0x193692cb, L:/127.0.0.1:62824 - R:localhost/127.0.0.1:37098]
18:14:57.308 [Forwarding getElementTagName on session 20994eea02e091350b689642c7d95de1 to remote] DEBUG org.asynchttpclient.netty.request.NettyRequestSender - Using pooled Channel '[id: 0x193692cb, L:/127.0.0.1:62824 - R:localhost/127.0.0.1:37098]' for 'GET' to 'http://localhost:37098/session/20994eea02e091350b689642c7d95de1/element/044180105777B63C1B51E8B9C274FF4F_element_27/name'
18:14:57.308 [Forwarding getElementTagName on session 20994eea02e091350b689642c7d95de1 to remote] DEBUG org.asynchttpclient.netty.request.NettyRequestSender - Using open Channel [id: 0x193692cb, L:/127.0.0.1:62824 - R:localhost/127.0.0.1:37098] for GET '/session/20994eea02e091350b689642c7d95de1/element/044180105777B63C1B51E8B9C274FF4F_element_27/name'
18:14:57.313 [AsyncHttpClient-1-8] DEBUG org.asynchttpclient.netty.handler.HttpHandler - 

Request DefaultFullHttpRequest(decodeResult: success, version: HTTP/1.1, content: EmptyByteBufBE)
GET /session/20994eea02e091350b689642c7d95de1/element/044180105777B63C1B51E8B9C274FF4F_element_27/name HTTP/1.1
User-Agent: selenium/4.8.1 (java windows)
Cache-Control: no-cache
Content-Type: application/json; charset=utf-8
host: localhost:37098
accept: */*

Response DefaultHttpResponse(decodeResult: success, version: HTTP/1.1)
HTTP/1.1 200 OK
Content-Length: 18
Content-Type: application/json; charset=utf-8
cache-control: no-cache

18:14:57.313 [AsyncHttpClient-1-8] DEBUG org.asynchttpclient.netty.channel.ChannelManager - Adding key: http://localhost:37098 for channel [id: 0x193692cb, L:/127.0.0.1:62824 - R:localhost/127.0.0.1:37098]
18:14:57.317 [Forwarding getElementTagName on session 20994eea02e091350b689642c7d95de1 to remote] DEBUG org.asynchttpclient.netty.request.NettyRequestSender - Using pooled Channel '[id: 0x193692cb, L:/127.0.0.1:62824 - R:localhost/127.0.0.1:37098]' for 'GET' to 'http://localhost:37098/session/20994eea02e091350b689642c7d95de1/element/044180105777B63C1B51E8B9C274FF4F_element_27/name'
18:14:57.317 [Forwarding getElementTagName on session 20994eea02e091350b689642c7d95de1 to remote] DEBUG org.asynchttpclient.netty.request.NettyRequestSender - Using open Channel [id: 0x193692cb, L:/127.0.0.1:62824 - R:localhost/127.0.0.1:37098] for GET '/session/20994eea02e091350b689642c7d95de1/element/044180105777B63C1B51E8B9C274FF4F_element_27/name'
18:14:57.328 [AsyncHttpClient-1-8] DEBUG org.asynchttpclient.netty.handler.HttpHandler - 

Request DefaultFullHttpRequest(decodeResult: success, version: HTTP/1.1, content: EmptyByteBufBE)
GET /session/20994eea02e091350b689642c7d95de1/element/044180105777B63C1B51E8B9C274FF4F_element_27/name HTTP/1.1
User-Agent: selenium/4.8.1 (java windows)
Cache-Control: no-cache
Content-Type: application/json; charset=utf-8
host: localhost:37098
accept: */*

Response DefaultHttpResponse(decodeResult: success, version: HTTP/1.1)
HTTP/1.1 200 OK
Content-Length: 18
Content-Type: application/json; charset=utf-8
cache-control: no-cache

18:14:57.328 [AsyncHttpClient-1-8] DEBUG org.asynchttpclient.netty.channel.ChannelManager - Adding key: http://localhost:37098 for channel [id: 0x193692cb, L:/127.0.0.1:62824 - R:localhost/127.0.0.1:37098]
18:14:57.331 [Forwarding isElementEnabled on session 20994eea02e091350b689642c7d95de1 to remote] DEBUG org.asynchttpclient.netty.request.NettyRequestSender - Using pooled Channel '[id: 0x193692cb, L:/127.0.0.1:62824 - R:localhost/127.0.0.1:37098]' for 'GET' to 'http://localhost:37098/session/20994eea02e091350b689642c7d95de1/element/044180105777B63C1B51E8B9C274FF4F_element_27/enabled'
18:14:57.332 [Forwarding isElementEnabled on session 20994eea02e091350b689642c7d95de1 to remote] DEBUG org.asynchttpclient.netty.request.NettyRequestSender - Using open Channel [id: 0x193692cb, L:/127.0.0.1:62824 - R:localhost/127.0.0.1:37098] for GET '/session/20994eea02e091350b689642c7d95de1/element/044180105777B63C1B51E8B9C274FF4F_element_27/enabled'
18:14:57.343 [AsyncHttpClient-1-8] DEBUG org.asynchttpclient.netty.handler.HttpHandler - 

Request DefaultFullHttpRequest(decodeResult: success, version: HTTP/1.1, content: EmptyByteBufBE)
GET /session/20994eea02e091350b689642c7d95de1/element/044180105777B63C1B51E8B9C274FF4F_element_27/enabled HTTP/1.1
User-Agent: selenium/4.8.1 (java windows)
Cache-Control: no-cache
Content-Type: application/json; charset=utf-8
host: localhost:37098
accept: */*

Response DefaultHttpResponse(decodeResult: success, version: HTTP/1.1)
HTTP/1.1 200 OK
Content-Length: 14
Content-Type: application/json; charset=utf-8
cache-control: no-cache

18:14:57.343 [AsyncHttpClient-1-8] DEBUG org.asynchttpclient.netty.channel.ChannelManager - Adding key: http://localhost:37098 for channel [id: 0x193692cb, L:/127.0.0.1:62824 - R:localhost/127.0.0.1:37098]
18:14:57.345 [Forwarding isElementEnabled on session 20994eea02e091350b689642c7d95de1 to remote] DEBUG org.asynchttpclient.netty.request.NettyRequestSender - Using pooled Channel '[id: 0x193692cb, L:/127.0.0.1:62824 - R:localhost/127.0.0.1:37098]' for 'GET' to 'http://localhost:37098/session/20994eea02e091350b689642c7d95de1/element/044180105777B63C1B51E8B9C274FF4F_element_27/enabled'
18:14:57.345 [Forwarding isElementEnabled on session 20994eea02e091350b689642c7d95de1 to remote] DEBUG org.asynchttpclient.netty.request.NettyRequestSender - Using open Channel [id: 0x193692cb, L:/127.0.0.1:62824 - R:localhost/127.0.0.1:37098] for GET '/session/20994eea02e091350b689642c7d95de1/element/044180105777B63C1B51E8B9C274FF4F_element_27/enabled'
18:14:57.357 [AsyncHttpClient-1-8] DEBUG org.asynchttpclient.netty.handler.HttpHandler - 

Request DefaultFullHttpRequest(decodeResult: success, version: HTTP/1.1, content: EmptyByteBufBE)
GET /session/20994eea02e091350b689642c7d95de1/element/044180105777B63C1B51E8B9C274FF4F_element_27/enabled HTTP/1.1
User-Agent: selenium/4.8.1 (java windows)
Cache-Control: no-cache
Content-Type: application/json; charset=utf-8
host: localhost:37098
accept: */*

Response DefaultHttpResponse(decodeResult: success, version: HTTP/1.1)
HTTP/1.1 200 OK
Content-Length: 14
Content-Type: application/json; charset=utf-8
cache-control: no-cache

18:14:57.357 [AsyncHttpClient-1-8] DEBUG org.asynchttpclient.netty.channel.ChannelManager - Adding key: http://localhost:37098 for channel [id: 0x193692cb, L:/127.0.0.1:62824 - R:localhost/127.0.0.1:37098]
18:14:57.359 [Forwarding findElement on session 20994eea02e091350b689642c7d95de1 to remote] DEBUG org.asynchttpclient.netty.request.NettyRequestSender - Using pooled Channel '[id: 0x193692cb, L:/127.0.0.1:62824 - R:localhost/127.0.0.1:37098]' for 'POST' to 'http://localhost:37098/session/20994eea02e091350b689642c7d95de1/element'
18:14:57.359 [Forwarding findElement on session 20994eea02e091350b689642c7d95de1 to remote] DEBUG org.asynchttpclient.netty.request.NettyRequestSender - Using open Channel [id: 0x193692cb, L:/127.0.0.1:62824 - R:localhost/127.0.0.1:37098] for POST '/session/20994eea02e091350b689642c7d95de1/element'
18:14:57.372 [AsyncHttpClient-1-8] DEBUG org.asynchttpclient.netty.handler.HttpHandler - 

Request DefaultHttpRequest(decodeResult: success, version: HTTP/1.1)
POST /session/20994eea02e091350b689642c7d95de1/element HTTP/1.1
User-Agent: selenium/4.8.1 (java windows)
Content-Length: 132
Content-Type: application/json; charset=utf-8
host: localhost:37098
accept: */*

Response DefaultHttpResponse(decodeResult: success, version: HTTP/1.1)
HTTP/1.1 200 OK
Content-Length: 95
Content-Type: application/json; charset=utf-8
cache-control: no-cache

18:14:57.372 [AsyncHttpClient-1-8] DEBUG org.asynchttpclient.netty.channel.ChannelManager - Adding key: http://localhost:37098 for channel [id: 0x193692cb, L:/127.0.0.1:62824 - R:localhost/127.0.0.1:37098]
18:14:57.374 [Forwarding clickElement on session 20994eea02e091350b689642c7d95de1 to remote] DEBUG org.asynchttpclient.netty.request.NettyRequestSender - Using pooled Channel '[id: 0x193692cb, L:/127.0.0.1:62824 - R:localhost/127.0.0.1:37098]' for 'POST' to 'http://localhost:37098/session/20994eea02e091350b689642c7d95de1/element/044180105777B63C1B51E8B9C274FF4F_element_27/click'
18:14:57.374 [Forwarding clickElement on session 20994eea02e091350b689642c7d95de1 to remote] DEBUG org.asynchttpclient.netty.request.NettyRequestSender - Using open Channel [id: 0x193692cb, L:/127.0.0.1:62824 - R:localhost/127.0.0.1:37098] for POST '/session/20994eea02e091350b689642c7d95de1/element/044180105777B63C1B51E8B9C274FF4F_element_27/click'
18:14:57.476 [AsyncHttpClient-1-8] DEBUG org.asynchttpclient.netty.handler.HttpHandler - 

Request DefaultHttpRequest(decodeResult: success, version: HTTP/1.1)
POST /session/20994eea02e091350b689642c7d95de1/element/044180105777B63C1B51E8B9C274FF4F_element_27/click HTTP/1.1
User-Agent: selenium/4.8.1 (java windows)
Content-Length: 57
Content-Type: application/json; charset=utf-8
host: localhost:37098
accept: */*

Response DefaultHttpResponse(decodeResult: success, version: HTTP/1.1)
HTTP/1.1 200 OK
Content-Length: 14
Content-Type: application/json; charset=utf-8
cache-control: no-cache

18:14:57.477 [AsyncHttpClient-1-8] DEBUG org.asynchttpclient.netty.channel.ChannelManager - Adding key: http://localhost:37098 for channel [id: 0x193692cb, L:/127.0.0.1:62824 - R:localhost/127.0.0.1:37098]
18:14:57.485 [main] DEBUG net.thucydides.core.steps.StepInterceptor - STEP DONE: adminConfrimYes
  &amp#27;[32mAnd &amp#27;[0m&amp#27;[32madmin confirm yes&amp#27;[0m                          &amp#27;[90m# starter.stepdefinitions.CashierSteps.adminConfrimYes()&amp#27;[0m
18:14:57.502 [main] DEBUG net.thucydides.core.steps.StepInterceptor - STARTING STEP: CashierSteps.successAdd - successAdd
18:14:57.506 [Forwarding findElement on session 20994eea02e091350b689642c7d95de1 to remote] DEBUG org.asynchttpclient.netty.request.NettyRequestSender - Using pooled Channel '[id: 0x193692cb, L:/127.0.0.1:62824 - R:localhost/127.0.0.1:37098]' for 'POST' to 'http://localhost:37098/session/20994eea02e091350b689642c7d95de1/element'
18:14:57.506 [Forwarding findElement on session 20994eea02e091350b689642c7d95de1 to remote] DEBUG org.asynchttpclient.netty.request.NettyRequestSender - Using open Channel [id: 0x193692cb, L:/127.0.0.1:62824 - R:localhost/127.0.0.1:37098] for POST '/session/20994eea02e091350b689642c7d95de1/element'
18:14:57.537 [AsyncHttpClient-1-8] DEBUG org.asynchttpclient.netty.handler.HttpHandler - 

Request DefaultHttpRequest(decodeResult: success, version: HTTP/1.1)
POST /session/20994eea02e091350b689642c7d95de1/element HTTP/1.1
User-Agent: selenium/4.8.1 (java windows)
Content-Length: 134
Content-Type: application/json; charset=utf-8
host: localhost:37098
accept: */*

Response DefaultHttpResponse(decodeResult: success, version: HTTP/1.1)
HTTP/1.1 200 OK
Content-Length: 95
Content-Type: application/json; charset=utf-8
cache-control: no-cache

18:14:57.537 [AsyncHttpClient-1-8] DEBUG org.asynchttpclient.netty.channel.ChannelManager - Adding key: http://localhost:37098 for channel [id: 0x193692cb, L:/127.0.0.1:62824 - R:localhost/127.0.0.1:37098]
18:14:57.542 [Forwarding isElementDisplayed on session 20994eea02e091350b689642c7d95de1 to remote] DEBUG org.asynchttpclient.netty.request.NettyRequestSender - Using pooled Channel '[id: 0x193692cb, L:/127.0.0.1:62824 - R:localhost/127.0.0.1:37098]' for 'POST' to 'http://localhost:37098/session/20994eea02e091350b689642c7d95de1/execute/sync'
18:14:57.543 [Forwarding isElementDisplayed on session 20994eea02e091350b689642c7d95de1 to remote] DEBUG org.asynchttpclient.netty.request.NettyRequestSender - Using open Channel [id: 0x193692cb, L:/127.0.0.1:62824 - R:localhost/127.0.0.1:37098] for POST '/session/20994eea02e091350b689642c7d95de1/execute/sync'
18:14:57.606 [AsyncHttpClient-1-8] DEBUG org.asynchttpclient.netty.handler.HttpHandler - 

Request DefaultHttpRequest(decodeResult: success, version: HTTP/1.1)
POST /session/20994eea02e091350b689642c7d95de1/execute/sync HTTP/1.1
User-Agent: selenium/4.8.1 (java windows)
Content-Length: 48814
Content-Type: application/json; charset=utf-8
host: localhost:37098
accept: */*

Response DefaultHttpResponse(decodeResult: success, version: HTTP/1.1)
HTTP/1.1 200 OK
Content-Length: 14
Content-Type: application/json; charset=utf-8
cache-control: no-cache

18:14:57.606 [AsyncHttpClient-1-8] DEBUG org.asynchttpclient.netty.channel.ChannelManager - Adding key: http://localhost:37098 for channel [id: 0x193692cb, L:/127.0.0.1:62824 - R:localhost/127.0.0.1:37098]
18:14:57.610 [main] DEBUG net.thucydides.core.steps.StepInterceptor - STEP DONE: successAdd
  &amp#27;[32mThen &amp#27;[0m&amp#27;[32msystem display success add new cashier&amp#27;[0m    &amp#27;[90m# starter.stepdefinitions.CashierSteps.successAdd()&amp#27;[0m
18:14:57.617 [main] INFO  - 
  _____   ___   ___   _____     ___     _     ___   ___   ___   ___  
 |_   _| | __| / __| |_   _|   | _ \   /_\   / __| / __| | __| |   \ 
   | |   | _|  \__ \   | |     |  _/  / _ \  \__ \ \__ \ | _|  | |) |
   |_|   |___| |___/   |_|     |_|   /_/ \_\ |___/ |___/ |___| |___/ 

As an admin I can add cashier
----------------------------------------------------------------------
18:14:57.619 [AsyncHttpClient-1-2] DEBUG org.asynchttpclient.netty.handler.WebSocketHandler - Channel Closed: [id: 0x2e95195e, L:/127.0.0.1:62832 ! R:localhost/127.0.0.1:62825] with attribute NettyResponseFuture{currentRetry=0,
	isDone=1,
	isCancelled=0,
	asyncHandler=org.asynchttpclient.ws.WebSocketUpgradeHandler@552552b9,
	nettyRequest=org.asynchttpclient.netty.request.NettyRequest@129d3e9d,
	future=java.util.concurrent.CompletableFuture@188cbaff[Completed normally],
	uri=ws://localhost:62825/devtools/browser/412af47c-a97d-48e3-be22-e4e574d02c7e,
	keepAlive=true,
	redirectCount=0,
	timeoutsHolder=null,
	inAuth=0,
	touch=1687691686971}
18:14:57.619 [AsyncHttpClient-1-2] DEBUG org.asynchttpclient.netty.channel.ChannelManager - Closing Channel [id: 0x2e95195e, L:/127.0.0.1:62832 ! R:localhost/127.0.0.1:62825] 
18:14:57.624 [Driver Command Executor] DEBUG org.asynchttpclient.netty.request.NettyRequestSender - Using pooled Channel '[id: 0x193692cb, L:/127.0.0.1:62824 - R:localhost/127.0.0.1:37098]' for 'DELETE' to 'http://localhost:37098/session/20994eea02e091350b689642c7d95de1'
18:14:57.625 [Driver Command Executor] DEBUG org.asynchttpclient.netty.request.NettyRequestSender - Using open Channel [id: 0x193692cb, L:/127.0.0.1:62824 - R:localhost/127.0.0.1:37098] for DELETE '/session/20994eea02e091350b689642c7d95de1'
18:14:57.838 [AsyncHttpClient-1-9] DEBUG org.asynchttpclient.netty.handler.HttpHandler - Unexpected I/O exception on channel [id: 0x6e0ed98c, L:/127.0.0.1:62831 - R:localhost/127.0.0.1:62825]
java.io.IOException: An existing connection was forcibly closed by the remote host
	at sun.nio.ch.SocketDispatcher.read0(Native Method)
	at sun.nio.ch.SocketDispatcher.read(SocketDispatcher.java:43)
	at sun.nio.ch.IOUtil.readIntoNativeBuffer(IOUtil.java:223)
	at sun.nio.ch.IOUtil.read(IOUtil.java:192)
	at sun.nio.ch.SocketChannelImpl.read(SocketChannelImpl.java:380)
	at io.netty.buffer.PooledByteBuf.setBytes(PooledByteBuf.java:259)
	at io.netty.buffer.AbstractByteBuf.writeBytes(AbstractByteBuf.java:1132)
	at io.netty.channel.socket.nio.NioSocketChannel.doReadBytes(NioSocketChannel.java:357)
	at io.netty.channel.nio.AbstractNioByteChannel$NioByteUnsafe.read(AbstractNioByteChannel.java:151)
	at io.netty.channel.nio.NioEventLoop.processSelectedKey(NioEventLoop.java:788)
	at io.netty.channel.nio.NioEventLoop.processSelectedKeysOptimized(NioEventLoop.java:724)
	at io.netty.channel.nio.NioEventLoop.processSelectedKeys(NioEventLoop.java:650)
	at io.netty.channel.nio.NioEventLoop.run(NioEventLoop.java:562)
	at io.netty.util.concurrent.SingleThreadEventExecutor$4.run(SingleThreadEventExecutor.java:997)
	at io.netty.util.internal.ThreadExecutorMap$2.run(ThreadExecutorMap.java:74)
	at io.netty.util.concurrent.FastThreadLocalRunnable.run(FastThreadLocalRunnable.java:30)
	at java.lang.Thread.run(Thread.java:748)
18:14:57.838 [AsyncHttpClient-1-9] DEBUG org.asynchttpclient.netty.channel.ChannelManager - Closing Channel [id: 0x6e0ed98c, L:/127.0.0.1:62831 - R:localhost/127.0.0.1:62825] 
18:14:57.839 [AsyncHttpClient-1-9] DEBUG org.asynchttpclient.netty.handler.HttpHandler - Channel Closed: [id: 0x6e0ed98c, L:/127.0.0.1:62831 ! R:localhost/127.0.0.1:62825] with attribute DISCARD
18:14:57.867 [AsyncHttpClient-1-8] DEBUG org.asynchttpclient.netty.handler.HttpHandler - 

Request DefaultFullHttpRequest(decodeResult: success, version: HTTP/1.1, content: EmptyByteBufBE)
DELETE /session/20994eea02e091350b689642c7d95de1 HTTP/1.1
User-Agent: selenium/4.8.1 (java windows)
Content-Type: application/json; charset=utf-8
host: localhost:37098
accept: */*

Response DefaultHttpResponse(decodeResult: success, version: HTTP/1.1)
HTTP/1.1 200 OK
Content-Length: 14
Content-Type: application/json; charset=utf-8
cache-control: no-cache

18:14:57.867 [AsyncHttpClient-1-8] DEBUG org.asynchttpclient.netty.channel.ChannelManager - Adding key: http://localhost:37098 for channel [id: 0x193692cb, L:/127.0.0.1:62824 - R:localhost/127.0.0.1:37098]
18:14:58.196 [AsyncHttpClient-1-1] DEBUG org.asynchttpclient.netty.channel.DefaultChannelPool - Entry count for : http://localhost:37098 : 1
18:14:58.196 [AsyncHttpClient-1-1] DEBUG org.asynchttpclient.netty.channel.DefaultChannelPool - Entry count for : http://localhost:62825 : 1
18:14:58.196 [AsyncHttpClient-1-1] DEBUG org.asynchttpclient.netty.channel.DefaultChannelPool - Adding Candidate expired Channel [id: 0x6e0ed98c, L:/127.0.0.1:62831 ! R:localhost/127.0.0.1:62825] isIdleTimeoutExpired=false isRemotelyClosed=true isTtlExpired=false
18:14:58.196 [AsyncHttpClient-1-1] DEBUG org.asynchttpclient.netty.channel.DefaultChannelPool - Closing Idle Channel [id: 0x6e0ed98c, L:/127.0.0.1:62831 ! R:localhost/127.0.0.1:62825]
18:14:58.196 [AsyncHttpClient-1-1] DEBUG org.asynchttpclient.netty.channel.DefaultChannelPool - Closed 1 connections out of 2 in 0 ms
18:14:58.876 [AsyncHttpClient-1-8] DEBUG org.asynchttpclient.netty.handler.HttpHandler - Unexpected I/O exception on channel [id: 0x193692cb, L:/127.0.0.1:62824 - R:localhost/127.0.0.1:37098]
java.io.IOException: An existing connection was forcibly closed by the remote host
	at sun.nio.ch.SocketDispatcher.read0(Native Method)
	at sun.nio.ch.SocketDispatcher.read(SocketDispatcher.java:43)
	at sun.nio.ch.IOUtil.readIntoNativeBuffer(IOUtil.java:223)
	at sun.nio.ch.IOUtil.read(IOUtil.java:192)
	at sun.nio.ch.SocketChannelImpl.read(SocketChannelImpl.java:380)
	at io.netty.buffer.PooledByteBuf.setBytes(PooledByteBuf.java:259)
	at io.netty.buffer.AbstractByteBuf.writeBytes(AbstractByteBuf.java:1132)
	at io.netty.channel.socket.nio.NioSocketChannel.doReadBytes(NioSocketChannel.java:357)
	at io.netty.channel.nio.AbstractNioByteChannel$NioByteUnsafe.read(AbstractNioByteChannel.java:151)
	at io.netty.channel.nio.NioEventLoop.processSelectedKey(NioEventLoop.java:788)
	at io.netty.channel.nio.NioEventLoop.processSelectedKeysOptimized(NioEventLoop.java:724)
	at io.netty.channel.nio.NioEventLoop.processSelectedKeys(NioEventLoop.java:650)
	at io.netty.channel.nio.NioEventLoop.run(NioEventLoop.java:562)
	at io.netty.util.concurrent.SingleThreadEventExecutor$4.run(SingleThreadEventExecutor.java:997)
	at io.netty.util.internal.ThreadExecutorMap$2.run(ThreadExecutorMap.java:74)
	at io.netty.util.concurrent.FastThreadLocalRunnable.run(FastThreadLocalRunnable.java:30)
	at java.lang.Thread.run(Thread.java:748)
18:14:58.876 [AsyncHttpClient-1-8] DEBUG org.asynchttpclient.netty.channel.ChannelManager - Closing Channel [id: 0x193692cb, L:/127.0.0.1:62824 - R:localhost/127.0.0.1:37098] 
18:14:58.876 [AsyncHttpClient-1-8] DEBUG org.asynchttpclient.netty.handler.HttpHandler - Channel Closed: [id: 0x193692cb, L:/127.0.0.1:62824 ! R:localhost/127.0.0.1:37098] with attribute DISCARD
]]></system-out>
    <system-err><![CDATA[Starting ChromeDriver 114.0.5735.90 (386bc09e8f4f2e025eddae123f36f6263096ae49-refs/branch-heads/5735@{#1052}) on port 37098
Only local connections are allowed.
Please see https://chromedriver.chromium.org/security-considerations for suggestions on keeping ChromeDriver safe.
ChromeDriver was started successfully.
Jun 25, 2023 6:14:46 PM org.openqa.selenium.devtools.CdpVersionFinder findNearestMatch
WARNING: Unable to find an exact match for CDP version 114, so returning the closest version found: 110
]]></system-err>
  </testcase>
</testsuite>